07/18/2022 02:31:48 PM ******************************************* COMMAND LINE *******************************************
07/18/2022 02:31:48 PM train.py --task nonrec --lr 0.0005

07/18/2022 02:31:48 PM ************************************** EXPERIMENT INFORMATION **************************************
07/18/2022 02:31:48 PM Task: nonrec
07/18/2022 02:31:48 PM Experiment Name: exp_F_F_F_7_6_5
07/18/2022 02:31:48 PM Number of Epochs: 401, Learning Rate: 0.0005, Batch Size: 32 

07/18/2022 02:31:48 PM ***************************************** DATA INFORMATION *****************************************
07/18/2022 02:31:48 PM Use Density: False; Use Truck Speed: False; Use Personal Vehicle Speed: False
07/18/2022 02:31:48 PM Input Sequence Length: 7; Output Sequence Lenth: 6; Output Frequency: 5 

07/18/2022 02:31:48 PM ***************************************** LOADING PROGRESS *****************************************
07/18/2022 02:31:48 PM successfully loaded checkpoint from ./checkpoints/LR/best_exp_F_F_F_7_6_5.pt
07/18/2022 02:31:49 PM successfully loaded data 

07/18/2022 02:31:49 PM ========================================= Training Starts ==========================================
07/18/2022 02:31:49 PM please check tensorboard for plots of experiment ./logs/nonrec/exp_F_F_F_7_6_5
07/18/2022 02:31:49 PM please check logging messages at ./logs/nonrec/exp_F_F_F_7_6_5/training.log
07/18/2022 02:32:01 PM epoch: 0   train loss (per batch): 398.5654   test loss (per batch): 51.9245
07/18/2022 02:32:01 PM checkpoint saved at epoch 0
07/18/2022 02:32:01 PM best model saved at epoch 0
07/18/2022 02:32:13 PM epoch: 1   train loss (per batch): 50.6987   test loss (per batch): 51.8968
07/18/2022 02:32:13 PM best model saved at epoch 1
07/18/2022 02:32:26 PM epoch: 2   train loss (per batch): 50.7194   test loss (per batch): 51.9868
07/18/2022 02:32:38 PM epoch: 3   train loss (per batch): 50.7312   test loss (per batch): 51.8881
07/18/2022 02:32:38 PM best model saved at epoch 3
07/18/2022 02:32:50 PM epoch: 4   train loss (per batch): 50.7267   test loss (per batch): 51.7407
07/18/2022 02:32:50 PM best model saved at epoch 4
07/18/2022 02:33:03 PM epoch: 5   train loss (per batch): 50.2665   test loss (per batch): 51.7101
07/18/2022 02:33:03 PM best model saved at epoch 5
07/18/2022 02:33:18 PM epoch: 6   train loss (per batch): 49.8752   test loss (per batch): 50.9069
07/18/2022 02:33:18 PM best model saved at epoch 6
07/18/2022 02:33:33 PM epoch: 7   train loss (per batch): 49.6175   test loss (per batch): 50.7046
07/18/2022 02:33:33 PM best model saved at epoch 7
07/18/2022 02:33:48 PM epoch: 8   train loss (per batch): 49.5183   test loss (per batch): 50.5499
07/18/2022 02:33:48 PM best model saved at epoch 8
07/18/2022 02:34:03 PM epoch: 9   train loss (per batch): 49.1923   test loss (per batch): 50.2284
07/18/2022 02:34:03 PM best model saved at epoch 9
07/18/2022 02:34:18 PM epoch: 10   train loss (per batch): 48.9018   test loss (per batch): 49.4149
07/18/2022 02:34:18 PM checkpoint saved at epoch 10
07/18/2022 02:34:18 PM best model saved at epoch 10
07/18/2022 02:34:34 PM epoch: 11   train loss (per batch): 46.9287   test loss (per batch): 45.3294
07/18/2022 02:34:34 PM best model saved at epoch 11
07/18/2022 02:34:49 PM epoch: 12   train loss (per batch): 41.1624   test loss (per batch): 40.7454
07/18/2022 02:34:49 PM best model saved at epoch 12
07/18/2022 02:35:02 PM epoch: 13   train loss (per batch): 39.5551   test loss (per batch): 40.5963
07/18/2022 02:35:02 PM best model saved at epoch 13
07/18/2022 02:35:16 PM epoch: 14   train loss (per batch): 39.1845   test loss (per batch): 40.1693
07/18/2022 02:35:16 PM best model saved at epoch 14
07/18/2022 02:35:30 PM epoch: 15   train loss (per batch): 38.9195   test loss (per batch): 40.0512
07/18/2022 02:35:30 PM best model saved at epoch 15
07/18/2022 02:35:44 PM epoch: 16   train loss (per batch): 38.7673   test loss (per batch): 39.7057
07/18/2022 02:35:44 PM best model saved at epoch 16
07/18/2022 02:35:58 PM epoch: 17   train loss (per batch): 38.4405   test loss (per batch): 39.0715
07/18/2022 02:35:58 PM best model saved at epoch 17
07/18/2022 02:36:12 PM epoch: 18   train loss (per batch): 37.7632   test loss (per batch): 38.5322
07/18/2022 02:36:12 PM best model saved at epoch 18
07/18/2022 02:36:26 PM epoch: 19   train loss (per batch): 37.2218   test loss (per batch): 37.8699
07/18/2022 02:36:26 PM best model saved at epoch 19
07/18/2022 02:36:40 PM epoch: 20   train loss (per batch): 36.5488   test loss (per batch): 37.4687
07/18/2022 02:36:40 PM checkpoint saved at epoch 20
07/18/2022 02:36:40 PM best model saved at epoch 20
07/18/2022 02:36:54 PM epoch: 21   train loss (per batch): 36.2450   test loss (per batch): 37.4483
07/18/2022 02:36:54 PM best model saved at epoch 21
07/18/2022 02:37:08 PM epoch: 22   train loss (per batch): 35.9161   test loss (per batch): 36.8598
07/18/2022 02:37:08 PM best model saved at epoch 22
07/18/2022 02:37:22 PM epoch: 23   train loss (per batch): 35.7102   test loss (per batch): 36.6679
07/18/2022 02:37:22 PM best model saved at epoch 23
07/18/2022 02:37:37 PM epoch: 24   train loss (per batch): 35.4797   test loss (per batch): 36.3254
07/18/2022 02:37:37 PM best model saved at epoch 24
07/18/2022 02:37:51 PM epoch: 25   train loss (per batch): 35.3720   test loss (per batch): 36.2219
07/18/2022 02:37:51 PM best model saved at epoch 25
07/18/2022 02:38:05 PM epoch: 26   train loss (per batch): 35.1792   test loss (per batch): 36.0301
07/18/2022 02:38:05 PM best model saved at epoch 26
07/18/2022 02:38:19 PM epoch: 27   train loss (per batch): 35.0854   test loss (per batch): 36.4167
07/18/2022 02:38:34 PM epoch: 28   train loss (per batch): 34.9215   test loss (per batch): 35.9707
07/18/2022 02:38:34 PM best model saved at epoch 28
07/18/2022 02:38:48 PM epoch: 29   train loss (per batch): 34.7490   test loss (per batch): 35.7095
07/18/2022 02:38:48 PM best model saved at epoch 29
07/18/2022 02:39:02 PM epoch: 30   train loss (per batch): 34.6378   test loss (per batch): 35.3900
07/18/2022 02:39:02 PM checkpoint saved at epoch 30
07/18/2022 02:39:02 PM best model saved at epoch 30
07/18/2022 02:39:16 PM epoch: 31   train loss (per batch): 34.4989   test loss (per batch): 35.9619
07/18/2022 02:39:31 PM epoch: 32   train loss (per batch): 34.3677   test loss (per batch): 35.4174
07/18/2022 02:39:45 PM epoch: 33   train loss (per batch): 34.0889   test loss (per batch): 35.1886
07/18/2022 02:39:45 PM best model saved at epoch 33
07/18/2022 02:39:59 PM epoch: 34   train loss (per batch): 33.9727   test loss (per batch): 35.3528
07/18/2022 02:40:13 PM epoch: 35   train loss (per batch): 33.7498   test loss (per batch): 35.0185
07/18/2022 02:40:13 PM best model saved at epoch 35
07/18/2022 02:40:27 PM epoch: 36   train loss (per batch): 33.7370   test loss (per batch): 35.0954
07/18/2022 02:40:41 PM epoch: 37   train loss (per batch): 33.5744   test loss (per batch): 34.5851
07/18/2022 02:40:41 PM best model saved at epoch 37
07/18/2022 02:40:55 PM epoch: 38   train loss (per batch): 33.3597   test loss (per batch): 34.8203
07/18/2022 02:41:09 PM epoch: 39   train loss (per batch): 33.2884   test loss (per batch): 34.8520
07/18/2022 02:41:24 PM epoch: 40   train loss (per batch): 33.0784   test loss (per batch): 34.9416
07/18/2022 02:41:24 PM checkpoint saved at epoch 40
07/18/2022 02:41:38 PM epoch: 41   train loss (per batch): 32.9793   test loss (per batch): 34.2660
07/18/2022 02:41:38 PM best model saved at epoch 41
07/18/2022 02:41:52 PM epoch: 42   train loss (per batch): 32.8930   test loss (per batch): 34.5160
07/18/2022 02:42:06 PM epoch: 43   train loss (per batch): 32.8463   test loss (per batch): 34.1731
07/18/2022 02:42:06 PM best model saved at epoch 43
07/18/2022 02:42:20 PM epoch: 44   train loss (per batch): 32.6272   test loss (per batch): 34.3747
07/18/2022 02:42:34 PM epoch: 45   train loss (per batch): 32.6112   test loss (per batch): 34.0551
07/18/2022 02:42:34 PM best model saved at epoch 45
07/18/2022 02:42:48 PM epoch: 46   train loss (per batch): 32.5172   test loss (per batch): 34.1645
07/18/2022 02:43:02 PM epoch: 47   train loss (per batch): 32.3585   test loss (per batch): 34.0791
07/18/2022 02:43:16 PM epoch: 48   train loss (per batch): 32.2572   test loss (per batch): 34.1893
07/18/2022 02:43:30 PM epoch: 49   train loss (per batch): 32.2202   test loss (per batch): 34.4029
07/18/2022 02:43:44 PM epoch: 50   train loss (per batch): 32.1093   test loss (per batch): 34.0287
07/18/2022 02:43:44 PM checkpoint saved at epoch 50
07/18/2022 02:43:44 PM best model saved at epoch 50
07/18/2022 02:43:58 PM epoch: 51   train loss (per batch): 31.9476   test loss (per batch): 33.9345
07/18/2022 02:43:58 PM best model saved at epoch 51
07/18/2022 02:44:12 PM epoch: 52   train loss (per batch): 31.7444   test loss (per batch): 33.9774
07/18/2022 02:44:26 PM epoch: 53   train loss (per batch): 31.7473   test loss (per batch): 33.9990
07/18/2022 02:44:40 PM epoch: 54   train loss (per batch): 31.7634   test loss (per batch): 33.8957
07/18/2022 02:44:40 PM best model saved at epoch 54
07/18/2022 02:44:54 PM epoch: 55   train loss (per batch): 31.5440   test loss (per batch): 33.7681
07/18/2022 02:44:54 PM best model saved at epoch 55
07/18/2022 02:45:09 PM epoch: 56   train loss (per batch): 31.5313   test loss (per batch): 33.4827
07/18/2022 02:45:09 PM best model saved at epoch 56
07/18/2022 02:45:23 PM epoch: 57   train loss (per batch): 31.3466   test loss (per batch): 33.5140
07/18/2022 02:45:37 PM epoch: 58   train loss (per batch): 31.2030   test loss (per batch): 33.8881
07/18/2022 02:45:51 PM epoch: 59   train loss (per batch): 31.1075   test loss (per batch): 33.6765
07/18/2022 02:46:05 PM epoch: 60   train loss (per batch): 31.0928   test loss (per batch): 33.1894
07/18/2022 02:46:05 PM checkpoint saved at epoch 60
07/18/2022 02:46:05 PM best model saved at epoch 60
07/18/2022 02:46:19 PM epoch: 61   train loss (per batch): 31.0505   test loss (per batch): 33.7364
07/18/2022 02:46:33 PM epoch: 62   train loss (per batch): 30.9651   test loss (per batch): 33.3786
07/18/2022 02:46:47 PM epoch: 63   train loss (per batch): 30.7280   test loss (per batch): 33.5464
07/18/2022 02:47:01 PM epoch: 64   train loss (per batch): 30.7824   test loss (per batch): 33.4056
07/18/2022 02:47:16 PM epoch: 65   train loss (per batch): 30.6846   test loss (per batch): 33.1141
07/18/2022 02:47:16 PM best model saved at epoch 65
07/18/2022 02:47:30 PM epoch: 66   train loss (per batch): 30.4626   test loss (per batch): 33.1983
07/18/2022 02:47:44 PM epoch: 67   train loss (per batch): 30.3859   test loss (per batch): 33.0950
07/18/2022 02:47:44 PM best model saved at epoch 67
07/18/2022 02:47:58 PM epoch: 68   train loss (per batch): 30.4470   test loss (per batch): 33.7219
07/18/2022 02:48:12 PM epoch: 69   train loss (per batch): 30.3434   test loss (per batch): 33.0518
07/18/2022 02:48:12 PM best model saved at epoch 69
07/18/2022 02:48:27 PM epoch: 70   train loss (per batch): 30.0665   test loss (per batch): 32.5850
07/18/2022 02:48:27 PM checkpoint saved at epoch 70
07/18/2022 02:48:27 PM best model saved at epoch 70
07/18/2022 02:48:41 PM epoch: 71   train loss (per batch): 30.0398   test loss (per batch): 33.0679
07/18/2022 02:48:55 PM epoch: 72   train loss (per batch): 29.9908   test loss (per batch): 33.6793
07/18/2022 02:49:09 PM epoch: 73   train loss (per batch): 29.9229   test loss (per batch): 33.2214
07/18/2022 02:49:23 PM epoch: 74   train loss (per batch): 29.5752   test loss (per batch): 33.1588
07/18/2022 02:49:37 PM epoch: 75   train loss (per batch): 29.6487   test loss (per batch): 32.6770
07/18/2022 02:49:51 PM epoch: 76   train loss (per batch): 29.3679   test loss (per batch): 32.6636
07/18/2022 02:50:05 PM epoch: 77   train loss (per batch): 29.4766   test loss (per batch): 33.1632
07/18/2022 02:50:19 PM epoch: 78   train loss (per batch): 29.4567   test loss (per batch): 32.9248
07/18/2022 02:50:33 PM epoch: 79   train loss (per batch): 29.2069   test loss (per batch): 33.1560
07/18/2022 02:50:47 PM epoch: 80   train loss (per batch): 29.2323   test loss (per batch): 32.7710
07/18/2022 02:50:47 PM checkpoint saved at epoch 80
07/18/2022 02:51:01 PM epoch: 81   train loss (per batch): 29.0417   test loss (per batch): 32.9503
07/18/2022 02:51:15 PM epoch: 82   train loss (per batch): 28.8359   test loss (per batch): 32.7756
07/18/2022 02:51:29 PM epoch: 83   train loss (per batch): 28.7441   test loss (per batch): 32.4890
07/18/2022 02:51:29 PM best model saved at epoch 83
07/18/2022 02:51:43 PM epoch: 84   train loss (per batch): 28.7087   test loss (per batch): 32.7571
07/18/2022 02:51:57 PM epoch: 85   train loss (per batch): 28.5549   test loss (per batch): 31.9157
07/18/2022 02:51:57 PM best model saved at epoch 85
07/18/2022 02:52:11 PM epoch: 86   train loss (per batch): 28.5351   test loss (per batch): 32.4074
07/18/2022 02:52:25 PM epoch: 87   train loss (per batch): 28.5032   test loss (per batch): 32.4683
07/18/2022 02:52:39 PM epoch: 88   train loss (per batch): 28.4923   test loss (per batch): 32.8388
07/18/2022 02:52:53 PM epoch: 89   train loss (per batch): 28.2032   test loss (per batch): 33.0360
07/18/2022 02:53:07 PM epoch: 90   train loss (per batch): 28.2052   test loss (per batch): 32.4973
07/18/2022 02:53:07 PM checkpoint saved at epoch 90
07/18/2022 02:53:21 PM epoch: 91   train loss (per batch): 28.0212   test loss (per batch): 32.2713
07/18/2022 02:53:35 PM epoch: 92   train loss (per batch): 28.2467   test loss (per batch): 32.9447
07/18/2022 02:53:49 PM epoch: 93   train loss (per batch): 27.9243   test loss (per batch): 32.4898
07/18/2022 02:54:03 PM epoch: 94   train loss (per batch): 27.8678   test loss (per batch): 32.4377
07/18/2022 02:54:17 PM epoch: 95   train loss (per batch): 27.9376   test loss (per batch): 32.7482
07/18/2022 02:54:31 PM epoch: 96   train loss (per batch): 27.7275   test loss (per batch): 32.3052
07/18/2022 02:54:45 PM epoch: 97   train loss (per batch): 27.7732   test loss (per batch): 33.2546
07/18/2022 02:54:59 PM epoch: 98   train loss (per batch): 27.5181   test loss (per batch): 32.6607
07/18/2022 02:55:13 PM epoch: 99   train loss (per batch): 27.4141   test loss (per batch): 32.4610
07/18/2022 02:55:27 PM epoch: 100   train loss (per batch): 27.4357   test loss (per batch): 32.7592
07/18/2022 02:55:27 PM checkpoint saved at epoch 100
07/18/2022 02:55:41 PM epoch: 101   train loss (per batch): 27.3494   test loss (per batch): 32.2157
07/18/2022 02:55:55 PM epoch: 102   train loss (per batch): 27.3220   test loss (per batch): 32.8062
07/18/2022 02:56:09 PM epoch: 103   train loss (per batch): 27.3948   test loss (per batch): 33.2663
07/18/2022 02:56:22 PM epoch: 104   train loss (per batch): 27.1409   test loss (per batch): 32.4072
07/18/2022 02:56:36 PM epoch: 105   train loss (per batch): 27.2167   test loss (per batch): 32.2509
07/18/2022 02:56:50 PM epoch: 106   train loss (per batch): 27.0566   test loss (per batch): 32.4452
07/18/2022 02:57:04 PM epoch: 107   train loss (per batch): 26.8868   test loss (per batch): 32.6560
07/18/2022 02:57:18 PM epoch: 108   train loss (per batch): 26.9215   test loss (per batch): 33.2719
07/18/2022 02:57:32 PM epoch: 109   train loss (per batch): 27.0086   test loss (per batch): 33.1310
07/18/2022 02:57:46 PM epoch: 110   train loss (per batch): 26.8412   test loss (per batch): 32.6238
07/18/2022 02:57:46 PM checkpoint saved at epoch 110
07/18/2022 02:58:00 PM epoch: 111   train loss (per batch): 26.7583   test loss (per batch): 32.4238
07/18/2022 02:58:13 PM epoch: 112   train loss (per batch): 26.7280   test loss (per batch): 33.0740
07/18/2022 02:58:27 PM epoch: 113   train loss (per batch): 26.6076   test loss (per batch): 32.2154
07/18/2022 02:58:41 PM epoch: 114   train loss (per batch): 26.4129   test loss (per batch): 32.7847
07/18/2022 02:58:55 PM epoch: 115   train loss (per batch): 26.5575   test loss (per batch): 32.8337
07/18/2022 02:59:09 PM epoch: 116   train loss (per batch): 26.3022   test loss (per batch): 32.9739
07/18/2022 02:59:23 PM epoch: 117   train loss (per batch): 26.3927   test loss (per batch): 32.7386
07/18/2022 02:59:37 PM epoch: 118   train loss (per batch): 26.5133   test loss (per batch): 32.7273
07/18/2022 02:59:51 PM epoch: 119   train loss (per batch): 26.2092   test loss (per batch): 33.0592
07/18/2022 03:00:04 PM epoch: 120   train loss (per batch): 26.2846   test loss (per batch): 32.9595
07/18/2022 03:00:04 PM checkpoint saved at epoch 120
07/18/2022 03:00:18 PM epoch: 121   train loss (per batch): 26.2363   test loss (per batch): 32.7558
07/18/2022 03:00:32 PM epoch: 122   train loss (per batch): 26.0483   test loss (per batch): 32.5979
07/18/2022 03:00:46 PM epoch: 123   train loss (per batch): 26.0190   test loss (per batch): 32.3993
07/18/2022 03:01:00 PM epoch: 124   train loss (per batch): 25.9754   test loss (per batch): 32.9430
07/18/2022 03:01:14 PM epoch: 125   train loss (per batch): 25.9232   test loss (per batch): 32.4146
07/18/2022 03:01:28 PM epoch: 126   train loss (per batch): 25.7562   test loss (per batch): 33.2485
07/18/2022 03:01:41 PM epoch: 127   train loss (per batch): 25.7752   test loss (per batch): 32.4648
07/18/2022 03:01:55 PM epoch: 128   train loss (per batch): 25.9117   test loss (per batch): 33.5287
07/18/2022 03:02:09 PM epoch: 129   train loss (per batch): 25.7646   test loss (per batch): 32.8283
07/18/2022 03:02:23 PM epoch: 130   train loss (per batch): 25.6728   test loss (per batch): 33.0030
07/18/2022 03:02:23 PM checkpoint saved at epoch 130
07/18/2022 03:02:36 PM epoch: 131   train loss (per batch): 25.6630   test loss (per batch): 34.2110
07/18/2022 03:02:50 PM epoch: 132   train loss (per batch): 25.3791   test loss (per batch): 33.0420
07/18/2022 03:03:04 PM epoch: 133   train loss (per batch): 25.5894   test loss (per batch): 33.6599
07/18/2022 03:03:18 PM epoch: 134   train loss (per batch): 25.4297   test loss (per batch): 33.1062
07/18/2022 03:03:32 PM epoch: 135   train loss (per batch): 25.3759   test loss (per batch): 32.2760
07/18/2022 03:03:45 PM epoch: 136   train loss (per batch): 25.4539   test loss (per batch): 33.0525
07/18/2022 03:03:59 PM epoch: 137   train loss (per batch): 25.3478   test loss (per batch): 33.5859
07/18/2022 03:04:13 PM epoch: 138   train loss (per batch): 25.2303   test loss (per batch): 33.1260
07/18/2022 03:04:27 PM epoch: 139   train loss (per batch): 25.2735   test loss (per batch): 32.3391
07/18/2022 03:04:40 PM epoch: 140   train loss (per batch): 25.1282   test loss (per batch): 33.6895
07/18/2022 03:04:40 PM checkpoint saved at epoch 140
07/18/2022 03:04:54 PM epoch: 141   train loss (per batch): 25.0104   test loss (per batch): 34.2710
07/18/2022 03:05:08 PM epoch: 142   train loss (per batch): 25.0549   test loss (per batch): 33.1069
07/18/2022 03:05:21 PM epoch: 143   train loss (per batch): 25.1800   test loss (per batch): 33.0784
07/18/2022 03:05:35 PM epoch: 144   train loss (per batch): 24.9356   test loss (per batch): 33.1083
07/18/2022 03:05:49 PM epoch: 145   train loss (per batch): 24.7945   test loss (per batch): 33.8574
07/18/2022 03:06:03 PM epoch: 146   train loss (per batch): 24.6281   test loss (per batch): 33.7609
07/18/2022 03:06:16 PM epoch: 147   train loss (per batch): 24.9279   test loss (per batch): 33.9916
07/18/2022 03:06:30 PM epoch: 148   train loss (per batch): 24.6579   test loss (per batch): 34.0456
07/18/2022 03:06:44 PM epoch: 149   train loss (per batch): 24.6327   test loss (per batch): 34.5298
07/18/2022 03:06:58 PM epoch: 150   train loss (per batch): 24.6541   test loss (per batch): 33.9411
07/18/2022 03:06:58 PM checkpoint saved at epoch 150
07/18/2022 03:07:12 PM epoch: 151   train loss (per batch): 24.5371   test loss (per batch): 34.2437
07/18/2022 03:07:25 PM epoch: 152   train loss (per batch): 24.5434   test loss (per batch): 33.6830
07/18/2022 03:07:39 PM epoch: 153   train loss (per batch): 24.4444   test loss (per batch): 33.1496
07/18/2022 03:07:53 PM epoch: 154   train loss (per batch): 24.5891   test loss (per batch): 33.5497
07/18/2022 03:08:07 PM epoch: 155   train loss (per batch): 24.4720   test loss (per batch): 34.5480
07/18/2022 03:08:20 PM epoch: 156   train loss (per batch): 24.5752   test loss (per batch): 33.6973
07/18/2022 03:08:34 PM epoch: 157   train loss (per batch): 24.3061   test loss (per batch): 33.7657
07/18/2022 03:08:48 PM epoch: 158   train loss (per batch): 24.3669   test loss (per batch): 33.9058
07/18/2022 03:09:02 PM epoch: 159   train loss (per batch): 24.3178   test loss (per batch): 33.3821
07/18/2022 03:09:15 PM epoch: 160   train loss (per batch): 24.1131   test loss (per batch): 33.9063
07/18/2022 03:09:15 PM checkpoint saved at epoch 160
07/18/2022 03:09:29 PM epoch: 161   train loss (per batch): 24.1110   test loss (per batch): 33.8274
07/18/2022 03:09:43 PM epoch: 162   train loss (per batch): 24.2358   test loss (per batch): 33.1160
07/18/2022 03:09:57 PM epoch: 163   train loss (per batch): 24.0410   test loss (per batch): 34.4602
07/18/2022 03:10:11 PM epoch: 164   train loss (per batch): 24.1540   test loss (per batch): 33.8501
07/18/2022 03:10:25 PM epoch: 165   train loss (per batch): 24.1045   test loss (per batch): 34.1608
07/18/2022 03:10:39 PM epoch: 166   train loss (per batch): 24.1223   test loss (per batch): 33.6834
07/18/2022 03:10:52 PM epoch: 167   train loss (per batch): 23.8972   test loss (per batch): 33.9022
07/18/2022 03:11:06 PM epoch: 168   train loss (per batch): 23.9231   test loss (per batch): 34.5927
07/18/2022 03:11:20 PM epoch: 169   train loss (per batch): 23.7971   test loss (per batch): 33.7315
07/18/2022 03:11:34 PM epoch: 170   train loss (per batch): 23.7218   test loss (per batch): 34.3292
07/18/2022 03:11:34 PM checkpoint saved at epoch 170
07/18/2022 03:11:48 PM epoch: 171   train loss (per batch): 23.6658   test loss (per batch): 34.4186
07/18/2022 03:12:02 PM epoch: 172   train loss (per batch): 23.7543   test loss (per batch): 35.1757
07/18/2022 03:12:16 PM epoch: 173   train loss (per batch): 23.6470   test loss (per batch): 34.0161
07/18/2022 03:12:29 PM epoch: 174   train loss (per batch): 23.7033   test loss (per batch): 33.4906
07/18/2022 03:12:43 PM epoch: 175   train loss (per batch): 23.5106   test loss (per batch): 34.5758
07/18/2022 03:12:57 PM epoch: 176   train loss (per batch): 23.6231   test loss (per batch): 33.6455
07/18/2022 03:13:11 PM epoch: 177   train loss (per batch): 23.4518   test loss (per batch): 34.1703
07/18/2022 03:13:25 PM epoch: 178   train loss (per batch): 23.5455   test loss (per batch): 34.4009
07/18/2022 03:13:38 PM epoch: 179   train loss (per batch): 23.4521   test loss (per batch): 34.9297
07/18/2022 03:13:52 PM epoch: 180   train loss (per batch): 23.4481   test loss (per batch): 34.4488
07/18/2022 03:13:52 PM checkpoint saved at epoch 180
07/18/2022 03:14:06 PM epoch: 181   train loss (per batch): 23.2448   test loss (per batch): 34.6586
07/18/2022 03:14:20 PM epoch: 182   train loss (per batch): 23.3719   test loss (per batch): 35.1395
07/18/2022 03:14:33 PM epoch: 183   train loss (per batch): 23.0983   test loss (per batch): 34.2335
07/18/2022 03:14:47 PM epoch: 184   train loss (per batch): 23.2377   test loss (per batch): 34.2617
07/18/2022 03:15:01 PM epoch: 185   train loss (per batch): 23.2535   test loss (per batch): 34.7724
07/18/2022 03:15:15 PM epoch: 186   train loss (per batch): 23.2761   test loss (per batch): 34.5356
07/18/2022 03:15:29 PM epoch: 187   train loss (per batch): 23.0747   test loss (per batch): 34.7288
07/18/2022 03:15:42 PM epoch: 188   train loss (per batch): 23.1677   test loss (per batch): 34.9315
07/18/2022 03:15:56 PM epoch: 189   train loss (per batch): 23.0503   test loss (per batch): 33.7084
07/18/2022 03:16:10 PM epoch: 190   train loss (per batch): 22.9014   test loss (per batch): 34.3494
07/18/2022 03:16:10 PM checkpoint saved at epoch 190
07/18/2022 03:16:24 PM epoch: 191   train loss (per batch): 22.9347   test loss (per batch): 34.9499
07/18/2022 03:16:37 PM epoch: 192   train loss (per batch): 23.0269   test loss (per batch): 34.4235
07/18/2022 03:16:51 PM epoch: 193   train loss (per batch): 23.1034   test loss (per batch): 34.8378
07/18/2022 03:17:05 PM epoch: 194   train loss (per batch): 22.9106   test loss (per batch): 34.0871
07/18/2022 03:17:19 PM epoch: 195   train loss (per batch): 22.9344   test loss (per batch): 34.7772
07/18/2022 03:17:32 PM epoch: 196   train loss (per batch): 22.8408   test loss (per batch): 34.7629
07/18/2022 03:17:46 PM epoch: 197   train loss (per batch): 22.8709   test loss (per batch): 34.1153
07/18/2022 03:18:00 PM epoch: 198   train loss (per batch): 22.7336   test loss (per batch): 35.2133
07/18/2022 03:18:14 PM epoch: 199   train loss (per batch): 22.6806   test loss (per batch): 34.8082
07/18/2022 03:18:28 PM epoch: 200   train loss (per batch): 22.6957   test loss (per batch): 34.9609
07/18/2022 03:18:28 PM checkpoint saved at epoch 200
07/18/2022 03:18:41 PM epoch: 201   train loss (per batch): 22.7660   test loss (per batch): 35.7023
07/18/2022 03:18:55 PM epoch: 202   train loss (per batch): 22.5518   test loss (per batch): 34.4820
07/18/2022 03:19:09 PM epoch: 203   train loss (per batch): 22.5517   test loss (per batch): 35.2219
07/18/2022 03:19:23 PM epoch: 204   train loss (per batch): 22.5893   test loss (per batch): 35.5114
07/18/2022 03:19:36 PM epoch: 205   train loss (per batch): 22.4755   test loss (per batch): 35.7568
07/18/2022 03:19:50 PM epoch: 206   train loss (per batch): 22.5289   test loss (per batch): 35.1609
07/18/2022 03:20:03 PM epoch: 207   train loss (per batch): 22.5778   test loss (per batch): 36.2882
07/18/2022 03:20:17 PM epoch: 208   train loss (per batch): 22.4229   test loss (per batch): 35.3456
07/18/2022 03:20:30 PM epoch: 209   train loss (per batch): 22.4675   test loss (per batch): 35.7819
07/18/2022 03:20:43 PM epoch: 210   train loss (per batch): 22.2715   test loss (per batch): 35.8666
07/18/2022 03:20:43 PM checkpoint saved at epoch 210
07/18/2022 03:20:57 PM epoch: 211   train loss (per batch): 22.3917   test loss (per batch): 35.1008
07/18/2022 03:21:10 PM epoch: 212   train loss (per batch): 22.3022   test loss (per batch): 35.6584
07/18/2022 03:21:23 PM epoch: 213   train loss (per batch): 22.2797   test loss (per batch): 35.0099
07/18/2022 03:21:36 PM epoch: 214   train loss (per batch): 22.1600   test loss (per batch): 34.7380
07/18/2022 03:21:50 PM epoch: 215   train loss (per batch): 22.0831   test loss (per batch): 34.8963
07/18/2022 03:22:03 PM epoch: 216   train loss (per batch): 22.2998   test loss (per batch): 35.8464
07/18/2022 03:22:16 PM epoch: 217   train loss (per batch): 22.0777   test loss (per batch): 35.5954
07/18/2022 03:22:30 PM epoch: 218   train loss (per batch): 22.0502   test loss (per batch): 36.4143
07/18/2022 03:22:43 PM epoch: 219   train loss (per batch): 22.2725   test loss (per batch): 35.7051
07/18/2022 03:22:56 PM epoch: 220   train loss (per batch): 22.0047   test loss (per batch): 35.7840
07/18/2022 03:22:56 PM checkpoint saved at epoch 220
07/18/2022 03:23:10 PM epoch: 221   train loss (per batch): 22.0885   test loss (per batch): 35.4052
07/18/2022 03:23:23 PM epoch: 222   train loss (per batch): 22.0171   test loss (per batch): 36.0478
07/18/2022 03:23:36 PM epoch: 223   train loss (per batch): 22.0210   test loss (per batch): 35.5419
07/18/2022 03:23:49 PM epoch: 224   train loss (per batch): 22.0204   test loss (per batch): 35.6086
07/18/2022 03:24:03 PM epoch: 225   train loss (per batch): 21.9643   test loss (per batch): 36.1299
07/18/2022 03:24:16 PM epoch: 226   train loss (per batch): 21.9286   test loss (per batch): 35.2709
07/18/2022 03:24:29 PM epoch: 227   train loss (per batch): 21.9250   test loss (per batch): 36.1234
07/18/2022 03:24:43 PM epoch: 228   train loss (per batch): 21.7849   test loss (per batch): 35.9467
07/18/2022 03:24:56 PM epoch: 229   train loss (per batch): 21.8530   test loss (per batch): 35.5128
07/18/2022 03:25:10 PM epoch: 230   train loss (per batch): 21.7209   test loss (per batch): 36.1284
07/18/2022 03:25:10 PM checkpoint saved at epoch 230
07/18/2022 03:25:23 PM epoch: 231   train loss (per batch): 21.9498   test loss (per batch): 35.5477
07/18/2022 03:25:36 PM epoch: 232   train loss (per batch): 21.7538   test loss (per batch): 35.6909
07/18/2022 03:25:50 PM epoch: 233   train loss (per batch): 21.7636   test loss (per batch): 35.7495
07/18/2022 03:26:03 PM epoch: 234   train loss (per batch): 21.7660   test loss (per batch): 36.0202
07/18/2022 03:26:16 PM epoch: 235   train loss (per batch): 21.5898   test loss (per batch): 36.0343
07/18/2022 03:26:30 PM epoch: 236   train loss (per batch): 21.6710   test loss (per batch): 36.7887
07/18/2022 03:26:43 PM epoch: 237   train loss (per batch): 21.5634   test loss (per batch): 35.2839
07/18/2022 03:26:57 PM epoch: 238   train loss (per batch): 21.7063   test loss (per batch): 36.0962
07/18/2022 03:27:10 PM epoch: 239   train loss (per batch): 21.5584   test loss (per batch): 36.5634
07/18/2022 03:27:23 PM epoch: 240   train loss (per batch): 21.6207   test loss (per batch): 36.2840
07/18/2022 03:27:23 PM checkpoint saved at epoch 240
07/18/2022 03:27:37 PM epoch: 241   train loss (per batch): 21.4845   test loss (per batch): 35.9190
07/18/2022 03:27:50 PM epoch: 242   train loss (per batch): 21.5905   test loss (per batch): 35.7660
07/18/2022 03:28:03 PM epoch: 243   train loss (per batch): 21.3740   test loss (per batch): 36.0880
07/18/2022 03:28:17 PM epoch: 244   train loss (per batch): 21.5549   test loss (per batch): 36.5565
07/18/2022 03:28:30 PM epoch: 245   train loss (per batch): 21.3662   test loss (per batch): 36.1619
07/18/2022 03:28:44 PM epoch: 246   train loss (per batch): 21.4198   test loss (per batch): 35.7289
07/18/2022 03:28:57 PM epoch: 247   train loss (per batch): 21.4218   test loss (per batch): 35.4567
07/18/2022 03:29:10 PM epoch: 248   train loss (per batch): 21.4042   test loss (per batch): 37.5443
07/18/2022 03:29:24 PM epoch: 249   train loss (per batch): 21.5359   test loss (per batch): 35.9221
07/18/2022 03:29:37 PM epoch: 250   train loss (per batch): 21.3413   test loss (per batch): 36.8138
07/18/2022 03:29:37 PM checkpoint saved at epoch 250
07/18/2022 03:29:51 PM epoch: 251   train loss (per batch): 21.2757   test loss (per batch): 36.3046
07/18/2022 03:30:04 PM epoch: 252   train loss (per batch): 21.3517   test loss (per batch): 36.3815
07/18/2022 03:30:18 PM epoch: 253   train loss (per batch): 21.2488   test loss (per batch): 36.6641
07/18/2022 03:30:31 PM epoch: 254   train loss (per batch): 21.2759   test loss (per batch): 36.3351
07/18/2022 03:30:45 PM epoch: 255   train loss (per batch): 21.2799   test loss (per batch): 37.0769
07/18/2022 03:30:58 PM epoch: 256   train loss (per batch): 21.0569   test loss (per batch): 36.1963
07/18/2022 03:31:11 PM epoch: 257   train loss (per batch): 21.2835   test loss (per batch): 36.1531
07/18/2022 03:31:25 PM epoch: 258   train loss (per batch): 21.2198   test loss (per batch): 35.8603
07/18/2022 03:31:38 PM epoch: 259   train loss (per batch): 21.0317   test loss (per batch): 37.0247
07/18/2022 03:31:52 PM epoch: 260   train loss (per batch): 21.0864   test loss (per batch): 36.3784
07/18/2022 03:31:52 PM checkpoint saved at epoch 260
07/18/2022 03:32:05 PM epoch: 261   train loss (per batch): 21.1875   test loss (per batch): 36.3005
07/18/2022 03:32:19 PM epoch: 262   train loss (per batch): 21.0561   test loss (per batch): 36.1450
07/18/2022 03:32:32 PM epoch: 263   train loss (per batch): 21.0513   test loss (per batch): 36.8250
07/18/2022 03:32:47 PM epoch: 264   train loss (per batch): 21.0572   test loss (per batch): 36.4218
07/18/2022 03:33:01 PM epoch: 265   train loss (per batch): 21.0265   test loss (per batch): 35.6717
07/18/2022 03:33:15 PM epoch: 266   train loss (per batch): 21.0028   test loss (per batch): 36.5753
07/18/2022 03:33:29 PM epoch: 267   train loss (per batch): 20.9023   test loss (per batch): 38.0616
07/18/2022 03:33:43 PM epoch: 268   train loss (per batch): 20.8557   test loss (per batch): 36.2937
07/18/2022 03:33:56 PM epoch: 269   train loss (per batch): 20.9033   test loss (per batch): 36.5685
07/18/2022 03:34:10 PM epoch: 270   train loss (per batch): 21.0288   test loss (per batch): 36.8270
07/18/2022 03:34:10 PM checkpoint saved at epoch 270
07/18/2022 03:34:23 PM epoch: 271   train loss (per batch): 21.0115   test loss (per batch): 36.8511
07/18/2022 03:34:37 PM epoch: 272   train loss (per batch): 20.8535   test loss (per batch): 36.7477
07/18/2022 03:34:50 PM epoch: 273   train loss (per batch): 20.8527   test loss (per batch): 38.0110
07/18/2022 03:35:04 PM epoch: 274   train loss (per batch): 20.8321   test loss (per batch): 37.2166
07/18/2022 03:35:17 PM epoch: 275   train loss (per batch): 20.8577   test loss (per batch): 37.1347
07/18/2022 03:35:31 PM epoch: 276   train loss (per batch): 20.6939   test loss (per batch): 37.0099
07/18/2022 03:35:45 PM epoch: 277   train loss (per batch): 20.6602   test loss (per batch): 36.7850
07/18/2022 03:35:58 PM epoch: 278   train loss (per batch): 20.8562   test loss (per batch): 37.0999
07/18/2022 03:36:12 PM epoch: 279   train loss (per batch): 20.7762   test loss (per batch): 36.7711
07/18/2022 03:36:25 PM epoch: 280   train loss (per batch): 20.6958   test loss (per batch): 36.9696
07/18/2022 03:36:25 PM checkpoint saved at epoch 280
07/18/2022 03:36:39 PM epoch: 281   train loss (per batch): 20.6825   test loss (per batch): 37.6404
07/18/2022 03:36:52 PM epoch: 282   train loss (per batch): 20.6641   test loss (per batch): 37.5650
07/18/2022 03:37:06 PM epoch: 283   train loss (per batch): 20.5054   test loss (per batch): 36.7454
07/18/2022 03:37:19 PM epoch: 284   train loss (per batch): 20.5699   test loss (per batch): 38.0549
07/18/2022 03:37:33 PM epoch: 285   train loss (per batch): 20.5661   test loss (per batch): 37.9082
07/18/2022 03:37:46 PM epoch: 286   train loss (per batch): 20.5590   test loss (per batch): 36.6747
07/18/2022 03:38:00 PM epoch: 287   train loss (per batch): 20.6374   test loss (per batch): 36.9910
07/18/2022 03:38:13 PM epoch: 288   train loss (per batch): 20.5248   test loss (per batch): 37.3448
07/18/2022 03:38:26 PM epoch: 289   train loss (per batch): 20.4728   test loss (per batch): 36.7199
07/18/2022 03:38:40 PM epoch: 290   train loss (per batch): 20.4870   test loss (per batch): 37.4237
07/18/2022 03:38:40 PM checkpoint saved at epoch 290
07/18/2022 03:38:53 PM epoch: 291   train loss (per batch): 20.4267   test loss (per batch): 37.0829
07/18/2022 03:39:07 PM epoch: 292   train loss (per batch): 20.4585   test loss (per batch): 37.3491
07/18/2022 03:39:20 PM epoch: 293   train loss (per batch): 20.4098   test loss (per batch): 37.5666
07/18/2022 03:39:34 PM epoch: 294   train loss (per batch): 20.4088   test loss (per batch): 37.1143
07/18/2022 03:39:47 PM epoch: 295   train loss (per batch): 20.3620   test loss (per batch): 37.7008
07/18/2022 03:40:00 PM epoch: 296   train loss (per batch): 20.3649   test loss (per batch): 37.7212
07/18/2022 03:40:14 PM epoch: 297   train loss (per batch): 20.2842   test loss (per batch): 37.8639
07/18/2022 03:40:27 PM epoch: 298   train loss (per batch): 20.3300   test loss (per batch): 37.3569
07/18/2022 03:40:41 PM epoch: 299   train loss (per batch): 20.2907   test loss (per batch): 37.8109
07/18/2022 03:40:54 PM epoch: 300   train loss (per batch): 20.3471   test loss (per batch): 38.1479
07/18/2022 03:40:54 PM checkpoint saved at epoch 300
07/18/2022 03:41:08 PM epoch: 301   train loss (per batch): 20.3120   test loss (per batch): 38.2601
07/18/2022 03:41:21 PM epoch: 302   train loss (per batch): 20.2444   test loss (per batch): 37.5814
07/18/2022 03:41:34 PM epoch: 303   train loss (per batch): 20.1906   test loss (per batch): 37.3596
07/18/2022 03:41:48 PM epoch: 304   train loss (per batch): 20.1929   test loss (per batch): 38.2918
07/18/2022 03:42:01 PM epoch: 305   train loss (per batch): 20.0945   test loss (per batch): 37.5043
07/18/2022 03:42:15 PM epoch: 306   train loss (per batch): 20.2308   test loss (per batch): 38.3008
07/18/2022 03:42:28 PM epoch: 307   train loss (per batch): 20.2731   test loss (per batch): 38.2120
07/18/2022 03:42:41 PM epoch: 308   train loss (per batch): 20.0476   test loss (per batch): 37.9487
07/18/2022 03:42:55 PM epoch: 309   train loss (per batch): 20.1188   test loss (per batch): 37.9226
07/18/2022 03:43:08 PM epoch: 310   train loss (per batch): 20.2124   test loss (per batch): 37.8594
07/18/2022 03:43:08 PM checkpoint saved at epoch 310
07/18/2022 03:43:22 PM epoch: 311   train loss (per batch): 20.1629   test loss (per batch): 37.8235
07/18/2022 03:43:35 PM epoch: 312   train loss (per batch): 20.0961   test loss (per batch): 37.9736
07/18/2022 03:43:48 PM epoch: 313   train loss (per batch): 20.1337   test loss (per batch): 38.4464
07/18/2022 03:44:02 PM epoch: 314   train loss (per batch): 20.0878   test loss (per batch): 38.2442
07/18/2022 03:44:15 PM epoch: 315   train loss (per batch): 19.9744   test loss (per batch): 37.8192
07/18/2022 03:44:28 PM epoch: 316   train loss (per batch): 20.1136   test loss (per batch): 38.2580
07/18/2022 03:44:42 PM epoch: 317   train loss (per batch): 20.0452   test loss (per batch): 37.6953
07/18/2022 03:44:55 PM epoch: 318   train loss (per batch): 19.9548   test loss (per batch): 37.8696
07/18/2022 03:45:08 PM epoch: 319   train loss (per batch): 19.8462   test loss (per batch): 37.8091
07/18/2022 03:45:22 PM epoch: 320   train loss (per batch): 19.8868   test loss (per batch): 38.4031
07/18/2022 03:45:22 PM checkpoint saved at epoch 320
07/18/2022 03:45:35 PM epoch: 321   train loss (per batch): 19.9570   test loss (per batch): 38.3842
07/18/2022 03:45:48 PM epoch: 322   train loss (per batch): 19.8785   test loss (per batch): 38.4239
07/18/2022 03:46:01 PM epoch: 323   train loss (per batch): 19.9282   test loss (per batch): 38.3474
07/18/2022 03:46:15 PM epoch: 324   train loss (per batch): 19.8499   test loss (per batch): 38.1013
07/18/2022 03:46:28 PM epoch: 325   train loss (per batch): 19.8951   test loss (per batch): 38.6558
07/18/2022 03:46:41 PM epoch: 326   train loss (per batch): 19.8535   test loss (per batch): 37.8098
07/18/2022 03:46:55 PM epoch: 327   train loss (per batch): 19.8417   test loss (per batch): 37.8192
07/18/2022 03:47:08 PM epoch: 328   train loss (per batch): 19.8333   test loss (per batch): 38.0149
07/18/2022 03:47:21 PM epoch: 329   train loss (per batch): 19.8221   test loss (per batch): 36.8622
07/18/2022 03:47:34 PM epoch: 330   train loss (per batch): 19.6919   test loss (per batch): 38.0005
07/18/2022 03:47:34 PM checkpoint saved at epoch 330
07/18/2022 03:47:48 PM epoch: 331   train loss (per batch): 19.7196   test loss (per batch): 38.8300
07/18/2022 03:48:01 PM epoch: 332   train loss (per batch): 19.8124   test loss (per batch): 38.7310
07/18/2022 03:48:14 PM epoch: 333   train loss (per batch): 19.7497   test loss (per batch): 37.9917
07/18/2022 03:48:27 PM epoch: 334   train loss (per batch): 19.8102   test loss (per batch): 39.2038
07/18/2022 03:48:41 PM epoch: 335   train loss (per batch): 19.7573   test loss (per batch): 38.3122
07/18/2022 03:48:54 PM epoch: 336   train loss (per batch): 19.7914   test loss (per batch): 38.9846
07/18/2022 03:49:07 PM epoch: 337   train loss (per batch): 19.6674   test loss (per batch): 38.5325
07/18/2022 03:49:20 PM epoch: 338   train loss (per batch): 19.5969   test loss (per batch): 37.3373
07/18/2022 03:49:33 PM epoch: 339   train loss (per batch): 19.5967   test loss (per batch): 37.2986
07/18/2022 03:49:46 PM epoch: 340   train loss (per batch): 19.6083   test loss (per batch): 38.3870
07/18/2022 03:49:46 PM checkpoint saved at epoch 340
07/18/2022 03:50:00 PM epoch: 341   train loss (per batch): 19.5587   test loss (per batch): 39.4333
07/18/2022 03:50:13 PM epoch: 342   train loss (per batch): 19.5473   test loss (per batch): 39.3618
07/18/2022 03:50:26 PM epoch: 343   train loss (per batch): 19.6446   test loss (per batch): 38.5132
07/18/2022 03:50:39 PM epoch: 344   train loss (per batch): 19.5546   test loss (per batch): 38.8373
07/18/2022 03:50:52 PM epoch: 345   train loss (per batch): 19.5514   test loss (per batch): 38.9741
07/18/2022 03:51:05 PM epoch: 346   train loss (per batch): 19.6763   test loss (per batch): 38.8167
07/18/2022 03:51:18 PM epoch: 347   train loss (per batch): 19.4833   test loss (per batch): 39.4099
07/18/2022 03:51:31 PM epoch: 348   train loss (per batch): 19.5783   test loss (per batch): 38.8926
07/18/2022 03:51:44 PM epoch: 349   train loss (per batch): 19.3431   test loss (per batch): 38.3666
07/18/2022 03:51:58 PM epoch: 350   train loss (per batch): 19.4089   test loss (per batch): 39.1089
07/18/2022 03:51:58 PM checkpoint saved at epoch 350
07/18/2022 03:52:11 PM epoch: 351   train loss (per batch): 19.5636   test loss (per batch): 39.3338
07/18/2022 03:52:24 PM epoch: 352   train loss (per batch): 19.4665   test loss (per batch): 38.1939
07/18/2022 03:52:37 PM epoch: 353   train loss (per batch): 19.4914   test loss (per batch): 38.6490
07/18/2022 03:52:50 PM epoch: 354   train loss (per batch): 19.3865   test loss (per batch): 39.0163
07/18/2022 03:53:03 PM epoch: 355   train loss (per batch): 19.4254   test loss (per batch): 38.7227
07/18/2022 03:53:16 PM epoch: 356   train loss (per batch): 19.5320   test loss (per batch): 39.5484
07/18/2022 03:53:29 PM epoch: 357   train loss (per batch): 19.4679   test loss (per batch): 38.4605
07/18/2022 03:53:42 PM epoch: 358   train loss (per batch): 19.4090   test loss (per batch): 38.8675
07/18/2022 03:53:56 PM epoch: 359   train loss (per batch): 19.3904   test loss (per batch): 39.1084
07/18/2022 03:54:09 PM epoch: 360   train loss (per batch): 19.2454   test loss (per batch): 39.7765
07/18/2022 03:54:09 PM checkpoint saved at epoch 360
07/18/2022 03:54:22 PM epoch: 361   train loss (per batch): 19.2627   test loss (per batch): 39.1990
07/18/2022 03:54:35 PM epoch: 362   train loss (per batch): 19.3080   test loss (per batch): 38.8444
07/18/2022 03:54:48 PM epoch: 363   train loss (per batch): 19.3664   test loss (per batch): 38.7290
07/18/2022 03:55:01 PM epoch: 364   train loss (per batch): 19.2255   test loss (per batch): 39.2088
07/18/2022 03:55:14 PM epoch: 365   train loss (per batch): 19.4145   test loss (per batch): 38.7710
07/18/2022 03:55:27 PM epoch: 366   train loss (per batch): 19.3476   test loss (per batch): 39.2216
07/18/2022 03:55:40 PM epoch: 367   train loss (per batch): 19.2810   test loss (per batch): 39.5985
07/18/2022 03:55:53 PM epoch: 368   train loss (per batch): 19.3155   test loss (per batch): 38.5144
07/18/2022 03:56:06 PM epoch: 369   train loss (per batch): 19.1714   test loss (per batch): 39.5521
07/18/2022 03:56:20 PM epoch: 370   train loss (per batch): 19.2657   test loss (per batch): 38.8547
07/18/2022 03:56:20 PM checkpoint saved at epoch 370
07/18/2022 03:56:33 PM epoch: 371   train loss (per batch): 19.1828   test loss (per batch): 38.7783
07/18/2022 03:56:46 PM epoch: 372   train loss (per batch): 19.2323   test loss (per batch): 39.5864
07/18/2022 03:56:59 PM epoch: 373   train loss (per batch): 19.2361   test loss (per batch): 40.0905
07/18/2022 03:57:12 PM epoch: 374   train loss (per batch): 19.2875   test loss (per batch): 39.0459
07/18/2022 03:57:25 PM epoch: 375   train loss (per batch): 19.1195   test loss (per batch): 39.1364
07/18/2022 03:57:38 PM epoch: 376   train loss (per batch): 19.0364   test loss (per batch): 39.2537
07/18/2022 03:57:51 PM epoch: 377   train loss (per batch): 19.1158   test loss (per batch): 39.0756
07/18/2022 03:58:04 PM epoch: 378   train loss (per batch): 19.2727   test loss (per batch): 37.9521
07/18/2022 03:58:18 PM epoch: 379   train loss (per batch): 19.2900   test loss (per batch): 38.1055
07/18/2022 03:58:31 PM epoch: 380   train loss (per batch): 19.1254   test loss (per batch): 39.9815
07/18/2022 03:58:31 PM checkpoint saved at epoch 380
07/18/2022 03:58:44 PM epoch: 381   train loss (per batch): 18.9453   test loss (per batch): 40.2671
07/18/2022 03:58:57 PM epoch: 382   train loss (per batch): 19.0202   test loss (per batch): 39.4661
07/18/2022 03:59:10 PM epoch: 383   train loss (per batch): 18.9974   test loss (per batch): 39.4785
07/18/2022 03:59:23 PM epoch: 384   train loss (per batch): 18.9057   test loss (per batch): 39.3133
07/18/2022 03:59:36 PM epoch: 385   train loss (per batch): 18.9151   test loss (per batch): 40.0117
07/18/2022 03:59:49 PM epoch: 386   train loss (per batch): 19.1039   test loss (per batch): 39.9726
07/18/2022 04:00:02 PM epoch: 387   train loss (per batch): 18.9350   test loss (per batch): 39.7058
07/18/2022 04:00:16 PM epoch: 388   train loss (per batch): 19.0968   test loss (per batch): 38.9285
07/18/2022 04:00:29 PM epoch: 389   train loss (per batch): 18.9841   test loss (per batch): 38.9598
07/18/2022 04:00:42 PM epoch: 390   train loss (per batch): 18.9834   test loss (per batch): 40.3726
07/18/2022 04:00:42 PM checkpoint saved at epoch 390
07/18/2022 04:00:55 PM epoch: 391   train loss (per batch): 18.8044   test loss (per batch): 40.2422
07/18/2022 04:01:08 PM epoch: 392   train loss (per batch): 18.9579   test loss (per batch): 39.6662
07/18/2022 04:01:21 PM epoch: 393   train loss (per batch): 18.9959   test loss (per batch): 39.8142
07/18/2022 04:01:35 PM epoch: 394   train loss (per batch): 18.9371   test loss (per batch): 40.4986
07/18/2022 04:01:48 PM epoch: 395   train loss (per batch): 18.9057   test loss (per batch): 39.8013
07/18/2022 04:02:01 PM epoch: 396   train loss (per batch): 18.8436   test loss (per batch): 39.3862
07/18/2022 04:02:14 PM epoch: 397   train loss (per batch): 18.9422   test loss (per batch): 40.0966
07/18/2022 04:02:27 PM epoch: 398   train loss (per batch): 18.8809   test loss (per batch): 39.8618
07/18/2022 04:02:41 PM epoch: 399   train loss (per batch): 18.7988   test loss (per batch): 40.1474
07/18/2022 04:02:54 PM epoch: 400   train loss (per batch): 18.8970   test loss (per batch): 39.3796
07/18/2022 04:02:54 PM checkpoint saved at epoch 400
07/18/2022 04:02:54 PM === Training Completes (401 epochs trained, best epoch at 85 with test loss per batch = 31.9157) ===
