07/18/2022 03:45:47 AM ******************************************* COMMAND LINE *******************************************
07/18/2022 03:45:47 AM train.py --task base --lr 0.0005 --use_density --use_truck_spd --use_pv_spd

07/18/2022 03:45:47 AM ************************************** EXPERIMENT INFORMATION **************************************
07/18/2022 03:45:47 AM Task: base
07/18/2022 03:45:47 AM Experiment Name: exp_T_T_T_7_6_5
07/18/2022 03:45:47 AM Number of Epochs: 401, Learning Rate: 0.0005, Batch Size: 32 

07/18/2022 03:45:47 AM ***************************************** DATA INFORMATION *****************************************
07/18/2022 03:45:47 AM Use Density: True; Use Truck Speed: True; Use Personal Vehicle Speed: True
07/18/2022 03:45:47 AM Input Sequence Length: 7; Output Sequence Lenth: 6; Output Frequency: 5 

07/18/2022 03:45:47 AM ***************************************** LOADING PROGRESS *****************************************
07/18/2022 03:45:48 AM successfully loaded data 

07/18/2022 03:45:48 AM ========================================= Training Starts ==========================================
07/18/2022 03:45:48 AM please check tensorboard for plots of experiment ./logs/base/exp_T_T_T_7_6_5
07/18/2022 03:45:48 AM please check logging messages at ./logs/base/exp_T_T_T_7_6_5/training.log
07/18/2022 03:46:12 AM epoch: 0   train loss (per batch): 182.2068   test loss (per batch): 47.8611
07/18/2022 03:46:12 AM checkpoint saved at epoch 0
07/18/2022 03:46:12 AM best model saved at epoch 0
07/18/2022 03:46:43 AM epoch: 1   train loss (per batch): 46.7078   test loss (per batch): 45.6259
07/18/2022 03:46:43 AM best model saved at epoch 1
07/18/2022 03:47:17 AM epoch: 2   train loss (per batch): 40.9789   test loss (per batch): 35.9216
07/18/2022 03:47:17 AM best model saved at epoch 2
07/18/2022 03:47:51 AM epoch: 3   train loss (per batch): 35.9045   test loss (per batch): 35.2652
07/18/2022 03:47:51 AM best model saved at epoch 3
07/18/2022 03:48:25 AM epoch: 4   train loss (per batch): 34.9091   test loss (per batch): 33.9900
07/18/2022 03:48:25 AM best model saved at epoch 4
07/18/2022 03:49:00 AM epoch: 5   train loss (per batch): 33.9764   test loss (per batch): 33.5329
07/18/2022 03:49:00 AM best model saved at epoch 5
07/18/2022 03:49:35 AM epoch: 6   train loss (per batch): 33.6515   test loss (per batch): 33.3025
07/18/2022 03:49:35 AM best model saved at epoch 6
07/18/2022 03:50:10 AM epoch: 7   train loss (per batch): 33.3943   test loss (per batch): 33.1632
07/18/2022 03:50:10 AM best model saved at epoch 7
07/18/2022 03:50:45 AM epoch: 8   train loss (per batch): 33.1984   test loss (per batch): 33.0507
07/18/2022 03:50:45 AM best model saved at epoch 8
07/18/2022 03:51:21 AM epoch: 9   train loss (per batch): 32.8068   test loss (per batch): 32.5690
07/18/2022 03:51:21 AM best model saved at epoch 9
07/18/2022 03:51:59 AM epoch: 10   train loss (per batch): 32.4544   test loss (per batch): 32.1448
07/18/2022 03:51:59 AM checkpoint saved at epoch 10
07/18/2022 03:51:59 AM best model saved at epoch 10
07/18/2022 03:52:37 AM epoch: 11   train loss (per batch): 32.1465   test loss (per batch): 32.0321
07/18/2022 03:52:37 AM best model saved at epoch 11
07/18/2022 03:53:16 AM epoch: 12   train loss (per batch): 31.8501   test loss (per batch): 31.6802
07/18/2022 03:53:16 AM best model saved at epoch 12
07/18/2022 03:53:54 AM epoch: 13   train loss (per batch): 31.5831   test loss (per batch): 31.4562
07/18/2022 03:53:54 AM best model saved at epoch 13
07/18/2022 03:54:34 AM epoch: 14   train loss (per batch): 31.2911   test loss (per batch): 31.1427
07/18/2022 03:54:34 AM best model saved at epoch 14
07/18/2022 03:55:12 AM epoch: 15   train loss (per batch): 30.9797   test loss (per batch): 30.8719
07/18/2022 03:55:12 AM best model saved at epoch 15
07/18/2022 03:55:52 AM epoch: 16   train loss (per batch): 30.7932   test loss (per batch): 30.6446
07/18/2022 03:55:52 AM best model saved at epoch 16
07/18/2022 03:56:31 AM epoch: 17   train loss (per batch): 30.5203   test loss (per batch): 30.7469
07/18/2022 03:57:11 AM epoch: 18   train loss (per batch): 30.2422   test loss (per batch): 30.3414
07/18/2022 03:57:11 AM best model saved at epoch 18
07/18/2022 03:57:52 AM epoch: 19   train loss (per batch): 30.0218   test loss (per batch): 29.9754
07/18/2022 03:57:52 AM best model saved at epoch 19
07/18/2022 03:58:33 AM epoch: 20   train loss (per batch): 29.7271   test loss (per batch): 29.8476
07/18/2022 03:58:33 AM checkpoint saved at epoch 20
07/18/2022 03:58:33 AM best model saved at epoch 20
07/18/2022 03:59:14 AM epoch: 21   train loss (per batch): 29.4909   test loss (per batch): 29.4997
07/18/2022 03:59:14 AM best model saved at epoch 21
07/18/2022 03:59:57 AM epoch: 22   train loss (per batch): 29.2716   test loss (per batch): 29.2667
07/18/2022 03:59:57 AM best model saved at epoch 22
07/18/2022 04:00:38 AM epoch: 23   train loss (per batch): 29.0806   test loss (per batch): 29.1928
07/18/2022 04:00:38 AM best model saved at epoch 23
07/18/2022 04:01:20 AM epoch: 24   train loss (per batch): 28.8534   test loss (per batch): 28.9229
07/18/2022 04:01:20 AM best model saved at epoch 24
07/18/2022 04:02:02 AM epoch: 25   train loss (per batch): 28.6538   test loss (per batch): 28.9644
07/18/2022 04:02:45 AM epoch: 26   train loss (per batch): 28.3720   test loss (per batch): 28.5689
07/18/2022 04:02:45 AM best model saved at epoch 26
07/18/2022 04:03:28 AM epoch: 27   train loss (per batch): 28.2238   test loss (per batch): 28.2635
07/18/2022 04:03:28 AM best model saved at epoch 27
07/18/2022 04:04:10 AM epoch: 28   train loss (per batch): 28.0342   test loss (per batch): 28.5867
07/18/2022 04:04:53 AM epoch: 29   train loss (per batch): 27.9048   test loss (per batch): 28.2125
07/18/2022 04:04:53 AM best model saved at epoch 29
07/18/2022 04:05:36 AM epoch: 30   train loss (per batch): 27.6902   test loss (per batch): 28.2066
07/18/2022 04:05:36 AM checkpoint saved at epoch 30
07/18/2022 04:05:36 AM best model saved at epoch 30
07/18/2022 04:06:20 AM epoch: 31   train loss (per batch): 27.6915   test loss (per batch): 28.0234
07/18/2022 04:06:20 AM best model saved at epoch 31
07/18/2022 04:07:03 AM epoch: 32   train loss (per batch): 27.4937   test loss (per batch): 27.8695
07/18/2022 04:07:03 AM best model saved at epoch 32
07/18/2022 04:07:48 AM epoch: 33   train loss (per batch): 27.4173   test loss (per batch): 27.8244
07/18/2022 04:07:48 AM best model saved at epoch 33
07/18/2022 04:08:33 AM epoch: 34   train loss (per batch): 27.1931   test loss (per batch): 27.5326
07/18/2022 04:08:33 AM best model saved at epoch 34
07/18/2022 04:09:18 AM epoch: 35   train loss (per batch): 27.0289   test loss (per batch): 27.6694
07/18/2022 04:10:04 AM epoch: 36   train loss (per batch): 26.9874   test loss (per batch): 27.2241
07/18/2022 04:10:04 AM best model saved at epoch 36
07/18/2022 04:10:49 AM epoch: 37   train loss (per batch): 26.8045   test loss (per batch): 27.1216
07/18/2022 04:10:49 AM best model saved at epoch 37
07/18/2022 04:11:34 AM epoch: 38   train loss (per batch): 26.5950   test loss (per batch): 27.1732
07/18/2022 04:12:21 AM epoch: 39   train loss (per batch): 26.4970   test loss (per batch): 26.8736
07/18/2022 04:12:21 AM best model saved at epoch 39
07/18/2022 04:13:16 AM epoch: 40   train loss (per batch): 26.3954   test loss (per batch): 26.7213
07/18/2022 04:13:16 AM checkpoint saved at epoch 40
07/18/2022 04:13:16 AM best model saved at epoch 40
07/18/2022 04:14:10 AM epoch: 41   train loss (per batch): 26.2510   test loss (per batch): 26.7633
07/18/2022 04:15:05 AM epoch: 42   train loss (per batch): 26.1880   test loss (per batch): 26.5198
07/18/2022 04:15:05 AM best model saved at epoch 42
07/18/2022 04:16:01 AM epoch: 43   train loss (per batch): 25.9800   test loss (per batch): 26.5622
07/18/2022 04:16:55 AM epoch: 44   train loss (per batch): 25.9032   test loss (per batch): 26.5081
07/18/2022 04:16:55 AM best model saved at epoch 44
07/18/2022 04:17:51 AM epoch: 45   train loss (per batch): 25.7369   test loss (per batch): 26.3673
07/18/2022 04:17:51 AM best model saved at epoch 45
07/18/2022 04:18:46 AM epoch: 46   train loss (per batch): 25.8260   test loss (per batch): 26.2094
07/18/2022 04:18:46 AM best model saved at epoch 46
07/18/2022 04:19:43 AM epoch: 47   train loss (per batch): 25.6164   test loss (per batch): 26.4218
07/18/2022 04:20:37 AM epoch: 48   train loss (per batch): 25.4098   test loss (per batch): 26.0229
07/18/2022 04:20:37 AM best model saved at epoch 48
07/18/2022 04:21:34 AM epoch: 49   train loss (per batch): 25.3714   test loss (per batch): 26.2361
07/18/2022 04:22:19 AM epoch: 50   train loss (per batch): 25.2762   test loss (per batch): 26.2581
07/18/2022 04:22:19 AM checkpoint saved at epoch 50
07/18/2022 04:23:08 AM epoch: 51   train loss (per batch): 25.1189   test loss (per batch): 26.2381
07/18/2022 04:23:54 AM epoch: 52   train loss (per batch): 25.0681   test loss (per batch): 25.6463
07/18/2022 04:23:54 AM best model saved at epoch 52
07/18/2022 04:24:41 AM epoch: 53   train loss (per batch): 24.9821   test loss (per batch): 25.9532
07/18/2022 04:25:27 AM epoch: 54   train loss (per batch): 24.8661   test loss (per batch): 25.8486
07/18/2022 04:26:15 AM epoch: 55   train loss (per batch): 24.6861   test loss (per batch): 25.7656
07/18/2022 04:27:01 AM epoch: 56   train loss (per batch): 24.7587   test loss (per batch): 25.6494
07/18/2022 04:27:49 AM epoch: 57   train loss (per batch): 24.5582   test loss (per batch): 25.5148
07/18/2022 04:27:49 AM best model saved at epoch 57
07/18/2022 04:28:36 AM epoch: 58   train loss (per batch): 24.5498   test loss (per batch): 25.9691
07/18/2022 04:29:25 AM epoch: 59   train loss (per batch): 24.4514   test loss (per batch): 25.4057
07/18/2022 04:29:25 AM best model saved at epoch 59
07/18/2022 04:30:10 AM epoch: 60   train loss (per batch): 24.3626   test loss (per batch): 25.3594
07/18/2022 04:30:10 AM checkpoint saved at epoch 60
07/18/2022 04:30:10 AM best model saved at epoch 60
07/18/2022 04:30:59 AM epoch: 61   train loss (per batch): 24.1854   test loss (per batch): 25.4002
07/18/2022 04:31:45 AM epoch: 62   train loss (per batch): 24.2655   test loss (per batch): 25.2013
07/18/2022 04:31:45 AM best model saved at epoch 62
07/18/2022 04:32:34 AM epoch: 63   train loss (per batch): 24.0547   test loss (per batch): 24.8279
07/18/2022 04:32:34 AM best model saved at epoch 63
07/18/2022 04:33:21 AM epoch: 64   train loss (per batch): 24.1091   test loss (per batch): 24.9368
07/18/2022 04:34:10 AM epoch: 65   train loss (per batch): 24.0484   test loss (per batch): 25.0983
07/18/2022 04:34:58 AM epoch: 66   train loss (per batch): 23.9502   test loss (per batch): 24.8813
07/18/2022 04:35:47 AM epoch: 67   train loss (per batch): 23.8565   test loss (per batch): 25.2288
07/18/2022 04:36:35 AM epoch: 68   train loss (per batch): 23.6884   test loss (per batch): 25.0914
07/18/2022 04:37:34 AM epoch: 69   train loss (per batch): 23.5970   test loss (per batch): 24.6969
07/18/2022 04:37:34 AM best model saved at epoch 69
07/18/2022 04:38:28 AM epoch: 70   train loss (per batch): 23.5409   test loss (per batch): 24.8751
07/18/2022 04:38:28 AM checkpoint saved at epoch 70
07/18/2022 04:39:25 AM epoch: 71   train loss (per batch): 23.4151   test loss (per batch): 24.5680
07/18/2022 04:39:25 AM best model saved at epoch 71
07/18/2022 04:40:20 AM epoch: 72   train loss (per batch): 23.4112   test loss (per batch): 24.8190
07/18/2022 04:41:17 AM epoch: 73   train loss (per batch): 23.4151   test loss (per batch): 24.6670
07/18/2022 04:42:11 AM epoch: 74   train loss (per batch): 23.2923   test loss (per batch): 24.5429
07/18/2022 04:42:11 AM best model saved at epoch 74
07/18/2022 04:43:08 AM epoch: 75   train loss (per batch): 23.2667   test loss (per batch): 24.2788
07/18/2022 04:43:08 AM best model saved at epoch 75
07/18/2022 04:44:02 AM epoch: 76   train loss (per batch): 23.2641   test loss (per batch): 24.3421
07/18/2022 04:45:00 AM epoch: 77   train loss (per batch): 23.1080   test loss (per batch): 24.5597
07/18/2022 04:45:55 AM epoch: 78   train loss (per batch): 23.0510   test loss (per batch): 24.3566
07/18/2022 04:46:52 AM epoch: 79   train loss (per batch): 22.9902   test loss (per batch): 24.3963
07/18/2022 04:47:41 AM epoch: 80   train loss (per batch): 22.8576   test loss (per batch): 24.4598
07/18/2022 04:47:41 AM checkpoint saved at epoch 80
07/18/2022 04:48:30 AM epoch: 81   train loss (per batch): 22.9100   test loss (per batch): 24.3054
07/18/2022 04:49:16 AM epoch: 82   train loss (per batch): 22.8538   test loss (per batch): 24.4928
07/18/2022 04:50:04 AM epoch: 83   train loss (per batch): 22.7468   test loss (per batch): 24.2196
07/18/2022 04:50:04 AM best model saved at epoch 83
07/18/2022 04:50:50 AM epoch: 84   train loss (per batch): 22.6732   test loss (per batch): 24.2044
07/18/2022 04:50:50 AM best model saved at epoch 84
07/18/2022 04:51:40 AM epoch: 85   train loss (per batch): 22.5706   test loss (per batch): 24.3402
07/18/2022 04:52:26 AM epoch: 86   train loss (per batch): 22.4306   test loss (per batch): 24.1083
07/18/2022 04:52:26 AM best model saved at epoch 86
07/18/2022 04:53:16 AM epoch: 87   train loss (per batch): 22.4749   test loss (per batch): 24.0189
07/18/2022 04:53:16 AM best model saved at epoch 87
07/18/2022 04:54:02 AM epoch: 88   train loss (per batch): 22.4623   test loss (per batch): 24.2421
07/18/2022 04:54:51 AM epoch: 89   train loss (per batch): 22.3565   test loss (per batch): 24.0260
07/18/2022 04:55:37 AM epoch: 90   train loss (per batch): 22.2958   test loss (per batch): 24.0096
07/18/2022 04:55:37 AM checkpoint saved at epoch 90
07/18/2022 04:55:37 AM best model saved at epoch 90
07/18/2022 04:56:26 AM epoch: 91   train loss (per batch): 22.2855   test loss (per batch): 23.7757
07/18/2022 04:56:26 AM best model saved at epoch 91
07/18/2022 04:57:11 AM epoch: 92   train loss (per batch): 22.2651   test loss (per batch): 23.9660
07/18/2022 04:58:00 AM epoch: 93   train loss (per batch): 22.1122   test loss (per batch): 23.8365
07/18/2022 04:58:45 AM epoch: 94   train loss (per batch): 22.0369   test loss (per batch): 23.9345
07/18/2022 04:59:35 AM epoch: 95   train loss (per batch): 21.9662   test loss (per batch): 23.8874
07/18/2022 05:00:21 AM epoch: 96   train loss (per batch): 22.0129   test loss (per batch): 23.9311
07/18/2022 05:01:10 AM epoch: 97   train loss (per batch): 22.0071   test loss (per batch): 24.1519
07/18/2022 05:01:56 AM epoch: 98   train loss (per batch): 21.9268   test loss (per batch): 23.6323
07/18/2022 05:01:56 AM best model saved at epoch 98
07/18/2022 05:02:46 AM epoch: 99   train loss (per batch): 21.8164   test loss (per batch): 23.7494
07/18/2022 05:03:32 AM epoch: 100   train loss (per batch): 21.7168   test loss (per batch): 23.4906
07/18/2022 05:03:32 AM checkpoint saved at epoch 100
07/18/2022 05:03:32 AM best model saved at epoch 100
07/18/2022 05:04:22 AM epoch: 101   train loss (per batch): 21.6311   test loss (per batch): 23.7082
07/18/2022 05:05:09 AM epoch: 102   train loss (per batch): 21.6030   test loss (per batch): 23.6396
07/18/2022 05:05:59 AM epoch: 103   train loss (per batch): 21.5882   test loss (per batch): 23.4856
07/18/2022 05:05:59 AM best model saved at epoch 103
07/18/2022 05:06:45 AM epoch: 104   train loss (per batch): 21.5307   test loss (per batch): 23.6557
07/18/2022 05:07:35 AM epoch: 105   train loss (per batch): 21.5505   test loss (per batch): 23.2152
07/18/2022 05:07:35 AM best model saved at epoch 105
07/18/2022 05:08:22 AM epoch: 106   train loss (per batch): 21.4338   test loss (per batch): 23.3996
07/18/2022 05:09:12 AM epoch: 107   train loss (per batch): 21.4106   test loss (per batch): 23.3940
07/18/2022 05:10:00 AM epoch: 108   train loss (per batch): 21.3022   test loss (per batch): 23.2214
07/18/2022 05:10:50 AM epoch: 109   train loss (per batch): 21.3177   test loss (per batch): 23.7659
07/18/2022 05:11:37 AM epoch: 110   train loss (per batch): 21.2677   test loss (per batch): 23.3839
07/18/2022 05:11:37 AM checkpoint saved at epoch 110
07/18/2022 05:12:27 AM epoch: 111   train loss (per batch): 21.3034   test loss (per batch): 23.6457
07/18/2022 05:13:14 AM epoch: 112   train loss (per batch): 21.1579   test loss (per batch): 23.4613
07/18/2022 05:14:03 AM epoch: 113   train loss (per batch): 21.1591   test loss (per batch): 23.3692
07/18/2022 05:14:50 AM epoch: 114   train loss (per batch): 21.1278   test loss (per batch): 23.3020
07/18/2022 05:15:40 AM epoch: 115   train loss (per batch): 20.9738   test loss (per batch): 23.0439
07/18/2022 05:15:40 AM best model saved at epoch 115
07/18/2022 05:16:26 AM epoch: 116   train loss (per batch): 20.9501   test loss (per batch): 23.1454
07/18/2022 05:17:16 AM epoch: 117   train loss (per batch): 20.9310   test loss (per batch): 23.1386
07/18/2022 05:18:03 AM epoch: 118   train loss (per batch): 20.9763   test loss (per batch): 22.8718
07/18/2022 05:18:03 AM best model saved at epoch 118
07/18/2022 05:18:53 AM epoch: 119   train loss (per batch): 20.9130   test loss (per batch): 23.1790
07/18/2022 05:19:40 AM epoch: 120   train loss (per batch): 20.6717   test loss (per batch): 23.2254
07/18/2022 05:19:40 AM checkpoint saved at epoch 120
07/18/2022 05:20:29 AM epoch: 121   train loss (per batch): 20.8001   test loss (per batch): 23.0294
07/18/2022 05:21:16 AM epoch: 122   train loss (per batch): 20.7799   test loss (per batch): 23.0284
07/18/2022 05:22:06 AM epoch: 123   train loss (per batch): 20.6545   test loss (per batch): 22.9361
07/18/2022 05:22:53 AM epoch: 124   train loss (per batch): 20.6387   test loss (per batch): 22.9319
07/18/2022 05:23:43 AM epoch: 125   train loss (per batch): 20.5978   test loss (per batch): 22.5260
07/18/2022 05:23:43 AM best model saved at epoch 125
07/18/2022 05:24:31 AM epoch: 126   train loss (per batch): 20.5797   test loss (per batch): 22.9283
07/18/2022 05:25:20 AM epoch: 127   train loss (per batch): 20.5154   test loss (per batch): 23.0324
07/18/2022 05:26:07 AM epoch: 128   train loss (per batch): 20.4468   test loss (per batch): 22.6602
07/18/2022 05:26:57 AM epoch: 129   train loss (per batch): 20.4671   test loss (per batch): 23.1388
07/18/2022 05:27:45 AM epoch: 130   train loss (per batch): 20.3461   test loss (per batch): 22.7252
07/18/2022 05:27:45 AM checkpoint saved at epoch 130
07/18/2022 05:28:35 AM epoch: 131   train loss (per batch): 20.3405   test loss (per batch): 22.8821
07/18/2022 05:29:24 AM epoch: 132   train loss (per batch): 20.1989   test loss (per batch): 23.1245
07/18/2022 05:30:13 AM epoch: 133   train loss (per batch): 20.2510   test loss (per batch): 23.3252
07/18/2022 05:31:02 AM epoch: 134   train loss (per batch): 20.1832   test loss (per batch): 22.8236
07/18/2022 05:31:51 AM epoch: 135   train loss (per batch): 20.1786   test loss (per batch): 22.9006
07/18/2022 05:32:39 AM epoch: 136   train loss (per batch): 20.1333   test loss (per batch): 22.6107
07/18/2022 05:33:28 AM epoch: 137   train loss (per batch): 20.1625   test loss (per batch): 22.3348
07/18/2022 05:33:28 AM best model saved at epoch 137
07/18/2022 05:34:15 AM epoch: 138   train loss (per batch): 20.0420   test loss (per batch): 22.5693
07/18/2022 05:35:05 AM epoch: 139   train loss (per batch): 20.0410   test loss (per batch): 22.6871
07/18/2022 05:35:53 AM epoch: 140   train loss (per batch): 19.9901   test loss (per batch): 22.7118
07/18/2022 05:35:53 AM checkpoint saved at epoch 140
07/18/2022 05:36:42 AM epoch: 141   train loss (per batch): 19.9718   test loss (per batch): 22.6174
07/18/2022 05:37:30 AM epoch: 142   train loss (per batch): 19.8948   test loss (per batch): 22.6960
07/18/2022 05:38:19 AM epoch: 143   train loss (per batch): 19.8870   test loss (per batch): 22.4116
07/18/2022 05:39:07 AM epoch: 144   train loss (per batch): 19.8610   test loss (per batch): 22.4134
07/18/2022 05:39:57 AM epoch: 145   train loss (per batch): 19.7858   test loss (per batch): 22.4907
07/18/2022 05:40:45 AM epoch: 146   train loss (per batch): 19.8011   test loss (per batch): 22.1798
07/18/2022 05:40:45 AM best model saved at epoch 146
07/18/2022 05:41:35 AM epoch: 147   train loss (per batch): 19.7921   test loss (per batch): 22.7984
07/18/2022 05:42:23 AM epoch: 148   train loss (per batch): 19.7290   test loss (per batch): 22.2748
07/18/2022 05:43:14 AM epoch: 149   train loss (per batch): 19.7347   test loss (per batch): 22.2787
07/18/2022 05:44:02 AM epoch: 150   train loss (per batch): 19.6364   test loss (per batch): 22.4147
07/18/2022 05:44:02 AM checkpoint saved at epoch 150
07/18/2022 05:44:52 AM epoch: 151   train loss (per batch): 19.6517   test loss (per batch): 22.6544
07/18/2022 05:45:41 AM epoch: 152   train loss (per batch): 19.5825   test loss (per batch): 22.2080
07/18/2022 05:46:32 AM epoch: 153   train loss (per batch): 19.5571   test loss (per batch): 22.2137
07/18/2022 05:47:21 AM epoch: 154   train loss (per batch): 19.5286   test loss (per batch): 22.3275
07/18/2022 05:48:11 AM epoch: 155   train loss (per batch): 19.4457   test loss (per batch): 22.1093
07/18/2022 05:48:11 AM best model saved at epoch 155
07/18/2022 05:48:59 AM epoch: 156   train loss (per batch): 19.4678   test loss (per batch): 22.3184
07/18/2022 05:49:50 AM epoch: 157   train loss (per batch): 19.3610   test loss (per batch): 22.0191
07/18/2022 05:49:50 AM best model saved at epoch 157
07/18/2022 05:50:38 AM epoch: 158   train loss (per batch): 19.3620   test loss (per batch): 22.2805
07/18/2022 05:51:29 AM epoch: 159   train loss (per batch): 19.3313   test loss (per batch): 22.2605
07/18/2022 05:52:16 AM epoch: 160   train loss (per batch): 19.3694   test loss (per batch): 22.7091
07/18/2022 05:52:16 AM checkpoint saved at epoch 160
07/18/2022 05:53:07 AM epoch: 161   train loss (per batch): 19.3250   test loss (per batch): 22.0953
07/18/2022 05:53:55 AM epoch: 162   train loss (per batch): 19.3029   test loss (per batch): 22.4788
07/18/2022 05:54:46 AM epoch: 163   train loss (per batch): 19.2234   test loss (per batch): 22.3424
07/18/2022 05:55:34 AM epoch: 164   train loss (per batch): 19.1717   test loss (per batch): 22.2095
07/18/2022 05:56:24 AM epoch: 165   train loss (per batch): 19.1902   test loss (per batch): 22.2569
07/18/2022 05:57:12 AM epoch: 166   train loss (per batch): 19.1577   test loss (per batch): 21.9526
07/18/2022 05:57:12 AM best model saved at epoch 166
07/18/2022 05:58:02 AM epoch: 167   train loss (per batch): 19.0762   test loss (per batch): 22.1871
07/18/2022 05:58:50 AM epoch: 168   train loss (per batch): 19.0742   test loss (per batch): 22.1531
07/18/2022 05:59:40 AM epoch: 169   train loss (per batch): 19.0281   test loss (per batch): 22.1067
07/18/2022 06:00:29 AM epoch: 170   train loss (per batch): 19.0486   test loss (per batch): 22.2554
07/18/2022 06:00:29 AM checkpoint saved at epoch 170
07/18/2022 06:01:19 AM epoch: 171   train loss (per batch): 18.9425   test loss (per batch): 21.9454
07/18/2022 06:01:19 AM best model saved at epoch 171
07/18/2022 06:02:08 AM epoch: 172   train loss (per batch): 19.0135   test loss (per batch): 22.2563
07/18/2022 06:02:58 AM epoch: 173   train loss (per batch): 18.9364   test loss (per batch): 22.3664
07/18/2022 06:03:47 AM epoch: 174   train loss (per batch): 18.8975   test loss (per batch): 22.0512
07/18/2022 06:04:37 AM epoch: 175   train loss (per batch): 18.9059   test loss (per batch): 22.2099
07/18/2022 06:05:26 AM epoch: 176   train loss (per batch): 18.8195   test loss (per batch): 22.1857
07/18/2022 06:06:18 AM epoch: 177   train loss (per batch): 18.8290   test loss (per batch): 22.1581
07/18/2022 06:07:07 AM epoch: 178   train loss (per batch): 18.7672   test loss (per batch): 22.0437
07/18/2022 06:07:57 AM epoch: 179   train loss (per batch): 18.8649   test loss (per batch): 22.0246
07/18/2022 06:08:46 AM epoch: 180   train loss (per batch): 18.7609   test loss (per batch): 22.1316
07/18/2022 06:08:46 AM checkpoint saved at epoch 180
07/18/2022 06:09:36 AM epoch: 181   train loss (per batch): 18.7475   test loss (per batch): 21.9379
07/18/2022 06:09:36 AM best model saved at epoch 181
07/18/2022 06:10:24 AM epoch: 182   train loss (per batch): 18.6105   test loss (per batch): 22.1579
07/18/2022 06:11:14 AM epoch: 183   train loss (per batch): 18.6394   test loss (per batch): 21.9233
07/18/2022 06:11:14 AM best model saved at epoch 183
07/18/2022 06:12:01 AM epoch: 184   train loss (per batch): 18.6620   test loss (per batch): 22.0176
07/18/2022 06:12:50 AM epoch: 185   train loss (per batch): 18.5670   test loss (per batch): 22.1001
07/18/2022 06:13:38 AM epoch: 186   train loss (per batch): 18.5905   test loss (per batch): 21.7920
07/18/2022 06:13:38 AM best model saved at epoch 186
07/18/2022 06:14:28 AM epoch: 187   train loss (per batch): 18.5834   test loss (per batch): 22.0878
07/18/2022 06:15:17 AM epoch: 188   train loss (per batch): 18.4728   test loss (per batch): 22.1182
07/18/2022 06:16:06 AM epoch: 189   train loss (per batch): 18.4851   test loss (per batch): 22.2845
07/18/2022 06:16:54 AM epoch: 190   train loss (per batch): 18.4877   test loss (per batch): 22.0379
07/18/2022 06:16:54 AM checkpoint saved at epoch 190
07/18/2022 06:17:44 AM epoch: 191   train loss (per batch): 18.5262   test loss (per batch): 21.9581
07/18/2022 06:18:32 AM epoch: 192   train loss (per batch): 18.3398   test loss (per batch): 21.8997
07/18/2022 06:19:21 AM epoch: 193   train loss (per batch): 18.4212   test loss (per batch): 22.1132
07/18/2022 06:20:11 AM epoch: 194   train loss (per batch): 18.3344   test loss (per batch): 22.0653
07/18/2022 06:21:01 AM epoch: 195   train loss (per batch): 18.3442   test loss (per batch): 22.0316
07/18/2022 06:21:49 AM epoch: 196   train loss (per batch): 18.3354   test loss (per batch): 21.9593
07/18/2022 06:22:39 AM epoch: 197   train loss (per batch): 18.2639   test loss (per batch): 22.0610
07/18/2022 06:23:27 AM epoch: 198   train loss (per batch): 18.2742   test loss (per batch): 21.8641
07/18/2022 06:24:17 AM epoch: 199   train loss (per batch): 18.3102   test loss (per batch): 21.9916
07/18/2022 06:25:05 AM epoch: 200   train loss (per batch): 18.1715   test loss (per batch): 21.7173
07/18/2022 06:25:05 AM checkpoint saved at epoch 200
07/18/2022 06:25:05 AM best model saved at epoch 200
07/18/2022 06:25:55 AM epoch: 201   train loss (per batch): 18.2067   test loss (per batch): 22.0236
07/18/2022 06:26:44 AM epoch: 202   train loss (per batch): 18.1707   test loss (per batch): 21.9745
07/18/2022 06:27:33 AM epoch: 203   train loss (per batch): 18.1598   test loss (per batch): 21.8201
07/18/2022 06:28:21 AM epoch: 204   train loss (per batch): 18.0692   test loss (per batch): 22.1242
07/18/2022 06:29:11 AM epoch: 205   train loss (per batch): 18.1901   test loss (per batch): 21.8330
07/18/2022 06:29:59 AM epoch: 206   train loss (per batch): 18.1180   test loss (per batch): 21.7259
07/18/2022 06:30:50 AM epoch: 207   train loss (per batch): 18.0230   test loss (per batch): 21.9571
07/18/2022 06:31:39 AM epoch: 208   train loss (per batch): 18.0342   test loss (per batch): 21.5444
07/18/2022 06:31:39 AM best model saved at epoch 208
07/18/2022 06:32:30 AM epoch: 209   train loss (per batch): 18.0579   test loss (per batch): 21.9079
07/18/2022 06:33:20 AM epoch: 210   train loss (per batch): 17.9894   test loss (per batch): 21.8979
07/18/2022 06:33:20 AM checkpoint saved at epoch 210
07/18/2022 06:34:11 AM epoch: 211   train loss (per batch): 18.0211   test loss (per batch): 21.7697
07/18/2022 06:35:00 AM epoch: 212   train loss (per batch): 17.9692   test loss (per batch): 21.5795
07/18/2022 06:35:51 AM epoch: 213   train loss (per batch): 17.9345   test loss (per batch): 21.7754
07/18/2022 06:36:40 AM epoch: 214   train loss (per batch): 17.9646   test loss (per batch): 21.8243
07/18/2022 06:37:32 AM epoch: 215   train loss (per batch): 17.9060   test loss (per batch): 21.5978
07/18/2022 06:38:21 AM epoch: 216   train loss (per batch): 17.8952   test loss (per batch): 22.1928
07/18/2022 06:39:12 AM epoch: 217   train loss (per batch): 17.9118   test loss (per batch): 21.4731
07/18/2022 06:39:12 AM best model saved at epoch 217
07/18/2022 06:40:01 AM epoch: 218   train loss (per batch): 17.8521   test loss (per batch): 21.6210
07/18/2022 06:40:52 AM epoch: 219   train loss (per batch): 17.7621   test loss (per batch): 21.9538
07/18/2022 06:41:40 AM epoch: 220   train loss (per batch): 17.7624   test loss (per batch): 21.8477
07/18/2022 06:41:40 AM checkpoint saved at epoch 220
07/18/2022 06:42:32 AM epoch: 221   train loss (per batch): 17.8160   test loss (per batch): 21.9442
07/18/2022 06:43:20 AM epoch: 222   train loss (per batch): 17.7435   test loss (per batch): 21.5264
07/18/2022 06:44:11 AM epoch: 223   train loss (per batch): 17.7288   test loss (per batch): 21.8885
07/18/2022 06:44:59 AM epoch: 224   train loss (per batch): 17.6843   test loss (per batch): 22.2318
07/18/2022 06:45:50 AM epoch: 225   train loss (per batch): 17.6631   test loss (per batch): 21.8551
07/18/2022 06:46:39 AM epoch: 226   train loss (per batch): 17.6119   test loss (per batch): 22.0305
07/18/2022 06:47:30 AM epoch: 227   train loss (per batch): 17.6167   test loss (per batch): 21.7959
07/18/2022 06:48:17 AM epoch: 228   train loss (per batch): 17.6627   test loss (per batch): 21.5254
07/18/2022 06:49:09 AM epoch: 229   train loss (per batch): 17.5913   test loss (per batch): 21.8096
07/18/2022 06:49:57 AM epoch: 230   train loss (per batch): 17.5582   test loss (per batch): 21.6974
07/18/2022 06:49:57 AM checkpoint saved at epoch 230
07/18/2022 06:50:48 AM epoch: 231   train loss (per batch): 17.5700   test loss (per batch): 21.5514
07/18/2022 06:51:36 AM epoch: 232   train loss (per batch): 17.5356   test loss (per batch): 21.6768
07/18/2022 06:52:27 AM epoch: 233   train loss (per batch): 17.5147   test loss (per batch): 21.4987
07/18/2022 06:53:14 AM epoch: 234   train loss (per batch): 17.5289   test loss (per batch): 21.7750
07/18/2022 06:54:06 AM epoch: 235   train loss (per batch): 17.4239   test loss (per batch): 21.5017
07/18/2022 06:54:53 AM epoch: 236   train loss (per batch): 17.4488   test loss (per batch): 21.7941
07/18/2022 06:55:44 AM epoch: 237   train loss (per batch): 17.4484   test loss (per batch): 21.8263
07/18/2022 06:56:32 AM epoch: 238   train loss (per batch): 17.4540   test loss (per batch): 21.3801
07/18/2022 06:56:32 AM best model saved at epoch 238
07/18/2022 06:57:24 AM epoch: 239   train loss (per batch): 17.3988   test loss (per batch): 21.5597
07/18/2022 06:58:11 AM epoch: 240   train loss (per batch): 17.3542   test loss (per batch): 21.6639
07/18/2022 06:58:11 AM checkpoint saved at epoch 240
07/18/2022 06:59:03 AM epoch: 241   train loss (per batch): 17.3577   test loss (per batch): 21.6703
07/18/2022 06:59:50 AM epoch: 242   train loss (per batch): 17.4421   test loss (per batch): 21.7277
07/18/2022 07:00:41 AM epoch: 243   train loss (per batch): 17.3493   test loss (per batch): 21.5230
07/18/2022 07:01:29 AM epoch: 244   train loss (per batch): 17.3240   test loss (per batch): 21.8969
07/18/2022 07:02:22 AM epoch: 245   train loss (per batch): 17.2810   test loss (per batch): 21.6982
07/18/2022 07:03:11 AM epoch: 246   train loss (per batch): 17.2897   test loss (per batch): 21.8618
07/18/2022 07:04:03 AM epoch: 247   train loss (per batch): 17.3382   test loss (per batch): 21.6392
07/18/2022 07:04:50 AM epoch: 248   train loss (per batch): 17.2470   test loss (per batch): 21.8593
07/18/2022 07:05:42 AM epoch: 249   train loss (per batch): 17.2354   test loss (per batch): 21.5608
07/18/2022 07:06:30 AM epoch: 250   train loss (per batch): 17.2175   test loss (per batch): 21.6873
07/18/2022 07:06:30 AM checkpoint saved at epoch 250
07/18/2022 07:07:22 AM epoch: 251   train loss (per batch): 17.1852   test loss (per batch): 21.6929
07/18/2022 07:08:10 AM epoch: 252   train loss (per batch): 17.1929   test loss (per batch): 21.5991
07/18/2022 07:09:02 AM epoch: 253   train loss (per batch): 17.2003   test loss (per batch): 21.6321
07/18/2022 07:09:49 AM epoch: 254   train loss (per batch): 17.1437   test loss (per batch): 21.4712
07/18/2022 07:10:41 AM epoch: 255   train loss (per batch): 17.0905   test loss (per batch): 21.5848
07/18/2022 07:11:29 AM epoch: 256   train loss (per batch): 17.1453   test loss (per batch): 21.7057
07/18/2022 07:12:20 AM epoch: 257   train loss (per batch): 17.1564   test loss (per batch): 21.6282
07/18/2022 07:13:08 AM epoch: 258   train loss (per batch): 17.0472   test loss (per batch): 21.5314
07/18/2022 07:14:00 AM epoch: 259   train loss (per batch): 17.0383   test loss (per batch): 21.6818
07/18/2022 07:14:49 AM epoch: 260   train loss (per batch): 17.0803   test loss (per batch): 21.6944
07/18/2022 07:14:49 AM checkpoint saved at epoch 260
07/18/2022 07:15:41 AM epoch: 261   train loss (per batch): 17.0520   test loss (per batch): 21.7105
07/18/2022 07:16:28 AM epoch: 262   train loss (per batch): 17.0139   test loss (per batch): 21.9144
07/18/2022 07:17:20 AM epoch: 263   train loss (per batch): 17.0580   test loss (per batch): 21.5727
07/18/2022 07:18:07 AM epoch: 264   train loss (per batch): 16.9862   test loss (per batch): 21.5869
07/18/2022 07:18:58 AM epoch: 265   train loss (per batch): 16.9811   test loss (per batch): 21.6707
07/18/2022 07:19:46 AM epoch: 266   train loss (per batch): 17.0025   test loss (per batch): 21.7070
07/18/2022 07:20:37 AM epoch: 267   train loss (per batch): 16.9588   test loss (per batch): 21.5213
07/18/2022 07:21:24 AM epoch: 268   train loss (per batch): 16.8895   test loss (per batch): 21.3321
07/18/2022 07:21:24 AM best model saved at epoch 268
07/18/2022 07:22:16 AM epoch: 269   train loss (per batch): 17.0223   test loss (per batch): 21.5683
07/18/2022 07:23:03 AM epoch: 270   train loss (per batch): 16.8138   test loss (per batch): 21.8017
07/18/2022 07:23:03 AM checkpoint saved at epoch 270
07/18/2022 07:23:55 AM epoch: 271   train loss (per batch): 16.9207   test loss (per batch): 21.7533
07/18/2022 07:24:42 AM epoch: 272   train loss (per batch): 16.8334   test loss (per batch): 21.7948
07/18/2022 07:25:33 AM epoch: 273   train loss (per batch): 16.8778   test loss (per batch): 21.6014
07/18/2022 07:26:20 AM epoch: 274   train loss (per batch): 16.8770   test loss (per batch): 21.4695
07/18/2022 07:27:11 AM epoch: 275   train loss (per batch): 16.8001   test loss (per batch): 21.7433
07/18/2022 07:28:00 AM epoch: 276   train loss (per batch): 16.7815   test loss (per batch): 21.5274
07/18/2022 07:28:51 AM epoch: 277   train loss (per batch): 16.8266   test loss (per batch): 21.4856
07/18/2022 07:29:39 AM epoch: 278   train loss (per batch): 16.8272   test loss (per batch): 21.3567
07/18/2022 07:30:30 AM epoch: 279   train loss (per batch): 16.8429   test loss (per batch): 21.6674
07/18/2022 07:31:18 AM epoch: 280   train loss (per batch): 16.7641   test loss (per batch): 21.6786
07/18/2022 07:31:18 AM checkpoint saved at epoch 280
07/18/2022 07:32:09 AM epoch: 281   train loss (per batch): 16.8316   test loss (per batch): 21.4689
07/18/2022 07:32:57 AM epoch: 282   train loss (per batch): 16.6792   test loss (per batch): 21.4512
07/18/2022 07:33:48 AM epoch: 283   train loss (per batch): 16.7605   test loss (per batch): 21.5830
07/18/2022 07:34:35 AM epoch: 284   train loss (per batch): 16.7548   test loss (per batch): 21.7574
07/18/2022 07:35:27 AM epoch: 285   train loss (per batch): 16.6844   test loss (per batch): 21.6126
07/18/2022 07:36:15 AM epoch: 286   train loss (per batch): 16.6646   test loss (per batch): 21.5503
07/18/2022 07:37:07 AM epoch: 287   train loss (per batch): 16.6479   test loss (per batch): 21.6165
07/18/2022 07:37:54 AM epoch: 288   train loss (per batch): 16.6892   test loss (per batch): 21.5723
07/18/2022 07:38:45 AM epoch: 289   train loss (per batch): 16.6667   test loss (per batch): 21.7987
07/18/2022 07:39:33 AM epoch: 290   train loss (per batch): 16.6364   test loss (per batch): 21.4772
07/18/2022 07:39:33 AM checkpoint saved at epoch 290
07/18/2022 07:40:25 AM epoch: 291   train loss (per batch): 16.6904   test loss (per batch): 21.7142
07/18/2022 07:41:13 AM epoch: 292   train loss (per batch): 16.5878   test loss (per batch): 21.4954
07/18/2022 07:42:05 AM epoch: 293   train loss (per batch): 16.6186   test loss (per batch): 21.3983
07/18/2022 07:42:53 AM epoch: 294   train loss (per batch): 16.6191   test loss (per batch): 21.5923
07/18/2022 07:43:45 AM epoch: 295   train loss (per batch): 16.6089   test loss (per batch): 21.5138
07/18/2022 07:44:33 AM epoch: 296   train loss (per batch): 16.5211   test loss (per batch): 21.5850
07/18/2022 07:45:24 AM epoch: 297   train loss (per batch): 16.4948   test loss (per batch): 21.5020
07/18/2022 07:46:11 AM epoch: 298   train loss (per batch): 16.5167   test loss (per batch): 21.4859
07/18/2022 07:47:02 AM epoch: 299   train loss (per batch): 16.5440   test loss (per batch): 21.6134
07/18/2022 07:47:50 AM epoch: 300   train loss (per batch): 16.5012   test loss (per batch): 21.5454
07/18/2022 07:47:50 AM checkpoint saved at epoch 300
07/18/2022 07:48:41 AM epoch: 301   train loss (per batch): 16.5090   test loss (per batch): 21.4972
07/18/2022 07:49:29 AM epoch: 302   train loss (per batch): 16.4314   test loss (per batch): 21.6808
07/18/2022 07:50:20 AM epoch: 303   train loss (per batch): 16.5617   test loss (per batch): 21.5175
07/18/2022 07:51:07 AM epoch: 304   train loss (per batch): 16.5447   test loss (per batch): 21.5326
07/18/2022 07:51:58 AM epoch: 305   train loss (per batch): 16.4489   test loss (per batch): 21.7852
07/18/2022 07:52:45 AM epoch: 306   train loss (per batch): 16.4166   test loss (per batch): 21.6337
07/18/2022 07:53:36 AM epoch: 307   train loss (per batch): 16.4268   test loss (per batch): 21.4583
07/18/2022 07:54:24 AM epoch: 308   train loss (per batch): 16.4578   test loss (per batch): 21.5039
07/18/2022 07:55:15 AM epoch: 309   train loss (per batch): 16.3763   test loss (per batch): 21.6938
07/18/2022 07:56:06 AM epoch: 310   train loss (per batch): 16.4421   test loss (per batch): 21.4991
07/18/2022 07:56:06 AM checkpoint saved at epoch 310
07/18/2022 07:56:57 AM epoch: 311   train loss (per batch): 16.3446   test loss (per batch): 21.7871
07/18/2022 07:57:45 AM epoch: 312   train loss (per batch): 16.3190   test loss (per batch): 21.5622
07/18/2022 07:58:36 AM epoch: 313   train loss (per batch): 16.3564   test loss (per batch): 21.6701
07/18/2022 07:59:24 AM epoch: 314   train loss (per batch): 16.4080   test loss (per batch): 21.6274
07/18/2022 08:00:16 AM epoch: 315   train loss (per batch): 16.3284   test loss (per batch): 21.4518
07/18/2022 08:01:03 AM epoch: 316   train loss (per batch): 16.2954   test loss (per batch): 21.8032
07/18/2022 08:01:55 AM epoch: 317   train loss (per batch): 16.3369   test loss (per batch): 21.4755
07/18/2022 08:02:43 AM epoch: 318   train loss (per batch): 16.2975   test loss (per batch): 21.4509
07/18/2022 08:03:34 AM epoch: 319   train loss (per batch): 16.3939   test loss (per batch): 21.6089
07/18/2022 08:04:21 AM epoch: 320   train loss (per batch): 16.2921   test loss (per batch): 21.3114
07/18/2022 08:04:21 AM checkpoint saved at epoch 320
07/18/2022 08:04:21 AM best model saved at epoch 320
07/18/2022 08:05:13 AM epoch: 321   train loss (per batch): 16.2568   test loss (per batch): 21.6564
07/18/2022 08:06:00 AM epoch: 322   train loss (per batch): 16.3263   test loss (per batch): 21.4484
07/18/2022 08:06:51 AM epoch: 323   train loss (per batch): 16.2170   test loss (per batch): 21.7244
07/18/2022 08:07:38 AM epoch: 324   train loss (per batch): 16.2511   test loss (per batch): 21.3383
07/18/2022 08:08:30 AM epoch: 325   train loss (per batch): 16.2363   test loss (per batch): 21.6444
07/18/2022 08:09:18 AM epoch: 326   train loss (per batch): 16.2336   test loss (per batch): 21.4099
07/18/2022 08:10:09 AM epoch: 327   train loss (per batch): 16.2295   test loss (per batch): 21.6698
07/18/2022 08:10:56 AM epoch: 328   train loss (per batch): 16.1857   test loss (per batch): 21.8379
07/18/2022 08:11:47 AM epoch: 329   train loss (per batch): 16.1230   test loss (per batch): 21.7014
07/18/2022 08:12:35 AM epoch: 330   train loss (per batch): 16.1056   test loss (per batch): 21.4652
07/18/2022 08:12:35 AM checkpoint saved at epoch 330
07/18/2022 08:13:26 AM epoch: 331   train loss (per batch): 16.1419   test loss (per batch): 21.6392
07/18/2022 08:14:14 AM epoch: 332   train loss (per batch): 16.1734   test loss (per batch): 21.5740
07/18/2022 08:15:06 AM epoch: 333   train loss (per batch): 16.1697   test loss (per batch): 21.9375
07/18/2022 08:15:54 AM epoch: 334   train loss (per batch): 16.0584   test loss (per batch): 21.7780
07/18/2022 08:16:46 AM epoch: 335   train loss (per batch): 16.1993   test loss (per batch): 21.3227
07/18/2022 08:17:34 AM epoch: 336   train loss (per batch): 16.0982   test loss (per batch): 21.5398
07/18/2022 08:18:25 AM epoch: 337   train loss (per batch): 16.0472   test loss (per batch): 21.6988
07/18/2022 08:19:12 AM epoch: 338   train loss (per batch): 16.1311   test loss (per batch): 21.4894
07/18/2022 08:20:04 AM epoch: 339   train loss (per batch): 16.0890   test loss (per batch): 21.4316
07/18/2022 08:20:50 AM epoch: 340   train loss (per batch): 16.0356   test loss (per batch): 21.7511
07/18/2022 08:20:50 AM checkpoint saved at epoch 340
07/18/2022 08:21:42 AM epoch: 341   train loss (per batch): 16.0790   test loss (per batch): 21.1941
07/18/2022 08:21:42 AM best model saved at epoch 341
07/18/2022 08:22:31 AM epoch: 342   train loss (per batch): 16.0574   test loss (per batch): 21.4541
07/18/2022 08:23:22 AM epoch: 343   train loss (per batch): 16.0227   test loss (per batch): 21.7836
07/18/2022 08:24:10 AM epoch: 344   train loss (per batch): 16.0627   test loss (per batch): 21.5992
07/18/2022 08:25:02 AM epoch: 345   train loss (per batch): 15.9886   test loss (per batch): 21.4293
07/18/2022 08:25:49 AM epoch: 346   train loss (per batch): 15.9811   test loss (per batch): 21.5584
07/18/2022 08:26:40 AM epoch: 347   train loss (per batch): 16.0323   test loss (per batch): 21.6144
07/18/2022 08:27:27 AM epoch: 348   train loss (per batch): 15.9690   test loss (per batch): 21.7354
07/18/2022 08:28:18 AM epoch: 349   train loss (per batch): 16.0352   test loss (per batch): 21.7443
07/18/2022 08:29:05 AM epoch: 350   train loss (per batch): 15.9835   test loss (per batch): 21.6258
07/18/2022 08:29:05 AM checkpoint saved at epoch 350
07/18/2022 08:29:56 AM epoch: 351   train loss (per batch): 15.9420   test loss (per batch): 21.5080
07/18/2022 08:30:43 AM epoch: 352   train loss (per batch): 15.9823   test loss (per batch): 21.3662
07/18/2022 08:31:34 AM epoch: 353   train loss (per batch): 15.9397   test loss (per batch): 21.6881
07/18/2022 08:32:20 AM epoch: 354   train loss (per batch): 15.9605   test loss (per batch): 21.4702
07/18/2022 08:33:10 AM epoch: 355   train loss (per batch): 15.8614   test loss (per batch): 21.6697
07/18/2022 08:34:00 AM epoch: 356   train loss (per batch): 15.9695   test loss (per batch): 21.6278
07/18/2022 08:34:50 AM epoch: 357   train loss (per batch): 15.9502   test loss (per batch): 21.5682
07/18/2022 08:35:36 AM epoch: 358   train loss (per batch): 15.9186   test loss (per batch): 21.5511
07/18/2022 08:36:26 AM epoch: 359   train loss (per batch): 15.8812   test loss (per batch): 21.5433
07/18/2022 08:37:12 AM epoch: 360   train loss (per batch): 15.8704   test loss (per batch): 21.7822
07/18/2022 08:37:12 AM checkpoint saved at epoch 360
07/18/2022 08:38:02 AM epoch: 361   train loss (per batch): 15.7937   test loss (per batch): 21.6782
07/18/2022 08:38:48 AM epoch: 362   train loss (per batch): 15.9077   test loss (per batch): 21.6483
07/18/2022 08:39:38 AM epoch: 363   train loss (per batch): 15.8670   test loss (per batch): 21.5947
07/18/2022 08:40:24 AM epoch: 364   train loss (per batch): 15.8063   test loss (per batch): 21.6505
07/18/2022 08:41:14 AM epoch: 365   train loss (per batch): 15.8007   test loss (per batch): 21.7684
07/18/2022 08:42:01 AM epoch: 366   train loss (per batch): 15.8667   test loss (per batch): 21.5713
07/18/2022 08:42:51 AM epoch: 367   train loss (per batch): 15.8406   test loss (per batch): 21.4156
07/18/2022 08:43:37 AM epoch: 368   train loss (per batch): 15.7366   test loss (per batch): 21.6199
07/18/2022 08:44:28 AM epoch: 369   train loss (per batch): 15.8137   test loss (per batch): 21.3946
07/18/2022 08:45:14 AM epoch: 370   train loss (per batch): 15.7870   test loss (per batch): 21.6069
07/18/2022 08:45:14 AM checkpoint saved at epoch 370
07/18/2022 08:46:04 AM epoch: 371   train loss (per batch): 15.7809   test loss (per batch): 21.5545
07/18/2022 08:46:50 AM epoch: 372   train loss (per batch): 15.8693   test loss (per batch): 21.6247
07/18/2022 08:47:39 AM epoch: 373   train loss (per batch): 15.7647   test loss (per batch): 21.5142
07/18/2022 08:48:26 AM epoch: 374   train loss (per batch): 15.8222   test loss (per batch): 21.7029
07/18/2022 08:49:15 AM epoch: 375   train loss (per batch): 15.7428   test loss (per batch): 21.7559
07/18/2022 08:50:01 AM epoch: 376   train loss (per batch): 15.6810   test loss (per batch): 21.5649
07/18/2022 08:50:50 AM epoch: 377   train loss (per batch): 15.7305   test loss (per batch): 21.7102
07/18/2022 08:51:36 AM epoch: 378   train loss (per batch): 15.7599   test loss (per batch): 21.6169
07/18/2022 08:52:26 AM epoch: 379   train loss (per batch): 15.6303   test loss (per batch): 22.0438
07/18/2022 08:53:14 AM epoch: 380   train loss (per batch): 15.7686   test loss (per batch): 21.8614
07/18/2022 08:53:14 AM checkpoint saved at epoch 380
07/18/2022 08:54:04 AM epoch: 381   train loss (per batch): 15.6420   test loss (per batch): 21.7295
07/18/2022 08:54:52 AM epoch: 382   train loss (per batch): 15.6320   test loss (per batch): 21.8317
07/18/2022 08:55:42 AM epoch: 383   train loss (per batch): 15.6650   test loss (per batch): 21.3688
07/18/2022 08:56:30 AM epoch: 384   train loss (per batch): 15.6587   test loss (per batch): 21.7814
07/18/2022 08:57:20 AM epoch: 385   train loss (per batch): 15.6089   test loss (per batch): 21.5564
07/18/2022 08:58:07 AM epoch: 386   train loss (per batch): 15.6707   test loss (per batch): 21.6303
07/18/2022 08:58:57 AM epoch: 387   train loss (per batch): 15.6635   test loss (per batch): 21.6867
07/18/2022 08:59:45 AM epoch: 388   train loss (per batch): 15.6632   test loss (per batch): 21.4032
07/18/2022 09:00:35 AM epoch: 389   train loss (per batch): 15.6488   test loss (per batch): 21.6125
07/18/2022 09:01:23 AM epoch: 390   train loss (per batch): 15.6272   test loss (per batch): 21.6388
07/18/2022 09:01:23 AM checkpoint saved at epoch 390
07/18/2022 09:02:13 AM epoch: 391   train loss (per batch): 15.5361   test loss (per batch): 21.6137
07/18/2022 09:03:03 AM epoch: 392   train loss (per batch): 15.6830   test loss (per batch): 21.5781
07/18/2022 09:03:53 AM epoch: 393   train loss (per batch): 15.5875   test loss (per batch): 21.4064
07/18/2022 09:04:43 AM epoch: 394   train loss (per batch): 15.6394   test loss (per batch): 21.4522
07/18/2022 09:05:34 AM epoch: 395   train loss (per batch): 15.5844   test loss (per batch): 21.3353
07/18/2022 09:06:21 AM epoch: 396   train loss (per batch): 15.4757   test loss (per batch): 21.6226
07/18/2022 09:07:11 AM epoch: 397   train loss (per batch): 15.5471   test loss (per batch): 21.6042
07/18/2022 09:08:01 AM epoch: 398   train loss (per batch): 15.5811   test loss (per batch): 21.3234
07/18/2022 09:08:52 AM epoch: 399   train loss (per batch): 15.4979   test loss (per batch): 21.9796
07/18/2022 09:09:41 AM epoch: 400   train loss (per batch): 15.5067   test loss (per batch): 21.7024
07/18/2022 09:09:41 AM checkpoint saved at epoch 400
07/18/2022 09:09:41 AM == Training Completes (401 epochs trained, best epoch at 341 with test loss per batch = 21.1941) ===
