07/19/2022 05:19:06 AM ******************************************* COMMAND LINE *******************************************
07/19/2022 05:19:06 AM train.py --task base --lr 0.0005 --use_density --load_checkpoint_epoch 120

07/19/2022 05:19:06 AM ************************************** EXPERIMENT INFORMATION **************************************
07/19/2022 05:19:06 AM Task: base
07/19/2022 05:19:06 AM Experiment Name: exp_T_F_F_7_6_5
07/19/2022 05:19:06 AM Number of Epochs: 401, Learning Rate: 0.0005, Batch Size: 32 

07/19/2022 05:19:06 AM ***************************************** DATA INFORMATION *****************************************
07/19/2022 05:19:06 AM Use Density: True; Use Truck Speed: False; Use Personal Vehicle Speed: False
07/19/2022 05:19:06 AM Input Sequence Length: 7; Output Sequence Lenth: 6; Output Frequency: 5 

07/19/2022 05:19:06 AM ***************************************** LOADING PROGRESS *****************************************
07/19/2022 05:19:06 AM successfully loaded checkpoint from ./checkpoints/base/epoch_120_exp_T_F_F_7_6_5.pt
07/19/2022 05:19:09 AM successfully loaded data 

07/19/2022 05:19:09 AM ================================= Training Resumes from Epoch 120 ==================================
07/19/2022 05:19:09 AM please check tensorboard for plots of experiment ./logs/base/exp_T_F_F_7_6_5
07/19/2022 05:19:09 AM please check logging messages at ./logs/base/exp_T_F_F_7_6_5/training.log
07/19/2022 05:19:33 AM epoch: 120   train loss (per batch): 17.2469   test loss (per batch): 21.5001
07/19/2022 05:19:33 AM checkpoint saved at epoch 120
07/19/2022 05:19:33 AM best model saved at epoch 120
07/19/2022 05:19:58 AM epoch: 121   train loss (per batch): 17.1836   test loss (per batch): 21.4355
07/19/2022 05:19:58 AM best model saved at epoch 121
07/19/2022 05:20:24 AM epoch: 122   train loss (per batch): 17.1810   test loss (per batch): 21.2430
07/19/2022 05:20:24 AM best model saved at epoch 122
07/19/2022 05:20:57 AM epoch: 123   train loss (per batch): 17.1253   test loss (per batch): 21.3582
07/19/2022 05:21:31 AM epoch: 124   train loss (per batch): 17.0565   test loss (per batch): 21.1733
07/19/2022 05:21:31 AM best model saved at epoch 124
07/19/2022 05:22:05 AM epoch: 125   train loss (per batch): 17.0315   test loss (per batch): 21.2787
07/19/2022 05:22:40 AM epoch: 126   train loss (per batch): 16.9865   test loss (per batch): 21.4210
07/19/2022 05:23:18 AM epoch: 127   train loss (per batch): 16.9528   test loss (per batch): 21.2733
07/19/2022 05:24:53 AM epoch: 128   train loss (per batch): 16.9105   test loss (per batch): 21.2404
07/19/2022 05:26:24 AM epoch: 129   train loss (per batch): 16.8743   test loss (per batch): 21.1588
07/19/2022 05:26:24 AM best model saved at epoch 129
07/19/2022 05:27:40 AM epoch: 130   train loss (per batch): 16.8137   test loss (per batch): 21.3181
07/19/2022 05:27:40 AM checkpoint saved at epoch 130
07/19/2022 05:29:01 AM epoch: 131   train loss (per batch): 16.7597   test loss (per batch): 21.1936
07/19/2022 05:30:39 AM epoch: 132   train loss (per batch): 16.7546   test loss (per batch): 21.2091
07/19/2022 05:32:13 AM epoch: 133   train loss (per batch): 16.7182   test loss (per batch): 21.1902
07/19/2022 05:33:50 AM epoch: 134   train loss (per batch): 16.6797   test loss (per batch): 21.3153
07/19/2022 05:35:26 AM epoch: 135   train loss (per batch): 16.6136   test loss (per batch): 21.2512
07/19/2022 05:36:45 AM epoch: 136   train loss (per batch): 16.5790   test loss (per batch): 21.2088
07/19/2022 05:38:13 AM epoch: 137   train loss (per batch): 16.5350   test loss (per batch): 21.1711
07/19/2022 05:39:37 AM epoch: 138   train loss (per batch): 16.5387   test loss (per batch): 21.1565
07/19/2022 05:39:37 AM best model saved at epoch 138
07/19/2022 05:41:01 AM epoch: 139   train loss (per batch): 16.4810   test loss (per batch): 21.1258
07/19/2022 05:41:01 AM best model saved at epoch 139
07/19/2022 05:42:26 AM epoch: 140   train loss (per batch): 16.4498   test loss (per batch): 21.2371
07/19/2022 05:42:26 AM checkpoint saved at epoch 140
07/19/2022 05:43:47 AM epoch: 141   train loss (per batch): 16.4485   test loss (per batch): 21.2275
07/19/2022 05:45:06 AM epoch: 142   train loss (per batch): 16.3771   test loss (per batch): 21.0295
07/19/2022 05:45:06 AM best model saved at epoch 142
07/19/2022 05:46:31 AM epoch: 143   train loss (per batch): 16.3856   test loss (per batch): 21.0416
07/19/2022 05:48:02 AM epoch: 144   train loss (per batch): 16.3152   test loss (per batch): 21.1520
07/19/2022 05:49:31 AM epoch: 145   train loss (per batch): 16.2879   test loss (per batch): 21.2705
07/19/2022 05:50:58 AM epoch: 146   train loss (per batch): 16.2468   test loss (per batch): 21.1457
07/19/2022 05:52:43 AM epoch: 147   train loss (per batch): 16.2017   test loss (per batch): 21.1842
07/19/2022 05:54:09 AM epoch: 148   train loss (per batch): 16.1658   test loss (per batch): 20.9773
07/19/2022 05:54:09 AM best model saved at epoch 148
07/19/2022 05:55:58 AM epoch: 149   train loss (per batch): 16.1904   test loss (per batch): 21.1840
07/19/2022 05:57:29 AM epoch: 150   train loss (per batch): 16.1053   test loss (per batch): 20.9877
07/19/2022 05:57:29 AM checkpoint saved at epoch 150
07/19/2022 05:58:52 AM epoch: 151   train loss (per batch): 16.0816   test loss (per batch): 21.2521
07/19/2022 06:00:18 AM epoch: 152   train loss (per batch): 16.0604   test loss (per batch): 20.9933
07/19/2022 06:01:50 AM epoch: 153   train loss (per batch): 15.9599   test loss (per batch): 21.0787
07/19/2022 06:03:18 AM epoch: 154   train loss (per batch): 15.9984   test loss (per batch): 21.0449
07/19/2022 06:04:47 AM epoch: 155   train loss (per batch): 15.9556   test loss (per batch): 20.9525
07/19/2022 06:04:47 AM best model saved at epoch 155
07/19/2022 06:06:28 AM epoch: 156   train loss (per batch): 15.9160   test loss (per batch): 21.2817
07/19/2022 06:07:56 AM epoch: 157   train loss (per batch): 15.8917   test loss (per batch): 21.0619
07/19/2022 06:09:23 AM epoch: 158   train loss (per batch): 15.8587   test loss (per batch): 21.0229
07/19/2022 06:10:55 AM epoch: 159   train loss (per batch): 15.8406   test loss (per batch): 21.1707
07/19/2022 06:12:19 AM epoch: 160   train loss (per batch): 15.7931   test loss (per batch): 21.1312
07/19/2022 06:12:19 AM checkpoint saved at epoch 160
07/19/2022 06:13:52 AM epoch: 161   train loss (per batch): 15.8282   test loss (per batch): 21.0912
07/19/2022 06:15:20 AM epoch: 162   train loss (per batch): 15.7466   test loss (per batch): 21.0199
07/19/2022 06:16:46 AM epoch: 163   train loss (per batch): 15.7525   test loss (per batch): 21.1314
07/19/2022 06:18:16 AM epoch: 164   train loss (per batch): 15.6903   test loss (per batch): 21.1181
07/19/2022 06:20:00 AM epoch: 165   train loss (per batch): 15.6808   test loss (per batch): 20.9601
07/19/2022 06:21:32 AM epoch: 166   train loss (per batch): 15.6746   test loss (per batch): 21.0156
07/19/2022 06:23:05 AM epoch: 167   train loss (per batch): 15.6373   test loss (per batch): 20.9531
07/19/2022 06:24:37 AM epoch: 168   train loss (per batch): 15.5867   test loss (per batch): 21.0700
07/19/2022 06:26:18 AM epoch: 169   train loss (per batch): 15.6062   test loss (per batch): 21.0293
07/19/2022 06:28:08 AM epoch: 170   train loss (per batch): 15.5534   test loss (per batch): 21.1779
07/19/2022 06:28:08 AM checkpoint saved at epoch 170
07/19/2022 06:29:51 AM epoch: 171   train loss (per batch): 15.5208   test loss (per batch): 21.0359
07/19/2022 06:31:19 AM epoch: 172   train loss (per batch): 15.4890   test loss (per batch): 21.1089
07/19/2022 06:32:55 AM epoch: 173   train loss (per batch): 15.4529   test loss (per batch): 21.0883
07/19/2022 06:34:14 AM epoch: 174   train loss (per batch): 15.4486   test loss (per batch): 21.2308
07/19/2022 06:35:49 AM epoch: 175   train loss (per batch): 15.4111   test loss (per batch): 21.1194
07/19/2022 06:37:23 AM epoch: 176   train loss (per batch): 15.4031   test loss (per batch): 21.0850
07/19/2022 06:39:04 AM epoch: 177   train loss (per batch): 15.3957   test loss (per batch): 21.2099
07/19/2022 06:40:33 AM epoch: 178   train loss (per batch): 15.3515   test loss (per batch): 21.0187
07/19/2022 06:42:11 AM epoch: 179   train loss (per batch): 15.3348   test loss (per batch): 20.9898
07/19/2022 06:43:44 AM epoch: 180   train loss (per batch): 15.3075   test loss (per batch): 21.1473
07/19/2022 06:43:44 AM checkpoint saved at epoch 180
07/19/2022 06:45:20 AM epoch: 181   train loss (per batch): 15.2866   test loss (per batch): 21.1811
07/19/2022 06:46:54 AM epoch: 182   train loss (per batch): 15.2607   test loss (per batch): 21.0306
07/19/2022 06:48:29 AM epoch: 183   train loss (per batch): 15.2602   test loss (per batch): 21.0346
07/19/2022 06:49:58 AM epoch: 184   train loss (per batch): 15.2255   test loss (per batch): 21.1068
07/19/2022 06:51:35 AM epoch: 185   train loss (per batch): 15.1968   test loss (per batch): 21.0197
07/19/2022 06:52:59 AM epoch: 186   train loss (per batch): 15.2056   test loss (per batch): 21.1675
07/19/2022 06:54:42 AM epoch: 187   train loss (per batch): 15.1464   test loss (per batch): 21.1541
07/19/2022 06:56:19 AM epoch: 188   train loss (per batch): 15.1535   test loss (per batch): 20.9692
07/19/2022 06:57:58 AM epoch: 189   train loss (per batch): 15.0707   test loss (per batch): 21.0845
07/19/2022 06:59:21 AM epoch: 190   train loss (per batch): 15.0948   test loss (per batch): 21.0488
07/19/2022 06:59:21 AM checkpoint saved at epoch 190
07/19/2022 07:00:57 AM epoch: 191   train loss (per batch): 15.0347   test loss (per batch): 21.0015
07/19/2022 07:02:18 AM epoch: 192   train loss (per batch): 15.0314   test loss (per batch): 21.1367
07/19/2022 07:03:56 AM epoch: 193   train loss (per batch): 15.0160   test loss (per batch): 21.1194
07/19/2022 07:05:31 AM epoch: 194   train loss (per batch): 15.0288   test loss (per batch): 21.0434
07/19/2022 07:07:05 AM epoch: 195   train loss (per batch): 15.0004   test loss (per batch): 21.0386
07/19/2022 07:08:34 AM epoch: 196   train loss (per batch): 14.9673   test loss (per batch): 21.0342
07/19/2022 07:10:13 AM epoch: 197   train loss (per batch): 14.9291   test loss (per batch): 21.0212
07/19/2022 07:11:48 AM epoch: 198   train loss (per batch): 14.9295   test loss (per batch): 21.1671
07/19/2022 07:13:27 AM epoch: 199   train loss (per batch): 14.8996   test loss (per batch): 21.0749
07/19/2022 07:15:09 AM epoch: 200   train loss (per batch): 14.8897   test loss (per batch): 21.1243
07/19/2022 07:15:09 AM checkpoint saved at epoch 200
07/19/2022 07:16:46 AM epoch: 201   train loss (per batch): 14.8751   test loss (per batch): 21.2097
07/19/2022 07:18:14 AM epoch: 202   train loss (per batch): 14.8587   test loss (per batch): 21.0717
07/19/2022 07:19:56 AM epoch: 203   train loss (per batch): 14.8100   test loss (per batch): 21.0322
07/19/2022 07:21:23 AM epoch: 204   train loss (per batch): 14.8308   test loss (per batch): 21.2123
07/19/2022 07:23:00 AM epoch: 205   train loss (per batch): 14.7662   test loss (per batch): 21.3169
07/19/2022 07:24:25 AM epoch: 206   train loss (per batch): 14.7631   test loss (per batch): 21.0356
07/19/2022 07:25:59 AM epoch: 207   train loss (per batch): 14.7564   test loss (per batch): 21.1618
07/19/2022 07:27:32 AM epoch: 208   train loss (per batch): 14.7345   test loss (per batch): 21.1098
07/19/2022 07:29:20 AM epoch: 209   train loss (per batch): 14.7396   test loss (per batch): 21.1070
07/19/2022 07:30:51 AM epoch: 210   train loss (per batch): 14.7274   test loss (per batch): 21.1401
07/19/2022 07:30:51 AM checkpoint saved at epoch 210
07/19/2022 07:32:32 AM epoch: 211   train loss (per batch): 14.6690   test loss (per batch): 21.1147
07/19/2022 07:34:02 AM epoch: 212   train loss (per batch): 14.6646   test loss (per batch): 21.2539
07/19/2022 07:35:31 AM epoch: 213   train loss (per batch): 14.6528   test loss (per batch): 21.0637
07/19/2022 07:36:53 AM epoch: 214   train loss (per batch): 14.5912   test loss (per batch): 21.0743
07/19/2022 07:38:32 AM epoch: 215   train loss (per batch): 14.5900   test loss (per batch): 21.2297
07/19/2022 07:40:03 AM epoch: 216   train loss (per batch): 14.5934   test loss (per batch): 21.0734
07/19/2022 07:41:45 AM epoch: 217   train loss (per batch): 14.5764   test loss (per batch): 21.2474
07/19/2022 07:43:15 AM epoch: 218   train loss (per batch): 14.5708   test loss (per batch): 21.0111
07/19/2022 07:44:54 AM epoch: 219   train loss (per batch): 14.5314   test loss (per batch): 21.1348
07/19/2022 07:46:25 AM epoch: 220   train loss (per batch): 14.5650   test loss (per batch): 21.2105
07/19/2022 07:46:25 AM checkpoint saved at epoch 220
07/19/2022 07:48:00 AM epoch: 221   train loss (per batch): 14.5293   test loss (per batch): 21.1059
07/19/2022 07:49:31 AM epoch: 222   train loss (per batch): 14.5037   test loss (per batch): 21.2399
07/19/2022 07:51:12 AM epoch: 223   train loss (per batch): 14.4874   test loss (per batch): 21.3386
07/19/2022 07:52:47 AM epoch: 224   train loss (per batch): 14.4501   test loss (per batch): 21.1586
07/19/2022 07:54:33 AM epoch: 225   train loss (per batch): 14.4199   test loss (per batch): 21.2073
07/19/2022 07:56:05 AM epoch: 226   train loss (per batch): 14.4452   test loss (per batch): 21.2622
07/19/2022 07:57:38 AM epoch: 227   train loss (per batch): 14.4395   test loss (per batch): 20.9572
07/19/2022 07:59:11 AM epoch: 228   train loss (per batch): 14.3811   test loss (per batch): 21.1417
07/19/2022 08:00:43 AM epoch: 229   train loss (per batch): 14.3890   test loss (per batch): 21.2997
07/19/2022 08:02:22 AM epoch: 230   train loss (per batch): 14.3799   test loss (per batch): 21.0732
07/19/2022 08:02:22 AM checkpoint saved at epoch 230
07/19/2022 08:04:01 AM epoch: 231   train loss (per batch): 14.3405   test loss (per batch): 21.2124
07/19/2022 08:05:31 AM epoch: 232   train loss (per batch): 14.3191   test loss (per batch): 21.2098
07/19/2022 08:07:05 AM epoch: 233   train loss (per batch): 14.2993   test loss (per batch): 21.3278
07/19/2022 08:08:37 AM epoch: 234   train loss (per batch): 14.3023   test loss (per batch): 21.2340
07/19/2022 08:10:15 AM epoch: 235   train loss (per batch): 14.2936   test loss (per batch): 21.2149
07/19/2022 08:11:55 AM epoch: 236   train loss (per batch): 14.2359   test loss (per batch): 21.2547
07/19/2022 08:13:33 AM epoch: 237   train loss (per batch): 14.2938   test loss (per batch): 21.1667
07/19/2022 08:15:01 AM epoch: 238   train loss (per batch): 14.2667   test loss (per batch): 21.1658
07/19/2022 08:16:46 AM epoch: 239   train loss (per batch): 14.2237   test loss (per batch): 21.2684
07/19/2022 08:18:14 AM epoch: 240   train loss (per batch): 14.1777   test loss (per batch): 21.3182
07/19/2022 08:18:14 AM checkpoint saved at epoch 240
07/19/2022 08:19:44 AM epoch: 241   train loss (per batch): 14.2504   test loss (per batch): 21.1880
07/19/2022 08:21:24 AM epoch: 242   train loss (per batch): 14.1660   test loss (per batch): 21.2518
07/19/2022 08:23:00 AM epoch: 243   train loss (per batch): 14.2184   test loss (per batch): 21.2367
07/19/2022 08:24:33 AM epoch: 244   train loss (per batch): 14.1835   test loss (per batch): 21.1887
07/19/2022 08:26:06 AM epoch: 245   train loss (per batch): 14.1653   test loss (per batch): 21.1257
07/19/2022 08:27:42 AM epoch: 246   train loss (per batch): 14.1142   test loss (per batch): 21.2657
07/19/2022 08:29:21 AM epoch: 247   train loss (per batch): 14.1278   test loss (per batch): 21.3765
07/19/2022 08:30:51 AM epoch: 248   train loss (per batch): 14.1217   test loss (per batch): 21.2061
07/19/2022 08:32:31 AM epoch: 249   train loss (per batch): 14.0663   test loss (per batch): 21.2205
07/19/2022 08:34:02 AM epoch: 250   train loss (per batch): 14.0882   test loss (per batch): 21.3119
07/19/2022 08:34:02 AM checkpoint saved at epoch 250
07/19/2022 08:35:05 AM epoch: 251   train loss (per batch): 14.0832   test loss (per batch): 21.3806
07/19/2022 08:35:48 AM epoch: 252   train loss (per batch): 14.0537   test loss (per batch): 21.2962
07/19/2022 08:36:33 AM epoch: 253   train loss (per batch): 14.0153   test loss (per batch): 21.3021
07/19/2022 08:37:17 AM epoch: 254   train loss (per batch): 14.0482   test loss (per batch): 21.3367
07/19/2022 08:38:02 AM epoch: 255   train loss (per batch): 14.0034   test loss (per batch): 21.2773
07/19/2022 08:38:45 AM epoch: 256   train loss (per batch): 14.0059   test loss (per batch): 21.2492
07/19/2022 08:39:32 AM epoch: 257   train loss (per batch): 13.9674   test loss (per batch): 21.2726
07/19/2022 08:40:16 AM epoch: 258   train loss (per batch): 14.0295   test loss (per batch): 21.2043
07/19/2022 08:41:02 AM epoch: 259   train loss (per batch): 13.9483   test loss (per batch): 21.3244
07/19/2022 08:41:47 AM epoch: 260   train loss (per batch): 13.9752   test loss (per batch): 21.2980
07/19/2022 08:41:47 AM checkpoint saved at epoch 260
07/19/2022 08:42:34 AM epoch: 261   train loss (per batch): 13.9495   test loss (per batch): 21.3290
07/19/2022 08:43:19 AM epoch: 262   train loss (per batch): 13.9134   test loss (per batch): 21.1562
07/19/2022 08:44:05 AM epoch: 263   train loss (per batch): 13.9331   test loss (per batch): 21.2152
07/19/2022 08:44:49 AM epoch: 264   train loss (per batch): 13.8923   test loss (per batch): 21.4133
07/19/2022 08:45:36 AM epoch: 265   train loss (per batch): 13.9607   test loss (per batch): 21.4218
07/19/2022 08:46:20 AM epoch: 266   train loss (per batch): 13.9141   test loss (per batch): 21.3997
07/19/2022 08:47:06 AM epoch: 267   train loss (per batch): 13.8550   test loss (per batch): 21.2901
07/19/2022 08:47:50 AM epoch: 268   train loss (per batch): 13.8536   test loss (per batch): 21.4727
07/19/2022 08:48:36 AM epoch: 269   train loss (per batch): 13.8294   test loss (per batch): 21.4300
07/19/2022 08:49:21 AM epoch: 270   train loss (per batch): 13.8776   test loss (per batch): 21.4058
07/19/2022 08:49:21 AM checkpoint saved at epoch 270
07/19/2022 08:50:07 AM epoch: 271   train loss (per batch): 13.8233   test loss (per batch): 21.3313
07/19/2022 08:50:51 AM epoch: 272   train loss (per batch): 13.8004   test loss (per batch): 21.4309
07/19/2022 08:51:38 AM epoch: 273   train loss (per batch): 13.7798   test loss (per batch): 21.5002
07/19/2022 08:52:23 AM epoch: 274   train loss (per batch): 13.8310   test loss (per batch): 21.3847
07/19/2022 08:53:09 AM epoch: 275   train loss (per batch): 13.7908   test loss (per batch): 21.4078
07/19/2022 08:53:52 AM epoch: 276   train loss (per batch): 13.7380   test loss (per batch): 21.1812
07/19/2022 08:54:38 AM epoch: 277   train loss (per batch): 13.7707   test loss (per batch): 21.2947
07/19/2022 08:55:21 AM epoch: 278   train loss (per batch): 13.7415   test loss (per batch): 21.3773
07/19/2022 08:56:06 AM epoch: 279   train loss (per batch): 13.7266   test loss (per batch): 21.2901
07/19/2022 08:56:49 AM epoch: 280   train loss (per batch): 13.7422   test loss (per batch): 21.2230
07/19/2022 08:56:49 AM checkpoint saved at epoch 280
07/19/2022 08:57:35 AM epoch: 281   train loss (per batch): 13.7138   test loss (per batch): 21.2620
07/19/2022 08:58:18 AM epoch: 282   train loss (per batch): 13.7234   test loss (per batch): 21.3930
07/19/2022 08:59:03 AM epoch: 283   train loss (per batch): 13.6996   test loss (per batch): 21.5031
07/19/2022 08:59:47 AM epoch: 284   train loss (per batch): 13.6933   test loss (per batch): 21.3863
07/19/2022 09:00:32 AM epoch: 285   train loss (per batch): 13.6717   test loss (per batch): 21.3792
07/19/2022 09:01:16 AM epoch: 286   train loss (per batch): 13.6645   test loss (per batch): 21.3617
07/19/2022 09:02:01 AM epoch: 287   train loss (per batch): 13.6831   test loss (per batch): 21.3500
07/19/2022 09:02:45 AM epoch: 288   train loss (per batch): 13.6890   test loss (per batch): 21.5740
07/19/2022 09:03:30 AM epoch: 289   train loss (per batch): 13.6040   test loss (per batch): 21.5720
07/19/2022 09:04:13 AM epoch: 290   train loss (per batch): 13.6074   test loss (per batch): 21.4555
07/19/2022 09:04:13 AM checkpoint saved at epoch 290
07/19/2022 09:04:58 AM epoch: 291   train loss (per batch): 13.6656   test loss (per batch): 21.4164
07/19/2022 09:05:41 AM epoch: 292   train loss (per batch): 13.6225   test loss (per batch): 21.5306
07/19/2022 09:06:26 AM epoch: 293   train loss (per batch): 13.5560   test loss (per batch): 21.4110
07/19/2022 09:07:09 AM epoch: 294   train loss (per batch): 13.6317   test loss (per batch): 21.4733
07/19/2022 09:07:54 AM epoch: 295   train loss (per batch): 13.6085   test loss (per batch): 21.3600
07/19/2022 09:08:37 AM epoch: 296   train loss (per batch): 13.5382   test loss (per batch): 21.3870
07/19/2022 09:09:22 AM epoch: 297   train loss (per batch): 13.5344   test loss (per batch): 21.5843
07/19/2022 09:10:05 AM epoch: 298   train loss (per batch): 13.5750   test loss (per batch): 21.4587
07/19/2022 09:10:50 AM epoch: 299   train loss (per batch): 13.5562   test loss (per batch): 21.4792
07/19/2022 09:11:32 AM epoch: 300   train loss (per batch): 13.5535   test loss (per batch): 21.3375
07/19/2022 09:11:32 AM checkpoint saved at epoch 300
07/19/2022 09:12:18 AM epoch: 301   train loss (per batch): 13.4947   test loss (per batch): 21.4987
07/19/2022 09:13:03 AM epoch: 302   train loss (per batch): 13.5467   test loss (per batch): 21.4659
07/19/2022 09:13:49 AM epoch: 303   train loss (per batch): 13.4655   test loss (per batch): 21.3662
07/19/2022 09:14:33 AM epoch: 304   train loss (per batch): 13.5215   test loss (per batch): 21.4775
07/19/2022 09:15:19 AM epoch: 305   train loss (per batch): 13.5222   test loss (per batch): 21.6731
07/19/2022 09:16:04 AM epoch: 306   train loss (per batch): 13.4805   test loss (per batch): 21.4555
07/19/2022 09:16:50 AM epoch: 307   train loss (per batch): 13.4463   test loss (per batch): 21.6571
07/19/2022 09:17:34 AM epoch: 308   train loss (per batch): 13.4960   test loss (per batch): 21.4071
07/19/2022 09:18:20 AM epoch: 309   train loss (per batch): 13.4530   test loss (per batch): 21.5425
07/19/2022 09:19:04 AM epoch: 310   train loss (per batch): 13.4186   test loss (per batch): 21.4325
07/19/2022 09:19:04 AM checkpoint saved at epoch 310
07/19/2022 09:19:50 AM epoch: 311   train loss (per batch): 13.4558   test loss (per batch): 21.4839
07/19/2022 09:20:33 AM epoch: 312   train loss (per batch): 13.4840   test loss (per batch): 21.5432
07/19/2022 09:21:19 AM epoch: 313   train loss (per batch): 13.4282   test loss (per batch): 21.4954
07/19/2022 09:22:03 AM epoch: 314   train loss (per batch): 13.3562   test loss (per batch): 21.5459
07/19/2022 09:22:49 AM epoch: 315   train loss (per batch): 13.3913   test loss (per batch): 21.4708
07/19/2022 09:23:33 AM epoch: 316   train loss (per batch): 13.4117   test loss (per batch): 21.5080
07/19/2022 09:24:19 AM epoch: 317   train loss (per batch): 13.3731   test loss (per batch): 21.5129
07/19/2022 09:25:03 AM epoch: 318   train loss (per batch): 13.3975   test loss (per batch): 21.7700
07/19/2022 09:25:49 AM epoch: 319   train loss (per batch): 13.3751   test loss (per batch): 21.6263
07/19/2022 09:26:33 AM epoch: 320   train loss (per batch): 13.3596   test loss (per batch): 21.5277
07/19/2022 09:26:33 AM checkpoint saved at epoch 320
07/19/2022 09:27:20 AM epoch: 321   train loss (per batch): 13.3574   test loss (per batch): 21.5506
07/19/2022 09:28:03 AM epoch: 322   train loss (per batch): 13.3240   test loss (per batch): 21.4174
07/19/2022 09:28:50 AM epoch: 323   train loss (per batch): 13.3369   test loss (per batch): 21.5677
07/19/2022 09:29:33 AM epoch: 324   train loss (per batch): 13.2945   test loss (per batch): 21.5580
07/19/2022 09:30:20 AM epoch: 325   train loss (per batch): 13.3165   test loss (per batch): 21.6065
07/19/2022 09:31:04 AM epoch: 326   train loss (per batch): 13.3209   test loss (per batch): 21.6290
07/19/2022 09:31:52 AM epoch: 327   train loss (per batch): 13.2712   test loss (per batch): 21.5927
07/19/2022 09:32:36 AM epoch: 328   train loss (per batch): 13.3175   test loss (per batch): 21.6169
07/19/2022 09:33:23 AM epoch: 329   train loss (per batch): 13.2807   test loss (per batch): 21.7772
07/19/2022 09:34:07 AM epoch: 330   train loss (per batch): 13.2840   test loss (per batch): 21.6300
07/19/2022 09:34:07 AM checkpoint saved at epoch 330
07/19/2022 09:34:55 AM epoch: 331   train loss (per batch): 13.2680   test loss (per batch): 21.6487
07/19/2022 09:35:39 AM epoch: 332   train loss (per batch): 13.2478   test loss (per batch): 21.5471
07/19/2022 09:36:26 AM epoch: 333   train loss (per batch): 13.2804   test loss (per batch): 21.7091
07/19/2022 09:37:09 AM epoch: 334   train loss (per batch): 13.2434   test loss (per batch): 21.6467
07/19/2022 09:37:57 AM epoch: 335   train loss (per batch): 13.2125   test loss (per batch): 21.6659
07/19/2022 09:38:41 AM epoch: 336   train loss (per batch): 13.2062   test loss (per batch): 21.6933
07/19/2022 09:39:29 AM epoch: 337   train loss (per batch): 13.2473   test loss (per batch): 21.7336
07/19/2022 09:40:11 AM epoch: 338   train loss (per batch): 13.1645   test loss (per batch): 21.6650
07/19/2022 09:40:59 AM epoch: 339   train loss (per batch): 13.2328   test loss (per batch): 21.6570
07/19/2022 09:41:42 AM epoch: 340   train loss (per batch): 13.2044   test loss (per batch): 21.6638
07/19/2022 09:41:42 AM checkpoint saved at epoch 340
07/19/2022 09:42:30 AM epoch: 341   train loss (per batch): 13.2142   test loss (per batch): 21.7772
07/19/2022 09:43:13 AM epoch: 342   train loss (per batch): 13.1475   test loss (per batch): 21.6331
07/19/2022 09:44:00 AM epoch: 343   train loss (per batch): 13.1748   test loss (per batch): 21.6083
07/19/2022 09:44:43 AM epoch: 344   train loss (per batch): 13.1781   test loss (per batch): 21.8484
07/19/2022 09:45:30 AM epoch: 345   train loss (per batch): 13.1525   test loss (per batch): 21.6527
07/19/2022 09:46:13 AM epoch: 346   train loss (per batch): 13.1569   test loss (per batch): 21.8149
07/19/2022 09:47:00 AM epoch: 347   train loss (per batch): 13.1535   test loss (per batch): 21.6020
07/19/2022 09:47:42 AM epoch: 348   train loss (per batch): 13.1902   test loss (per batch): 21.7182
07/19/2022 09:48:29 AM epoch: 349   train loss (per batch): 13.1172   test loss (per batch): 21.7994
07/19/2022 09:49:06 AM epoch: 350   train loss (per batch): 13.0996   test loss (per batch): 21.6412
07/19/2022 09:49:06 AM checkpoint saved at epoch 350
07/19/2022 09:49:43 AM epoch: 351   train loss (per batch): 13.1204   test loss (per batch): 21.6995
07/19/2022 09:50:15 AM epoch: 352   train loss (per batch): 13.1017   test loss (per batch): 21.7692
07/19/2022 09:50:52 AM epoch: 353   train loss (per batch): 13.0825   test loss (per batch): 21.8001
07/19/2022 09:51:25 AM epoch: 354   train loss (per batch): 13.1318   test loss (per batch): 21.5981
07/19/2022 09:52:01 AM epoch: 355   train loss (per batch): 13.0971   test loss (per batch): 21.6799
07/19/2022 09:52:33 AM epoch: 356   train loss (per batch): 13.0962   test loss (per batch): 21.7017
07/19/2022 09:53:09 AM epoch: 357   train loss (per batch): 13.0115   test loss (per batch): 21.6218
07/19/2022 09:53:41 AM epoch: 358   train loss (per batch): 13.0916   test loss (per batch): 21.7454
07/19/2022 09:54:17 AM epoch: 359   train loss (per batch): 13.0940   test loss (per batch): 21.7593
07/19/2022 09:54:50 AM epoch: 360   train loss (per batch): 13.0725   test loss (per batch): 21.6248
07/19/2022 09:54:50 AM checkpoint saved at epoch 360
07/19/2022 09:55:26 AM epoch: 361   train loss (per batch): 13.0168   test loss (per batch): 21.8458
07/19/2022 09:55:59 AM epoch: 362   train loss (per batch): 12.9984   test loss (per batch): 21.8705
07/19/2022 09:56:35 AM epoch: 363   train loss (per batch): 13.0661   test loss (per batch): 21.8232
07/19/2022 09:57:08 AM epoch: 364   train loss (per batch): 13.0122   test loss (per batch): 21.8753
07/19/2022 09:57:44 AM epoch: 365   train loss (per batch): 13.0022   test loss (per batch): 21.7784
07/19/2022 09:58:16 AM epoch: 366   train loss (per batch): 13.0209   test loss (per batch): 21.8613
07/19/2022 09:58:52 AM epoch: 367   train loss (per batch): 13.0119   test loss (per batch): 21.8954
07/19/2022 09:59:25 AM epoch: 368   train loss (per batch): 13.0324   test loss (per batch): 21.8308
07/19/2022 10:00:00 AM epoch: 369   train loss (per batch): 12.9744   test loss (per batch): 21.8567
07/19/2022 10:00:33 AM epoch: 370   train loss (per batch): 13.0091   test loss (per batch): 21.9031
07/19/2022 10:00:33 AM checkpoint saved at epoch 370
07/19/2022 10:01:09 AM epoch: 371   train loss (per batch): 12.9303   test loss (per batch): 21.8223
07/19/2022 10:01:41 AM epoch: 372   train loss (per batch): 12.9852   test loss (per batch): 21.9975
07/19/2022 10:02:17 AM epoch: 373   train loss (per batch): 12.9833   test loss (per batch): 21.7841
07/19/2022 10:02:50 AM epoch: 374   train loss (per batch): 12.9428   test loss (per batch): 21.8595
07/19/2022 10:03:26 AM epoch: 375   train loss (per batch): 12.9852   test loss (per batch): 21.8666
07/19/2022 10:03:58 AM epoch: 376   train loss (per batch): 12.9021   test loss (per batch): 21.7320
07/19/2022 10:04:35 AM epoch: 377   train loss (per batch): 12.9117   test loss (per batch): 21.8921
07/19/2022 10:05:07 AM epoch: 378   train loss (per batch): 12.9278   test loss (per batch): 21.8100
07/19/2022 10:05:43 AM epoch: 379   train loss (per batch): 12.9815   test loss (per batch): 21.7389
07/19/2022 10:06:16 AM epoch: 380   train loss (per batch): 12.9223   test loss (per batch): 21.8309
07/19/2022 10:06:16 AM checkpoint saved at epoch 380
07/19/2022 10:06:52 AM epoch: 381   train loss (per batch): 12.9207   test loss (per batch): 21.8565
07/19/2022 10:07:24 AM epoch: 382   train loss (per batch): 12.9058   test loss (per batch): 21.8775
07/19/2022 10:08:00 AM epoch: 383   train loss (per batch): 12.9042   test loss (per batch): 21.7328
07/19/2022 10:08:33 AM epoch: 384   train loss (per batch): 12.9709   test loss (per batch): 21.9243
07/19/2022 10:09:09 AM epoch: 385   train loss (per batch): 12.8921   test loss (per batch): 21.8514
07/19/2022 10:09:42 AM epoch: 386   train loss (per batch): 12.9205   test loss (per batch): 21.8536
07/19/2022 10:10:18 AM epoch: 387   train loss (per batch): 12.8726   test loss (per batch): 21.7714
07/19/2022 10:10:50 AM epoch: 388   train loss (per batch): 12.8502   test loss (per batch): 21.9823
07/19/2022 10:11:26 AM epoch: 389   train loss (per batch): 12.8877   test loss (per batch): 21.8238
07/19/2022 10:11:58 AM epoch: 390   train loss (per batch): 12.8266   test loss (per batch): 22.0107
07/19/2022 10:11:58 AM checkpoint saved at epoch 390
07/19/2022 10:12:34 AM epoch: 391   train loss (per batch): 12.9039   test loss (per batch): 21.8171
07/19/2022 10:13:06 AM epoch: 392   train loss (per batch): 12.8286   test loss (per batch): 21.8580
07/19/2022 10:13:42 AM epoch: 393   train loss (per batch): 12.8412   test loss (per batch): 21.8473
07/19/2022 10:14:15 AM epoch: 394   train loss (per batch): 12.8089   test loss (per batch): 21.8233
07/19/2022 10:14:51 AM epoch: 395   train loss (per batch): 12.8338   test loss (per batch): 21.9659
07/19/2022 10:15:23 AM epoch: 396   train loss (per batch): 12.8431   test loss (per batch): 21.9306
07/19/2022 10:15:58 AM epoch: 397   train loss (per batch): 12.8699   test loss (per batch): 21.7609
07/19/2022 10:16:31 AM epoch: 398   train loss (per batch): 12.7750   test loss (per batch): 21.8676
07/19/2022 10:17:07 AM epoch: 399   train loss (per batch): 12.8228   test loss (per batch): 21.9334
07/19/2022 10:17:39 AM epoch: 400   train loss (per batch): 12.7692   test loss (per batch): 21.9112
07/19/2022 10:17:39 AM checkpoint saved at epoch 400
07/19/2022 10:17:39 AM == Training Completes (401 epochs trained, best epoch at 155 with test loss per batch = 20.9525) ===
