07/18/2022 05:25:14 PM ******************************************* COMMAND LINE *******************************************
07/18/2022 05:25:14 PM train.py --lr 0.0005 --task finetune

07/18/2022 05:25:14 PM ************************************** EXPERIMENT INFORMATION **************************************
07/18/2022 05:25:14 PM Task: finetune
07/18/2022 05:25:14 PM Experiment Name: exp_F_F_F_7_6_5
07/18/2022 05:25:14 PM Number of Epochs: 401, Learning Rate: 0.0005, Batch Size: 32 

07/18/2022 05:25:14 PM ***************************************** DATA INFORMATION *****************************************
07/18/2022 05:25:14 PM Use Density: False; Use Truck Speed: False; Use Personal Vehicle Speed: False
07/18/2022 05:25:14 PM Input Sequence Length: 7; Output Sequence Lenth: 6; Output Frequency: 5 

07/18/2022 05:25:14 PM ***************************************** LOADING PROGRESS *****************************************
07/18/2022 05:25:14 PM successfully loaded checkpoint from                     ./checkpoints/LR/best_exp_F_F_F_7_6_5.pt 
                    ./checkpoints/rec/best_exp_F_F_F_7_6_5.pt 
                    ./checkpoints/nonrec/best_exp_F_F_F_7_6_5.pt 
07/18/2022 05:25:15 PM successfully loaded data 

07/18/2022 05:25:15 PM ========================================= Training Starts ==========================================
07/18/2022 05:25:15 PM please check tensorboard for plots of experiment ./logs/finetune/exp_F_F_F_7_6_5
07/18/2022 05:25:15 PM please check logging messages at ./logs/finetune/exp_F_F_F_7_6_5/training.log
07/18/2022 05:26:04 PM epoch: 0   train loss (per batch): 101.0048   test loss (per batch): 32.9182
07/18/2022 05:26:04 PM checkpoint saved at epoch 0
07/18/2022 05:26:04 PM best model saved at epoch 0
07/18/2022 05:26:55 PM epoch: 1   train loss (per batch): 31.6802   test loss (per batch): 30.6544
07/18/2022 05:26:55 PM best model saved at epoch 1
07/18/2022 05:27:53 PM epoch: 2   train loss (per batch): 29.8999   test loss (per batch): 29.1217
07/18/2022 05:27:53 PM best model saved at epoch 2
07/18/2022 05:28:52 PM epoch: 3   train loss (per batch): 28.8361   test loss (per batch): 28.5125
07/18/2022 05:28:52 PM best model saved at epoch 3
07/18/2022 05:29:52 PM epoch: 4   train loss (per batch): 28.4361   test loss (per batch): 28.1583
07/18/2022 05:29:52 PM best model saved at epoch 4
07/18/2022 05:30:53 PM epoch: 5   train loss (per batch): 28.1773   test loss (per batch): 27.5254
07/18/2022 05:30:53 PM best model saved at epoch 5
07/18/2022 05:31:54 PM epoch: 6   train loss (per batch): 27.7934   test loss (per batch): 27.7553
07/18/2022 05:32:59 PM epoch: 7   train loss (per batch): 27.6694   test loss (per batch): 27.4600
07/18/2022 05:32:59 PM best model saved at epoch 7
07/18/2022 05:34:07 PM epoch: 8   train loss (per batch): 27.4520   test loss (per batch): 27.2000
07/18/2022 05:34:07 PM best model saved at epoch 8
07/18/2022 05:35:17 PM epoch: 9   train loss (per batch): 27.2448   test loss (per batch): 27.0347
07/18/2022 05:35:17 PM best model saved at epoch 9
07/18/2022 05:36:25 PM epoch: 10   train loss (per batch): 27.1955   test loss (per batch): 27.2072
07/18/2022 05:36:25 PM checkpoint saved at epoch 10
07/18/2022 05:37:34 PM epoch: 11   train loss (per batch): 26.8938   test loss (per batch): 26.8385
07/18/2022 05:37:34 PM best model saved at epoch 11
07/18/2022 05:38:43 PM epoch: 12   train loss (per batch): 26.8201   test loss (per batch): 26.9894
07/18/2022 05:39:54 PM epoch: 13   train loss (per batch): 26.7206   test loss (per batch): 26.9582
07/18/2022 05:41:05 PM epoch: 14   train loss (per batch): 26.5911   test loss (per batch): 26.7845
07/18/2022 05:41:05 PM best model saved at epoch 14
07/18/2022 05:42:16 PM epoch: 15   train loss (per batch): 26.5213   test loss (per batch): 26.8787
07/18/2022 05:43:27 PM epoch: 16   train loss (per batch): 26.1720   test loss (per batch): 26.5872
07/18/2022 05:43:27 PM best model saved at epoch 16
07/18/2022 05:44:39 PM epoch: 17   train loss (per batch): 26.0999   test loss (per batch): 26.0460
07/18/2022 05:44:39 PM best model saved at epoch 17
07/18/2022 05:45:51 PM epoch: 18   train loss (per batch): 25.7866   test loss (per batch): 26.3330
07/18/2022 05:47:02 PM epoch: 19   train loss (per batch): 25.5366   test loss (per batch): 25.9149
07/18/2022 05:47:02 PM best model saved at epoch 19
07/18/2022 05:48:15 PM epoch: 20   train loss (per batch): 25.3307   test loss (per batch): 25.5422
07/18/2022 05:48:15 PM checkpoint saved at epoch 20
07/18/2022 05:48:15 PM best model saved at epoch 20
07/18/2022 05:49:29 PM epoch: 21   train loss (per batch): 25.1393   test loss (per batch): 25.5423
07/18/2022 05:50:43 PM epoch: 22   train loss (per batch): 24.8826   test loss (per batch): 25.7838
07/18/2022 05:51:58 PM epoch: 23   train loss (per batch): 24.7446   test loss (per batch): 25.1029
07/18/2022 05:51:58 PM best model saved at epoch 23
07/18/2022 05:53:15 PM epoch: 24   train loss (per batch): 24.3487   test loss (per batch): 25.0891
07/18/2022 05:53:15 PM best model saved at epoch 24
07/18/2022 05:54:32 PM epoch: 25   train loss (per batch): 24.1699   test loss (per batch): 24.9038
07/18/2022 05:54:32 PM best model saved at epoch 25
07/18/2022 05:55:49 PM epoch: 26   train loss (per batch): 23.8830   test loss (per batch): 24.6046
07/18/2022 05:55:49 PM best model saved at epoch 26
07/18/2022 05:57:05 PM epoch: 27   train loss (per batch): 23.7212   test loss (per batch): 24.1020
07/18/2022 05:57:05 PM best model saved at epoch 27
07/18/2022 05:58:24 PM epoch: 28   train loss (per batch): 23.3453   test loss (per batch): 24.2957
07/18/2022 05:59:42 PM epoch: 29   train loss (per batch): 23.1143   test loss (per batch): 23.8158
07/18/2022 05:59:42 PM best model saved at epoch 29
07/18/2022 06:01:03 PM epoch: 30   train loss (per batch): 22.8051   test loss (per batch): 23.9284
07/18/2022 06:01:03 PM checkpoint saved at epoch 30
07/18/2022 06:02:23 PM epoch: 31   train loss (per batch): 22.6419   test loss (per batch): 23.6809
07/18/2022 06:02:23 PM best model saved at epoch 31
07/18/2022 06:03:46 PM epoch: 32   train loss (per batch): 22.3541   test loss (per batch): 23.3633
07/18/2022 06:03:46 PM best model saved at epoch 32
07/18/2022 06:05:06 PM epoch: 33   train loss (per batch): 22.0577   test loss (per batch): 23.1220
07/18/2022 06:05:06 PM best model saved at epoch 33
07/18/2022 06:06:31 PM epoch: 34   train loss (per batch): 21.8186   test loss (per batch): 23.1527
07/18/2022 06:07:52 PM epoch: 35   train loss (per batch): 21.6197   test loss (per batch): 22.9551
07/18/2022 06:07:52 PM best model saved at epoch 35
07/18/2022 06:09:17 PM epoch: 36   train loss (per batch): 21.2313   test loss (per batch): 22.7638
07/18/2022 06:09:17 PM best model saved at epoch 36
07/18/2022 06:10:38 PM epoch: 37   train loss (per batch): 21.0439   test loss (per batch): 22.6819
07/18/2022 06:10:38 PM best model saved at epoch 37
07/18/2022 06:12:05 PM epoch: 38   train loss (per batch): 20.8922   test loss (per batch): 22.2763
07/18/2022 06:12:05 PM best model saved at epoch 38
07/18/2022 06:13:27 PM epoch: 39   train loss (per batch): 20.6559   test loss (per batch): 22.1426
07/18/2022 06:13:27 PM best model saved at epoch 39
07/18/2022 06:14:53 PM epoch: 40   train loss (per batch): 20.3695   test loss (per batch): 22.3047
07/18/2022 06:14:53 PM checkpoint saved at epoch 40
07/18/2022 06:16:14 PM epoch: 41   train loss (per batch): 20.1540   test loss (per batch): 21.7784
07/18/2022 06:16:14 PM best model saved at epoch 41
07/18/2022 06:17:42 PM epoch: 42   train loss (per batch): 19.9580   test loss (per batch): 22.2171
07/18/2022 06:19:05 PM epoch: 43   train loss (per batch): 19.7632   test loss (per batch): 21.7291
07/18/2022 06:19:05 PM best model saved at epoch 43
07/18/2022 06:20:32 PM epoch: 44   train loss (per batch): 19.5693   test loss (per batch): 21.7300
07/18/2022 06:21:54 PM epoch: 45   train loss (per batch): 19.3710   test loss (per batch): 21.5019
07/18/2022 06:21:54 PM best model saved at epoch 45
07/18/2022 06:23:21 PM epoch: 46   train loss (per batch): 19.2125   test loss (per batch): 21.4882
07/18/2022 06:23:21 PM best model saved at epoch 46
07/18/2022 06:24:44 PM epoch: 47   train loss (per batch): 19.0667   test loss (per batch): 21.0754
07/18/2022 06:24:44 PM best model saved at epoch 47
07/18/2022 06:26:11 PM epoch: 48   train loss (per batch): 18.8655   test loss (per batch): 21.0149
07/18/2022 06:26:11 PM best model saved at epoch 48
07/18/2022 06:27:35 PM epoch: 49   train loss (per batch): 18.6942   test loss (per batch): 21.3405
07/18/2022 06:29:02 PM epoch: 50   train loss (per batch): 18.4755   test loss (per batch): 20.9408
07/18/2022 06:29:02 PM checkpoint saved at epoch 50
07/18/2022 06:29:02 PM best model saved at epoch 50
07/18/2022 06:30:25 PM epoch: 51   train loss (per batch): 18.3791   test loss (per batch): 21.1292
07/18/2022 06:31:51 PM epoch: 52   train loss (per batch): 18.0863   test loss (per batch): 20.6753
07/18/2022 06:31:51 PM best model saved at epoch 52
07/18/2022 06:33:15 PM epoch: 53   train loss (per batch): 18.1327   test loss (per batch): 20.5137
07/18/2022 06:33:15 PM best model saved at epoch 53
07/18/2022 06:34:38 PM epoch: 54   train loss (per batch): 17.9715   test loss (per batch): 20.5834
07/18/2022 06:36:02 PM epoch: 55   train loss (per batch): 17.7972   test loss (per batch): 20.3514
07/18/2022 06:36:02 PM best model saved at epoch 55
07/18/2022 06:37:27 PM epoch: 56   train loss (per batch): 17.6445   test loss (per batch): 20.5580
07/18/2022 06:38:52 PM epoch: 57   train loss (per batch): 17.5610   test loss (per batch): 20.4137
07/18/2022 06:40:14 PM epoch: 58   train loss (per batch): 17.3606   test loss (per batch): 20.5192
07/18/2022 06:41:39 PM epoch: 59   train loss (per batch): 17.3725   test loss (per batch): 20.3301
07/18/2022 06:41:39 PM best model saved at epoch 59
07/18/2022 06:43:02 PM epoch: 60   train loss (per batch): 17.1261   test loss (per batch): 20.0486
07/18/2022 06:43:02 PM checkpoint saved at epoch 60
07/18/2022 06:43:02 PM best model saved at epoch 60
07/18/2022 06:44:27 PM epoch: 61   train loss (per batch): 17.0325   test loss (per batch): 20.0615
07/18/2022 06:45:48 PM epoch: 62   train loss (per batch): 16.9634   test loss (per batch): 20.1844
07/18/2022 06:47:15 PM epoch: 63   train loss (per batch): 16.7912   test loss (per batch): 19.9072
07/18/2022 06:47:15 PM best model saved at epoch 63
07/18/2022 06:48:37 PM epoch: 64   train loss (per batch): 16.6846   test loss (per batch): 19.9838
07/18/2022 06:50:04 PM epoch: 65   train loss (per batch): 16.6405   test loss (per batch): 19.8798
07/18/2022 06:50:04 PM best model saved at epoch 65
07/18/2022 06:51:27 PM epoch: 66   train loss (per batch): 16.4816   test loss (per batch): 19.6970
07/18/2022 06:51:27 PM best model saved at epoch 66
07/18/2022 06:52:57 PM epoch: 67   train loss (per batch): 16.4877   test loss (per batch): 19.8322
07/18/2022 06:54:20 PM epoch: 68   train loss (per batch): 16.3023   test loss (per batch): 19.7450
07/18/2022 06:55:50 PM epoch: 69   train loss (per batch): 16.1629   test loss (per batch): 19.7030
07/18/2022 06:57:13 PM epoch: 70   train loss (per batch): 16.0988   test loss (per batch): 19.5691
07/18/2022 06:57:13 PM checkpoint saved at epoch 70
07/18/2022 06:57:13 PM best model saved at epoch 70
07/18/2022 06:58:42 PM epoch: 71   train loss (per batch): 15.9764   test loss (per batch): 19.7099
07/18/2022 07:00:05 PM epoch: 72   train loss (per batch): 15.9148   test loss (per batch): 19.4790
07/18/2022 07:00:05 PM best model saved at epoch 72
07/18/2022 07:01:34 PM epoch: 73   train loss (per batch): 15.8601   test loss (per batch): 19.5123
07/18/2022 07:02:56 PM epoch: 74   train loss (per batch): 15.7688   test loss (per batch): 19.4592
07/18/2022 07:02:56 PM best model saved at epoch 74
07/18/2022 07:04:26 PM epoch: 75   train loss (per batch): 15.6676   test loss (per batch): 19.5987
07/18/2022 07:05:48 PM epoch: 76   train loss (per batch): 15.6032   test loss (per batch): 19.4058
07/18/2022 07:05:48 PM best model saved at epoch 76
07/18/2022 07:07:20 PM epoch: 77   train loss (per batch): 15.5411   test loss (per batch): 19.3050
07/18/2022 07:07:20 PM best model saved at epoch 77
07/18/2022 07:08:42 PM epoch: 78   train loss (per batch): 15.4251   test loss (per batch): 19.3098
07/18/2022 07:10:14 PM epoch: 79   train loss (per batch): 15.3755   test loss (per batch): 19.2981
07/18/2022 07:10:14 PM best model saved at epoch 79
07/18/2022 07:11:35 PM epoch: 80   train loss (per batch): 15.2945   test loss (per batch): 19.2886
07/18/2022 07:11:35 PM checkpoint saved at epoch 80
07/18/2022 07:11:35 PM best model saved at epoch 80
07/18/2022 07:13:06 PM epoch: 81   train loss (per batch): 15.1959   test loss (per batch): 19.3018
07/18/2022 07:14:26 PM epoch: 82   train loss (per batch): 15.0988   test loss (per batch): 19.2107
07/18/2022 07:14:26 PM best model saved at epoch 82
07/18/2022 07:15:57 PM epoch: 83   train loss (per batch): 15.1554   test loss (per batch): 19.2270
07/18/2022 07:17:18 PM epoch: 84   train loss (per batch): 15.1099   test loss (per batch): 19.2120
07/18/2022 07:18:49 PM epoch: 85   train loss (per batch): 14.9608   test loss (per batch): 19.2075
07/18/2022 07:18:49 PM best model saved at epoch 85
07/18/2022 07:20:09 PM epoch: 86   train loss (per batch): 14.8996   test loss (per batch): 19.1256
07/18/2022 07:20:09 PM best model saved at epoch 86
07/18/2022 07:21:42 PM epoch: 87   train loss (per batch): 14.8002   test loss (per batch): 18.9665
07/18/2022 07:21:42 PM best model saved at epoch 87
07/18/2022 07:23:04 PM epoch: 88   train loss (per batch): 14.7797   test loss (per batch): 19.1734
07/18/2022 07:24:37 PM epoch: 89   train loss (per batch): 14.7021   test loss (per batch): 19.2045
07/18/2022 07:26:02 PM epoch: 90   train loss (per batch): 14.5876   test loss (per batch): 19.1645
07/18/2022 07:26:02 PM checkpoint saved at epoch 90
07/18/2022 07:27:35 PM epoch: 91   train loss (per batch): 14.5839   test loss (per batch): 19.0789
07/18/2022 07:28:56 PM epoch: 92   train loss (per batch): 14.5066   test loss (per batch): 19.1165
07/18/2022 07:30:31 PM epoch: 93   train loss (per batch): 14.4970   test loss (per batch): 19.1115
07/18/2022 07:31:51 PM epoch: 94   train loss (per batch): 14.3685   test loss (per batch): 18.8625
07/18/2022 07:31:51 PM best model saved at epoch 94
07/18/2022 07:33:25 PM epoch: 95   train loss (per batch): 14.4141   test loss (per batch): 19.1042
07/18/2022 07:34:47 PM epoch: 96   train loss (per batch): 14.3065   test loss (per batch): 18.8343
07/18/2022 07:34:47 PM best model saved at epoch 96
07/18/2022 07:36:24 PM epoch: 97   train loss (per batch): 14.2197   test loss (per batch): 18.9967
07/18/2022 07:37:45 PM epoch: 98   train loss (per batch): 14.2368   test loss (per batch): 18.9305
07/18/2022 07:39:21 PM epoch: 99   train loss (per batch): 14.2008   test loss (per batch): 18.7728
07/18/2022 07:39:21 PM best model saved at epoch 99
07/18/2022 07:40:43 PM epoch: 100   train loss (per batch): 14.0834   test loss (per batch): 19.0134
07/18/2022 07:40:43 PM checkpoint saved at epoch 100
07/18/2022 07:42:19 PM epoch: 101   train loss (per batch): 14.0188   test loss (per batch): 18.8574
07/18/2022 07:43:41 PM epoch: 102   train loss (per batch): 14.0108   test loss (per batch): 18.8572
07/18/2022 07:45:16 PM epoch: 103   train loss (per batch): 13.9668   test loss (per batch): 18.9313
07/18/2022 07:46:36 PM epoch: 104   train loss (per batch): 13.8961   test loss (per batch): 18.8888
07/18/2022 07:48:11 PM epoch: 105   train loss (per batch): 13.8640   test loss (per batch): 18.9620
07/18/2022 07:49:35 PM epoch: 106   train loss (per batch): 13.8095   test loss (per batch): 18.8555
07/18/2022 07:51:11 PM epoch: 107   train loss (per batch): 13.7514   test loss (per batch): 18.8296
07/18/2022 07:52:31 PM epoch: 108   train loss (per batch): 13.7036   test loss (per batch): 18.8413
07/18/2022 07:54:07 PM epoch: 109   train loss (per batch): 13.6565   test loss (per batch): 18.8134
07/18/2022 07:55:29 PM epoch: 110   train loss (per batch): 13.6381   test loss (per batch): 18.9070
07/18/2022 07:55:29 PM checkpoint saved at epoch 110
07/18/2022 07:57:04 PM epoch: 111   train loss (per batch): 13.6166   test loss (per batch): 18.7450
07/18/2022 07:57:04 PM best model saved at epoch 111
07/18/2022 07:58:25 PM epoch: 112   train loss (per batch): 13.5560   test loss (per batch): 18.8357
07/18/2022 07:59:59 PM epoch: 113   train loss (per batch): 13.5035   test loss (per batch): 18.9571
07/18/2022 08:01:19 PM epoch: 114   train loss (per batch): 13.4660   test loss (per batch): 18.7884
07/18/2022 08:02:54 PM epoch: 115   train loss (per batch): 13.4127   test loss (per batch): 18.9604
07/18/2022 08:04:19 PM epoch: 116   train loss (per batch): 13.4560   test loss (per batch): 18.8642
07/18/2022 08:05:54 PM epoch: 117   train loss (per batch): 13.3898   test loss (per batch): 18.7539
07/18/2022 08:07:17 PM epoch: 118   train loss (per batch): 13.3189   test loss (per batch): 18.6378
07/18/2022 08:07:17 PM best model saved at epoch 118
07/18/2022 08:08:53 PM epoch: 119   train loss (per batch): 13.2434   test loss (per batch): 18.8133
07/18/2022 08:10:16 PM epoch: 120   train loss (per batch): 13.2151   test loss (per batch): 18.7901
07/18/2022 08:10:16 PM checkpoint saved at epoch 120
07/18/2022 08:11:51 PM epoch: 121   train loss (per batch): 13.2437   test loss (per batch): 18.6215
07/18/2022 08:11:51 PM best model saved at epoch 121
07/18/2022 08:13:13 PM epoch: 122   train loss (per batch): 13.1787   test loss (per batch): 18.8293
07/18/2022 08:14:47 PM epoch: 123   train loss (per batch): 13.0975   test loss (per batch): 18.7689
07/18/2022 08:16:10 PM epoch: 124   train loss (per batch): 13.1055   test loss (per batch): 18.7255
07/18/2022 08:17:44 PM epoch: 125   train loss (per batch): 13.0879   test loss (per batch): 18.8989
07/18/2022 08:19:06 PM epoch: 126   train loss (per batch): 13.0208   test loss (per batch): 18.9151
07/18/2022 08:20:40 PM epoch: 127   train loss (per batch): 13.0274   test loss (per batch): 18.8366
07/18/2022 08:22:03 PM epoch: 128   train loss (per batch): 12.9725   test loss (per batch): 18.7346
07/18/2022 08:23:38 PM epoch: 129   train loss (per batch): 12.9102   test loss (per batch): 18.7690
07/18/2022 08:25:02 PM epoch: 130   train loss (per batch): 12.8742   test loss (per batch): 18.9504
07/18/2022 08:25:02 PM checkpoint saved at epoch 130
07/18/2022 08:26:36 PM epoch: 131   train loss (per batch): 12.7960   test loss (per batch): 18.7512
07/18/2022 08:28:00 PM epoch: 132   train loss (per batch): 12.9571   test loss (per batch): 18.8899
07/18/2022 08:29:33 PM epoch: 133   train loss (per batch): 12.7922   test loss (per batch): 18.8195
07/18/2022 08:30:58 PM epoch: 134   train loss (per batch): 12.7495   test loss (per batch): 18.8682
07/18/2022 08:32:32 PM epoch: 135   train loss (per batch): 12.7533   test loss (per batch): 18.6919
07/18/2022 08:33:57 PM epoch: 136   train loss (per batch): 12.7083   test loss (per batch): 18.8390
07/18/2022 08:35:30 PM epoch: 137   train loss (per batch): 12.6467   test loss (per batch): 18.6740
07/18/2022 08:36:56 PM epoch: 138   train loss (per batch): 12.6047   test loss (per batch): 18.7863
07/18/2022 08:38:30 PM epoch: 139   train loss (per batch): 12.6671   test loss (per batch): 18.6207
07/18/2022 08:38:30 PM best model saved at epoch 139
07/18/2022 08:39:57 PM epoch: 140   train loss (per batch): 12.5410   test loss (per batch): 18.9654
07/18/2022 08:39:57 PM checkpoint saved at epoch 140
07/18/2022 08:41:31 PM epoch: 141   train loss (per batch): 12.5765   test loss (per batch): 19.0172
07/18/2022 08:42:57 PM epoch: 142   train loss (per batch): 12.5095   test loss (per batch): 18.7745
07/18/2022 08:44:29 PM epoch: 143   train loss (per batch): 12.5327   test loss (per batch): 18.8050
07/18/2022 08:45:56 PM epoch: 144   train loss (per batch): 12.4065   test loss (per batch): 18.7639
07/18/2022 08:47:29 PM epoch: 145   train loss (per batch): 12.4252   test loss (per batch): 18.6904
07/18/2022 08:48:56 PM epoch: 146   train loss (per batch): 12.4433   test loss (per batch): 18.7565
07/18/2022 08:50:29 PM epoch: 147   train loss (per batch): 12.3744   test loss (per batch): 18.8934
07/18/2022 08:51:58 PM epoch: 148   train loss (per batch): 12.3861   test loss (per batch): 18.8291
07/18/2022 08:53:30 PM epoch: 149   train loss (per batch): 12.3185   test loss (per batch): 18.7424
07/18/2022 08:54:59 PM epoch: 150   train loss (per batch): 12.2300   test loss (per batch): 18.7530
07/18/2022 08:54:59 PM checkpoint saved at epoch 150
07/18/2022 08:56:31 PM epoch: 151   train loss (per batch): 12.3045   test loss (per batch): 18.9041
07/18/2022 08:58:02 PM epoch: 152   train loss (per batch): 12.3552   test loss (per batch): 18.8695
07/18/2022 08:59:34 PM epoch: 153   train loss (per batch): 12.1882   test loss (per batch): 18.8878
07/18/2022 09:01:04 PM epoch: 154   train loss (per batch): 12.2260   test loss (per batch): 18.8282
07/18/2022 09:02:36 PM epoch: 155   train loss (per batch): 12.1758   test loss (per batch): 18.7733
07/18/2022 09:04:07 PM epoch: 156   train loss (per batch): 12.1207   test loss (per batch): 18.7771
07/18/2022 09:05:38 PM epoch: 157   train loss (per batch): 12.0708   test loss (per batch): 18.7890
07/18/2022 09:07:10 PM epoch: 158   train loss (per batch): 12.1459   test loss (per batch): 18.8129
07/18/2022 09:08:42 PM epoch: 159   train loss (per batch): 12.0657   test loss (per batch): 18.8552
07/18/2022 09:10:15 PM epoch: 160   train loss (per batch): 12.0633   test loss (per batch): 18.8148
07/18/2022 09:10:15 PM checkpoint saved at epoch 160
07/18/2022 09:11:47 PM epoch: 161   train loss (per batch): 12.0492   test loss (per batch): 18.9444
07/18/2022 09:13:20 PM epoch: 162   train loss (per batch): 12.0097   test loss (per batch): 18.8489
07/18/2022 09:14:50 PM epoch: 163   train loss (per batch): 11.9430   test loss (per batch): 18.6236
07/18/2022 09:16:21 PM epoch: 164   train loss (per batch): 11.9464   test loss (per batch): 18.8961
07/18/2022 09:17:50 PM epoch: 165   train loss (per batch): 11.9022   test loss (per batch): 18.8042
07/18/2022 09:19:23 PM epoch: 166   train loss (per batch): 11.8741   test loss (per batch): 18.8026
07/18/2022 09:20:51 PM epoch: 167   train loss (per batch): 11.9349   test loss (per batch): 18.7904
07/18/2022 09:22:24 PM epoch: 168   train loss (per batch): 11.8612   test loss (per batch): 18.7778
07/18/2022 09:23:51 PM epoch: 169   train loss (per batch): 11.8346   test loss (per batch): 18.8678
07/18/2022 09:25:23 PM epoch: 170   train loss (per batch): 11.8137   test loss (per batch): 19.0135
07/18/2022 09:25:23 PM checkpoint saved at epoch 170
07/18/2022 09:26:48 PM epoch: 171   train loss (per batch): 11.7926   test loss (per batch): 18.7986
07/18/2022 09:28:23 PM epoch: 172   train loss (per batch): 11.7525   test loss (per batch): 18.9244
07/18/2022 09:29:51 PM epoch: 173   train loss (per batch): 11.7787   test loss (per batch): 18.9554
07/18/2022 09:31:27 PM epoch: 174   train loss (per batch): 11.7481   test loss (per batch): 18.9473
07/18/2022 09:32:49 PM epoch: 175   train loss (per batch): 11.7443   test loss (per batch): 18.9855
07/18/2022 09:34:25 PM epoch: 176   train loss (per batch): 11.6733   test loss (per batch): 18.9525
07/18/2022 09:35:46 PM epoch: 177   train loss (per batch): 11.6917   test loss (per batch): 18.9296
07/18/2022 09:37:21 PM epoch: 178   train loss (per batch): 11.6375   test loss (per batch): 18.9103
07/18/2022 09:38:44 PM epoch: 179   train loss (per batch): 11.6358   test loss (per batch): 19.1880
07/18/2022 09:40:20 PM epoch: 180   train loss (per batch): 11.5956   test loss (per batch): 18.9356
07/18/2022 09:40:20 PM checkpoint saved at epoch 180
07/18/2022 09:41:44 PM epoch: 181   train loss (per batch): 11.6103   test loss (per batch): 19.0513
07/18/2022 09:43:19 PM epoch: 182   train loss (per batch): 11.5815   test loss (per batch): 19.0250
07/18/2022 09:44:44 PM epoch: 183   train loss (per batch): 11.5441   test loss (per batch): 18.9631
07/18/2022 09:46:17 PM epoch: 184   train loss (per batch): 11.5477   test loss (per batch): 18.8948
07/18/2022 09:47:39 PM epoch: 185   train loss (per batch): 11.4675   test loss (per batch): 19.0045
07/18/2022 09:49:13 PM epoch: 186   train loss (per batch): 11.4926   test loss (per batch): 19.1047
07/18/2022 09:50:35 PM epoch: 187   train loss (per batch): 11.5041   test loss (per batch): 18.9741
07/18/2022 09:52:11 PM epoch: 188   train loss (per batch): 11.4626   test loss (per batch): 18.9978
07/18/2022 09:53:38 PM epoch: 189   train loss (per batch): 11.4737   test loss (per batch): 19.1638
07/18/2022 09:55:14 PM epoch: 190   train loss (per batch): 11.4367   test loss (per batch): 19.1063
07/18/2022 09:55:14 PM checkpoint saved at epoch 190
07/18/2022 09:56:38 PM epoch: 191   train loss (per batch): 11.3722   test loss (per batch): 19.1263
07/18/2022 09:58:14 PM epoch: 192   train loss (per batch): 11.4120   test loss (per batch): 19.0758
07/18/2022 09:59:36 PM epoch: 193   train loss (per batch): 11.3661   test loss (per batch): 19.1324
07/18/2022 10:01:12 PM epoch: 194   train loss (per batch): 11.3568   test loss (per batch): 19.1034
07/18/2022 10:02:32 PM epoch: 195   train loss (per batch): 11.3410   test loss (per batch): 18.9277
07/18/2022 10:04:08 PM epoch: 196   train loss (per batch): 11.2851   test loss (per batch): 19.0528
07/18/2022 10:05:29 PM epoch: 197   train loss (per batch): 11.2805   test loss (per batch): 19.0737
07/18/2022 10:07:05 PM epoch: 198   train loss (per batch): 11.2909   test loss (per batch): 19.0248
07/18/2022 10:08:27 PM epoch: 199   train loss (per batch): 11.3012   test loss (per batch): 19.0809
07/18/2022 10:10:03 PM epoch: 200   train loss (per batch): 11.2455   test loss (per batch): 19.0612
07/18/2022 10:10:03 PM checkpoint saved at epoch 200
07/18/2022 10:11:24 PM epoch: 201   train loss (per batch): 11.2325   test loss (per batch): 19.1136
07/18/2022 10:13:00 PM epoch: 202   train loss (per batch): 11.2147   test loss (per batch): 19.1509
07/18/2022 10:14:20 PM epoch: 203   train loss (per batch): 11.2250   test loss (per batch): 19.1235
07/18/2022 10:15:56 PM epoch: 204   train loss (per batch): 11.2180   test loss (per batch): 19.1955
07/18/2022 10:17:22 PM epoch: 205   train loss (per batch): 11.1490   test loss (per batch): 19.2479
07/18/2022 10:18:56 PM epoch: 206   train loss (per batch): 11.1860   test loss (per batch): 18.9176
07/18/2022 10:20:17 PM epoch: 207   train loss (per batch): 11.1473   test loss (per batch): 19.2668
07/18/2022 10:21:51 PM epoch: 208   train loss (per batch): 11.1370   test loss (per batch): 19.2625
07/18/2022 10:23:17 PM epoch: 209   train loss (per batch): 11.1021   test loss (per batch): 19.2195
07/18/2022 10:24:52 PM epoch: 210   train loss (per batch): 11.0980   test loss (per batch): 19.0909
07/18/2022 10:24:52 PM checkpoint saved at epoch 210
07/18/2022 10:26:15 PM epoch: 211   train loss (per batch): 11.0549   test loss (per batch): 19.1195
07/18/2022 10:27:50 PM epoch: 212   train loss (per batch): 11.0405   test loss (per batch): 19.2389
07/18/2022 10:29:13 PM epoch: 213   train loss (per batch): 11.0461   test loss (per batch): 19.2391
07/18/2022 10:30:49 PM epoch: 214   train loss (per batch): 11.0527   test loss (per batch): 19.1860
07/18/2022 10:32:10 PM epoch: 215   train loss (per batch): 11.0398   test loss (per batch): 18.9947
07/18/2022 10:33:45 PM epoch: 216   train loss (per batch): 10.9932   test loss (per batch): 19.1179
07/18/2022 10:35:06 PM epoch: 217   train loss (per batch): 10.9766   test loss (per batch): 19.2505
07/18/2022 10:36:39 PM epoch: 218   train loss (per batch): 10.9531   test loss (per batch): 19.2655
07/18/2022 10:38:00 PM epoch: 219   train loss (per batch): 10.9463   test loss (per batch): 19.0684
07/18/2022 10:39:34 PM epoch: 220   train loss (per batch): 10.9776   test loss (per batch): 19.0567
07/18/2022 10:39:34 PM checkpoint saved at epoch 220
07/18/2022 10:40:56 PM epoch: 221   train loss (per batch): 10.9526   test loss (per batch): 19.3355
07/18/2022 10:42:27 PM epoch: 222   train loss (per batch): 10.9176   test loss (per batch): 19.2169
07/18/2022 10:43:47 PM epoch: 223   train loss (per batch): 10.8882   test loss (per batch): 19.2531
07/18/2022 10:45:21 PM epoch: 224   train loss (per batch): 10.8598   test loss (per batch): 19.2784
07/18/2022 10:46:43 PM epoch: 225   train loss (per batch): 10.8767   test loss (per batch): 19.2878
07/18/2022 10:48:17 PM epoch: 226   train loss (per batch): 10.8145   test loss (per batch): 19.3051
07/18/2022 10:49:43 PM epoch: 227   train loss (per batch): 10.8676   test loss (per batch): 19.4238
07/18/2022 10:51:18 PM epoch: 228   train loss (per batch): 10.8786   test loss (per batch): 19.2581
07/18/2022 10:52:45 PM epoch: 229   train loss (per batch): 10.8246   test loss (per batch): 19.3602
07/18/2022 10:54:21 PM epoch: 230   train loss (per batch): 10.7879   test loss (per batch): 19.3707
07/18/2022 10:54:21 PM checkpoint saved at epoch 230
07/18/2022 10:55:44 PM epoch: 231   train loss (per batch): 10.8152   test loss (per batch): 19.3195
07/18/2022 10:57:19 PM epoch: 232   train loss (per batch): 10.7405   test loss (per batch): 19.2840
07/18/2022 10:58:41 PM epoch: 233   train loss (per batch): 10.7247   test loss (per batch): 19.5190
07/18/2022 11:00:15 PM epoch: 234   train loss (per batch): 10.7367   test loss (per batch): 19.2160
07/18/2022 11:01:40 PM epoch: 235   train loss (per batch): 10.7543   test loss (per batch): 19.3179
07/18/2022 11:03:13 PM epoch: 236   train loss (per batch): 10.7300   test loss (per batch): 19.4709
07/18/2022 11:04:36 PM epoch: 237   train loss (per batch): 10.7483   test loss (per batch): 19.3546
07/18/2022 11:06:11 PM epoch: 238   train loss (per batch): 10.6318   test loss (per batch): 19.4310
07/18/2022 11:07:33 PM epoch: 239   train loss (per batch): 10.7066   test loss (per batch): 19.4239
07/18/2022 11:09:07 PM epoch: 240   train loss (per batch): 10.6369   test loss (per batch): 19.4891
07/18/2022 11:09:07 PM checkpoint saved at epoch 240
07/18/2022 11:10:28 PM epoch: 241   train loss (per batch): 10.6551   test loss (per batch): 19.4573
07/18/2022 11:12:02 PM epoch: 242   train loss (per batch): 10.6636   test loss (per batch): 19.3488
07/18/2022 11:13:24 PM epoch: 243   train loss (per batch): 10.5928   test loss (per batch): 19.4201
07/18/2022 11:15:01 PM epoch: 244   train loss (per batch): 10.6286   test loss (per batch): 19.4605
07/18/2022 11:16:24 PM epoch: 245   train loss (per batch): 10.6063   test loss (per batch): 19.4132
07/18/2022 11:18:00 PM epoch: 246   train loss (per batch): 10.6214   test loss (per batch): 19.5426
07/18/2022 11:19:23 PM epoch: 247   train loss (per batch): 10.5814   test loss (per batch): 19.5011
07/18/2022 11:20:58 PM epoch: 248   train loss (per batch): 10.5820   test loss (per batch): 19.4400
07/18/2022 11:22:20 PM epoch: 249   train loss (per batch): 10.5161   test loss (per batch): 19.5455
07/18/2022 11:23:56 PM epoch: 250   train loss (per batch): 10.5879   test loss (per batch): 19.5050
07/18/2022 11:23:56 PM checkpoint saved at epoch 250
07/18/2022 11:25:18 PM epoch: 251   train loss (per batch): 10.5073   test loss (per batch): 19.5110
07/18/2022 11:26:54 PM epoch: 252   train loss (per batch): 10.5537   test loss (per batch): 19.4608
07/18/2022 11:28:14 PM epoch: 253   train loss (per batch): 10.5368   test loss (per batch): 19.4872
07/18/2022 11:29:50 PM epoch: 254   train loss (per batch): 10.5484   test loss (per batch): 19.4260
07/18/2022 11:31:12 PM epoch: 255   train loss (per batch): 10.5342   test loss (per batch): 19.5347
07/18/2022 11:32:48 PM epoch: 256   train loss (per batch): 10.4852   test loss (per batch): 19.5226
07/18/2022 11:34:09 PM epoch: 257   train loss (per batch): 10.5062   test loss (per batch): 19.5892
07/18/2022 11:35:45 PM epoch: 258   train loss (per batch): 10.4219   test loss (per batch): 19.5690
07/18/2022 11:37:07 PM epoch: 259   train loss (per batch): 10.4583   test loss (per batch): 19.5934
07/18/2022 11:38:42 PM epoch: 260   train loss (per batch): 10.4326   test loss (per batch): 19.5140
07/18/2022 11:38:42 PM checkpoint saved at epoch 260
07/18/2022 11:40:03 PM epoch: 261   train loss (per batch): 10.4304   test loss (per batch): 19.7223
07/18/2022 11:41:39 PM epoch: 262   train loss (per batch): 10.4753   test loss (per batch): 19.5135
07/18/2022 11:43:00 PM epoch: 263   train loss (per batch): 10.3496   test loss (per batch): 19.5053
07/18/2022 11:44:36 PM epoch: 264   train loss (per batch): 10.4044   test loss (per batch): 19.7401
07/18/2022 11:45:58 PM epoch: 265   train loss (per batch): 10.4032   test loss (per batch): 19.6448
07/18/2022 11:47:34 PM epoch: 266   train loss (per batch): 10.4234   test loss (per batch): 19.6564
07/18/2022 11:48:55 PM epoch: 267   train loss (per batch): 10.3715   test loss (per batch): 19.8310
07/18/2022 11:50:30 PM epoch: 268   train loss (per batch): 10.2829   test loss (per batch): 19.6486
07/18/2022 11:51:51 PM epoch: 269   train loss (per batch): 10.4412   test loss (per batch): 19.5495
07/18/2022 11:53:26 PM epoch: 270   train loss (per batch): 10.3568   test loss (per batch): 19.6756
07/18/2022 11:53:26 PM checkpoint saved at epoch 270
07/18/2022 11:54:46 PM epoch: 271   train loss (per batch): 10.3170   test loss (per batch): 19.5766
07/18/2022 11:56:21 PM epoch: 272   train loss (per batch): 10.3233   test loss (per batch): 19.7706
07/18/2022 11:57:41 PM epoch: 273   train loss (per batch): 10.2729   test loss (per batch): 19.7644
07/18/2022 11:59:16 PM epoch: 274   train loss (per batch): 10.2806   test loss (per batch): 19.7405
07/19/2022 12:00:37 AM epoch: 275   train loss (per batch): 10.3078   test loss (per batch): 19.8774
07/19/2022 12:02:11 AM epoch: 276   train loss (per batch): 10.3042   test loss (per batch): 19.7397
07/19/2022 12:03:33 AM epoch: 277   train loss (per batch): 10.2402   test loss (per batch): 19.6747
07/19/2022 12:05:09 AM epoch: 278   train loss (per batch): 10.1997   test loss (per batch): 19.8451
07/19/2022 12:06:29 AM epoch: 279   train loss (per batch): 10.2105   test loss (per batch): 19.6414
07/19/2022 12:08:04 AM epoch: 280   train loss (per batch): 10.2870   test loss (per batch): 19.6709
07/19/2022 12:08:04 AM checkpoint saved at epoch 280
07/19/2022 12:09:25 AM epoch: 281   train loss (per batch): 10.2379   test loss (per batch): 19.6895
07/19/2022 12:11:01 AM epoch: 282   train loss (per batch): 10.2176   test loss (per batch): 19.6434
07/19/2022 12:12:22 AM epoch: 283   train loss (per batch): 10.1941   test loss (per batch): 19.7582
07/19/2022 12:13:58 AM epoch: 284   train loss (per batch): 10.1693   test loss (per batch): 19.7298
07/19/2022 12:15:18 AM epoch: 285   train loss (per batch): 10.2094   test loss (per batch): 19.8418
07/19/2022 12:16:53 AM epoch: 286   train loss (per batch): 10.2465   test loss (per batch): 19.7438
07/19/2022 12:18:15 AM epoch: 287   train loss (per batch): 10.2254   test loss (per batch): 19.7114
07/19/2022 12:19:48 AM epoch: 288   train loss (per batch): 10.1384   test loss (per batch): 19.8037
07/19/2022 12:21:08 AM epoch: 289   train loss (per batch): 10.1559   test loss (per batch): 19.6889
07/19/2022 12:22:42 AM epoch: 290   train loss (per batch): 10.1454   test loss (per batch): 19.7761
07/19/2022 12:22:42 AM checkpoint saved at epoch 290
07/19/2022 12:24:03 AM epoch: 291   train loss (per batch): 10.1833   test loss (per batch): 19.8644
07/19/2022 12:25:39 AM epoch: 292   train loss (per batch): 10.1219   test loss (per batch): 19.7767
07/19/2022 12:27:01 AM epoch: 293   train loss (per batch): 10.0539   test loss (per batch): 19.7977
07/19/2022 12:28:37 AM epoch: 294   train loss (per batch): 10.1489   test loss (per batch): 19.7769
07/19/2022 12:30:02 AM epoch: 295   train loss (per batch): 10.1257   test loss (per batch): 20.0332
07/19/2022 12:31:37 AM epoch: 296   train loss (per batch): 10.1345   test loss (per batch): 19.9765
07/19/2022 12:32:58 AM epoch: 297   train loss (per batch): 10.0721   test loss (per batch): 19.8062
07/19/2022 12:34:34 AM epoch: 298   train loss (per batch): 10.0625   test loss (per batch): 19.8427
07/19/2022 12:35:56 AM epoch: 299   train loss (per batch): 10.0446   test loss (per batch): 20.0679
07/19/2022 12:37:32 AM epoch: 300   train loss (per batch): 10.0795   test loss (per batch): 19.8557
07/19/2022 12:37:32 AM checkpoint saved at epoch 300
07/19/2022 12:38:53 AM epoch: 301   train loss (per batch): 10.0147   test loss (per batch): 19.7759
07/19/2022 12:40:29 AM epoch: 302   train loss (per batch): 10.0248   test loss (per batch): 19.7989
07/19/2022 12:41:51 AM epoch: 303   train loss (per batch): 10.0797   test loss (per batch): 19.9470
07/19/2022 12:43:27 AM epoch: 304   train loss (per batch): 10.0591   test loss (per batch): 19.8384
07/19/2022 12:44:49 AM epoch: 305   train loss (per batch): 10.0438   test loss (per batch): 19.8622
07/19/2022 12:46:24 AM epoch: 306   train loss (per batch): 9.9770   test loss (per batch): 19.8895
07/19/2022 12:47:45 AM epoch: 307   train loss (per batch): 10.0272   test loss (per batch): 20.0715
07/19/2022 12:49:20 AM epoch: 308   train loss (per batch): 9.9750   test loss (per batch): 19.9123
07/19/2022 12:50:41 AM epoch: 309   train loss (per batch): 9.9657   test loss (per batch): 19.7941
07/19/2022 12:52:16 AM epoch: 310   train loss (per batch): 10.0128   test loss (per batch): 20.0128
07/19/2022 12:52:16 AM checkpoint saved at epoch 310
07/19/2022 12:53:36 AM epoch: 311   train loss (per batch): 10.0017   test loss (per batch): 19.9441
07/19/2022 12:55:10 AM epoch: 312   train loss (per batch): 9.9970   test loss (per batch): 19.9932
07/19/2022 12:56:30 AM epoch: 313   train loss (per batch): 9.9599   test loss (per batch): 20.0174
07/19/2022 12:58:04 AM epoch: 314   train loss (per batch): 9.9539   test loss (per batch): 19.9542
07/19/2022 12:59:24 AM epoch: 315   train loss (per batch): 9.9513   test loss (per batch): 19.8360
07/19/2022 01:00:58 AM epoch: 316   train loss (per batch): 9.9553   test loss (per batch): 19.9190
07/19/2022 01:02:20 AM epoch: 317   train loss (per batch): 9.9079   test loss (per batch): 20.1171
07/19/2022 01:03:54 AM epoch: 318   train loss (per batch): 9.9237   test loss (per batch): 20.0687
07/19/2022 01:05:13 AM epoch: 319   train loss (per batch): 9.9671   test loss (per batch): 20.6698
07/19/2022 01:06:47 AM epoch: 320   train loss (per batch): 9.9548   test loss (per batch): 20.0638
07/19/2022 01:06:47 AM checkpoint saved at epoch 320
07/19/2022 01:08:07 AM epoch: 321   train loss (per batch): 9.8542   test loss (per batch): 20.0592
07/19/2022 01:09:43 AM epoch: 322   train loss (per batch): 9.8586   test loss (per batch): 20.0792
07/19/2022 01:11:03 AM epoch: 323   train loss (per batch): 9.8878   test loss (per batch): 19.8866
07/19/2022 01:12:39 AM epoch: 324   train loss (per batch): 9.8276   test loss (per batch): 19.8735
07/19/2022 01:14:00 AM epoch: 325   train loss (per batch): 9.8245   test loss (per batch): 20.1261
07/19/2022 01:15:35 AM epoch: 326   train loss (per batch): 9.8712   test loss (per batch): 19.9589
07/19/2022 01:16:57 AM epoch: 327   train loss (per batch): 9.8612   test loss (per batch): 20.0434
07/19/2022 01:18:30 AM epoch: 328   train loss (per batch): 9.8064   test loss (per batch): 20.2813
07/19/2022 01:19:51 AM epoch: 329   train loss (per batch): 9.8918   test loss (per batch): 20.1705
07/19/2022 01:21:26 AM epoch: 330   train loss (per batch): 9.8144   test loss (per batch): 20.0636
07/19/2022 01:21:26 AM checkpoint saved at epoch 330
07/19/2022 01:22:47 AM epoch: 331   train loss (per batch): 9.8188   test loss (per batch): 20.0579
07/19/2022 01:24:21 AM epoch: 332   train loss (per batch): 9.8194   test loss (per batch): 20.0008
07/19/2022 01:25:44 AM epoch: 333   train loss (per batch): 9.8487   test loss (per batch): 20.0494
07/19/2022 01:27:19 AM epoch: 334   train loss (per batch): 9.8305   test loss (per batch): 20.0683
07/19/2022 01:28:41 AM epoch: 335   train loss (per batch): 9.8026   test loss (per batch): 20.0415
07/19/2022 01:30:16 AM epoch: 336   train loss (per batch): 9.7599   test loss (per batch): 20.0691
07/19/2022 01:31:37 AM epoch: 337   train loss (per batch): 9.7673   test loss (per batch): 20.1551
07/19/2022 01:33:12 AM epoch: 338   train loss (per batch): 9.8045   test loss (per batch): 20.1559
07/19/2022 01:34:32 AM epoch: 339   train loss (per batch): 9.8073   test loss (per batch): 20.1359
07/19/2022 01:36:06 AM epoch: 340   train loss (per batch): 9.7577   test loss (per batch): 20.2660
07/19/2022 01:36:06 AM checkpoint saved at epoch 340
07/19/2022 01:37:26 AM epoch: 341   train loss (per batch): 9.7522   test loss (per batch): 19.8933
07/19/2022 01:39:01 AM epoch: 342   train loss (per batch): 9.7242   test loss (per batch): 20.1276
07/19/2022 01:40:24 AM epoch: 343   train loss (per batch): 9.7273   test loss (per batch): 20.2204
07/19/2022 01:41:58 AM epoch: 344   train loss (per batch): 9.7506   test loss (per batch): 20.2355
07/19/2022 01:43:18 AM epoch: 345   train loss (per batch): 9.7507   test loss (per batch): 20.0659
07/19/2022 01:44:53 AM epoch: 346   train loss (per batch): 9.7524   test loss (per batch): 20.1238
07/19/2022 01:46:13 AM epoch: 347   train loss (per batch): 9.6978   test loss (per batch): 20.0750
07/19/2022 01:47:47 AM epoch: 348   train loss (per batch): 9.6743   test loss (per batch): 20.2754
07/19/2022 01:49:07 AM epoch: 349   train loss (per batch): 9.7452   test loss (per batch): 20.2831
07/19/2022 01:50:42 AM epoch: 350   train loss (per batch): 9.7561   test loss (per batch): 20.1419
07/19/2022 01:50:42 AM checkpoint saved at epoch 350
07/19/2022 01:52:03 AM epoch: 351   train loss (per batch): 9.6957   test loss (per batch): 20.1355
07/19/2022 01:53:39 AM epoch: 352   train loss (per batch): 9.6318   test loss (per batch): 20.1788
07/19/2022 01:55:04 AM epoch: 353   train loss (per batch): 9.7130   test loss (per batch): 20.2850
07/19/2022 01:56:40 AM epoch: 354   train loss (per batch): 9.6803   test loss (per batch): 20.2450
07/19/2022 01:58:03 AM epoch: 355   train loss (per batch): 9.5825   test loss (per batch): 20.2463
07/19/2022 01:59:37 AM epoch: 356   train loss (per batch): 9.7192   test loss (per batch): 20.2118
07/19/2022 02:00:58 AM epoch: 357   train loss (per batch): 9.6092   test loss (per batch): 20.3237
07/19/2022 02:02:32 AM epoch: 358   train loss (per batch): 9.5731   test loss (per batch): 20.3026
07/19/2022 02:03:54 AM epoch: 359   train loss (per batch): 9.7224   test loss (per batch): 20.1441
07/19/2022 02:05:28 AM epoch: 360   train loss (per batch): 9.6454   test loss (per batch): 20.2480
07/19/2022 02:05:28 AM checkpoint saved at epoch 360
07/19/2022 02:06:49 AM epoch: 361   train loss (per batch): 9.6611   test loss (per batch): 20.4699
07/19/2022 02:08:24 AM epoch: 362   train loss (per batch): 9.6217   test loss (per batch): 20.3027
07/19/2022 02:09:45 AM epoch: 363   train loss (per batch): 9.6251   test loss (per batch): 20.3106
07/19/2022 02:11:20 AM epoch: 364   train loss (per batch): 9.6004   test loss (per batch): 20.3897
07/19/2022 02:12:42 AM epoch: 365   train loss (per batch): 9.5826   test loss (per batch): 20.4039
07/19/2022 02:14:17 AM epoch: 366   train loss (per batch): 9.6145   test loss (per batch): 20.2855
07/19/2022 02:15:38 AM epoch: 367   train loss (per batch): 9.5429   test loss (per batch): 20.3288
07/19/2022 02:17:12 AM epoch: 368   train loss (per batch): 9.6138   test loss (per batch): 20.4738
07/19/2022 02:18:33 AM epoch: 369   train loss (per batch): 9.7298   test loss (per batch): 20.4798
07/19/2022 02:20:07 AM epoch: 370   train loss (per batch): 9.5889   test loss (per batch): 20.3319
07/19/2022 02:20:07 AM checkpoint saved at epoch 370
07/19/2022 02:21:28 AM epoch: 371   train loss (per batch): 9.4927   test loss (per batch): 20.3284
07/19/2022 02:23:03 AM epoch: 372   train loss (per batch): 9.5748   test loss (per batch): 20.3904
07/19/2022 02:24:24 AM epoch: 373   train loss (per batch): 9.5087   test loss (per batch): 20.3504
07/19/2022 02:25:58 AM epoch: 374   train loss (per batch): 9.5312   test loss (per batch): 20.3427
07/19/2022 02:27:18 AM epoch: 375   train loss (per batch): 9.5514   test loss (per batch): 20.2578
07/19/2022 02:28:53 AM epoch: 376   train loss (per batch): 9.5497   test loss (per batch): 20.4254
07/19/2022 02:30:14 AM epoch: 377   train loss (per batch): 9.5363   test loss (per batch): 20.2824
07/19/2022 02:31:46 AM epoch: 378   train loss (per batch): 9.5004   test loss (per batch): 20.3519
07/19/2022 02:33:07 AM epoch: 379   train loss (per batch): 9.4691   test loss (per batch): 20.5336
07/19/2022 02:34:42 AM epoch: 380   train loss (per batch): 9.4848   test loss (per batch): 20.4462
07/19/2022 02:34:42 AM checkpoint saved at epoch 380
07/19/2022 02:36:05 AM epoch: 381   train loss (per batch): 9.5758   test loss (per batch): 20.5079
07/19/2022 02:37:39 AM epoch: 382   train loss (per batch): 9.4822   test loss (per batch): 20.4207
07/19/2022 02:39:00 AM epoch: 383   train loss (per batch): 9.4996   test loss (per batch): 20.5536
07/19/2022 02:40:35 AM epoch: 384   train loss (per batch): 9.4564   test loss (per batch): 20.4388
07/19/2022 02:41:55 AM epoch: 385   train loss (per batch): 9.5362   test loss (per batch): 20.5364
07/19/2022 02:43:29 AM epoch: 386   train loss (per batch): 9.4971   test loss (per batch): 20.4680
07/19/2022 02:44:50 AM epoch: 387   train loss (per batch): 9.4754   test loss (per batch): 20.3481
07/19/2022 02:46:26 AM epoch: 388   train loss (per batch): 9.4573   test loss (per batch): 20.5035
07/19/2022 02:47:48 AM epoch: 389   train loss (per batch): 9.4430   test loss (per batch): 20.4263
07/19/2022 02:49:24 AM epoch: 390   train loss (per batch): 9.4626   test loss (per batch): 20.3488
07/19/2022 02:49:24 AM checkpoint saved at epoch 390
07/19/2022 02:50:46 AM epoch: 391   train loss (per batch): 9.5116   test loss (per batch): 20.3676
07/19/2022 02:52:21 AM epoch: 392   train loss (per batch): 9.4465   test loss (per batch): 20.4865
07/19/2022 02:53:40 AM epoch: 393   train loss (per batch): 9.4678   test loss (per batch): 20.6006
07/19/2022 02:55:14 AM epoch: 394   train loss (per batch): 9.5014   test loss (per batch): 20.3648
07/19/2022 02:56:33 AM epoch: 395   train loss (per batch): 9.4188   test loss (per batch): 20.4554
07/19/2022 02:58:09 AM epoch: 396   train loss (per batch): 9.4574   test loss (per batch): 20.6487
07/19/2022 02:59:30 AM epoch: 397   train loss (per batch): 9.4377   test loss (per batch): 20.5100
07/19/2022 03:01:06 AM epoch: 398   train loss (per batch): 9.4626   test loss (per batch): 20.6232
07/19/2022 03:02:26 AM epoch: 399   train loss (per batch): 9.4250   test loss (per batch): 20.4017
07/19/2022 03:04:02 AM epoch: 400   train loss (per batch): 9.3226   test loss (per batch): 20.4356
07/19/2022 03:04:02 AM checkpoint saved at epoch 400
07/19/2022 03:04:02 AM == Training Completes (401 epochs trained, best epoch at 139 with test loss per batch = 18.6207) ===
