07/19/2022 03:15:33 PM ******************************************* COMMAND LINE *******************************************
07/19/2022 03:15:33 PM train.py --task finetune --use_density --lr 0.0005

07/19/2022 03:15:33 PM ************************************** EXPERIMENT INFORMATION **************************************
07/19/2022 03:15:33 PM Task: finetune
07/19/2022 03:15:33 PM Experiment Name: exp_T_F_F_7_6_5
07/19/2022 03:15:33 PM Number of Epochs: 401, Learning Rate: 0.0005, Batch Size: 32 

07/19/2022 03:15:33 PM ***************************************** DATA INFORMATION *****************************************
07/19/2022 03:15:33 PM Use Density: True; Use Truck Speed: False; Use Personal Vehicle Speed: False
07/19/2022 03:15:33 PM Input Sequence Length: 7; Output Sequence Lenth: 6; Output Frequency: 5 

07/19/2022 03:15:33 PM ***************************************** LOADING PROGRESS *****************************************
07/19/2022 03:15:34 PM successfully loaded checkpoint from                     ./checkpoints/LR/best_exp_T_F_F_7_6_5.pt 
                    ./checkpoints/rec/best_exp_T_F_F_7_6_5.pt 
                    ./checkpoints/nonrec/best_exp_T_F_F_7_6_5.pt 
07/19/2022 03:15:34 PM successfully loaded data 

07/19/2022 03:15:34 PM ========================================= Training Starts ==========================================
07/19/2022 03:15:34 PM please check tensorboard for plots of experiment ./logs/finetune/exp_T_F_F_7_6_5
07/19/2022 03:15:34 PM please check logging messages at ./logs/finetune/exp_T_F_F_7_6_5/training.log
07/19/2022 03:16:26 PM epoch: 0   train loss (per batch): 118.0683   test loss (per batch): 32.3613
07/19/2022 03:16:26 PM checkpoint saved at epoch 0
07/19/2022 03:16:26 PM best model saved at epoch 0
07/19/2022 03:17:20 PM epoch: 1   train loss (per batch): 30.9995   test loss (per batch): 30.0927
07/19/2022 03:17:20 PM best model saved at epoch 1
07/19/2022 03:18:17 PM epoch: 2   train loss (per batch): 29.3940   test loss (per batch): 28.5038
07/19/2022 03:18:17 PM best model saved at epoch 2
07/19/2022 03:19:17 PM epoch: 3   train loss (per batch): 28.6818   test loss (per batch): 28.4633
07/19/2022 03:19:17 PM best model saved at epoch 3
07/19/2022 03:20:19 PM epoch: 4   train loss (per batch): 28.1937   test loss (per batch): 28.2112
07/19/2022 03:20:19 PM best model saved at epoch 4
07/19/2022 03:21:20 PM epoch: 5   train loss (per batch): 27.8887   test loss (per batch): 27.3793
07/19/2022 03:21:20 PM best model saved at epoch 5
07/19/2022 03:22:24 PM epoch: 6   train loss (per batch): 27.9104   test loss (per batch): 27.4977
07/19/2022 03:23:31 PM epoch: 7   train loss (per batch): 27.4327   test loss (per batch): 27.1814
07/19/2022 03:23:31 PM best model saved at epoch 7
07/19/2022 03:24:40 PM epoch: 8   train loss (per batch): 27.2902   test loss (per batch): 27.1370
07/19/2022 03:24:40 PM best model saved at epoch 8
07/19/2022 03:25:51 PM epoch: 9   train loss (per batch): 27.1959   test loss (per batch): 27.2462
07/19/2022 03:27:00 PM epoch: 10   train loss (per batch): 26.9644   test loss (per batch): 26.8078
07/19/2022 03:27:00 PM checkpoint saved at epoch 10
07/19/2022 03:27:00 PM best model saved at epoch 10
07/19/2022 03:28:11 PM epoch: 11   train loss (per batch): 26.7836   test loss (per batch): 26.9662
07/19/2022 03:29:19 PM epoch: 12   train loss (per batch): 26.8275   test loss (per batch): 26.8015
07/19/2022 03:29:19 PM best model saved at epoch 12
07/19/2022 03:30:30 PM epoch: 13   train loss (per batch): 26.6734   test loss (per batch): 26.5951
07/19/2022 03:30:30 PM best model saved at epoch 13
07/19/2022 03:31:40 PM epoch: 14   train loss (per batch): 26.4797   test loss (per batch): 27.0298
07/19/2022 03:32:52 PM epoch: 15   train loss (per batch): 26.3286   test loss (per batch): 26.2414
07/19/2022 03:32:52 PM best model saved at epoch 15
07/19/2022 03:34:04 PM epoch: 16   train loss (per batch): 26.2834   test loss (per batch): 26.1389
07/19/2022 03:34:04 PM best model saved at epoch 16
07/19/2022 03:35:17 PM epoch: 17   train loss (per batch): 25.8529   test loss (per batch): 26.2857
07/19/2022 03:36:30 PM epoch: 18   train loss (per batch): 25.8239   test loss (per batch): 25.8451
07/19/2022 03:36:30 PM best model saved at epoch 18
07/19/2022 03:37:46 PM epoch: 19   train loss (per batch): 25.6226   test loss (per batch): 25.4905
07/19/2022 03:37:46 PM best model saved at epoch 19
07/19/2022 03:39:01 PM epoch: 20   train loss (per batch): 25.3927   test loss (per batch): 25.8727
07/19/2022 03:39:01 PM checkpoint saved at epoch 20
07/19/2022 03:40:16 PM epoch: 21   train loss (per batch): 25.0873   test loss (per batch): 25.4973
07/19/2022 03:41:31 PM epoch: 22   train loss (per batch): 24.8854   test loss (per batch): 25.5020
07/19/2022 03:42:49 PM epoch: 23   train loss (per batch): 24.5025   test loss (per batch): 25.3386
07/19/2022 03:42:49 PM best model saved at epoch 23
07/19/2022 03:44:06 PM epoch: 24   train loss (per batch): 24.2939   test loss (per batch): 25.0004
07/19/2022 03:44:06 PM best model saved at epoch 24
07/19/2022 03:45:24 PM epoch: 25   train loss (per batch): 24.1104   test loss (per batch): 24.6789
07/19/2022 03:45:24 PM best model saved at epoch 25
07/19/2022 03:46:43 PM epoch: 26   train loss (per batch): 23.7234   test loss (per batch): 24.3696
07/19/2022 03:46:43 PM best model saved at epoch 26
07/19/2022 03:48:03 PM epoch: 27   train loss (per batch): 23.5116   test loss (per batch): 24.4003
07/19/2022 03:49:23 PM epoch: 28   train loss (per batch): 23.2799   test loss (per batch): 24.2191
07/19/2022 03:49:23 PM best model saved at epoch 28
07/19/2022 03:50:43 PM epoch: 29   train loss (per batch): 22.9502   test loss (per batch): 23.9477
07/19/2022 03:50:43 PM best model saved at epoch 29
07/19/2022 03:52:02 PM epoch: 30   train loss (per batch): 22.6514   test loss (per batch): 23.8909
07/19/2022 03:52:02 PM checkpoint saved at epoch 30
07/19/2022 03:52:02 PM best model saved at epoch 30
07/19/2022 03:53:24 PM epoch: 31   train loss (per batch): 22.4221   test loss (per batch): 23.5713
07/19/2022 03:53:24 PM best model saved at epoch 31
07/19/2022 03:54:44 PM epoch: 32   train loss (per batch): 22.2065   test loss (per batch): 23.3224
07/19/2022 03:54:44 PM best model saved at epoch 32
07/19/2022 03:56:06 PM epoch: 33   train loss (per batch): 21.9219   test loss (per batch): 23.1555
07/19/2022 03:56:06 PM best model saved at epoch 33
07/19/2022 03:57:28 PM epoch: 34   train loss (per batch): 21.7053   test loss (per batch): 23.0454
07/19/2022 03:57:28 PM best model saved at epoch 34
07/19/2022 03:58:52 PM epoch: 35   train loss (per batch): 21.5038   test loss (per batch): 22.9209
07/19/2022 03:58:52 PM best model saved at epoch 35
07/19/2022 04:00:16 PM epoch: 36   train loss (per batch): 21.2602   test loss (per batch): 22.8072
07/19/2022 04:00:16 PM best model saved at epoch 36
07/19/2022 04:01:41 PM epoch: 37   train loss (per batch): 21.0294   test loss (per batch): 22.6114
07/19/2022 04:01:41 PM best model saved at epoch 37
07/19/2022 04:03:04 PM epoch: 38   train loss (per batch): 20.7709   test loss (per batch): 22.5923
07/19/2022 04:03:04 PM best model saved at epoch 38
07/19/2022 04:04:29 PM epoch: 39   train loss (per batch): 20.4594   test loss (per batch): 22.3615
07/19/2022 04:04:29 PM best model saved at epoch 39
07/19/2022 04:05:53 PM epoch: 40   train loss (per batch): 20.4004   test loss (per batch): 22.2542
07/19/2022 04:05:53 PM checkpoint saved at epoch 40
07/19/2022 04:05:53 PM best model saved at epoch 40
07/19/2022 04:07:20 PM epoch: 41   train loss (per batch): 20.2249   test loss (per batch): 21.9611
07/19/2022 04:07:20 PM best model saved at epoch 41
07/19/2022 04:08:45 PM epoch: 42   train loss (per batch): 19.9101   test loss (per batch): 21.7676
07/19/2022 04:08:45 PM best model saved at epoch 42
07/19/2022 04:10:12 PM epoch: 43   train loss (per batch): 19.7271   test loss (per batch): 21.8922
07/19/2022 04:11:36 PM epoch: 44   train loss (per batch): 19.4787   test loss (per batch): 21.5267
07/19/2022 04:11:36 PM best model saved at epoch 44
07/19/2022 04:13:02 PM epoch: 45   train loss (per batch): 19.2339   test loss (per batch): 21.6337
07/19/2022 04:14:25 PM epoch: 46   train loss (per batch): 19.0763   test loss (per batch): 21.4640
07/19/2022 04:14:25 PM best model saved at epoch 46
07/19/2022 04:15:53 PM epoch: 47   train loss (per batch): 18.9855   test loss (per batch): 21.2181
07/19/2022 04:15:53 PM best model saved at epoch 47
07/19/2022 04:17:17 PM epoch: 48   train loss (per batch): 18.8451   test loss (per batch): 20.9868
07/19/2022 04:17:17 PM best model saved at epoch 48
07/19/2022 04:18:45 PM epoch: 49   train loss (per batch): 18.6259   test loss (per batch): 20.9396
07/19/2022 04:18:45 PM best model saved at epoch 49
07/19/2022 04:20:09 PM epoch: 50   train loss (per batch): 18.4446   test loss (per batch): 20.7377
07/19/2022 04:20:09 PM checkpoint saved at epoch 50
07/19/2022 04:20:09 PM best model saved at epoch 50
07/19/2022 04:21:36 PM epoch: 51   train loss (per batch): 18.3608   test loss (per batch): 21.0236
07/19/2022 04:23:01 PM epoch: 52   train loss (per batch): 18.1835   test loss (per batch): 20.7379
07/19/2022 04:24:27 PM epoch: 53   train loss (per batch): 18.0110   test loss (per batch): 20.5837
07/19/2022 04:24:27 PM best model saved at epoch 53
07/19/2022 04:25:51 PM epoch: 54   train loss (per batch): 17.8887   test loss (per batch): 20.7400
07/19/2022 04:27:17 PM epoch: 55   train loss (per batch): 17.7225   test loss (per batch): 20.4978
07/19/2022 04:27:17 PM best model saved at epoch 55
07/19/2022 04:28:41 PM epoch: 56   train loss (per batch): 17.5551   test loss (per batch): 20.7881
07/19/2022 04:30:08 PM epoch: 57   train loss (per batch): 17.3976   test loss (per batch): 20.2896
07/19/2022 04:30:08 PM best model saved at epoch 57
07/19/2022 04:31:34 PM epoch: 58   train loss (per batch): 17.4148   test loss (per batch): 20.3373
07/19/2022 04:33:01 PM epoch: 59   train loss (per batch): 17.2134   test loss (per batch): 20.2509
07/19/2022 04:33:01 PM best model saved at epoch 59
07/19/2022 04:34:28 PM epoch: 60   train loss (per batch): 17.1271   test loss (per batch): 20.3615
07/19/2022 04:34:28 PM checkpoint saved at epoch 60
07/19/2022 04:35:56 PM epoch: 61   train loss (per batch): 16.9130   test loss (per batch): 20.0495
07/19/2022 04:35:56 PM best model saved at epoch 61
07/19/2022 04:37:23 PM epoch: 62   train loss (per batch): 16.7938   test loss (per batch): 20.0444
07/19/2022 04:37:23 PM best model saved at epoch 62
07/19/2022 04:38:52 PM epoch: 63   train loss (per batch): 16.7120   test loss (per batch): 20.2071
07/19/2022 04:40:17 PM epoch: 64   train loss (per batch): 16.6031   test loss (per batch): 19.9174
07/19/2022 04:40:17 PM best model saved at epoch 64
07/19/2022 04:41:46 PM epoch: 65   train loss (per batch): 16.6021   test loss (per batch): 20.0403
07/19/2022 04:43:12 PM epoch: 66   train loss (per batch): 16.3947   test loss (per batch): 19.8742
07/19/2022 04:43:12 PM best model saved at epoch 66
07/19/2022 04:44:40 PM epoch: 67   train loss (per batch): 16.3478   test loss (per batch): 19.8822
07/19/2022 04:46:06 PM epoch: 68   train loss (per batch): 16.1638   test loss (per batch): 19.7041
07/19/2022 04:46:06 PM best model saved at epoch 68
07/19/2022 04:47:34 PM epoch: 69   train loss (per batch): 16.1265   test loss (per batch): 19.7724
07/19/2022 04:49:03 PM epoch: 70   train loss (per batch): 16.0598   test loss (per batch): 19.5861
07/19/2022 04:49:03 PM checkpoint saved at epoch 70
07/19/2022 04:49:03 PM best model saved at epoch 70
07/19/2022 04:50:33 PM epoch: 71   train loss (per batch): 15.9274   test loss (per batch): 19.7210
07/19/2022 04:52:01 PM epoch: 72   train loss (per batch): 15.8490   test loss (per batch): 19.5040
07/19/2022 04:52:01 PM best model saved at epoch 72
07/19/2022 04:53:30 PM epoch: 73   train loss (per batch): 15.7301   test loss (per batch): 19.4707
07/19/2022 04:53:30 PM best model saved at epoch 73
07/19/2022 04:54:58 PM epoch: 74   train loss (per batch): 15.6866   test loss (per batch): 19.7640
07/19/2022 04:56:28 PM epoch: 75   train loss (per batch): 15.5414   test loss (per batch): 19.4264
07/19/2022 04:56:28 PM best model saved at epoch 75
07/19/2022 04:57:57 PM epoch: 76   train loss (per batch): 15.4215   test loss (per batch): 19.3016
07/19/2022 04:57:57 PM best model saved at epoch 76
07/19/2022 04:59:26 PM epoch: 77   train loss (per batch): 15.4664   test loss (per batch): 19.4672
07/19/2022 05:00:55 PM epoch: 78   train loss (per batch): 15.2935   test loss (per batch): 19.3211
07/19/2022 05:02:26 PM epoch: 79   train loss (per batch): 15.2599   test loss (per batch): 19.5238
07/19/2022 05:03:55 PM epoch: 80   train loss (per batch): 15.1743   test loss (per batch): 19.3520
07/19/2022 05:03:55 PM checkpoint saved at epoch 80
07/19/2022 05:05:25 PM epoch: 81   train loss (per batch): 15.1135   test loss (per batch): 19.1422
07/19/2022 05:05:25 PM best model saved at epoch 81
07/19/2022 05:06:54 PM epoch: 82   train loss (per batch): 15.0546   test loss (per batch): 19.3227
07/19/2022 05:08:24 PM epoch: 83   train loss (per batch): 14.9466   test loss (per batch): 19.3853
07/19/2022 05:09:53 PM epoch: 84   train loss (per batch): 14.8694   test loss (per batch): 19.3307
07/19/2022 05:11:24 PM epoch: 85   train loss (per batch): 14.8181   test loss (per batch): 19.4424
07/19/2022 05:12:53 PM epoch: 86   train loss (per batch): 14.6917   test loss (per batch): 19.0401
07/19/2022 05:12:53 PM best model saved at epoch 86
07/19/2022 05:14:23 PM epoch: 87   train loss (per batch): 14.7083   test loss (per batch): 19.2662
07/19/2022 05:15:52 PM epoch: 88   train loss (per batch): 14.5817   test loss (per batch): 19.2986
07/19/2022 05:17:23 PM epoch: 89   train loss (per batch): 14.5519   test loss (per batch): 19.2010
07/19/2022 05:18:53 PM epoch: 90   train loss (per batch): 14.5027   test loss (per batch): 19.1986
07/19/2022 05:18:53 PM checkpoint saved at epoch 90
07/19/2022 05:20:22 PM epoch: 91   train loss (per batch): 14.3616   test loss (per batch): 19.0338
07/19/2022 05:20:22 PM best model saved at epoch 91
07/19/2022 05:21:53 PM epoch: 92   train loss (per batch): 14.4066   test loss (per batch): 19.1012
07/19/2022 05:23:23 PM epoch: 93   train loss (per batch): 14.3357   test loss (per batch): 19.0602
07/19/2022 05:24:54 PM epoch: 94   train loss (per batch): 14.2048   test loss (per batch): 19.2222
07/19/2022 05:26:24 PM epoch: 95   train loss (per batch): 14.1927   test loss (per batch): 19.1360
07/19/2022 05:27:54 PM epoch: 96   train loss (per batch): 14.1526   test loss (per batch): 19.0708
07/19/2022 05:29:25 PM epoch: 97   train loss (per batch): 14.0475   test loss (per batch): 19.2269
07/19/2022 05:30:56 PM epoch: 98   train loss (per batch): 13.9729   test loss (per batch): 19.1029
07/19/2022 05:32:28 PM epoch: 99   train loss (per batch): 13.9733   test loss (per batch): 19.0560
07/19/2022 05:33:58 PM epoch: 100   train loss (per batch): 13.9194   test loss (per batch): 19.1237
07/19/2022 05:33:58 PM checkpoint saved at epoch 100
07/19/2022 05:35:28 PM epoch: 101   train loss (per batch): 13.8940   test loss (per batch): 18.9787
07/19/2022 05:35:28 PM best model saved at epoch 101
07/19/2022 05:36:59 PM epoch: 102   train loss (per batch): 13.8031   test loss (per batch): 19.1487
07/19/2022 05:38:31 PM epoch: 103   train loss (per batch): 13.8295   test loss (per batch): 19.1706
07/19/2022 05:40:01 PM epoch: 104   train loss (per batch): 13.7299   test loss (per batch): 19.1862
07/19/2022 05:41:33 PM epoch: 105   train loss (per batch): 13.6178   test loss (per batch): 19.0167
07/19/2022 05:43:05 PM epoch: 106   train loss (per batch): 13.6475   test loss (per batch): 18.9708
07/19/2022 05:43:05 PM best model saved at epoch 106
07/19/2022 05:44:38 PM epoch: 107   train loss (per batch): 13.5574   test loss (per batch): 18.9512
07/19/2022 05:44:38 PM best model saved at epoch 107
07/19/2022 05:46:11 PM epoch: 108   train loss (per batch): 13.5132   test loss (per batch): 18.9723
07/19/2022 05:47:44 PM epoch: 109   train loss (per batch): 13.4760   test loss (per batch): 18.9701
07/19/2022 05:49:15 PM epoch: 110   train loss (per batch): 13.4792   test loss (per batch): 18.9106
07/19/2022 05:49:15 PM checkpoint saved at epoch 110
07/19/2022 05:49:15 PM best model saved at epoch 110
07/19/2022 05:50:47 PM epoch: 111   train loss (per batch): 13.4059   test loss (per batch): 19.0627
07/19/2022 05:52:17 PM epoch: 112   train loss (per batch): 13.3293   test loss (per batch): 18.9323
07/19/2022 05:53:49 PM epoch: 113   train loss (per batch): 13.2692   test loss (per batch): 18.9996
07/19/2022 05:55:19 PM epoch: 114   train loss (per batch): 13.2522   test loss (per batch): 19.0858
07/19/2022 05:56:51 PM epoch: 115   train loss (per batch): 13.2314   test loss (per batch): 18.9405
07/19/2022 05:58:20 PM epoch: 116   train loss (per batch): 13.1765   test loss (per batch): 18.9431
07/19/2022 05:59:49 PM epoch: 117   train loss (per batch): 13.0870   test loss (per batch): 19.1435
07/19/2022 06:01:18 PM epoch: 118   train loss (per batch): 13.0641   test loss (per batch): 19.0010
07/19/2022 06:02:48 PM epoch: 119   train loss (per batch): 13.0709   test loss (per batch): 19.1850
07/19/2022 06:04:15 PM epoch: 120   train loss (per batch): 12.9952   test loss (per batch): 19.0605
07/19/2022 06:04:15 PM checkpoint saved at epoch 120
07/19/2022 06:05:44 PM epoch: 121   train loss (per batch): 12.9905   test loss (per batch): 18.9364
07/19/2022 06:07:16 PM epoch: 122   train loss (per batch): 12.8330   test loss (per batch): 19.1394
07/19/2022 06:08:44 PM epoch: 123   train loss (per batch): 12.8833   test loss (per batch): 19.1544
07/19/2022 06:10:15 PM epoch: 124   train loss (per batch): 12.8854   test loss (per batch): 18.9825
07/19/2022 06:11:43 PM epoch: 125   train loss (per batch): 12.8005   test loss (per batch): 18.7679
07/19/2022 06:11:43 PM best model saved at epoch 125
07/19/2022 06:13:16 PM epoch: 126   train loss (per batch): 12.7191   test loss (per batch): 18.9942
07/19/2022 06:14:43 PM epoch: 127   train loss (per batch): 12.7643   test loss (per batch): 18.9820
07/19/2022 06:16:17 PM epoch: 128   train loss (per batch): 12.6853   test loss (per batch): 19.1711
07/19/2022 06:17:44 PM epoch: 129   train loss (per batch): 12.7288   test loss (per batch): 18.8818
07/19/2022 06:19:17 PM epoch: 130   train loss (per batch): 12.6105   test loss (per batch): 19.0113
07/19/2022 06:19:17 PM checkpoint saved at epoch 130
07/19/2022 06:20:42 PM epoch: 131   train loss (per batch): 12.6802   test loss (per batch): 19.0803
07/19/2022 06:22:17 PM epoch: 132   train loss (per batch): 12.5994   test loss (per batch): 19.1004
07/19/2022 06:23:43 PM epoch: 133   train loss (per batch): 12.5291   test loss (per batch): 19.0117
07/19/2022 06:25:15 PM epoch: 134   train loss (per batch): 12.5145   test loss (per batch): 19.1112
07/19/2022 06:26:42 PM epoch: 135   train loss (per batch): 12.4750   test loss (per batch): 19.1518
07/19/2022 06:28:15 PM epoch: 136   train loss (per batch): 12.3951   test loss (per batch): 19.0930
07/19/2022 06:29:41 PM epoch: 137   train loss (per batch): 12.3826   test loss (per batch): 19.0207
07/19/2022 06:31:17 PM epoch: 138   train loss (per batch): 12.3317   test loss (per batch): 18.9781
07/19/2022 06:32:40 PM epoch: 139   train loss (per batch): 12.3333   test loss (per batch): 19.1148
07/19/2022 06:34:16 PM epoch: 140   train loss (per batch): 12.2773   test loss (per batch): 19.0254
07/19/2022 06:34:16 PM checkpoint saved at epoch 140
07/19/2022 06:35:39 PM epoch: 141   train loss (per batch): 12.2673   test loss (per batch): 19.0548
07/19/2022 06:37:15 PM epoch: 142   train loss (per batch): 12.2757   test loss (per batch): 19.0259
07/19/2022 06:38:37 PM epoch: 143   train loss (per batch): 12.2339   test loss (per batch): 19.0272
07/19/2022 06:40:14 PM epoch: 144   train loss (per batch): 12.1464   test loss (per batch): 19.0349
07/19/2022 06:41:36 PM epoch: 145   train loss (per batch): 12.1651   test loss (per batch): 19.1419
07/19/2022 06:43:13 PM epoch: 146   train loss (per batch): 12.1397   test loss (per batch): 19.0297
07/19/2022 06:44:33 PM epoch: 147   train loss (per batch): 12.0971   test loss (per batch): 19.1086
07/19/2022 06:46:08 PM epoch: 148   train loss (per batch): 12.1506   test loss (per batch): 19.2226
07/19/2022 06:47:29 PM epoch: 149   train loss (per batch): 12.0221   test loss (per batch): 19.2234
07/19/2022 06:49:05 PM epoch: 150   train loss (per batch): 12.0839   test loss (per batch): 19.1395
07/19/2022 06:49:05 PM checkpoint saved at epoch 150
07/19/2022 06:50:27 PM epoch: 151   train loss (per batch): 11.9601   test loss (per batch): 19.0194
07/19/2022 06:52:02 PM epoch: 152   train loss (per batch): 11.9336   test loss (per batch): 19.1104
07/19/2022 06:53:23 PM epoch: 153   train loss (per batch): 11.9547   test loss (per batch): 19.2376
07/19/2022 06:54:58 PM epoch: 154   train loss (per batch): 11.9027   test loss (per batch): 19.3657
07/19/2022 06:56:20 PM epoch: 155   train loss (per batch): 11.9231   test loss (per batch): 19.2289
07/19/2022 06:57:55 PM epoch: 156   train loss (per batch): 11.8742   test loss (per batch): 19.2857
07/19/2022 06:59:17 PM epoch: 157   train loss (per batch): 11.8535   test loss (per batch): 19.0858
07/19/2022 07:00:51 PM epoch: 158   train loss (per batch): 11.7735   test loss (per batch): 19.0697
07/19/2022 07:02:14 PM epoch: 159   train loss (per batch): 11.7307   test loss (per batch): 19.2143
07/19/2022 07:03:48 PM epoch: 160   train loss (per batch): 11.7728   test loss (per batch): 19.2068
07/19/2022 07:03:48 PM checkpoint saved at epoch 160
07/19/2022 07:05:11 PM epoch: 161   train loss (per batch): 11.7317   test loss (per batch): 19.2025
07/19/2022 07:06:46 PM epoch: 162   train loss (per batch): 11.7098   test loss (per batch): 19.3992
07/19/2022 07:08:08 PM epoch: 163   train loss (per batch): 11.7252   test loss (per batch): 19.2142
07/19/2022 07:09:44 PM epoch: 164   train loss (per batch): 11.6647   test loss (per batch): 19.2593
07/19/2022 07:11:08 PM epoch: 165   train loss (per batch): 11.6518   test loss (per batch): 19.4353
07/19/2022 07:12:44 PM epoch: 166   train loss (per batch): 11.6363   test loss (per batch): 19.4051
07/19/2022 07:14:05 PM epoch: 167   train loss (per batch): 11.5671   test loss (per batch): 19.3186
07/19/2022 07:15:42 PM epoch: 168   train loss (per batch): 11.5823   test loss (per batch): 19.1678
07/19/2022 07:17:02 PM epoch: 169   train loss (per batch): 11.5462   test loss (per batch): 19.2651
07/19/2022 07:18:37 PM epoch: 170   train loss (per batch): 11.5167   test loss (per batch): 19.3234
07/19/2022 07:18:37 PM checkpoint saved at epoch 170
07/19/2022 07:19:58 PM epoch: 171   train loss (per batch): 11.4834   test loss (per batch): 19.3073
07/19/2022 07:21:34 PM epoch: 172   train loss (per batch): 11.5209   test loss (per batch): 19.2484
07/19/2022 07:22:55 PM epoch: 173   train loss (per batch): 11.4330   test loss (per batch): 19.3197
07/19/2022 07:24:30 PM epoch: 174   train loss (per batch): 11.4648   test loss (per batch): 19.4191
07/19/2022 07:25:52 PM epoch: 175   train loss (per batch): 11.4086   test loss (per batch): 19.3075
07/19/2022 07:27:27 PM epoch: 176   train loss (per batch): 11.4178   test loss (per batch): 19.2573
07/19/2022 07:28:47 PM epoch: 177   train loss (per batch): 11.3618   test loss (per batch): 19.3736
07/19/2022 07:30:22 PM epoch: 178   train loss (per batch): 11.3481   test loss (per batch): 19.3690
07/19/2022 07:31:46 PM epoch: 179   train loss (per batch): 11.2895   test loss (per batch): 19.4236
07/19/2022 07:33:25 PM epoch: 180   train loss (per batch): 11.3477   test loss (per batch): 19.4352
07/19/2022 07:33:25 PM checkpoint saved at epoch 180
07/19/2022 07:34:48 PM epoch: 181   train loss (per batch): 11.3641   test loss (per batch): 19.4197
07/19/2022 07:36:25 PM epoch: 182   train loss (per batch): 11.2698   test loss (per batch): 19.4338
07/19/2022 07:37:45 PM epoch: 183   train loss (per batch): 11.2882   test loss (per batch): 19.3808
07/19/2022 07:39:20 PM epoch: 184   train loss (per batch): 11.2235   test loss (per batch): 19.4034
07/19/2022 07:40:42 PM epoch: 185   train loss (per batch): 11.1840   test loss (per batch): 19.4521
07/19/2022 07:42:17 PM epoch: 186   train loss (per batch): 11.2242   test loss (per batch): 19.4656
07/19/2022 07:43:40 PM epoch: 187   train loss (per batch): 11.1868   test loss (per batch): 19.3217
07/19/2022 07:45:15 PM epoch: 188   train loss (per batch): 11.1311   test loss (per batch): 19.5446
07/19/2022 07:46:34 PM epoch: 189   train loss (per batch): 11.1777   test loss (per batch): 19.4429
07/19/2022 07:48:08 PM epoch: 190   train loss (per batch): 11.1281   test loss (per batch): 19.2197
07/19/2022 07:48:08 PM checkpoint saved at epoch 190
07/19/2022 07:49:29 PM epoch: 191   train loss (per batch): 11.0597   test loss (per batch): 19.6631
07/19/2022 07:51:03 PM epoch: 192   train loss (per batch): 11.1466   test loss (per batch): 19.4605
07/19/2022 07:52:23 PM epoch: 193   train loss (per batch): 11.0550   test loss (per batch): 19.6148
07/19/2022 07:53:59 PM epoch: 194   train loss (per batch): 11.0164   test loss (per batch): 19.4263
07/19/2022 07:55:20 PM epoch: 195   train loss (per batch): 11.0447   test loss (per batch): 19.4839
07/19/2022 07:56:56 PM epoch: 196   train loss (per batch): 10.9590   test loss (per batch): 19.4097
07/19/2022 07:58:21 PM epoch: 197   train loss (per batch): 11.0357   test loss (per batch): 19.7451
07/19/2022 07:59:56 PM epoch: 198   train loss (per batch): 10.9712   test loss (per batch): 19.6175
07/19/2022 08:01:21 PM epoch: 199   train loss (per batch): 10.9458   test loss (per batch): 19.4664
07/19/2022 08:02:56 PM epoch: 200   train loss (per batch): 10.9380   test loss (per batch): 19.4097
07/19/2022 08:02:56 PM checkpoint saved at epoch 200
07/19/2022 08:04:19 PM epoch: 201   train loss (per batch): 10.8951   test loss (per batch): 19.6295
07/19/2022 08:05:57 PM epoch: 202   train loss (per batch): 10.9269   test loss (per batch): 19.6622
07/19/2022 08:07:19 PM epoch: 203   train loss (per batch): 10.9240   test loss (per batch): 19.4608
07/19/2022 08:08:55 PM epoch: 204   train loss (per batch): 10.8675   test loss (per batch): 19.4685
07/19/2022 08:10:14 PM epoch: 205   train loss (per batch): 10.8968   test loss (per batch): 19.6406
07/19/2022 08:11:48 PM epoch: 206   train loss (per batch): 10.8517   test loss (per batch): 19.7287
07/19/2022 08:13:08 PM epoch: 207   train loss (per batch): 10.8377   test loss (per batch): 19.6444
07/19/2022 08:14:45 PM epoch: 208   train loss (per batch): 10.7846   test loss (per batch): 19.6807
07/19/2022 08:16:10 PM epoch: 209   train loss (per batch): 10.8151   test loss (per batch): 19.5449
07/19/2022 08:17:48 PM epoch: 210   train loss (per batch): 10.8344   test loss (per batch): 19.6531
07/19/2022 08:17:48 PM checkpoint saved at epoch 210
07/19/2022 08:19:10 PM epoch: 211   train loss (per batch): 10.7866   test loss (per batch): 19.6363
07/19/2022 08:20:48 PM epoch: 212   train loss (per batch): 10.7205   test loss (per batch): 19.8038
07/19/2022 08:22:10 PM epoch: 213   train loss (per batch): 10.7493   test loss (per batch): 19.6563
07/19/2022 08:23:47 PM epoch: 214   train loss (per batch): 10.7225   test loss (per batch): 19.6901
07/19/2022 08:25:14 PM epoch: 215   train loss (per batch): 10.6832   test loss (per batch): 19.7004
07/19/2022 08:26:53 PM epoch: 216   train loss (per batch): 10.7643   test loss (per batch): 19.7444
07/19/2022 08:28:16 PM epoch: 217   train loss (per batch): 10.6770   test loss (per batch): 19.6856
07/19/2022 08:30:06 PM epoch: 218   train loss (per batch): 10.6349   test loss (per batch): 19.7340
07/19/2022 08:31:31 PM epoch: 219   train loss (per batch): 10.6152   test loss (per batch): 19.7661
07/19/2022 08:33:09 PM epoch: 220   train loss (per batch): 10.6290   test loss (per batch): 19.6597
07/19/2022 08:33:09 PM checkpoint saved at epoch 220
07/19/2022 08:34:34 PM epoch: 221   train loss (per batch): 10.6170   test loss (per batch): 19.6279
07/19/2022 08:36:11 PM epoch: 222   train loss (per batch): 10.5910   test loss (per batch): 19.6258
07/19/2022 08:37:35 PM epoch: 223   train loss (per batch): 10.5802   test loss (per batch): 19.9147
07/19/2022 08:39:12 PM epoch: 224   train loss (per batch): 10.5799   test loss (per batch): 19.8313
07/19/2022 08:40:37 PM epoch: 225   train loss (per batch): 10.6256   test loss (per batch): 19.8947
07/19/2022 08:42:13 PM epoch: 226   train loss (per batch): 10.5332   test loss (per batch): 19.8880
07/19/2022 08:43:38 PM epoch: 227   train loss (per batch): 10.5013   test loss (per batch): 19.7507
07/19/2022 08:45:14 PM epoch: 228   train loss (per batch): 10.4986   test loss (per batch): 19.8719
07/19/2022 08:46:39 PM epoch: 229   train loss (per batch): 10.4814   test loss (per batch): 19.9171
07/19/2022 08:48:16 PM epoch: 230   train loss (per batch): 10.5522   test loss (per batch): 19.6988
07/19/2022 08:48:16 PM checkpoint saved at epoch 230
07/19/2022 08:49:42 PM epoch: 231   train loss (per batch): 10.5047   test loss (per batch): 20.1710
07/19/2022 08:51:17 PM epoch: 232   train loss (per batch): 10.4627   test loss (per batch): 19.8399
07/19/2022 08:52:41 PM epoch: 233   train loss (per batch): 10.4560   test loss (per batch): 19.8702
07/19/2022 08:54:16 PM epoch: 234   train loss (per batch): 10.4276   test loss (per batch): 19.8386
07/19/2022 08:55:40 PM epoch: 235   train loss (per batch): 10.3750   test loss (per batch): 19.7492
07/19/2022 08:57:16 PM epoch: 236   train loss (per batch): 10.4509   test loss (per batch): 19.8122
07/19/2022 08:58:43 PM epoch: 237   train loss (per batch): 10.3756   test loss (per batch): 19.7874
07/19/2022 09:00:18 PM epoch: 238   train loss (per batch): 10.4116   test loss (per batch): 19.9908
07/19/2022 09:01:44 PM epoch: 239   train loss (per batch): 10.3526   test loss (per batch): 20.0029
07/19/2022 09:03:18 PM epoch: 240   train loss (per batch): 10.3614   test loss (per batch): 19.9048
07/19/2022 09:03:18 PM checkpoint saved at epoch 240
07/19/2022 09:04:43 PM epoch: 241   train loss (per batch): 10.3595   test loss (per batch): 19.8836
07/19/2022 09:06:20 PM epoch: 242   train loss (per batch): 10.3502   test loss (per batch): 20.0137
07/19/2022 09:07:45 PM epoch: 243   train loss (per batch): 10.2943   test loss (per batch): 20.0158
07/19/2022 09:09:19 PM epoch: 244   train loss (per batch): 10.3590   test loss (per batch): 20.0326
07/19/2022 09:10:46 PM epoch: 245   train loss (per batch): 10.3262   test loss (per batch): 20.1338
07/19/2022 09:12:23 PM epoch: 246   train loss (per batch): 10.2222   test loss (per batch): 19.9469
07/19/2022 09:13:50 PM epoch: 247   train loss (per batch): 10.2578   test loss (per batch): 19.9770
07/19/2022 09:15:27 PM epoch: 248   train loss (per batch): 10.2862   test loss (per batch): 19.9987
07/19/2022 09:16:54 PM epoch: 249   train loss (per batch): 10.3041   test loss (per batch): 20.0191
07/19/2022 09:18:30 PM epoch: 250   train loss (per batch): 10.2518   test loss (per batch): 20.1837
07/19/2022 09:18:30 PM checkpoint saved at epoch 250
07/19/2022 09:19:58 PM epoch: 251   train loss (per batch): 10.1533   test loss (per batch): 19.9796
07/19/2022 09:21:33 PM epoch: 252   train loss (per batch): 10.1835   test loss (per batch): 19.9536
07/19/2022 09:22:57 PM epoch: 253   train loss (per batch): 10.2327   test loss (per batch): 19.9276
07/19/2022 09:24:32 PM epoch: 254   train loss (per batch): 10.2225   test loss (per batch): 20.0558
07/19/2022 09:25:55 PM epoch: 255   train loss (per batch): 10.1710   test loss (per batch): 20.0554
07/19/2022 09:27:29 PM epoch: 256   train loss (per batch): 10.2058   test loss (per batch): 19.8989
07/19/2022 09:28:53 PM epoch: 257   train loss (per batch): 10.1432   test loss (per batch): 20.0763
07/19/2022 09:30:30 PM epoch: 258   train loss (per batch): 10.1525   test loss (per batch): 20.1682
07/19/2022 09:31:53 PM epoch: 259   train loss (per batch): 10.1368   test loss (per batch): 20.1370
07/19/2022 09:33:29 PM epoch: 260   train loss (per batch): 10.1459   test loss (per batch): 20.2313
07/19/2022 09:33:29 PM checkpoint saved at epoch 260
07/19/2022 09:34:51 PM epoch: 261   train loss (per batch): 10.0547   test loss (per batch): 20.1824
07/19/2022 09:36:27 PM epoch: 262   train loss (per batch): 10.1043   test loss (per batch): 20.2129
07/19/2022 09:37:48 PM epoch: 263   train loss (per batch): 10.1658   test loss (per batch): 20.2926
07/19/2022 09:39:24 PM epoch: 264   train loss (per batch): 10.0998   test loss (per batch): 20.0358
07/19/2022 09:40:47 PM epoch: 265   train loss (per batch): 10.0370   test loss (per batch): 20.1113
07/19/2022 09:42:23 PM epoch: 266   train loss (per batch): 10.0522   test loss (per batch): 20.0739
07/19/2022 09:43:47 PM epoch: 267   train loss (per batch): 10.1014   test loss (per batch): 20.2178
07/19/2022 09:45:24 PM epoch: 268   train loss (per batch): 10.0772   test loss (per batch): 20.5546
07/19/2022 09:46:44 PM epoch: 269   train loss (per batch): 10.0320   test loss (per batch): 20.2096
07/19/2022 09:48:21 PM epoch: 270   train loss (per batch): 10.0235   test loss (per batch): 20.1692
07/19/2022 09:48:21 PM checkpoint saved at epoch 270
07/19/2022 09:49:42 PM epoch: 271   train loss (per batch): 10.0265   test loss (per batch): 20.1380
07/19/2022 09:51:17 PM epoch: 272   train loss (per batch): 9.9841   test loss (per batch): 20.2081
07/19/2022 09:52:37 PM epoch: 273   train loss (per batch): 9.9683   test loss (per batch): 20.2610
07/19/2022 09:54:13 PM epoch: 274   train loss (per batch): 9.9491   test loss (per batch): 20.2742
07/19/2022 09:55:34 PM epoch: 275   train loss (per batch): 10.0819   test loss (per batch): 20.3447
07/19/2022 09:57:11 PM epoch: 276   train loss (per batch): 10.0117   test loss (per batch): 20.3161
07/19/2022 09:58:33 PM epoch: 277   train loss (per batch): 9.9564   test loss (per batch): 20.3169
07/19/2022 10:00:09 PM epoch: 278   train loss (per batch): 9.9498   test loss (per batch): 20.2507
07/19/2022 10:01:29 PM epoch: 279   train loss (per batch): 9.9484   test loss (per batch): 20.2780
07/19/2022 10:03:04 PM epoch: 280   train loss (per batch): 9.9700   test loss (per batch): 20.4351
07/19/2022 10:03:04 PM checkpoint saved at epoch 280
07/19/2022 10:04:26 PM epoch: 281   train loss (per batch): 9.9112   test loss (per batch): 20.2560
07/19/2022 10:06:02 PM epoch: 282   train loss (per batch): 9.8975   test loss (per batch): 20.3454
07/19/2022 10:07:23 PM epoch: 283   train loss (per batch): 9.9679   test loss (per batch): 20.2392
07/19/2022 10:08:59 PM epoch: 284   train loss (per batch): 9.9519   test loss (per batch): 20.2592
07/19/2022 10:10:19 PM epoch: 285   train loss (per batch): 9.8507   test loss (per batch): 20.3634
07/19/2022 10:11:54 PM epoch: 286   train loss (per batch): 9.8443   test loss (per batch): 20.3537
07/19/2022 10:13:15 PM epoch: 287   train loss (per batch): 9.9422   test loss (per batch): 20.1328
07/19/2022 10:14:50 PM epoch: 288   train loss (per batch): 9.8070   test loss (per batch): 20.2600
07/19/2022 10:16:10 PM epoch: 289   train loss (per batch): 9.9035   test loss (per batch): 20.3813
07/19/2022 10:17:46 PM epoch: 290   train loss (per batch): 9.8172   test loss (per batch): 20.2102
07/19/2022 10:17:46 PM checkpoint saved at epoch 290
07/19/2022 10:19:10 PM epoch: 291   train loss (per batch): 9.7871   test loss (per batch): 20.4141
07/19/2022 10:20:45 PM epoch: 292   train loss (per batch): 9.7666   test loss (per batch): 20.3496
07/19/2022 10:22:07 PM epoch: 293   train loss (per batch): 9.8101   test loss (per batch): 20.4305
07/19/2022 10:23:42 PM epoch: 294   train loss (per batch): 9.8885   test loss (per batch): 20.4256
07/19/2022 10:25:02 PM epoch: 295   train loss (per batch): 9.7379   test loss (per batch): 20.4276
07/19/2022 10:26:37 PM epoch: 296   train loss (per batch): 9.8310   test loss (per batch): 20.3814
07/19/2022 10:27:59 PM epoch: 297   train loss (per batch): 9.7577   test loss (per batch): 20.3716
07/19/2022 10:29:33 PM epoch: 298   train loss (per batch): 9.7585   test loss (per batch): 20.4194
07/19/2022 10:30:54 PM epoch: 299   train loss (per batch): 9.7545   test loss (per batch): 20.5022
07/19/2022 10:32:30 PM epoch: 300   train loss (per batch): 9.8032   test loss (per batch): 20.5462
07/19/2022 10:32:30 PM checkpoint saved at epoch 300
07/19/2022 10:33:51 PM epoch: 301   train loss (per batch): 9.7819   test loss (per batch): 20.4060
07/19/2022 10:35:27 PM epoch: 302   train loss (per batch): 9.6956   test loss (per batch): 20.4115
07/19/2022 10:36:48 PM epoch: 303   train loss (per batch): 9.7093   test loss (per batch): 20.4600
07/19/2022 10:38:22 PM epoch: 304   train loss (per batch): 9.6942   test loss (per batch): 20.4580
07/19/2022 10:39:46 PM epoch: 305   train loss (per batch): 9.7417   test loss (per batch): 20.4080
07/19/2022 10:41:25 PM epoch: 306   train loss (per batch): 9.7896   test loss (per batch): 20.3591
07/19/2022 10:42:48 PM epoch: 307   train loss (per batch): 9.6738   test loss (per batch): 20.6437
07/19/2022 10:44:25 PM epoch: 308   train loss (per batch): 9.7754   test loss (per batch): 20.4477
07/19/2022 10:45:46 PM epoch: 309   train loss (per batch): 9.6273   test loss (per batch): 20.6100
07/19/2022 10:47:22 PM epoch: 310   train loss (per batch): 9.6649   test loss (per batch): 20.6757
07/19/2022 10:47:22 PM checkpoint saved at epoch 310
07/19/2022 10:48:42 PM epoch: 311   train loss (per batch): 9.6304   test loss (per batch): 20.5447
07/19/2022 10:50:17 PM epoch: 312   train loss (per batch): 9.6859   test loss (per batch): 20.5378
07/19/2022 10:51:39 PM epoch: 313   train loss (per batch): 9.6659   test loss (per batch): 20.5567
07/19/2022 10:53:15 PM epoch: 314   train loss (per batch): 9.6147   test loss (per batch): 20.5422
07/19/2022 10:54:38 PM epoch: 315   train loss (per batch): 9.6315   test loss (per batch): 20.8012
07/19/2022 10:56:16 PM epoch: 316   train loss (per batch): 9.6501   test loss (per batch): 20.4472
07/19/2022 10:57:37 PM epoch: 317   train loss (per batch): 9.6456   test loss (per batch): 20.4271
07/19/2022 10:59:12 PM epoch: 318   train loss (per batch): 9.6084   test loss (per batch): 20.6715
07/19/2022 11:00:33 PM epoch: 319   train loss (per batch): 9.6275   test loss (per batch): 20.6272
07/19/2022 11:02:07 PM epoch: 320   train loss (per batch): 9.6232   test loss (per batch): 20.5353
07/19/2022 11:02:07 PM checkpoint saved at epoch 320
07/19/2022 11:03:28 PM epoch: 321   train loss (per batch): 9.5870   test loss (per batch): 20.5107
07/19/2022 11:05:03 PM epoch: 322   train loss (per batch): 9.5800   test loss (per batch): 20.7133
07/19/2022 11:06:22 PM epoch: 323   train loss (per batch): 9.5756   test loss (per batch): 20.4650
07/19/2022 11:07:56 PM epoch: 324   train loss (per batch): 9.5355   test loss (per batch): 20.7139
07/19/2022 11:09:16 PM epoch: 325   train loss (per batch): 9.6047   test loss (per batch): 20.6742
07/19/2022 11:10:51 PM epoch: 326   train loss (per batch): 9.5623   test loss (per batch): 20.5077
07/19/2022 11:12:10 PM epoch: 327   train loss (per batch): 9.5616   test loss (per batch): 20.5630
07/19/2022 11:13:46 PM epoch: 328   train loss (per batch): 9.5574   test loss (per batch): 20.6981
07/19/2022 11:15:06 PM epoch: 329   train loss (per batch): 9.5890   test loss (per batch): 20.5251
07/19/2022 11:16:41 PM epoch: 330   train loss (per batch): 9.5614   test loss (per batch): 20.6254
07/19/2022 11:16:41 PM checkpoint saved at epoch 330
07/19/2022 11:18:01 PM epoch: 331   train loss (per batch): 9.4892   test loss (per batch): 20.7567
07/19/2022 11:19:36 PM epoch: 332   train loss (per batch): 9.4780   test loss (per batch): 20.7757
07/19/2022 11:20:55 PM epoch: 333   train loss (per batch): 9.5239   test loss (per batch): 20.7432
07/19/2022 11:22:31 PM epoch: 334   train loss (per batch): 9.4579   test loss (per batch): 20.7613
07/19/2022 11:23:51 PM epoch: 335   train loss (per batch): 9.4941   test loss (per batch): 20.6223
07/19/2022 11:25:26 PM epoch: 336   train loss (per batch): 9.4724   test loss (per batch): 20.7062
07/19/2022 11:26:46 PM epoch: 337   train loss (per batch): 9.4617   test loss (per batch): 20.8061
07/19/2022 11:28:22 PM epoch: 338   train loss (per batch): 9.5734   test loss (per batch): 20.6524
07/19/2022 11:29:40 PM epoch: 339   train loss (per batch): 9.4198   test loss (per batch): 20.7975
07/19/2022 11:31:17 PM epoch: 340   train loss (per batch): 9.4002   test loss (per batch): 20.8455
07/19/2022 11:31:17 PM checkpoint saved at epoch 340
07/19/2022 11:32:37 PM epoch: 341   train loss (per batch): 9.4543   test loss (per batch): 20.8136
07/19/2022 11:34:13 PM epoch: 342   train loss (per batch): 9.4297   test loss (per batch): 20.7294
07/19/2022 11:35:32 PM epoch: 343   train loss (per batch): 9.4529   test loss (per batch): 20.7957
07/19/2022 11:37:07 PM epoch: 344   train loss (per batch): 9.4389   test loss (per batch): 20.8206
07/19/2022 11:38:27 PM epoch: 345   train loss (per batch): 9.4632   test loss (per batch): 20.7904
07/19/2022 11:40:06 PM epoch: 346   train loss (per batch): 9.4480   test loss (per batch): 20.6527
07/19/2022 11:41:29 PM epoch: 347   train loss (per batch): 9.3906   test loss (per batch): 20.9365
07/19/2022 11:43:07 PM epoch: 348   train loss (per batch): 9.3682   test loss (per batch): 20.6514
07/19/2022 11:44:26 PM epoch: 349   train loss (per batch): 9.3843   test loss (per batch): 20.7187
07/19/2022 11:46:03 PM epoch: 350   train loss (per batch): 9.3747   test loss (per batch): 20.9544
07/19/2022 11:46:03 PM checkpoint saved at epoch 350
07/19/2022 11:47:26 PM epoch: 351   train loss (per batch): 9.3432   test loss (per batch): 20.9527
07/19/2022 11:49:04 PM epoch: 352   train loss (per batch): 9.4335   test loss (per batch): 20.8878
07/19/2022 11:50:29 PM epoch: 353   train loss (per batch): 9.3560   test loss (per batch): 20.7316
07/19/2022 11:52:10 PM epoch: 354   train loss (per batch): 9.4217   test loss (per batch): 20.8857
07/19/2022 11:53:32 PM epoch: 355   train loss (per batch): 9.3522   test loss (per batch): 20.8829
07/19/2022 11:55:08 PM epoch: 356   train loss (per batch): 9.3344   test loss (per batch): 20.9643
07/19/2022 11:56:31 PM epoch: 357   train loss (per batch): 9.3503   test loss (per batch): 20.7487
07/19/2022 11:58:08 PM epoch: 358   train loss (per batch): 9.3664   test loss (per batch): 20.7970
07/19/2022 11:59:32 PM epoch: 359   train loss (per batch): 9.3449   test loss (per batch): 20.7936
07/20/2022 12:01:21 AM epoch: 360   train loss (per batch): 9.3267   test loss (per batch): 20.7696
07/20/2022 12:01:21 AM checkpoint saved at epoch 360
07/20/2022 12:02:48 AM epoch: 361   train loss (per batch): 9.2834   test loss (per batch): 20.7790
07/20/2022 12:04:23 AM epoch: 362   train loss (per batch): 9.2763   test loss (per batch): 20.8985
07/20/2022 12:05:41 AM epoch: 363   train loss (per batch): 9.3634   test loss (per batch): 20.9990
07/20/2022 12:07:16 AM epoch: 364   train loss (per batch): 9.2942   test loss (per batch): 20.9408
07/20/2022 12:08:35 AM epoch: 365   train loss (per batch): 9.3486   test loss (per batch): 20.8921
07/20/2022 12:10:19 AM epoch: 366   train loss (per batch): 9.2351   test loss (per batch): 20.9305
07/20/2022 12:11:49 AM epoch: 367   train loss (per batch): 9.2366   test loss (per batch): 20.9191
07/20/2022 12:13:25 AM epoch: 368   train loss (per batch): 9.2250   test loss (per batch): 20.8691
07/20/2022 12:14:44 AM epoch: 369   train loss (per batch): 9.3518   test loss (per batch): 20.8880
07/20/2022 12:16:35 AM epoch: 370   train loss (per batch): 9.2603   test loss (per batch): 20.9855
07/20/2022 12:16:35 AM checkpoint saved at epoch 370
07/20/2022 12:17:54 AM epoch: 371   train loss (per batch): 9.3099   test loss (per batch): 20.9821
07/20/2022 12:19:29 AM epoch: 372   train loss (per batch): 9.2770   test loss (per batch): 20.8267
07/20/2022 12:20:50 AM epoch: 373   train loss (per batch): 9.2605   test loss (per batch): 20.9090
07/20/2022 12:22:29 AM epoch: 374   train loss (per batch): 9.2247   test loss (per batch): 21.0934
07/20/2022 12:24:00 AM epoch: 375   train loss (per batch): 9.2810   test loss (per batch): 20.9730
07/20/2022 12:25:37 AM epoch: 376   train loss (per batch): 9.2555   test loss (per batch): 21.1821
07/20/2022 12:26:57 AM epoch: 377   train loss (per batch): 9.2321   test loss (per batch): 20.9140
07/20/2022 12:28:32 AM epoch: 378   train loss (per batch): 9.2039   test loss (per batch): 20.8942
07/20/2022 12:29:52 AM epoch: 379   train loss (per batch): 9.2272   test loss (per batch): 20.8567
07/20/2022 12:31:26 AM epoch: 380   train loss (per batch): 9.1792   test loss (per batch): 21.0619
07/20/2022 12:31:26 AM checkpoint saved at epoch 380
07/20/2022 12:32:45 AM epoch: 381   train loss (per batch): 9.1331   test loss (per batch): 21.0352
07/20/2022 12:34:19 AM epoch: 382   train loss (per batch): 9.2406   test loss (per batch): 20.9178
07/20/2022 12:35:39 AM epoch: 383   train loss (per batch): 9.1975   test loss (per batch): 21.0755
07/20/2022 12:37:14 AM epoch: 384   train loss (per batch): 9.2320   test loss (per batch): 20.9375
07/20/2022 12:38:34 AM epoch: 385   train loss (per batch): 9.2120   test loss (per batch): 21.0965
07/20/2022 12:40:09 AM epoch: 386   train loss (per batch): 9.1410   test loss (per batch): 21.0740
07/20/2022 12:41:36 AM epoch: 387   train loss (per batch): 9.1437   test loss (per batch): 21.0195
07/20/2022 12:43:16 AM epoch: 388   train loss (per batch): 9.1817   test loss (per batch): 21.0693
07/20/2022 12:44:41 AM epoch: 389   train loss (per batch): 9.1221   test loss (per batch): 21.0574
07/20/2022 12:46:21 AM epoch: 390   train loss (per batch): 9.1708   test loss (per batch): 20.9964
07/20/2022 12:46:21 AM checkpoint saved at epoch 390
07/20/2022 12:47:46 AM epoch: 391   train loss (per batch): 9.1039   test loss (per batch): 20.9225
07/20/2022 12:49:28 AM epoch: 392   train loss (per batch): 9.1647   test loss (per batch): 21.0533
07/20/2022 12:50:57 AM epoch: 393   train loss (per batch): 9.1220   test loss (per batch): 21.0473
07/20/2022 12:52:38 AM epoch: 394   train loss (per batch): 9.1797   test loss (per batch): 21.0657
07/20/2022 12:53:57 AM epoch: 395   train loss (per batch): 9.1919   test loss (per batch): 21.2083
07/20/2022 12:55:32 AM epoch: 396   train loss (per batch): 9.1427   test loss (per batch): 21.0477
07/20/2022 12:56:51 AM epoch: 397   train loss (per batch): 9.0853   test loss (per batch): 20.9520
07/20/2022 12:58:27 AM epoch: 398   train loss (per batch): 9.1104   test loss (per batch): 21.0891
07/20/2022 12:59:51 AM epoch: 399   train loss (per batch): 9.1089   test loss (per batch): 21.1630
07/20/2022 01:01:27 AM epoch: 400   train loss (per batch): 9.1533   test loss (per batch): 21.1155
07/20/2022 01:01:27 AM checkpoint saved at epoch 400
07/20/2022 01:01:27 AM == Training Completes (401 epochs trained, best epoch at 125 with test loss per batch = 18.7679) ===
