07/17/2022 03:06:49 AM ******************************************* COMMAND LINE *******************************************
07/17/2022 03:06:49 AM train.py --task base --lr 0.0005

07/17/2022 03:06:49 AM ************************************** EXPERIMENT INFORMATION **************************************
07/17/2022 03:06:49 AM Task: base
07/17/2022 03:06:49 AM Experiment Name: exp_F_F_F_7_6_5
07/17/2022 03:06:49 AM Number of Epochs: 500, Learning Rate: 0.0005, Batch Size: 32 

07/17/2022 03:06:49 AM ***************************************** DATA INFORMATION *****************************************
07/17/2022 03:06:49 AM Use Density: False; Use Truck Speed: False; Use Personal Vehicle Speed: False
07/17/2022 03:06:49 AM Input Sequence Length: 7; Output Sequence Lenth: 6; Output Frequency: 5 

07/17/2022 03:06:49 AM ***************************************** LOADING PROGRESS *****************************************
07/17/2022 03:06:50 AM successfully loaded data 

07/17/2022 03:06:50 AM ========================================= Training Starts ==========================================
07/17/2022 03:06:50 AM please check tensorboard for plots of experiment ./logs/base/exp_F_F_F_7_6_5
07/17/2022 03:06:50 AM please check logging messages at ./logs/base/exp_F_F_F_7_6_5/training.log
07/17/2022 03:07:21 AM epoch: 0   train loss (per batch): 184.0304   test loss (per batch): 47.8750
07/17/2022 03:07:21 AM checkpoint saved at epoch 0
07/17/2022 03:07:21 AM best model saved at epoch 0
07/17/2022 03:07:52 AM epoch: 1   train loss (per batch): 48.1814   test loss (per batch): 47.9147
07/17/2022 03:08:21 AM epoch: 2   train loss (per batch): 48.2117   test loss (per batch): 47.7557
07/17/2022 03:08:21 AM best model saved at epoch 2
07/17/2022 03:08:51 AM epoch: 3   train loss (per batch): 48.1204   test loss (per batch): 46.9275
07/17/2022 03:08:51 AM best model saved at epoch 3
07/17/2022 03:09:23 AM epoch: 4   train loss (per batch): 45.3470   test loss (per batch): 39.3747
07/17/2022 03:09:23 AM best model saved at epoch 4
07/17/2022 03:09:56 AM epoch: 5   train loss (per batch): 36.7625   test loss (per batch): 35.8541
07/17/2022 03:09:56 AM best model saved at epoch 5
07/17/2022 03:10:29 AM epoch: 6   train loss (per batch): 35.7791   test loss (per batch): 34.7055
07/17/2022 03:10:29 AM best model saved at epoch 6
07/17/2022 03:11:03 AM epoch: 7   train loss (per batch): 34.4228   test loss (per batch): 33.7746
07/17/2022 03:11:03 AM best model saved at epoch 7
07/17/2022 03:11:39 AM epoch: 8   train loss (per batch): 33.9504   test loss (per batch): 33.5176
07/17/2022 03:11:39 AM best model saved at epoch 8
07/17/2022 03:12:28 AM epoch: 9   train loss (per batch): 33.6329   test loss (per batch): 33.2595
07/17/2022 03:12:28 AM best model saved at epoch 9
07/17/2022 03:13:46 AM epoch: 10   train loss (per batch): 33.3051   test loss (per batch): 32.8376
07/17/2022 03:13:46 AM checkpoint saved at epoch 10
07/17/2022 03:13:46 AM best model saved at epoch 10
07/17/2022 03:15:36 AM epoch: 11   train loss (per batch): 32.8731   test loss (per batch): 32.5009
07/17/2022 03:15:36 AM best model saved at epoch 11
07/17/2022 03:17:38 AM epoch: 12   train loss (per batch): 32.5475   test loss (per batch): 32.3432
07/17/2022 03:17:38 AM best model saved at epoch 12
07/17/2022 03:19:47 AM epoch: 13   train loss (per batch): 32.2369   test loss (per batch): 32.0438
07/17/2022 03:19:47 AM best model saved at epoch 13
07/17/2022 03:21:38 AM epoch: 14   train loss (per batch): 31.9695   test loss (per batch): 31.8059
07/17/2022 03:21:38 AM best model saved at epoch 14
07/17/2022 03:23:32 AM epoch: 15   train loss (per batch): 31.6938   test loss (per batch): 31.8118
07/17/2022 03:25:27 AM epoch: 16   train loss (per batch): 31.4529   test loss (per batch): 31.3106
07/17/2022 03:25:27 AM best model saved at epoch 16
07/17/2022 03:27:16 AM epoch: 17   train loss (per batch): 31.2156   test loss (per batch): 31.1880
07/17/2022 03:27:16 AM best model saved at epoch 17
07/17/2022 03:29:19 AM epoch: 18   train loss (per batch): 31.0040   test loss (per batch): 30.9346
07/17/2022 03:29:19 AM best model saved at epoch 18
07/17/2022 03:31:10 AM epoch: 19   train loss (per batch): 30.7470   test loss (per batch): 30.8018
07/17/2022 03:31:10 AM best model saved at epoch 19
07/17/2022 03:32:52 AM epoch: 20   train loss (per batch): 30.5171   test loss (per batch): 30.5421
07/17/2022 03:32:52 AM checkpoint saved at epoch 20
07/17/2022 03:32:52 AM best model saved at epoch 20
07/17/2022 03:34:43 AM epoch: 21   train loss (per batch): 30.3125   test loss (per batch): 30.3947
07/17/2022 03:34:43 AM best model saved at epoch 21
07/17/2022 03:36:44 AM epoch: 22   train loss (per batch): 30.0706   test loss (per batch): 30.3259
07/17/2022 03:36:44 AM best model saved at epoch 22
07/17/2022 03:38:37 AM epoch: 23   train loss (per batch): 29.8823   test loss (per batch): 29.9766
07/17/2022 03:38:37 AM best model saved at epoch 23
07/17/2022 03:40:35 AM epoch: 24   train loss (per batch): 29.6428   test loss (per batch): 29.7851
07/17/2022 03:40:35 AM best model saved at epoch 24
07/17/2022 03:42:44 AM epoch: 25   train loss (per batch): 29.4370   test loss (per batch): 29.6244
07/17/2022 03:42:44 AM best model saved at epoch 25
07/17/2022 03:44:56 AM epoch: 26   train loss (per batch): 29.2387   test loss (per batch): 29.5319
07/17/2022 03:44:56 AM best model saved at epoch 26
07/17/2022 03:47:08 AM epoch: 27   train loss (per batch): 28.9920   test loss (per batch): 29.2728
07/17/2022 03:47:08 AM best model saved at epoch 27
07/17/2022 03:49:11 AM epoch: 28   train loss (per batch): 28.7648   test loss (per batch): 29.0839
07/17/2022 03:49:11 AM best model saved at epoch 28
07/17/2022 03:51:17 AM epoch: 29   train loss (per batch): 28.5288   test loss (per batch): 28.8485
07/17/2022 03:51:17 AM best model saved at epoch 29
07/17/2022 03:53:10 AM epoch: 30   train loss (per batch): 28.2919   test loss (per batch): 28.6919
07/17/2022 03:53:10 AM checkpoint saved at epoch 30
07/17/2022 03:53:10 AM best model saved at epoch 30
07/17/2022 03:55:26 AM epoch: 31   train loss (per batch): 28.0492   test loss (per batch): 28.5425
07/17/2022 03:55:26 AM best model saved at epoch 31
07/17/2022 03:57:52 AM epoch: 32   train loss (per batch): 27.8082   test loss (per batch): 28.3333
07/17/2022 03:57:52 AM best model saved at epoch 32
07/17/2022 03:59:54 AM epoch: 33   train loss (per batch): 27.5463   test loss (per batch): 28.2187
07/17/2022 03:59:54 AM best model saved at epoch 33
07/17/2022 04:01:42 AM epoch: 34   train loss (per batch): 27.3132   test loss (per batch): 27.8284
07/17/2022 04:01:42 AM best model saved at epoch 34
07/17/2022 04:03:43 AM epoch: 35   train loss (per batch): 27.0568   test loss (per batch): 27.6913
07/17/2022 04:03:43 AM best model saved at epoch 35
07/17/2022 04:05:57 AM epoch: 36   train loss (per batch): 26.8209   test loss (per batch): 27.4950
07/17/2022 04:05:57 AM best model saved at epoch 36
07/17/2022 04:07:48 AM epoch: 37   train loss (per batch): 26.5997   test loss (per batch): 27.3863
07/17/2022 04:07:48 AM best model saved at epoch 37
07/17/2022 04:09:35 AM epoch: 38   train loss (per batch): 26.3493   test loss (per batch): 27.0786
07/17/2022 04:09:35 AM best model saved at epoch 38
07/17/2022 04:11:29 AM epoch: 39   train loss (per batch): 26.1381   test loss (per batch): 27.0056
07/17/2022 04:11:29 AM best model saved at epoch 39
07/17/2022 04:13:25 AM epoch: 40   train loss (per batch): 25.9117   test loss (per batch): 26.6296
07/17/2022 04:13:25 AM checkpoint saved at epoch 40
07/17/2022 04:13:25 AM best model saved at epoch 40
07/17/2022 04:15:46 AM epoch: 41   train loss (per batch): 25.7092   test loss (per batch): 26.5829
07/17/2022 04:15:46 AM best model saved at epoch 41
07/17/2022 04:17:44 AM epoch: 42   train loss (per batch): 25.5059   test loss (per batch): 26.3689
07/17/2022 04:17:44 AM best model saved at epoch 42
07/17/2022 04:20:24 AM epoch: 43   train loss (per batch): 25.3333   test loss (per batch): 26.3309
07/17/2022 04:20:24 AM best model saved at epoch 43
07/17/2022 04:22:19 AM epoch: 44   train loss (per batch): 25.1441   test loss (per batch): 26.0826
07/17/2022 04:22:19 AM best model saved at epoch 44
07/17/2022 04:24:49 AM epoch: 45   train loss (per batch): 24.9554   test loss (per batch): 25.9552
07/17/2022 04:24:49 AM best model saved at epoch 45
07/17/2022 04:26:34 AM epoch: 46   train loss (per batch): 24.7851   test loss (per batch): 25.7706
07/17/2022 04:26:34 AM best model saved at epoch 46
07/17/2022 04:28:45 AM epoch: 47   train loss (per batch): 24.6140   test loss (per batch): 25.5768
07/17/2022 04:28:45 AM best model saved at epoch 47
07/17/2022 04:30:38 AM epoch: 48   train loss (per batch): 24.4410   test loss (per batch): 25.4420
07/17/2022 04:30:38 AM best model saved at epoch 48
07/17/2022 04:32:39 AM epoch: 49   train loss (per batch): 24.2958   test loss (per batch): 25.3770
07/17/2022 04:32:39 AM best model saved at epoch 49
07/17/2022 04:34:50 AM epoch: 50   train loss (per batch): 24.1291   test loss (per batch): 25.2432
07/17/2022 04:34:50 AM checkpoint saved at epoch 50
07/17/2022 04:34:50 AM best model saved at epoch 50
07/17/2022 04:36:45 AM epoch: 51   train loss (per batch): 23.9848   test loss (per batch): 25.1341
07/17/2022 04:36:45 AM best model saved at epoch 51
07/17/2022 04:38:39 AM epoch: 52   train loss (per batch): 23.8491   test loss (per batch): 24.9940
07/17/2022 04:38:39 AM best model saved at epoch 52
07/17/2022 04:40:50 AM epoch: 53   train loss (per batch): 23.7009   test loss (per batch): 24.9146
07/17/2022 04:40:50 AM best model saved at epoch 53
07/17/2022 04:42:49 AM epoch: 54   train loss (per batch): 23.5703   test loss (per batch): 24.8493
07/17/2022 04:42:49 AM best model saved at epoch 54
07/17/2022 04:45:09 AM epoch: 55   train loss (per batch): 23.4314   test loss (per batch): 24.6262
07/17/2022 04:45:09 AM best model saved at epoch 55
07/17/2022 04:46:59 AM epoch: 56   train loss (per batch): 23.3143   test loss (per batch): 24.5967
07/17/2022 04:46:59 AM best model saved at epoch 56
07/17/2022 04:49:16 AM epoch: 57   train loss (per batch): 23.1688   test loss (per batch): 24.4805
07/17/2022 04:49:16 AM best model saved at epoch 57
07/17/2022 04:51:17 AM epoch: 58   train loss (per batch): 23.0334   test loss (per batch): 24.5210
07/17/2022 04:53:04 AM epoch: 59   train loss (per batch): 22.9246   test loss (per batch): 24.4436
07/17/2022 04:53:04 AM best model saved at epoch 59
07/17/2022 04:54:47 AM epoch: 60   train loss (per batch): 22.8099   test loss (per batch): 24.1463
07/17/2022 04:54:47 AM checkpoint saved at epoch 60
07/17/2022 04:54:48 AM best model saved at epoch 60
07/17/2022 04:56:54 AM epoch: 61   train loss (per batch): 22.6931   test loss (per batch): 23.9890
07/17/2022 04:56:54 AM best model saved at epoch 61
07/17/2022 04:59:01 AM epoch: 62   train loss (per batch): 22.5611   test loss (per batch): 23.9831
07/17/2022 04:59:01 AM best model saved at epoch 62
07/17/2022 05:00:59 AM epoch: 63   train loss (per batch): 22.4642   test loss (per batch): 23.9263
07/17/2022 05:00:59 AM best model saved at epoch 63
07/17/2022 05:02:36 AM epoch: 64   train loss (per batch): 22.3706   test loss (per batch): 23.8519
07/17/2022 05:02:36 AM best model saved at epoch 64
07/17/2022 05:05:02 AM epoch: 65   train loss (per batch): 22.2503   test loss (per batch): 23.7620
07/17/2022 05:05:02 AM best model saved at epoch 65
07/17/2022 05:07:10 AM epoch: 66   train loss (per batch): 22.1535   test loss (per batch): 23.6845
07/17/2022 05:07:10 AM best model saved at epoch 66
07/17/2022 05:09:21 AM epoch: 67   train loss (per batch): 22.0438   test loss (per batch): 23.5015
07/17/2022 05:09:21 AM best model saved at epoch 67
07/17/2022 05:11:37 AM epoch: 68   train loss (per batch): 21.9508   test loss (per batch): 23.4912
07/17/2022 05:11:37 AM best model saved at epoch 68
07/17/2022 05:13:54 AM epoch: 69   train loss (per batch): 21.8537   test loss (per batch): 23.4815
07/17/2022 05:13:54 AM best model saved at epoch 69
07/17/2022 05:16:11 AM epoch: 70   train loss (per batch): 21.7521   test loss (per batch): 23.4077
07/17/2022 05:16:11 AM checkpoint saved at epoch 70
07/17/2022 05:16:11 AM best model saved at epoch 70
07/17/2022 05:18:06 AM epoch: 71   train loss (per batch): 21.6560   test loss (per batch): 23.2600
07/17/2022 05:18:06 AM best model saved at epoch 71
07/17/2022 05:20:17 AM epoch: 72   train loss (per batch): 21.5793   test loss (per batch): 23.2582
07/17/2022 05:20:17 AM best model saved at epoch 72
07/17/2022 05:22:43 AM epoch: 73   train loss (per batch): 21.4851   test loss (per batch): 23.1391
07/17/2022 05:22:43 AM best model saved at epoch 73
07/17/2022 05:24:47 AM epoch: 74   train loss (per batch): 21.3854   test loss (per batch): 23.1168
07/17/2022 05:24:47 AM best model saved at epoch 74
07/17/2022 05:26:50 AM epoch: 75   train loss (per batch): 21.3013   test loss (per batch): 23.0548
07/17/2022 05:26:50 AM best model saved at epoch 75
07/17/2022 05:28:50 AM epoch: 76   train loss (per batch): 21.2295   test loss (per batch): 22.9622
07/17/2022 05:28:50 AM best model saved at epoch 76
07/17/2022 05:30:38 AM epoch: 77   train loss (per batch): 21.1512   test loss (per batch): 22.9407
07/17/2022 05:30:38 AM best model saved at epoch 77
07/17/2022 05:32:56 AM epoch: 78   train loss (per batch): 21.0653   test loss (per batch): 22.8575
07/17/2022 05:32:56 AM best model saved at epoch 78
07/17/2022 05:34:54 AM epoch: 79   train loss (per batch): 20.9853   test loss (per batch): 22.8182
07/17/2022 05:34:54 AM best model saved at epoch 79
07/17/2022 05:37:01 AM epoch: 80   train loss (per batch): 20.9131   test loss (per batch): 22.7907
07/17/2022 05:37:01 AM checkpoint saved at epoch 80
07/17/2022 05:37:01 AM best model saved at epoch 80
07/17/2022 05:39:38 AM epoch: 81   train loss (per batch): 20.8283   test loss (per batch): 22.6679
07/17/2022 05:39:38 AM best model saved at epoch 81
07/17/2022 05:41:18 AM epoch: 82   train loss (per batch): 20.7657   test loss (per batch): 22.5780
07/17/2022 05:41:18 AM best model saved at epoch 82
07/17/2022 05:43:14 AM epoch: 83   train loss (per batch): 20.6795   test loss (per batch): 22.5776
07/17/2022 05:43:14 AM best model saved at epoch 83
07/17/2022 05:45:06 AM epoch: 84   train loss (per batch): 20.6178   test loss (per batch): 22.5440
07/17/2022 05:45:06 AM best model saved at epoch 84
07/17/2022 05:47:32 AM epoch: 85   train loss (per batch): 20.5458   test loss (per batch): 22.6098
07/17/2022 05:49:23 AM epoch: 86   train loss (per batch): 20.4699   test loss (per batch): 22.4891
07/17/2022 05:49:23 AM best model saved at epoch 86
07/17/2022 05:51:37 AM epoch: 87   train loss (per batch): 20.4131   test loss (per batch): 22.5272
07/17/2022 05:53:45 AM epoch: 88   train loss (per batch): 20.3551   test loss (per batch): 22.3279
07/17/2022 05:53:45 AM best model saved at epoch 88
07/17/2022 05:55:35 AM epoch: 89   train loss (per batch): 20.2816   test loss (per batch): 22.3219
07/17/2022 05:55:35 AM best model saved at epoch 89
07/17/2022 05:57:54 AM epoch: 90   train loss (per batch): 20.2267   test loss (per batch): 22.3648
07/17/2022 05:57:54 AM checkpoint saved at epoch 90
07/17/2022 06:00:05 AM epoch: 91   train loss (per batch): 20.1670   test loss (per batch): 22.1740
07/17/2022 06:00:05 AM best model saved at epoch 91
07/17/2022 06:02:12 AM epoch: 92   train loss (per batch): 20.1041   test loss (per batch): 22.1730
07/17/2022 06:02:12 AM best model saved at epoch 92
07/17/2022 06:04:12 AM epoch: 93   train loss (per batch): 20.0449   test loss (per batch): 22.1371
07/17/2022 06:04:12 AM best model saved at epoch 93
07/17/2022 06:06:21 AM epoch: 94   train loss (per batch): 19.9876   test loss (per batch): 22.1616
07/17/2022 06:09:06 AM epoch: 95   train loss (per batch): 19.9415   test loss (per batch): 22.0896
07/17/2022 06:09:06 AM best model saved at epoch 95
07/17/2022 06:11:48 AM epoch: 96   train loss (per batch): 19.8776   test loss (per batch): 22.1120
07/17/2022 06:13:48 AM epoch: 97   train loss (per batch): 19.8367   test loss (per batch): 22.0313
07/17/2022 06:13:48 AM best model saved at epoch 97
07/17/2022 06:15:27 AM epoch: 98   train loss (per batch): 19.7746   test loss (per batch): 21.9438
07/17/2022 06:15:27 AM best model saved at epoch 98
07/17/2022 06:17:17 AM epoch: 99   train loss (per batch): 19.7234   test loss (per batch): 21.9502
07/17/2022 06:19:16 AM epoch: 100   train loss (per batch): 19.6827   test loss (per batch): 21.9491
07/17/2022 06:19:16 AM checkpoint saved at epoch 100
07/17/2022 06:21:18 AM epoch: 101   train loss (per batch): 19.6243   test loss (per batch): 21.8159
07/17/2022 06:21:18 AM best model saved at epoch 101
07/17/2022 06:23:36 AM epoch: 102   train loss (per batch): 19.5776   test loss (per batch): 21.8731
07/17/2022 06:25:55 AM epoch: 103   train loss (per batch): 19.5222   test loss (per batch): 21.7948
07/17/2022 06:25:55 AM best model saved at epoch 103
07/17/2022 06:28:09 AM epoch: 104   train loss (per batch): 19.4747   test loss (per batch): 21.8133
07/17/2022 06:30:35 AM epoch: 105   train loss (per batch): 19.4452   test loss (per batch): 21.7575
07/17/2022 06:30:35 AM best model saved at epoch 105
07/17/2022 06:32:49 AM epoch: 106   train loss (per batch): 19.3849   test loss (per batch): 21.7362
07/17/2022 06:32:49 AM best model saved at epoch 106
07/17/2022 06:35:15 AM epoch: 107   train loss (per batch): 19.3473   test loss (per batch): 21.6759
07/17/2022 06:35:15 AM best model saved at epoch 107
07/17/2022 06:37:31 AM epoch: 108   train loss (per batch): 19.3105   test loss (per batch): 21.6643
07/17/2022 06:37:31 AM best model saved at epoch 108
07/17/2022 06:39:39 AM epoch: 109   train loss (per batch): 19.2645   test loss (per batch): 21.6258
07/17/2022 06:39:39 AM best model saved at epoch 109
07/17/2022 06:41:31 AM epoch: 110   train loss (per batch): 19.2269   test loss (per batch): 21.6628
07/17/2022 06:41:31 AM checkpoint saved at epoch 110
07/17/2022 06:43:34 AM epoch: 111   train loss (per batch): 19.1768   test loss (per batch): 21.7363
07/17/2022 06:45:40 AM epoch: 112   train loss (per batch): 19.1491   test loss (per batch): 21.5781
07/17/2022 06:45:40 AM best model saved at epoch 112
07/17/2022 06:47:40 AM epoch: 113   train loss (per batch): 19.0941   test loss (per batch): 21.7000
07/17/2022 06:49:49 AM epoch: 114   train loss (per batch): 19.0663   test loss (per batch): 21.5914
07/17/2022 06:51:59 AM epoch: 115   train loss (per batch): 19.0291   test loss (per batch): 21.4861
07/17/2022 06:51:59 AM best model saved at epoch 115
07/17/2022 06:54:43 AM epoch: 116   train loss (per batch): 18.9898   test loss (per batch): 21.4716
07/17/2022 06:54:43 AM best model saved at epoch 116
07/17/2022 06:57:08 AM epoch: 117   train loss (per batch): 18.9439   test loss (per batch): 21.4994
07/17/2022 06:59:09 AM epoch: 118   train loss (per batch): 18.9234   test loss (per batch): 21.5065
07/17/2022 07:01:30 AM epoch: 119   train loss (per batch): 18.8840   test loss (per batch): 21.4148
07/17/2022 07:01:30 AM best model saved at epoch 119
07/17/2022 07:03:26 AM epoch: 120   train loss (per batch): 18.8521   test loss (per batch): 21.4239
07/17/2022 07:03:26 AM checkpoint saved at epoch 120
07/17/2022 07:05:30 AM epoch: 121   train loss (per batch): 18.7959   test loss (per batch): 21.3898
07/17/2022 07:05:30 AM best model saved at epoch 121
07/17/2022 07:07:14 AM epoch: 122   train loss (per batch): 18.7864   test loss (per batch): 21.4085
07/17/2022 07:09:26 AM epoch: 123   train loss (per batch): 18.7410   test loss (per batch): 21.4008
07/17/2022 07:11:34 AM epoch: 124   train loss (per batch): 18.6979   test loss (per batch): 21.3465
07/17/2022 07:11:34 AM best model saved at epoch 124
07/17/2022 07:13:40 AM epoch: 125   train loss (per batch): 18.6798   test loss (per batch): 21.4180
07/17/2022 07:15:56 AM epoch: 126   train loss (per batch): 18.6565   test loss (per batch): 21.3957
07/17/2022 07:18:06 AM epoch: 127   train loss (per batch): 18.6094   test loss (per batch): 21.2996
07/17/2022 07:18:06 AM best model saved at epoch 127
07/17/2022 07:20:35 AM epoch: 128   train loss (per batch): 18.5760   test loss (per batch): 21.2658
07/17/2022 07:20:35 AM best model saved at epoch 128
07/17/2022 07:22:43 AM epoch: 129   train loss (per batch): 18.5461   test loss (per batch): 21.3275
07/17/2022 07:24:58 AM epoch: 130   train loss (per batch): 18.5170   test loss (per batch): 21.2066
07/17/2022 07:24:58 AM checkpoint saved at epoch 130
07/17/2022 07:24:58 AM best model saved at epoch 130
07/17/2022 07:27:02 AM epoch: 131   train loss (per batch): 18.4792   test loss (per batch): 21.2324
07/17/2022 07:29:07 AM epoch: 132   train loss (per batch): 18.4573   test loss (per batch): 21.2599
07/17/2022 07:30:40 AM epoch: 133   train loss (per batch): 18.4439   test loss (per batch): 21.1901
07/17/2022 07:30:40 AM best model saved at epoch 133
07/17/2022 07:32:09 AM epoch: 134   train loss (per batch): 18.3979   test loss (per batch): 21.2027
07/17/2022 07:33:45 AM epoch: 135   train loss (per batch): 18.3622   test loss (per batch): 21.2036
07/17/2022 07:35:15 AM epoch: 136   train loss (per batch): 18.3379   test loss (per batch): 21.1733
07/17/2022 07:35:15 AM best model saved at epoch 136
07/17/2022 07:36:53 AM epoch: 137   train loss (per batch): 18.3011   test loss (per batch): 21.1959
07/17/2022 07:38:23 AM epoch: 138   train loss (per batch): 18.3022   test loss (per batch): 21.1676
07/17/2022 07:38:23 AM best model saved at epoch 138
07/17/2022 07:39:51 AM epoch: 139   train loss (per batch): 18.2520   test loss (per batch): 21.1876
07/17/2022 07:41:17 AM epoch: 140   train loss (per batch): 18.2163   test loss (per batch): 21.1080
07/17/2022 07:41:17 AM checkpoint saved at epoch 140
07/17/2022 07:41:17 AM best model saved at epoch 140
07/17/2022 07:42:48 AM epoch: 141   train loss (per batch): 18.1934   test loss (per batch): 21.0678
07/17/2022 07:42:48 AM best model saved at epoch 141
07/17/2022 07:44:27 AM epoch: 142   train loss (per batch): 18.1680   test loss (per batch): 21.1195
07/17/2022 07:46:03 AM epoch: 143   train loss (per batch): 18.1432   test loss (per batch): 21.2158
07/17/2022 07:47:40 AM epoch: 144   train loss (per batch): 18.1316   test loss (per batch): 21.1379
07/17/2022 07:49:19 AM epoch: 145   train loss (per batch): 18.0843   test loss (per batch): 21.1632
07/17/2022 07:50:56 AM epoch: 146   train loss (per batch): 18.0588   test loss (per batch): 21.0676
07/17/2022 07:50:56 AM best model saved at epoch 146
07/17/2022 07:52:28 AM epoch: 147   train loss (per batch): 18.0504   test loss (per batch): 21.1459
07/17/2022 07:53:59 AM epoch: 148   train loss (per batch): 18.0126   test loss (per batch): 21.0855
07/17/2022 07:55:59 AM epoch: 149   train loss (per batch): 17.9996   test loss (per batch): 21.0119
07/17/2022 07:55:59 AM best model saved at epoch 149
07/17/2022 07:58:23 AM epoch: 150   train loss (per batch): 17.9553   test loss (per batch): 21.0425
07/17/2022 07:58:23 AM checkpoint saved at epoch 150
07/17/2022 08:00:43 AM epoch: 151   train loss (per batch): 17.9700   test loss (per batch): 21.0612
07/17/2022 08:02:48 AM epoch: 152   train loss (per batch): 17.9104   test loss (per batch): 21.0635
07/17/2022 08:04:48 AM epoch: 153   train loss (per batch): 17.8928   test loss (per batch): 20.9863
07/17/2022 08:04:48 AM best model saved at epoch 153
07/17/2022 08:06:47 AM epoch: 154   train loss (per batch): 17.8669   test loss (per batch): 20.9436
07/17/2022 08:06:47 AM best model saved at epoch 154
07/17/2022 08:08:45 AM epoch: 155   train loss (per batch): 17.8462   test loss (per batch): 21.0431
07/17/2022 08:11:05 AM epoch: 156   train loss (per batch): 17.8214   test loss (per batch): 20.9860
07/17/2022 08:13:09 AM epoch: 157   train loss (per batch): 17.8039   test loss (per batch): 20.9369
07/17/2022 08:13:09 AM best model saved at epoch 157
07/17/2022 08:14:59 AM epoch: 158   train loss (per batch): 17.7667   test loss (per batch): 20.9957
07/17/2022 08:16:46 AM epoch: 159   train loss (per batch): 17.7724   test loss (per batch): 20.9497
07/17/2022 08:18:38 AM epoch: 160   train loss (per batch): 17.7181   test loss (per batch): 20.8950
07/17/2022 08:18:38 AM checkpoint saved at epoch 160
07/17/2022 08:18:38 AM best model saved at epoch 160
07/17/2022 08:20:29 AM epoch: 161   train loss (per batch): 17.7149   test loss (per batch): 20.9387
07/17/2022 08:22:19 AM epoch: 162   train loss (per batch): 17.6780   test loss (per batch): 20.9013
07/17/2022 08:24:47 AM epoch: 163   train loss (per batch): 17.6667   test loss (per batch): 20.9241
07/17/2022 08:27:01 AM epoch: 164   train loss (per batch): 17.6444   test loss (per batch): 20.9225
07/17/2022 08:28:50 AM epoch: 165   train loss (per batch): 17.6216   test loss (per batch): 20.8598
07/17/2022 08:28:50 AM best model saved at epoch 165
07/17/2022 08:30:19 AM epoch: 166   train loss (per batch): 17.5977   test loss (per batch): 20.8610
07/17/2022 08:31:53 AM epoch: 167   train loss (per batch): 17.5787   test loss (per batch): 20.9233
07/17/2022 08:33:22 AM epoch: 168   train loss (per batch): 17.5734   test loss (per batch): 20.8799
07/17/2022 08:34:44 AM epoch: 169   train loss (per batch): 17.5333   test loss (per batch): 20.8457
07/17/2022 08:34:44 AM best model saved at epoch 169
07/17/2022 08:36:14 AM epoch: 170   train loss (per batch): 17.5122   test loss (per batch): 20.9128
07/17/2022 08:36:14 AM checkpoint saved at epoch 170
07/17/2022 08:38:12 AM epoch: 171   train loss (per batch): 17.5033   test loss (per batch): 20.8712
07/17/2022 08:39:50 AM epoch: 172   train loss (per batch): 17.4756   test loss (per batch): 20.8920
07/17/2022 08:41:22 AM epoch: 173   train loss (per batch): 17.4477   test loss (per batch): 20.8878
07/17/2022 08:42:50 AM epoch: 174   train loss (per batch): 17.4492   test loss (per batch): 20.9015
07/17/2022 08:44:29 AM epoch: 175   train loss (per batch): 17.4204   test loss (per batch): 20.8538
07/17/2022 08:46:02 AM epoch: 176   train loss (per batch): 17.4130   test loss (per batch): 20.9004
07/17/2022 08:47:32 AM epoch: 177   train loss (per batch): 17.3881   test loss (per batch): 20.8175
07/17/2022 08:47:32 AM best model saved at epoch 177
07/17/2022 08:49:06 AM epoch: 178   train loss (per batch): 17.3598   test loss (per batch): 20.8180
07/17/2022 08:50:38 AM epoch: 179   train loss (per batch): 17.3356   test loss (per batch): 20.8212
07/17/2022 08:52:26 AM epoch: 180   train loss (per batch): 17.3278   test loss (per batch): 20.8690
07/17/2022 08:52:26 AM checkpoint saved at epoch 180
07/17/2022 08:54:12 AM epoch: 181   train loss (per batch): 17.3109   test loss (per batch): 20.8305
07/17/2022 08:55:37 AM epoch: 182   train loss (per batch): 17.2957   test loss (per batch): 20.8540
07/17/2022 08:57:14 AM epoch: 183   train loss (per batch): 17.2744   test loss (per batch): 20.8256
07/17/2022 08:58:44 AM epoch: 184   train loss (per batch): 17.2562   test loss (per batch): 20.8821
07/17/2022 09:00:29 AM epoch: 185   train loss (per batch): 17.2451   test loss (per batch): 20.8714
07/17/2022 09:01:58 AM epoch: 186   train loss (per batch): 17.2271   test loss (per batch): 20.8229
07/17/2022 09:03:34 AM epoch: 187   train loss (per batch): 17.2049   test loss (per batch): 20.9455
07/17/2022 09:05:00 AM epoch: 188   train loss (per batch): 17.1909   test loss (per batch): 20.8060
07/17/2022 09:05:00 AM best model saved at epoch 188
07/17/2022 09:06:32 AM epoch: 189   train loss (per batch): 17.1725   test loss (per batch): 20.8218
07/17/2022 09:08:00 AM epoch: 190   train loss (per batch): 17.1478   test loss (per batch): 20.8209
07/17/2022 09:08:00 AM checkpoint saved at epoch 190
07/17/2022 09:09:37 AM epoch: 191   train loss (per batch): 17.1316   test loss (per batch): 20.7915
07/17/2022 09:09:37 AM best model saved at epoch 191
07/17/2022 09:11:07 AM epoch: 192   train loss (per batch): 17.1211   test loss (per batch): 20.8065
07/17/2022 09:12:39 AM epoch: 193   train loss (per batch): 17.0929   test loss (per batch): 20.7754
07/17/2022 09:12:39 AM best model saved at epoch 193
07/17/2022 09:14:18 AM epoch: 194   train loss (per batch): 17.0742   test loss (per batch): 20.7684
07/17/2022 09:14:18 AM best model saved at epoch 194
07/17/2022 09:15:57 AM epoch: 195   train loss (per batch): 17.0639   test loss (per batch): 20.7764
07/17/2022 09:17:39 AM epoch: 196   train loss (per batch): 17.0720   test loss (per batch): 20.7846
07/17/2022 09:19:16 AM epoch: 197   train loss (per batch): 17.0444   test loss (per batch): 20.8467
07/17/2022 09:20:55 AM epoch: 198   train loss (per batch): 17.0156   test loss (per batch): 20.7679
07/17/2022 09:20:55 AM best model saved at epoch 198
07/17/2022 09:22:24 AM epoch: 199   train loss (per batch): 17.0100   test loss (per batch): 20.7915
07/17/2022 09:23:48 AM epoch: 200   train loss (per batch): 16.9852   test loss (per batch): 20.7743
07/17/2022 09:23:48 AM checkpoint saved at epoch 200
07/17/2022 09:25:13 AM epoch: 201   train loss (per batch): 16.9879   test loss (per batch): 20.7484
07/17/2022 09:25:13 AM best model saved at epoch 201
07/17/2022 09:26:44 AM epoch: 202   train loss (per batch): 16.9769   test loss (per batch): 20.8601
07/17/2022 09:28:28 AM epoch: 203   train loss (per batch): 16.9482   test loss (per batch): 20.8608
07/17/2022 09:30:01 AM epoch: 204   train loss (per batch): 16.9334   test loss (per batch): 20.7088
07/17/2022 09:30:01 AM best model saved at epoch 204
07/17/2022 09:31:31 AM epoch: 205   train loss (per batch): 16.9133   test loss (per batch): 20.8442
07/17/2022 09:33:11 AM epoch: 206   train loss (per batch): 16.9002   test loss (per batch): 20.8663
07/17/2022 09:34:49 AM epoch: 207   train loss (per batch): 16.8884   test loss (per batch): 20.7405
07/17/2022 09:36:25 AM epoch: 208   train loss (per batch): 16.8586   test loss (per batch): 20.7722
07/17/2022 09:38:01 AM epoch: 209   train loss (per batch): 16.8621   test loss (per batch): 20.7380
07/17/2022 09:39:41 AM epoch: 210   train loss (per batch): 16.8418   test loss (per batch): 20.7803
07/17/2022 09:39:41 AM checkpoint saved at epoch 210
07/17/2022 09:41:23 AM epoch: 211   train loss (per batch): 16.8152   test loss (per batch): 20.7663
07/17/2022 09:42:56 AM epoch: 212   train loss (per batch): 16.8253   test loss (per batch): 20.7814
07/17/2022 09:44:32 AM epoch: 213   train loss (per batch): 16.8064   test loss (per batch): 20.7531
07/17/2022 09:46:05 AM epoch: 214   train loss (per batch): 16.7692   test loss (per batch): 20.7640
07/17/2022 09:47:39 AM epoch: 215   train loss (per batch): 16.7654   test loss (per batch): 20.7299
07/17/2022 09:49:28 AM epoch: 216   train loss (per batch): 16.7692   test loss (per batch): 20.8034
07/17/2022 09:51:19 AM epoch: 217   train loss (per batch): 16.7320   test loss (per batch): 20.7597
07/17/2022 09:53:03 AM epoch: 218   train loss (per batch): 16.7308   test loss (per batch): 20.7230
07/17/2022 09:54:45 AM epoch: 219   train loss (per batch): 16.7339   test loss (per batch): 20.7469
07/17/2022 09:56:31 AM epoch: 220   train loss (per batch): 16.6982   test loss (per batch): 20.7087
07/17/2022 09:56:31 AM checkpoint saved at epoch 220
07/17/2022 09:56:31 AM best model saved at epoch 220
07/17/2022 09:58:28 AM epoch: 221   train loss (per batch): 16.6751   test loss (per batch): 20.7979
07/17/2022 10:00:24 AM epoch: 222   train loss (per batch): 16.6711   test loss (per batch): 20.8149
07/17/2022 10:02:06 AM epoch: 223   train loss (per batch): 16.6822   test loss (per batch): 20.7398
07/17/2022 10:03:57 AM epoch: 224   train loss (per batch): 16.6388   test loss (per batch): 20.7340
07/17/2022 10:05:37 AM epoch: 225   train loss (per batch): 16.6253   test loss (per batch): 20.8187
07/17/2022 10:07:19 AM epoch: 226   train loss (per batch): 16.6248   test loss (per batch): 20.7773
07/17/2022 10:09:05 AM epoch: 227   train loss (per batch): 16.6232   test loss (per batch): 20.7825
07/17/2022 10:10:35 AM epoch: 228   train loss (per batch): 16.5982   test loss (per batch): 20.7889
07/17/2022 10:12:14 AM epoch: 229   train loss (per batch): 16.6003   test loss (per batch): 20.7829
07/17/2022 10:13:47 AM epoch: 230   train loss (per batch): 16.5659   test loss (per batch): 20.8410
07/17/2022 10:13:47 AM checkpoint saved at epoch 230
07/17/2022 10:15:33 AM epoch: 231   train loss (per batch): 16.5520   test loss (per batch): 20.7528
07/17/2022 10:17:15 AM epoch: 232   train loss (per batch): 16.5365   test loss (per batch): 20.7921
07/17/2022 10:18:57 AM epoch: 233   train loss (per batch): 16.5417   test loss (per batch): 20.7649
07/17/2022 10:20:37 AM epoch: 234   train loss (per batch): 16.5115   test loss (per batch): 20.7759
07/17/2022 10:22:26 AM epoch: 235   train loss (per batch): 16.5169   test loss (per batch): 20.7214
07/17/2022 10:24:07 AM epoch: 236   train loss (per batch): 16.5083   test loss (per batch): 20.7530
07/17/2022 10:25:43 AM epoch: 237   train loss (per batch): 16.4877   test loss (per batch): 20.8252
07/17/2022 10:27:20 AM epoch: 238   train loss (per batch): 16.4625   test loss (per batch): 20.7561
07/17/2022 10:29:05 AM epoch: 239   train loss (per batch): 16.4726   test loss (per batch): 20.7169
07/17/2022 10:30:44 AM epoch: 240   train loss (per batch): 16.4545   test loss (per batch): 20.7583
07/17/2022 10:30:44 AM checkpoint saved at epoch 240
07/17/2022 10:32:17 AM epoch: 241   train loss (per batch): 16.4486   test loss (per batch): 20.8672
07/17/2022 10:34:02 AM epoch: 242   train loss (per batch): 16.4372   test loss (per batch): 20.7256
07/17/2022 10:35:43 AM epoch: 243   train loss (per batch): 16.4149   test loss (per batch): 20.7298
07/17/2022 10:37:18 AM epoch: 244   train loss (per batch): 16.4124   test loss (per batch): 20.7683
07/17/2022 10:38:59 AM epoch: 245   train loss (per batch): 16.3822   test loss (per batch): 20.7550
07/17/2022 10:40:36 AM epoch: 246   train loss (per batch): 16.3814   test loss (per batch): 20.7701
07/17/2022 10:42:19 AM epoch: 247   train loss (per batch): 16.3774   test loss (per batch): 20.7741
07/17/2022 10:43:58 AM epoch: 248   train loss (per batch): 16.3817   test loss (per batch): 20.7555
07/17/2022 10:45:31 AM epoch: 249   train loss (per batch): 16.3573   test loss (per batch): 20.8252
07/17/2022 10:47:01 AM epoch: 250   train loss (per batch): 16.3344   test loss (per batch): 20.7047
07/17/2022 10:47:01 AM checkpoint saved at epoch 250
07/17/2022 10:47:01 AM best model saved at epoch 250
07/17/2022 10:48:49 AM epoch: 251   train loss (per batch): 16.3275   test loss (per batch): 20.7414
07/17/2022 10:50:21 AM epoch: 252   train loss (per batch): 16.3213   test loss (per batch): 20.7224
07/17/2022 10:52:05 AM epoch: 253   train loss (per batch): 16.3216   test loss (per batch): 20.7394
07/17/2022 10:53:53 AM epoch: 254   train loss (per batch): 16.2804   test loss (per batch): 20.7080
07/17/2022 10:55:35 AM epoch: 255   train loss (per batch): 16.2936   test loss (per batch): 20.7597
07/17/2022 10:57:00 AM epoch: 256   train loss (per batch): 16.2724   test loss (per batch): 20.7756
07/17/2022 10:58:51 AM epoch: 257   train loss (per batch): 16.2806   test loss (per batch): 20.8537
07/17/2022 11:00:30 AM epoch: 258   train loss (per batch): 16.2395   test loss (per batch): 20.7706
07/17/2022 11:02:06 AM epoch: 259   train loss (per batch): 16.2516   test loss (per batch): 20.7816
07/17/2022 11:03:39 AM epoch: 260   train loss (per batch): 16.2483   test loss (per batch): 20.7656
07/17/2022 11:03:39 AM checkpoint saved at epoch 260
07/17/2022 11:05:21 AM epoch: 261   train loss (per batch): 16.2215   test loss (per batch): 20.7675
07/17/2022 11:06:55 AM epoch: 262   train loss (per batch): 16.2251   test loss (per batch): 20.7177
07/17/2022 11:08:33 AM epoch: 263   train loss (per batch): 16.2051   test loss (per batch): 20.7626
07/17/2022 11:10:02 AM epoch: 264   train loss (per batch): 16.1911   test loss (per batch): 20.8276
07/17/2022 11:11:38 AM epoch: 265   train loss (per batch): 16.1848   test loss (per batch): 20.7640
07/17/2022 11:13:16 AM epoch: 266   train loss (per batch): 16.1654   test loss (per batch): 20.8399
07/17/2022 11:14:57 AM epoch: 267   train loss (per batch): 16.1855   test loss (per batch): 20.8647
07/17/2022 11:16:35 AM epoch: 268   train loss (per batch): 16.1765   test loss (per batch): 20.8420
07/17/2022 11:18:19 AM epoch: 269   train loss (per batch): 16.1578   test loss (per batch): 20.7321
07/17/2022 11:19:44 AM epoch: 270   train loss (per batch): 16.1371   test loss (per batch): 20.7293
07/17/2022 11:19:44 AM checkpoint saved at epoch 270
07/17/2022 11:21:29 AM epoch: 271   train loss (per batch): 16.1259   test loss (per batch): 20.7865
07/17/2022 11:23:01 AM epoch: 272   train loss (per batch): 16.1129   test loss (per batch): 20.8431
07/17/2022 11:24:44 AM epoch: 273   train loss (per batch): 16.0920   test loss (per batch): 20.8053
07/17/2022 11:26:35 AM epoch: 274   train loss (per batch): 16.1221   test loss (per batch): 20.8000
07/17/2022 11:28:07 AM epoch: 275   train loss (per batch): 16.0969   test loss (per batch): 20.7533
07/17/2022 11:29:29 AM epoch: 276   train loss (per batch): 16.0747   test loss (per batch): 20.8392
07/17/2022 11:30:37 AM epoch: 277   train loss (per batch): 16.0658   test loss (per batch): 20.7351
07/17/2022 11:31:19 AM epoch: 278   train loss (per batch): 16.0672   test loss (per batch): 20.7525
07/17/2022 11:32:05 AM epoch: 279   train loss (per batch): 16.0485   test loss (per batch): 20.7814
07/17/2022 11:32:47 AM epoch: 280   train loss (per batch): 16.0486   test loss (per batch): 20.8027
07/17/2022 11:32:47 AM checkpoint saved at epoch 280
07/17/2022 11:33:33 AM epoch: 281   train loss (per batch): 16.0528   test loss (per batch): 20.8391
07/17/2022 11:34:16 AM epoch: 282   train loss (per batch): 16.0287   test loss (per batch): 20.7249
07/17/2022 11:35:02 AM epoch: 283   train loss (per batch): 16.0256   test loss (per batch): 20.8280
07/17/2022 11:35:44 AM epoch: 284   train loss (per batch): 15.9936   test loss (per batch): 20.8188
07/17/2022 11:36:30 AM epoch: 285   train loss (per batch): 15.9928   test loss (per batch): 20.8621
07/17/2022 11:37:13 AM epoch: 286   train loss (per batch): 15.9877   test loss (per batch): 20.7929
07/17/2022 11:37:58 AM epoch: 287   train loss (per batch): 15.9865   test loss (per batch): 20.8748
07/17/2022 11:38:41 AM epoch: 288   train loss (per batch): 15.9843   test loss (per batch): 20.8215
07/17/2022 11:39:27 AM epoch: 289   train loss (per batch): 15.9658   test loss (per batch): 20.8396
07/17/2022 11:40:09 AM epoch: 290   train loss (per batch): 15.9621   test loss (per batch): 20.7267
07/17/2022 11:40:09 AM checkpoint saved at epoch 290
07/17/2022 11:40:54 AM epoch: 291   train loss (per batch): 15.9597   test loss (per batch): 20.8082
07/17/2022 11:41:37 AM epoch: 292   train loss (per batch): 15.9417   test loss (per batch): 20.7941
07/17/2022 11:42:22 AM epoch: 293   train loss (per batch): 15.9344   test loss (per batch): 20.8333
07/17/2022 11:43:05 AM epoch: 294   train loss (per batch): 15.9262   test loss (per batch): 20.8796
07/17/2022 11:43:50 AM epoch: 295   train loss (per batch): 15.9282   test loss (per batch): 20.8841
07/17/2022 11:44:33 AM epoch: 296   train loss (per batch): 15.9150   test loss (per batch): 20.8455
07/17/2022 11:45:18 AM epoch: 297   train loss (per batch): 15.9049   test loss (per batch): 20.8960
07/17/2022 11:46:00 AM epoch: 298   train loss (per batch): 15.8771   test loss (per batch): 20.8506
07/17/2022 11:46:46 AM epoch: 299   train loss (per batch): 15.9101   test loss (per batch): 20.8240
07/17/2022 11:47:29 AM epoch: 300   train loss (per batch): 15.8635   test loss (per batch): 20.7661
07/17/2022 11:47:29 AM checkpoint saved at epoch 300
07/17/2022 11:48:15 AM epoch: 301   train loss (per batch): 15.8852   test loss (per batch): 20.8750
07/17/2022 11:48:58 AM epoch: 302   train loss (per batch): 15.8598   test loss (per batch): 20.7716
07/17/2022 11:49:44 AM epoch: 303   train loss (per batch): 15.8535   test loss (per batch): 20.8833
07/17/2022 11:50:27 AM epoch: 304   train loss (per batch): 15.8556   test loss (per batch): 20.8035
07/17/2022 11:51:13 AM epoch: 305   train loss (per batch): 15.8350   test loss (per batch): 20.8807
07/17/2022 11:51:55 AM epoch: 306   train loss (per batch): 15.8334   test loss (per batch): 20.8578
07/17/2022 11:52:42 AM epoch: 307   train loss (per batch): 15.8268   test loss (per batch): 20.7451
07/17/2022 11:53:23 AM epoch: 308   train loss (per batch): 15.8120   test loss (per batch): 20.8135
07/17/2022 11:54:09 AM epoch: 309   train loss (per batch): 15.8157   test loss (per batch): 20.8073
07/17/2022 11:54:52 AM epoch: 310   train loss (per batch): 15.7964   test loss (per batch): 20.8134
07/17/2022 11:54:52 AM checkpoint saved at epoch 310
07/17/2022 11:55:38 AM epoch: 311   train loss (per batch): 15.7811   test loss (per batch): 20.9123
07/17/2022 11:56:20 AM epoch: 312   train loss (per batch): 15.8096   test loss (per batch): 20.8555
07/17/2022 11:57:06 AM epoch: 313   train loss (per batch): 15.7876   test loss (per batch): 20.9004
07/17/2022 11:57:48 AM epoch: 314   train loss (per batch): 15.7640   test loss (per batch): 20.8853
07/17/2022 11:58:34 AM epoch: 315   train loss (per batch): 15.7527   test loss (per batch): 20.8271
07/17/2022 11:59:16 AM epoch: 316   train loss (per batch): 15.7581   test loss (per batch): 20.8879
07/17/2022 12:00:03 PM epoch: 317   train loss (per batch): 15.7571   test loss (per batch): 20.8666
07/17/2022 12:00:45 PM epoch: 318   train loss (per batch): 15.7426   test loss (per batch): 20.8485
07/17/2022 12:01:31 PM epoch: 319   train loss (per batch): 15.7846   test loss (per batch): 20.8464
07/17/2022 12:02:13 PM epoch: 320   train loss (per batch): 15.7328   test loss (per batch): 20.8418
07/17/2022 12:02:13 PM checkpoint saved at epoch 320
07/17/2022 12:03:00 PM epoch: 321   train loss (per batch): 15.7204   test loss (per batch): 20.9262
07/17/2022 12:03:43 PM epoch: 322   train loss (per batch): 15.7129   test loss (per batch): 20.8324
07/17/2022 12:04:29 PM epoch: 323   train loss (per batch): 15.6863   test loss (per batch): 20.7875
07/17/2022 12:05:12 PM epoch: 324   train loss (per batch): 15.7224   test loss (per batch): 20.8644
07/17/2022 12:05:58 PM epoch: 325   train loss (per batch): 15.6733   test loss (per batch): 20.8353
07/17/2022 12:06:40 PM epoch: 326   train loss (per batch): 15.7303   test loss (per batch): 20.8906
07/17/2022 12:07:26 PM epoch: 327   train loss (per batch): 15.6762   test loss (per batch): 20.8604
07/17/2022 12:08:09 PM epoch: 328   train loss (per batch): 15.6665   test loss (per batch): 20.9422
07/17/2022 12:08:55 PM epoch: 329   train loss (per batch): 15.6779   test loss (per batch): 20.8781
07/17/2022 12:09:38 PM epoch: 330   train loss (per batch): 15.6828   test loss (per batch): 20.8526
07/17/2022 12:09:38 PM checkpoint saved at epoch 330
07/17/2022 12:10:24 PM epoch: 331   train loss (per batch): 15.6657   test loss (per batch): 20.8517
07/17/2022 12:11:07 PM epoch: 332   train loss (per batch): 15.6422   test loss (per batch): 20.8162
07/17/2022 12:11:54 PM epoch: 333   train loss (per batch): 15.6414   test loss (per batch): 20.9527
07/17/2022 12:12:36 PM epoch: 334   train loss (per batch): 15.6155   test loss (per batch): 20.9223
07/17/2022 12:13:22 PM epoch: 335   train loss (per batch): 15.6442   test loss (per batch): 20.8210
07/17/2022 12:14:04 PM epoch: 336   train loss (per batch): 15.6382   test loss (per batch): 20.8838
07/17/2022 12:14:51 PM epoch: 337   train loss (per batch): 15.6070   test loss (per batch): 20.8837
07/17/2022 12:15:33 PM epoch: 338   train loss (per batch): 15.6239   test loss (per batch): 20.8292
07/17/2022 12:16:19 PM epoch: 339   train loss (per batch): 15.5956   test loss (per batch): 20.8736
07/17/2022 12:17:01 PM epoch: 340   train loss (per batch): 15.6124   test loss (per batch): 20.9790
07/17/2022 12:17:01 PM checkpoint saved at epoch 340
07/17/2022 12:17:48 PM epoch: 341   train loss (per batch): 15.5793   test loss (per batch): 20.8894
07/17/2022 12:18:31 PM epoch: 342   train loss (per batch): 15.6127   test loss (per batch): 20.9244
07/17/2022 12:19:17 PM epoch: 343   train loss (per batch): 15.6056   test loss (per batch): 20.8858
07/17/2022 12:19:58 PM epoch: 344   train loss (per batch): 15.5558   test loss (per batch): 20.9342
07/17/2022 12:20:44 PM epoch: 345   train loss (per batch): 15.5796   test loss (per batch): 20.9014
07/17/2022 12:21:25 PM epoch: 346   train loss (per batch): 15.5609   test loss (per batch): 20.9141
07/17/2022 12:22:11 PM epoch: 347   train loss (per batch): 15.5641   test loss (per batch): 20.9539
07/17/2022 12:22:54 PM epoch: 348   train loss (per batch): 15.5468   test loss (per batch): 20.9981
07/17/2022 12:23:40 PM epoch: 349   train loss (per batch): 15.5527   test loss (per batch): 20.8920
07/17/2022 12:24:21 PM epoch: 350   train loss (per batch): 15.5350   test loss (per batch): 20.9423
07/17/2022 12:24:21 PM checkpoint saved at epoch 350
07/17/2022 12:25:07 PM epoch: 351   train loss (per batch): 15.5310   test loss (per batch): 20.9121
07/17/2022 12:25:49 PM epoch: 352   train loss (per batch): 15.5202   test loss (per batch): 20.9851
07/17/2022 12:26:35 PM epoch: 353   train loss (per batch): 15.5143   test loss (per batch): 20.9686
07/17/2022 12:27:16 PM epoch: 354   train loss (per batch): 15.5411   test loss (per batch): 20.9000
07/17/2022 12:28:02 PM epoch: 355   train loss (per batch): 15.5129   test loss (per batch): 20.9172
07/17/2022 12:28:44 PM epoch: 356   train loss (per batch): 15.5113   test loss (per batch): 20.9479
07/17/2022 12:29:30 PM epoch: 357   train loss (per batch): 15.5162   test loss (per batch): 20.9500
07/17/2022 12:30:12 PM epoch: 358   train loss (per batch): 15.5029   test loss (per batch): 20.9885
07/17/2022 12:30:57 PM epoch: 359   train loss (per batch): 15.4942   test loss (per batch): 20.9624
07/17/2022 12:31:38 PM epoch: 360   train loss (per batch): 15.4667   test loss (per batch): 20.9050
07/17/2022 12:31:38 PM checkpoint saved at epoch 360
07/17/2022 12:32:25 PM epoch: 361   train loss (per batch): 15.4860   test loss (per batch): 21.0091
07/17/2022 12:33:07 PM epoch: 362   train loss (per batch): 15.4619   test loss (per batch): 20.9634
07/17/2022 12:33:53 PM epoch: 363   train loss (per batch): 15.4503   test loss (per batch): 20.9708
07/17/2022 12:34:33 PM epoch: 364   train loss (per batch): 15.4573   test loss (per batch): 20.9553
07/17/2022 12:35:18 PM epoch: 365   train loss (per batch): 15.4379   test loss (per batch): 20.9869
07/17/2022 12:35:58 PM epoch: 366   train loss (per batch): 15.4657   test loss (per batch): 20.9994
07/17/2022 12:36:43 PM epoch: 367   train loss (per batch): 15.4258   test loss (per batch): 21.0360
07/17/2022 12:37:24 PM epoch: 368   train loss (per batch): 15.4565   test loss (per batch): 20.9598
07/17/2022 12:38:09 PM epoch: 369   train loss (per batch): 15.4323   test loss (per batch): 20.9293
07/17/2022 12:38:49 PM epoch: 370   train loss (per batch): 15.4255   test loss (per batch): 20.9927
07/17/2022 12:38:49 PM checkpoint saved at epoch 370
07/17/2022 12:39:33 PM epoch: 371   train loss (per batch): 15.4143   test loss (per batch): 20.9135
07/17/2022 12:40:14 PM epoch: 372   train loss (per batch): 15.4254   test loss (per batch): 20.9822
07/17/2022 12:40:58 PM epoch: 373   train loss (per batch): 15.4186   test loss (per batch): 20.9968
07/17/2022 12:41:39 PM epoch: 374   train loss (per batch): 15.4033   test loss (per batch): 21.0583
07/17/2022 12:42:23 PM epoch: 375   train loss (per batch): 15.3779   test loss (per batch): 21.0369
07/17/2022 12:43:04 PM epoch: 376   train loss (per batch): 15.4015   test loss (per batch): 20.9309
07/17/2022 12:43:48 PM epoch: 377   train loss (per batch): 15.3853   test loss (per batch): 21.0284
07/17/2022 12:44:29 PM epoch: 378   train loss (per batch): 15.3709   test loss (per batch): 21.0196
07/17/2022 12:45:14 PM epoch: 379   train loss (per batch): 15.3764   test loss (per batch): 21.1248
07/17/2022 12:45:55 PM epoch: 380   train loss (per batch): 15.3657   test loss (per batch): 20.9981
07/17/2022 12:45:55 PM checkpoint saved at epoch 380
07/17/2022 12:46:39 PM epoch: 381   train loss (per batch): 15.3401   test loss (per batch): 21.0459
07/17/2022 12:47:20 PM epoch: 382   train loss (per batch): 15.3724   test loss (per batch): 21.1200
07/17/2022 12:48:05 PM epoch: 383   train loss (per batch): 15.3795   test loss (per batch): 21.0672
07/17/2022 12:48:48 PM epoch: 384   train loss (per batch): 15.3392   test loss (per batch): 21.0604
07/17/2022 12:49:33 PM epoch: 385   train loss (per batch): 15.3811   test loss (per batch): 21.0849
07/17/2022 12:50:17 PM epoch: 386   train loss (per batch): 15.3601   test loss (per batch): 21.0935
07/17/2022 12:51:12 PM epoch: 387   train loss (per batch): 15.3244   test loss (per batch): 21.0692
07/17/2022 12:52:03 PM epoch: 388   train loss (per batch): 15.3406   test loss (per batch): 21.1671
07/17/2022 12:52:57 PM epoch: 389   train loss (per batch): 15.3188   test loss (per batch): 21.0161
07/17/2022 12:53:48 PM epoch: 390   train loss (per batch): 15.3042   test loss (per batch): 21.0240
07/17/2022 12:53:48 PM checkpoint saved at epoch 390
07/17/2022 12:54:42 PM epoch: 391   train loss (per batch): 15.3093   test loss (per batch): 21.1076
07/17/2022 12:55:31 PM epoch: 392   train loss (per batch): 15.3279   test loss (per batch): 21.0230
07/17/2022 12:56:25 PM epoch: 393   train loss (per batch): 15.3198   test loss (per batch): 21.1297
07/17/2022 12:57:15 PM epoch: 394   train loss (per batch): 15.2922   test loss (per batch): 21.1393
07/17/2022 12:58:10 PM epoch: 395   train loss (per batch): 15.3173   test loss (per batch): 21.0201
07/17/2022 12:59:00 PM epoch: 396   train loss (per batch): 15.2693   test loss (per batch): 21.0115
07/17/2022 12:59:54 PM epoch: 397   train loss (per batch): 15.2734   test loss (per batch): 21.0691
07/17/2022 01:00:44 PM epoch: 398   train loss (per batch): 15.2850   test loss (per batch): 21.0512
07/17/2022 01:01:41 PM epoch: 399   train loss (per batch): 15.3010   test loss (per batch): 21.1332
07/17/2022 01:02:33 PM epoch: 400   train loss (per batch): 15.2584   test loss (per batch): 21.0723
07/17/2022 01:02:33 PM checkpoint saved at epoch 400
07/17/2022 01:03:29 PM epoch: 401   train loss (per batch): 15.2683   test loss (per batch): 21.0734
07/17/2022 01:04:41 PM epoch: 402   train loss (per batch): 15.2613   test loss (per batch): 21.1098
07/17/2022 01:06:29 PM epoch: 403   train loss (per batch): 15.2921   test loss (per batch): 21.0317
