07/17/2022 05:31:13 PM ******************************************* COMMAND LINE *******************************************
07/17/2022 05:31:13 PM train.py --task finetune --use_density --use_truck_spd --use_pv_spd --lr 0.0005

07/17/2022 05:31:13 PM ************************************** EXPERIMENT INFORMATION **************************************
07/17/2022 05:31:13 PM Task: finetune
07/17/2022 05:31:13 PM Experiment Name: exp_T_T_T_7_6_5
07/17/2022 05:31:13 PM Number of Epochs: 500, Learning Rate: 0.0005, Batch Size: 32 

07/17/2022 05:31:13 PM ***************************************** DATA INFORMATION *****************************************
07/17/2022 05:31:13 PM Use Density: True; Use Truck Speed: True; Use Personal Vehicle Speed: True
07/17/2022 05:31:13 PM Input Sequence Length: 7; Output Sequence Lenth: 6; Output Frequency: 5 

07/17/2022 05:31:13 PM ***************************************** LOADING PROGRESS *****************************************
07/17/2022 05:31:13 PM successfully loaded checkpoint from                     ./checkpoints/LR/best_exp_T_T_T_7_6_5.pt 
                    ./checkpoints/rec/best_exp_T_T_T_7_6_5.pt 
                    ./checkpoints/nonrec/best_exp_T_T_T_7_6_5.pt 
07/17/2022 05:31:16 PM successfully loaded data 

07/17/2022 05:31:16 PM ========================================= Training Starts ==========================================
07/17/2022 05:31:16 PM please check tensorboard for plots of experiment ./logs/finetune/exp_T_T_T_7_6_5
07/17/2022 05:31:16 PM please check logging messages at ./logs/finetune/exp_T_T_T_7_6_5/training.log
07/17/2022 05:32:09 PM epoch: 0   train loss (per batch): 119.0076   test loss (per batch): 34.1422
07/17/2022 05:32:09 PM checkpoint saved at epoch 0
07/17/2022 05:32:09 PM best model saved at epoch 0
07/17/2022 05:33:02 PM epoch: 1   train loss (per batch): 32.5468   test loss (per batch): 30.5185
07/17/2022 05:33:02 PM best model saved at epoch 1
07/17/2022 05:34:00 PM epoch: 2   train loss (per batch): 29.5723   test loss (per batch): 28.5177
07/17/2022 05:34:00 PM best model saved at epoch 2
07/17/2022 05:35:00 PM epoch: 3   train loss (per batch): 28.1679   test loss (per batch): 27.3259
07/17/2022 05:35:00 PM best model saved at epoch 3
07/17/2022 05:36:01 PM epoch: 4   train loss (per batch): 27.6903   test loss (per batch): 27.7098
07/17/2022 05:37:03 PM epoch: 5   train loss (per batch): 27.2875   test loss (per batch): 27.7647
07/17/2022 05:38:05 PM epoch: 6   train loss (per batch): 27.1260   test loss (per batch): 26.7650
07/17/2022 05:38:05 PM best model saved at epoch 6
07/17/2022 05:39:11 PM epoch: 7   train loss (per batch): 27.0572   test loss (per batch): 27.5373
07/17/2022 05:40:20 PM epoch: 8   train loss (per batch): 27.1272   test loss (per batch): 27.1243
07/17/2022 05:41:30 PM epoch: 9   train loss (per batch): 26.9319   test loss (per batch): 26.5812
07/17/2022 05:41:30 PM best model saved at epoch 9
07/17/2022 05:42:38 PM epoch: 10   train loss (per batch): 26.8393   test loss (per batch): 26.7787
07/17/2022 05:42:38 PM checkpoint saved at epoch 10
07/17/2022 05:43:47 PM epoch: 11   train loss (per batch): 26.8645   test loss (per batch): 26.5966
07/17/2022 05:44:57 PM epoch: 12   train loss (per batch): 26.6061   test loss (per batch): 26.7562
07/17/2022 05:46:06 PM epoch: 13   train loss (per batch): 26.6876   test loss (per batch): 26.8116
07/17/2022 05:47:16 PM epoch: 14   train loss (per batch): 26.7273   test loss (per batch): 26.6889
07/17/2022 05:48:26 PM epoch: 15   train loss (per batch): 26.5095   test loss (per batch): 27.0618
07/17/2022 05:49:36 PM epoch: 16   train loss (per batch): 26.5652   test loss (per batch): 26.7445
07/17/2022 05:50:47 PM epoch: 17   train loss (per batch): 26.4076   test loss (per batch): 27.1838
07/17/2022 05:51:59 PM epoch: 18   train loss (per batch): 26.3574   test loss (per batch): 26.8916
07/17/2022 05:53:11 PM epoch: 19   train loss (per batch): 26.1289   test loss (per batch): 26.3658
07/17/2022 05:53:11 PM best model saved at epoch 19
07/17/2022 05:54:24 PM epoch: 20   train loss (per batch): 26.0597   test loss (per batch): 25.8677
07/17/2022 05:54:24 PM checkpoint saved at epoch 20
07/17/2022 05:54:24 PM best model saved at epoch 20
07/17/2022 05:55:37 PM epoch: 21   train loss (per batch): 25.9149   test loss (per batch): 26.1721
07/17/2022 05:56:51 PM epoch: 22   train loss (per batch): 25.6877   test loss (per batch): 26.3055
07/17/2022 05:58:05 PM epoch: 23   train loss (per batch): 25.6270   test loss (per batch): 26.2640
07/17/2022 05:59:21 PM epoch: 24   train loss (per batch): 25.4343   test loss (per batch): 26.2107
07/17/2022 06:00:36 PM epoch: 25   train loss (per batch): 25.4445   test loss (per batch): 26.2882
07/17/2022 06:01:54 PM epoch: 26   train loss (per batch): 25.1887   test loss (per batch): 26.0660
07/17/2022 06:03:11 PM epoch: 27   train loss (per batch): 25.2079   test loss (per batch): 25.6853
07/17/2022 06:03:11 PM best model saved at epoch 27
07/17/2022 06:04:32 PM epoch: 28   train loss (per batch): 25.0927   test loss (per batch): 25.9905
07/17/2022 06:05:51 PM epoch: 29   train loss (per batch): 25.1190   test loss (per batch): 25.6036
07/17/2022 06:05:51 PM best model saved at epoch 29
07/17/2022 06:07:11 PM epoch: 30   train loss (per batch): 24.8190   test loss (per batch): 25.3310
07/17/2022 06:07:11 PM checkpoint saved at epoch 30
07/17/2022 06:07:11 PM best model saved at epoch 30
07/17/2022 06:08:31 PM epoch: 31   train loss (per batch): 24.7684   test loss (per batch): 25.4611
07/17/2022 06:09:52 PM epoch: 32   train loss (per batch): 24.6763   test loss (per batch): 25.3186
07/17/2022 06:09:52 PM best model saved at epoch 32
07/17/2022 06:11:11 PM epoch: 33   train loss (per batch): 24.5620   test loss (per batch): 25.0119
07/17/2022 06:11:11 PM best model saved at epoch 33
07/17/2022 06:12:34 PM epoch: 34   train loss (per batch): 24.3715   test loss (per batch): 25.0057
07/17/2022 06:12:34 PM best model saved at epoch 34
07/17/2022 06:13:55 PM epoch: 35   train loss (per batch): 24.3940   test loss (per batch): 25.2828
07/17/2022 06:15:21 PM epoch: 36   train loss (per batch): 24.2027   test loss (per batch): 24.9467
07/17/2022 06:15:21 PM best model saved at epoch 36
07/17/2022 06:16:42 PM epoch: 37   train loss (per batch): 24.1095   test loss (per batch): 25.0274
07/17/2022 06:18:08 PM epoch: 38   train loss (per batch): 23.8401   test loss (per batch): 25.0295
07/17/2022 06:19:29 PM epoch: 39   train loss (per batch): 24.0384   test loss (per batch): 24.7472
07/17/2022 06:19:29 PM best model saved at epoch 39
07/17/2022 06:20:54 PM epoch: 40   train loss (per batch): 23.8858   test loss (per batch): 24.8453
07/17/2022 06:20:54 PM checkpoint saved at epoch 40
07/17/2022 06:22:17 PM epoch: 41   train loss (per batch): 23.5643   test loss (per batch): 24.7636
07/17/2022 06:23:41 PM epoch: 42   train loss (per batch): 23.5515   test loss (per batch): 24.8007
07/17/2022 06:25:04 PM epoch: 43   train loss (per batch): 23.4896   test loss (per batch): 24.6128
07/17/2022 06:25:04 PM best model saved at epoch 43
07/17/2022 06:26:29 PM epoch: 44   train loss (per batch): 23.3964   test loss (per batch): 24.3539
07/17/2022 06:26:29 PM best model saved at epoch 44
07/17/2022 06:27:53 PM epoch: 45   train loss (per batch): 23.1515   test loss (per batch): 24.5659
07/17/2022 06:29:16 PM epoch: 46   train loss (per batch): 23.1523   test loss (per batch): 24.4448
07/17/2022 06:30:40 PM epoch: 47   train loss (per batch): 22.9517   test loss (per batch): 24.5110
07/17/2022 06:32:03 PM epoch: 48   train loss (per batch): 22.8544   test loss (per batch): 24.4074
07/17/2022 06:33:26 PM epoch: 49   train loss (per batch): 22.8375   test loss (per batch): 24.0907
07/17/2022 06:33:26 PM best model saved at epoch 49
07/17/2022 06:34:54 PM epoch: 50   train loss (per batch): 22.7214   test loss (per batch): 23.8193
07/17/2022 06:34:54 PM checkpoint saved at epoch 50
07/17/2022 06:34:54 PM best model saved at epoch 50
07/17/2022 06:36:18 PM epoch: 51   train loss (per batch): 22.5519   test loss (per batch): 23.9600
07/17/2022 06:37:43 PM epoch: 52   train loss (per batch): 22.4693   test loss (per batch): 23.7641
07/17/2022 06:37:43 PM best model saved at epoch 52
07/17/2022 06:39:08 PM epoch: 53   train loss (per batch): 22.2448   test loss (per batch): 23.8972
07/17/2022 06:40:31 PM epoch: 54   train loss (per batch): 22.2050   test loss (per batch): 23.4902
07/17/2022 06:40:31 PM best model saved at epoch 54
07/17/2022 06:41:56 PM epoch: 55   train loss (per batch): 22.1233   test loss (per batch): 23.8844
07/17/2022 06:43:18 PM epoch: 56   train loss (per batch): 22.0764   test loss (per batch): 23.7920
07/17/2022 06:44:42 PM epoch: 57   train loss (per batch): 21.9187   test loss (per batch): 23.5121
07/17/2022 06:46:04 PM epoch: 58   train loss (per batch): 21.8701   test loss (per batch): 23.3161
07/17/2022 06:46:04 PM best model saved at epoch 58
07/17/2022 06:47:31 PM epoch: 59   train loss (per batch): 21.7954   test loss (per batch): 23.2117
07/17/2022 06:47:31 PM best model saved at epoch 59
07/17/2022 06:48:55 PM epoch: 60   train loss (per batch): 21.5800   test loss (per batch): 23.3992
07/17/2022 06:48:55 PM checkpoint saved at epoch 60
07/17/2022 06:50:22 PM epoch: 61   train loss (per batch): 21.4905   test loss (per batch): 23.2537
07/17/2022 06:51:47 PM epoch: 62   train loss (per batch): 21.4034   test loss (per batch): 23.4296
07/17/2022 06:53:15 PM epoch: 63   train loss (per batch): 21.3347   test loss (per batch): 22.9714
07/17/2022 06:53:15 PM best model saved at epoch 63
07/17/2022 06:54:40 PM epoch: 64   train loss (per batch): 21.2037   test loss (per batch): 22.7610
07/17/2022 06:54:40 PM best model saved at epoch 64
07/17/2022 06:56:10 PM epoch: 65   train loss (per batch): 21.0908   test loss (per batch): 23.1418
07/17/2022 06:57:35 PM epoch: 66   train loss (per batch): 20.8927   test loss (per batch): 23.0903
07/17/2022 06:59:06 PM epoch: 67   train loss (per batch): 20.8979   test loss (per batch): 22.8518
07/17/2022 07:00:31 PM epoch: 68   train loss (per batch): 20.7193   test loss (per batch): 23.0660
07/17/2022 07:02:02 PM epoch: 69   train loss (per batch): 20.6787   test loss (per batch): 22.6843
07/17/2022 07:02:02 PM best model saved at epoch 69
07/17/2022 07:03:29 PM epoch: 70   train loss (per batch): 20.5348   test loss (per batch): 22.8764
07/17/2022 07:03:29 PM checkpoint saved at epoch 70
07/17/2022 07:05:01 PM epoch: 71   train loss (per batch): 20.3226   test loss (per batch): 22.4563
07/17/2022 07:05:01 PM best model saved at epoch 71
07/17/2022 07:06:26 PM epoch: 72   train loss (per batch): 20.4313   test loss (per batch): 22.4900
07/17/2022 07:07:57 PM epoch: 73   train loss (per batch): 20.2515   test loss (per batch): 22.2983
07/17/2022 07:07:57 PM best model saved at epoch 73
07/17/2022 07:09:22 PM epoch: 74   train loss (per batch): 20.2002   test loss (per batch): 22.3416
07/17/2022 07:10:54 PM epoch: 75   train loss (per batch): 20.1069   test loss (per batch): 22.4234
07/17/2022 07:12:18 PM epoch: 76   train loss (per batch): 19.9925   test loss (per batch): 22.1679
07/17/2022 07:12:18 PM best model saved at epoch 76
07/17/2022 07:13:51 PM epoch: 77   train loss (per batch): 19.8298   test loss (per batch): 22.6352
07/17/2022 07:15:18 PM epoch: 78   train loss (per batch): 19.7886   test loss (per batch): 22.1091
07/17/2022 07:15:18 PM best model saved at epoch 78
07/17/2022 07:16:51 PM epoch: 79   train loss (per batch): 19.6612   test loss (per batch): 22.0116
07/17/2022 07:16:51 PM best model saved at epoch 79
07/17/2022 07:18:17 PM epoch: 80   train loss (per batch): 19.6353   test loss (per batch): 22.2634
07/17/2022 07:18:17 PM checkpoint saved at epoch 80
07/17/2022 07:19:50 PM epoch: 81   train loss (per batch): 19.5574   test loss (per batch): 21.9210
07/17/2022 07:19:50 PM best model saved at epoch 81
07/17/2022 07:21:14 PM epoch: 82   train loss (per batch): 19.4527   test loss (per batch): 22.0639
07/17/2022 07:22:46 PM epoch: 83   train loss (per batch): 19.3405   test loss (per batch): 21.9997
07/17/2022 07:24:10 PM epoch: 84   train loss (per batch): 19.2184   test loss (per batch): 21.8205
07/17/2022 07:24:10 PM best model saved at epoch 84
07/17/2022 07:25:43 PM epoch: 85   train loss (per batch): 19.3091   test loss (per batch): 21.9188
07/17/2022 07:27:07 PM epoch: 86   train loss (per batch): 19.0082   test loss (per batch): 21.7591
07/17/2022 07:27:07 PM best model saved at epoch 86
07/17/2022 07:28:40 PM epoch: 87   train loss (per batch): 18.9969   test loss (per batch): 21.8842
07/17/2022 07:30:08 PM epoch: 88   train loss (per batch): 18.9290   test loss (per batch): 21.6176
07/17/2022 07:30:08 PM best model saved at epoch 88
07/17/2022 07:31:42 PM epoch: 89   train loss (per batch): 18.9064   test loss (per batch): 21.3668
07/17/2022 07:31:42 PM best model saved at epoch 89
07/17/2022 07:33:07 PM epoch: 90   train loss (per batch): 18.8101   test loss (per batch): 21.6441
07/17/2022 07:33:07 PM checkpoint saved at epoch 90
07/17/2022 07:34:40 PM epoch: 91   train loss (per batch): 18.6910   test loss (per batch): 21.3778
07/17/2022 07:36:05 PM epoch: 92   train loss (per batch): 18.6084   test loss (per batch): 21.3764
07/17/2022 07:37:40 PM epoch: 93   train loss (per batch): 18.4728   test loss (per batch): 21.5314
07/17/2022 07:39:06 PM epoch: 94   train loss (per batch): 18.4423   test loss (per batch): 21.6350
07/17/2022 07:40:41 PM epoch: 95   train loss (per batch): 18.3715   test loss (per batch): 21.4114
07/17/2022 07:42:03 PM epoch: 96   train loss (per batch): 18.4220   test loss (per batch): 21.4610
07/17/2022 07:43:38 PM epoch: 97   train loss (per batch): 18.2473   test loss (per batch): 21.1271
07/17/2022 07:43:38 PM best model saved at epoch 97
07/17/2022 07:45:01 PM epoch: 98   train loss (per batch): 18.1769   test loss (per batch): 21.1727
07/17/2022 07:46:37 PM epoch: 99   train loss (per batch): 18.1918   test loss (per batch): 21.2895
07/17/2022 07:48:06 PM epoch: 100   train loss (per batch): 18.0995   test loss (per batch): 21.1944
07/17/2022 07:48:06 PM checkpoint saved at epoch 100
07/17/2022 07:49:40 PM epoch: 101   train loss (per batch): 18.0591   test loss (per batch): 21.4431
07/17/2022 07:51:01 PM epoch: 102   train loss (per batch): 17.9224   test loss (per batch): 20.9068
07/17/2022 07:51:01 PM best model saved at epoch 102
07/17/2022 07:52:36 PM epoch: 103   train loss (per batch): 17.8890   test loss (per batch): 21.2900
07/17/2022 07:53:57 PM epoch: 104   train loss (per batch): 17.7868   test loss (per batch): 21.1821
07/17/2022 07:55:32 PM epoch: 105   train loss (per batch): 17.7682   test loss (per batch): 21.1173
07/17/2022 07:56:56 PM epoch: 106   train loss (per batch): 17.6966   test loss (per batch): 21.1875
07/17/2022 07:58:31 PM epoch: 107   train loss (per batch): 17.5923   test loss (per batch): 20.9699
07/17/2022 07:59:52 PM epoch: 108   train loss (per batch): 17.5891   test loss (per batch): 21.1775
07/17/2022 08:01:26 PM epoch: 109   train loss (per batch): 17.4653   test loss (per batch): 20.9142
07/17/2022 08:02:48 PM epoch: 110   train loss (per batch): 17.4193   test loss (per batch): 20.7425
07/17/2022 08:02:48 PM checkpoint saved at epoch 110
07/17/2022 08:02:48 PM best model saved at epoch 110
07/17/2022 08:04:25 PM epoch: 111   train loss (per batch): 17.3467   test loss (per batch): 20.6474
07/17/2022 08:04:25 PM best model saved at epoch 111
07/17/2022 08:05:51 PM epoch: 112   train loss (per batch): 17.3768   test loss (per batch): 20.8344
07/17/2022 08:07:27 PM epoch: 113   train loss (per batch): 17.3878   test loss (per batch): 20.8108
07/17/2022 08:08:53 PM epoch: 114   train loss (per batch): 17.2480   test loss (per batch): 20.6021
07/17/2022 08:08:53 PM best model saved at epoch 114
07/17/2022 08:10:31 PM epoch: 115   train loss (per batch): 17.2054   test loss (per batch): 20.7840
07/17/2022 08:11:54 PM epoch: 116   train loss (per batch): 17.0239   test loss (per batch): 20.5837
07/17/2022 08:11:54 PM best model saved at epoch 116
07/17/2022 08:13:31 PM epoch: 117   train loss (per batch): 17.1261   test loss (per batch): 20.6924
07/17/2022 08:14:56 PM epoch: 118   train loss (per batch): 16.9975   test loss (per batch): 20.8349
07/17/2022 08:16:32 PM epoch: 119   train loss (per batch): 17.0277   test loss (per batch): 20.5533
07/17/2022 08:16:32 PM best model saved at epoch 119
07/17/2022 08:17:54 PM epoch: 120   train loss (per batch): 16.9087   test loss (per batch): 20.7804
07/17/2022 08:17:54 PM checkpoint saved at epoch 120
07/17/2022 08:19:30 PM epoch: 121   train loss (per batch): 16.8482   test loss (per batch): 20.4979
07/17/2022 08:19:30 PM best model saved at epoch 121
07/17/2022 08:20:53 PM epoch: 122   train loss (per batch): 16.8801   test loss (per batch): 20.9697
07/17/2022 08:22:30 PM epoch: 123   train loss (per batch): 16.7103   test loss (per batch): 20.5562
07/17/2022 08:23:51 PM epoch: 124   train loss (per batch): 16.7457   test loss (per batch): 20.5199
07/17/2022 08:25:25 PM epoch: 125   train loss (per batch): 16.6645   test loss (per batch): 20.3515
07/17/2022 08:25:25 PM best model saved at epoch 125
07/17/2022 08:26:46 PM epoch: 126   train loss (per batch): 16.6547   test loss (per batch): 20.5435
07/17/2022 08:28:22 PM epoch: 127   train loss (per batch): 16.5787   test loss (per batch): 20.4785
07/17/2022 08:29:48 PM epoch: 128   train loss (per batch): 16.5698   test loss (per batch): 20.5276
07/17/2022 08:31:23 PM epoch: 129   train loss (per batch): 16.4934   test loss (per batch): 20.3291
07/17/2022 08:31:23 PM best model saved at epoch 129
07/17/2022 08:32:45 PM epoch: 130   train loss (per batch): 16.3801   test loss (per batch): 20.3980
07/17/2022 08:32:45 PM checkpoint saved at epoch 130
07/17/2022 08:34:21 PM epoch: 131   train loss (per batch): 16.4571   test loss (per batch): 20.3276
07/17/2022 08:34:21 PM best model saved at epoch 131
07/17/2022 08:35:44 PM epoch: 132   train loss (per batch): 16.3247   test loss (per batch): 20.2779
07/17/2022 08:35:44 PM best model saved at epoch 132
07/17/2022 08:37:21 PM epoch: 133   train loss (per batch): 16.3830   test loss (per batch): 20.3349
07/17/2022 08:38:45 PM epoch: 134   train loss (per batch): 16.2381   test loss (per batch): 20.3155
07/17/2022 08:40:22 PM epoch: 135   train loss (per batch): 16.3173   test loss (per batch): 20.4025
07/17/2022 08:41:45 PM epoch: 136   train loss (per batch): 16.2388   test loss (per batch): 20.2443
07/17/2022 08:41:45 PM best model saved at epoch 136
07/17/2022 08:43:22 PM epoch: 137   train loss (per batch): 16.1620   test loss (per batch): 20.3351
07/17/2022 08:44:43 PM epoch: 138   train loss (per batch): 16.0692   test loss (per batch): 20.3022
07/17/2022 08:46:19 PM epoch: 139   train loss (per batch): 16.1126   test loss (per batch): 20.4745
07/17/2022 08:47:40 PM epoch: 140   train loss (per batch): 16.0461   test loss (per batch): 20.3887
07/17/2022 08:47:40 PM checkpoint saved at epoch 140
07/17/2022 08:49:16 PM epoch: 141   train loss (per batch): 16.0042   test loss (per batch): 20.3261
07/17/2022 08:50:38 PM epoch: 142   train loss (per batch): 16.0067   test loss (per batch): 20.3426
07/17/2022 08:52:15 PM epoch: 143   train loss (per batch): 15.9097   test loss (per batch): 20.3909
07/17/2022 08:53:36 PM epoch: 144   train loss (per batch): 15.8684   test loss (per batch): 20.2487
07/17/2022 08:55:13 PM epoch: 145   train loss (per batch): 15.8905   test loss (per batch): 20.3406
07/17/2022 08:56:37 PM epoch: 146   train loss (per batch): 15.7305   test loss (per batch): 20.0049
07/17/2022 08:56:37 PM best model saved at epoch 146
07/17/2022 08:58:13 PM epoch: 147   train loss (per batch): 15.7558   test loss (per batch): 20.0160
07/17/2022 08:59:35 PM epoch: 148   train loss (per batch): 15.7890   test loss (per batch): 20.3358
07/17/2022 09:01:11 PM epoch: 149   train loss (per batch): 15.6578   test loss (per batch): 20.1262
07/17/2022 09:02:32 PM epoch: 150   train loss (per batch): 15.6615   test loss (per batch): 20.0592
07/17/2022 09:02:32 PM checkpoint saved at epoch 150
07/17/2022 09:04:07 PM epoch: 151   train loss (per batch): 15.6279   test loss (per batch): 20.1735
07/17/2022 09:05:27 PM epoch: 152   train loss (per batch): 15.6234   test loss (per batch): 20.1541
07/17/2022 09:07:02 PM epoch: 153   train loss (per batch): 15.6248   test loss (per batch): 20.1695
07/17/2022 09:08:24 PM epoch: 154   train loss (per batch): 15.5165   test loss (per batch): 20.0417
07/17/2022 09:10:02 PM epoch: 155   train loss (per batch): 15.5225   test loss (per batch): 20.0900
07/17/2022 09:11:25 PM epoch: 156   train loss (per batch): 15.5329   test loss (per batch): 20.0834
07/17/2022 09:13:02 PM epoch: 157   train loss (per batch): 15.4045   test loss (per batch): 20.3104
07/17/2022 09:14:25 PM epoch: 158   train loss (per batch): 15.3978   test loss (per batch): 20.1598
07/17/2022 09:16:02 PM epoch: 159   train loss (per batch): 15.3687   test loss (per batch): 20.3103
07/17/2022 09:17:25 PM epoch: 160   train loss (per batch): 15.3593   test loss (per batch): 20.1138
07/17/2022 09:17:25 PM checkpoint saved at epoch 160
07/17/2022 09:19:00 PM epoch: 161   train loss (per batch): 15.3329   test loss (per batch): 19.9591
07/17/2022 09:19:00 PM best model saved at epoch 161
07/17/2022 09:20:23 PM epoch: 162   train loss (per batch): 15.3185   test loss (per batch): 19.8453
07/17/2022 09:20:23 PM best model saved at epoch 162
07/17/2022 09:22:00 PM epoch: 163   train loss (per batch): 15.3045   test loss (per batch): 20.0314
07/17/2022 09:23:24 PM epoch: 164   train loss (per batch): 15.2412   test loss (per batch): 19.9251
07/17/2022 09:25:00 PM epoch: 165   train loss (per batch): 15.1298   test loss (per batch): 19.9861
07/17/2022 09:26:22 PM epoch: 166   train loss (per batch): 15.2197   test loss (per batch): 20.0272
07/17/2022 09:27:57 PM epoch: 167   train loss (per batch): 15.1164   test loss (per batch): 19.9759
07/17/2022 09:29:18 PM epoch: 168   train loss (per batch): 15.1201   test loss (per batch): 19.8277
07/17/2022 09:29:18 PM best model saved at epoch 168
07/17/2022 09:30:54 PM epoch: 169   train loss (per batch): 15.0871   test loss (per batch): 20.1699
07/17/2022 09:32:18 PM epoch: 170   train loss (per batch): 15.1223   test loss (per batch): 20.0837
07/17/2022 09:32:18 PM checkpoint saved at epoch 170
07/17/2022 09:33:55 PM epoch: 171   train loss (per batch): 15.0099   test loss (per batch): 19.7905
07/17/2022 09:33:55 PM best model saved at epoch 171
07/17/2022 09:35:16 PM epoch: 172   train loss (per batch): 14.9465   test loss (per batch): 19.8801
07/17/2022 09:36:53 PM epoch: 173   train loss (per batch): 15.0006   test loss (per batch): 19.8864
07/17/2022 09:38:15 PM epoch: 174   train loss (per batch): 14.9631   test loss (per batch): 19.8117
07/17/2022 09:39:51 PM epoch: 175   train loss (per batch): 14.8803   test loss (per batch): 19.7938
07/17/2022 09:41:14 PM epoch: 176   train loss (per batch): 14.9252   test loss (per batch): 19.7677
07/17/2022 09:41:14 PM best model saved at epoch 176
07/17/2022 09:42:50 PM epoch: 177   train loss (per batch): 14.8669   test loss (per batch): 19.9159
07/17/2022 09:44:11 PM epoch: 178   train loss (per batch): 14.7950   test loss (per batch): 19.8192
07/17/2022 09:45:48 PM epoch: 179   train loss (per batch): 14.8313   test loss (per batch): 19.8889
07/17/2022 09:47:10 PM epoch: 180   train loss (per batch): 14.8079   test loss (per batch): 19.7783
07/17/2022 09:47:10 PM checkpoint saved at epoch 180
07/17/2022 09:48:47 PM epoch: 181   train loss (per batch): 14.7865   test loss (per batch): 19.8971
07/17/2022 09:50:11 PM epoch: 182   train loss (per batch): 14.7341   test loss (per batch): 19.7342
07/17/2022 09:50:11 PM best model saved at epoch 182
07/17/2022 09:51:47 PM epoch: 183   train loss (per batch): 14.7674   test loss (per batch): 19.6593
07/17/2022 09:51:47 PM best model saved at epoch 183
07/17/2022 09:53:10 PM epoch: 184   train loss (per batch): 14.7179   test loss (per batch): 19.8067
07/17/2022 09:54:45 PM epoch: 185   train loss (per batch): 14.6447   test loss (per batch): 19.8014
07/17/2022 09:56:07 PM epoch: 186   train loss (per batch): 14.7111   test loss (per batch): 19.9084
07/17/2022 09:57:44 PM epoch: 187   train loss (per batch): 14.5805   test loss (per batch): 19.7502
07/17/2022 09:59:07 PM epoch: 188   train loss (per batch): 14.6680   test loss (per batch): 19.9277
07/17/2022 10:00:45 PM epoch: 189   train loss (per batch): 14.5668   test loss (per batch): 19.8088
07/17/2022 10:02:05 PM epoch: 190   train loss (per batch): 14.6208   test loss (per batch): 19.6418
07/17/2022 10:02:05 PM checkpoint saved at epoch 190
07/17/2022 10:02:06 PM best model saved at epoch 190
07/17/2022 10:03:43 PM epoch: 191   train loss (per batch): 14.5485   test loss (per batch): 19.6571
07/17/2022 10:05:08 PM epoch: 192   train loss (per batch): 14.5505   test loss (per batch): 19.8856
07/17/2022 10:06:43 PM epoch: 193   train loss (per batch): 14.5211   test loss (per batch): 19.8144
07/17/2022 10:08:08 PM epoch: 194   train loss (per batch): 14.4513   test loss (per batch): 19.7492
07/17/2022 10:09:44 PM epoch: 195   train loss (per batch): 14.4537   test loss (per batch): 19.6996
07/17/2022 10:11:07 PM epoch: 196   train loss (per batch): 14.3612   test loss (per batch): 19.6528
07/17/2022 10:12:43 PM epoch: 197   train loss (per batch): 14.4802   test loss (per batch): 19.9251
07/17/2022 10:14:06 PM epoch: 198   train loss (per batch): 14.4393   test loss (per batch): 19.8019
07/17/2022 10:15:42 PM epoch: 199   train loss (per batch): 14.3717   test loss (per batch): 19.9510
07/17/2022 10:17:03 PM epoch: 200   train loss (per batch): 14.3302   test loss (per batch): 19.8282
07/17/2022 10:17:03 PM checkpoint saved at epoch 200
07/17/2022 10:18:39 PM epoch: 201   train loss (per batch): 14.3156   test loss (per batch): 19.7044
07/17/2022 10:20:01 PM epoch: 202   train loss (per batch): 14.3158   test loss (per batch): 19.6669
07/17/2022 10:21:38 PM epoch: 203   train loss (per batch): 14.2906   test loss (per batch): 19.6873
07/17/2022 10:22:59 PM epoch: 204   train loss (per batch): 14.2760   test loss (per batch): 19.6818
07/17/2022 10:24:36 PM epoch: 205   train loss (per batch): 14.2572   test loss (per batch): 19.6840
07/17/2022 10:26:04 PM epoch: 206   train loss (per batch): 14.2006   test loss (per batch): 19.9574
07/17/2022 10:27:42 PM epoch: 207   train loss (per batch): 14.1589   test loss (per batch): 19.7503
07/17/2022 10:29:04 PM epoch: 208   train loss (per batch): 14.2127   test loss (per batch): 19.7029
07/17/2022 10:30:42 PM epoch: 209   train loss (per batch): 14.1661   test loss (per batch): 19.8639
07/17/2022 10:32:02 PM epoch: 210   train loss (per batch): 14.1407   test loss (per batch): 19.7736
07/17/2022 10:32:02 PM checkpoint saved at epoch 210
07/17/2022 10:33:38 PM epoch: 211   train loss (per batch): 14.1314   test loss (per batch): 19.6707
07/17/2022 10:34:59 PM epoch: 212   train loss (per batch): 14.1170   test loss (per batch): 19.7679
07/17/2022 10:36:34 PM epoch: 213   train loss (per batch): 14.1160   test loss (per batch): 19.6608
07/17/2022 10:37:56 PM epoch: 214   train loss (per batch): 14.0645   test loss (per batch): 20.0261
07/17/2022 10:39:32 PM epoch: 215   train loss (per batch): 14.0106   test loss (per batch): 19.6778
07/17/2022 10:40:56 PM epoch: 216   train loss (per batch): 13.9992   test loss (per batch): 19.7609
07/17/2022 10:42:32 PM epoch: 217   train loss (per batch): 13.9558   test loss (per batch): 19.5730
07/17/2022 10:42:32 PM best model saved at epoch 217
07/17/2022 10:43:53 PM epoch: 218   train loss (per batch): 14.0055   test loss (per batch): 19.8312
07/17/2022 10:45:29 PM epoch: 219   train loss (per batch): 14.0122   test loss (per batch): 19.8336
07/17/2022 10:46:53 PM epoch: 220   train loss (per batch): 13.9643   test loss (per batch): 19.6020
07/17/2022 10:46:53 PM checkpoint saved at epoch 220
07/17/2022 10:48:30 PM epoch: 221   train loss (per batch): 13.9564   test loss (per batch): 19.6325
07/17/2022 10:49:50 PM epoch: 222   train loss (per batch): 13.9100   test loss (per batch): 19.6932
07/17/2022 10:51:27 PM epoch: 223   train loss (per batch): 13.8898   test loss (per batch): 19.8153
07/17/2022 10:52:48 PM epoch: 224   train loss (per batch): 13.9191   test loss (per batch): 19.5575
07/17/2022 10:52:48 PM best model saved at epoch 224
07/17/2022 10:54:25 PM epoch: 225   train loss (per batch): 13.8859   test loss (per batch): 19.8429
07/17/2022 10:55:45 PM epoch: 226   train loss (per batch): 13.8102   test loss (per batch): 19.6606
07/17/2022 10:57:20 PM epoch: 227   train loss (per batch): 13.8332   test loss (per batch): 19.5993
07/17/2022 10:58:40 PM epoch: 228   train loss (per batch): 13.8214   test loss (per batch): 19.7640
07/17/2022 11:00:16 PM epoch: 229   train loss (per batch): 13.8273   test loss (per batch): 19.8317
07/17/2022 11:01:36 PM epoch: 230   train loss (per batch): 13.7810   test loss (per batch): 19.8619
07/17/2022 11:01:36 PM checkpoint saved at epoch 230
07/17/2022 11:03:12 PM epoch: 231   train loss (per batch): 13.7717   test loss (per batch): 19.7501
07/17/2022 11:04:33 PM epoch: 232   train loss (per batch): 13.8024   test loss (per batch): 19.7457
07/17/2022 11:06:09 PM epoch: 233   train loss (per batch): 13.6967   test loss (per batch): 19.8107
07/17/2022 11:07:30 PM epoch: 234   train loss (per batch): 13.7277   test loss (per batch): 19.7317
07/17/2022 11:09:06 PM epoch: 235   train loss (per batch): 13.6987   test loss (per batch): 19.5471
07/17/2022 11:09:06 PM best model saved at epoch 235
07/17/2022 11:10:28 PM epoch: 236   train loss (per batch): 13.7058   test loss (per batch): 19.9070
07/17/2022 11:12:04 PM epoch: 237   train loss (per batch): 13.7376   test loss (per batch): 19.7799
07/17/2022 11:13:26 PM epoch: 238   train loss (per batch): 13.6826   test loss (per batch): 19.4706
07/17/2022 11:13:26 PM best model saved at epoch 238
07/17/2022 11:15:03 PM epoch: 239   train loss (per batch): 13.6777   test loss (per batch): 19.7225
07/17/2022 11:16:25 PM epoch: 240   train loss (per batch): 13.5925   test loss (per batch): 19.6809
07/17/2022 11:16:25 PM checkpoint saved at epoch 240
07/17/2022 11:18:00 PM epoch: 241   train loss (per batch): 13.6513   test loss (per batch): 19.7087
07/17/2022 11:19:23 PM epoch: 242   train loss (per batch): 13.6209   test loss (per batch): 19.8034
07/17/2022 11:21:00 PM epoch: 243   train loss (per batch): 13.6104   test loss (per batch): 19.8430
07/17/2022 11:22:25 PM epoch: 244   train loss (per batch): 13.6416   test loss (per batch): 19.8428
07/17/2022 11:24:02 PM epoch: 245   train loss (per batch): 13.5613   test loss (per batch): 19.6984
07/17/2022 11:25:23 PM epoch: 246   train loss (per batch): 13.5365   test loss (per batch): 19.7903
07/17/2022 11:27:01 PM epoch: 247   train loss (per batch): 13.5415   test loss (per batch): 19.5151
07/17/2022 11:28:23 PM epoch: 248   train loss (per batch): 13.4819   test loss (per batch): 19.7808
07/17/2022 11:30:01 PM epoch: 249   train loss (per batch): 13.5011   test loss (per batch): 19.6804
07/17/2022 11:31:22 PM epoch: 250   train loss (per batch): 13.4353   test loss (per batch): 19.7362
07/17/2022 11:31:22 PM checkpoint saved at epoch 250
07/17/2022 11:33:00 PM epoch: 251   train loss (per batch): 13.4357   test loss (per batch): 19.7860
07/17/2022 11:34:22 PM epoch: 252   train loss (per batch): 13.4465   test loss (per batch): 19.6119
07/17/2022 11:35:58 PM epoch: 253   train loss (per batch): 13.5204   test loss (per batch): 19.7917
07/17/2022 11:37:19 PM epoch: 254   train loss (per batch): 13.3078   test loss (per batch): 19.5659
07/17/2022 11:38:55 PM epoch: 255   train loss (per batch): 13.3934   test loss (per batch): 19.6837
07/17/2022 11:40:16 PM epoch: 256   train loss (per batch): 13.4094   test loss (per batch): 19.7397
07/17/2022 11:41:52 PM epoch: 257   train loss (per batch): 13.3665   test loss (per batch): 19.7711
07/17/2022 11:43:13 PM epoch: 258   train loss (per batch): 13.4237   test loss (per batch): 19.7780
07/17/2022 11:44:49 PM epoch: 259   train loss (per batch): 13.3394   test loss (per batch): 19.8955
07/17/2022 11:46:11 PM epoch: 260   train loss (per batch): 13.3608   test loss (per batch): 19.8557
07/17/2022 11:46:11 PM checkpoint saved at epoch 260
07/17/2022 11:47:48 PM epoch: 261   train loss (per batch): 13.2653   test loss (per batch): 19.7522
07/17/2022 11:49:10 PM epoch: 262   train loss (per batch): 13.2820   test loss (per batch): 19.6885
07/17/2022 11:50:47 PM epoch: 263   train loss (per batch): 13.3599   test loss (per batch): 19.8814
07/17/2022 11:52:11 PM epoch: 264   train loss (per batch): 13.2431   test loss (per batch): 19.7707
07/17/2022 11:53:48 PM epoch: 265   train loss (per batch): 13.2366   test loss (per batch): 19.7464
07/17/2022 11:55:09 PM epoch: 266   train loss (per batch): 13.2663   test loss (per batch): 19.7050
07/17/2022 11:56:45 PM epoch: 267   train loss (per batch): 13.3109   test loss (per batch): 19.7257
07/17/2022 11:58:05 PM epoch: 268   train loss (per batch): 13.2594   test loss (per batch): 19.7643
07/17/2022 11:59:42 PM epoch: 269   train loss (per batch): 13.2578   test loss (per batch): 19.7753
07/18/2022 12:01:03 AM epoch: 270   train loss (per batch): 13.2086   test loss (per batch): 19.6655
07/18/2022 12:01:03 AM checkpoint saved at epoch 270
07/18/2022 12:02:40 AM epoch: 271   train loss (per batch): 13.1282   test loss (per batch): 19.6539
07/18/2022 12:04:00 AM epoch: 272   train loss (per batch): 13.1976   test loss (per batch): 19.7483
07/18/2022 12:05:37 AM epoch: 273   train loss (per batch): 13.1775   test loss (per batch): 19.9102
07/18/2022 12:06:58 AM epoch: 274   train loss (per batch): 13.1703   test loss (per batch): 19.8409
07/18/2022 12:08:36 AM epoch: 275   train loss (per batch): 13.1199   test loss (per batch): 19.6633
07/18/2022 12:09:57 AM epoch: 276   train loss (per batch): 13.1233   test loss (per batch): 19.8086
07/18/2022 12:11:34 AM epoch: 277   train loss (per batch): 13.1140   test loss (per batch): 19.7329
07/18/2022 12:12:55 AM epoch: 278   train loss (per batch): 13.1302   test loss (per batch): 19.7758
07/18/2022 12:14:32 AM epoch: 279   train loss (per batch): 13.1383   test loss (per batch): 19.9076
07/18/2022 12:15:56 AM epoch: 280   train loss (per batch): 13.1081   test loss (per batch): 19.8543
07/18/2022 12:15:56 AM checkpoint saved at epoch 280
07/18/2022 12:17:30 AM epoch: 281   train loss (per batch): 13.0921   test loss (per batch): 19.8946
07/18/2022 12:18:50 AM epoch: 282   train loss (per batch): 13.1061   test loss (per batch): 19.7320
07/18/2022 12:20:25 AM epoch: 283   train loss (per batch): 13.1209   test loss (per batch): 19.6948
07/18/2022 12:21:47 AM epoch: 284   train loss (per batch): 13.0235   test loss (per batch): 19.7918
07/18/2022 12:23:25 AM epoch: 285   train loss (per batch): 12.9601   test loss (per batch): 19.7526
07/18/2022 12:24:45 AM epoch: 286   train loss (per batch): 13.0460   test loss (per batch): 19.6824
07/18/2022 12:26:20 AM epoch: 287   train loss (per batch): 12.9576   test loss (per batch): 19.7207
07/18/2022 12:27:41 AM epoch: 288   train loss (per batch): 13.0676   test loss (per batch): 19.9066
07/18/2022 12:29:18 AM epoch: 289   train loss (per batch): 12.8965   test loss (per batch): 19.9048
07/18/2022 12:30:40 AM epoch: 290   train loss (per batch): 12.9936   test loss (per batch): 20.0060
07/18/2022 12:30:40 AM checkpoint saved at epoch 290
07/18/2022 12:32:17 AM epoch: 291   train loss (per batch): 13.0780   test loss (per batch): 19.9056
07/18/2022 12:33:39 AM epoch: 292   train loss (per batch): 12.9830   test loss (per batch): 20.0706
07/18/2022 12:35:15 AM epoch: 293   train loss (per batch): 12.9366   test loss (per batch): 19.7968
07/18/2022 12:36:37 AM epoch: 294   train loss (per batch): 12.9242   test loss (per batch): 19.8271
07/18/2022 12:38:15 AM epoch: 295   train loss (per batch): 12.8548   test loss (per batch): 19.7527
07/18/2022 12:39:38 AM epoch: 296   train loss (per batch): 12.9087   test loss (per batch): 19.6907
07/18/2022 12:41:15 AM epoch: 297   train loss (per batch): 12.9589   test loss (per batch): 19.8305
07/18/2022 12:42:37 AM epoch: 298   train loss (per batch): 12.8619   test loss (per batch): 19.6305
07/18/2022 12:44:14 AM epoch: 299   train loss (per batch): 12.8961   test loss (per batch): 19.6730
07/18/2022 12:45:36 AM epoch: 300   train loss (per batch): 12.8886   test loss (per batch): 19.8109
07/18/2022 12:45:36 AM checkpoint saved at epoch 300
07/18/2022 12:47:13 AM epoch: 301   train loss (per batch): 12.8170   test loss (per batch): 19.8757
07/18/2022 12:48:33 AM epoch: 302   train loss (per batch): 12.7952   test loss (per batch): 19.8236
07/18/2022 12:50:09 AM epoch: 303   train loss (per batch): 12.8681   test loss (per batch): 20.0498
07/18/2022 12:51:29 AM epoch: 304   train loss (per batch): 12.8568   test loss (per batch): 19.6684
07/18/2022 12:53:06 AM epoch: 305   train loss (per batch): 12.7749   test loss (per batch): 19.8043
07/18/2022 12:54:28 AM epoch: 306   train loss (per batch): 12.9089   test loss (per batch): 19.6750
07/18/2022 12:56:04 AM epoch: 307   train loss (per batch): 12.8189   test loss (per batch): 19.7300
07/18/2022 12:57:25 AM epoch: 308   train loss (per batch): 12.7532   test loss (per batch): 19.7724
07/18/2022 12:59:01 AM epoch: 309   train loss (per batch): 12.8039   test loss (per batch): 19.8124
07/18/2022 01:00:23 AM epoch: 310   train loss (per batch): 12.7912   test loss (per batch): 19.7615
07/18/2022 01:00:23 AM checkpoint saved at epoch 310
07/18/2022 01:01:59 AM epoch: 311   train loss (per batch): 12.6922   test loss (per batch): 19.7291
07/18/2022 01:03:19 AM epoch: 312   train loss (per batch): 12.6927   test loss (per batch): 19.9182
07/18/2022 01:04:56 AM epoch: 313   train loss (per batch): 12.6761   test loss (per batch): 19.7445
07/18/2022 01:06:16 AM epoch: 314   train loss (per batch): 12.7965   test loss (per batch): 19.7420
07/18/2022 01:07:53 AM epoch: 315   train loss (per batch): 12.6727   test loss (per batch): 19.7281
07/18/2022 01:09:14 AM epoch: 316   train loss (per batch): 12.7027   test loss (per batch): 19.8939
07/18/2022 01:10:50 AM epoch: 317   train loss (per batch): 12.6871   test loss (per batch): 19.8613
07/18/2022 01:12:11 AM epoch: 318   train loss (per batch): 12.7296   test loss (per batch): 19.9041
07/18/2022 01:13:48 AM epoch: 319   train loss (per batch): 12.6548   test loss (per batch): 19.8506
07/18/2022 01:15:09 AM epoch: 320   train loss (per batch): 12.6830   test loss (per batch): 19.9609
07/18/2022 01:15:09 AM checkpoint saved at epoch 320
07/18/2022 01:16:47 AM epoch: 321   train loss (per batch): 12.6353   test loss (per batch): 19.9549
07/18/2022 01:18:09 AM epoch: 322   train loss (per batch): 12.6388   test loss (per batch): 19.8842
07/18/2022 01:19:45 AM epoch: 323   train loss (per batch): 12.6295   test loss (per batch): 19.9308
07/18/2022 01:21:11 AM epoch: 324   train loss (per batch): 12.6562   test loss (per batch): 19.9731
07/18/2022 01:22:48 AM epoch: 325   train loss (per batch): 12.6027   test loss (per batch): 19.7668
07/18/2022 01:24:08 AM epoch: 326   train loss (per batch): 12.5967   test loss (per batch): 19.8298
07/18/2022 01:25:45 AM epoch: 327   train loss (per batch): 12.5660   test loss (per batch): 19.7831
07/18/2022 01:27:06 AM epoch: 328   train loss (per batch): 12.6261   test loss (per batch): 20.1189
07/18/2022 01:28:42 AM epoch: 329   train loss (per batch): 12.6135   test loss (per batch): 19.8043
07/18/2022 01:30:03 AM epoch: 330   train loss (per batch): 12.5692   test loss (per batch): 19.9309
07/18/2022 01:30:03 AM checkpoint saved at epoch 330
07/18/2022 01:31:38 AM epoch: 331   train loss (per batch): 12.5676   test loss (per batch): 19.8349
07/18/2022 01:32:59 AM epoch: 332   train loss (per batch): 12.6271   test loss (per batch): 19.9793
07/18/2022 01:34:36 AM epoch: 333   train loss (per batch): 12.5485   test loss (per batch): 19.8746
07/18/2022 01:35:56 AM epoch: 334   train loss (per batch): 12.5355   test loss (per batch): 19.9045
07/18/2022 01:37:33 AM epoch: 335   train loss (per batch): 12.5413   test loss (per batch): 19.7514
07/18/2022 01:38:53 AM epoch: 336   train loss (per batch): 12.5159   test loss (per batch): 19.9240
07/18/2022 01:40:29 AM epoch: 337   train loss (per batch): 12.4783   test loss (per batch): 20.0060
07/18/2022 01:41:50 AM epoch: 338   train loss (per batch): 12.5340   test loss (per batch): 19.8925
07/18/2022 01:43:26 AM epoch: 339   train loss (per batch): 12.4568   test loss (per batch): 19.9350
07/18/2022 01:44:49 AM epoch: 340   train loss (per batch): 12.5287   test loss (per batch): 19.9141
07/18/2022 01:44:49 AM checkpoint saved at epoch 340
07/18/2022 01:46:26 AM epoch: 341   train loss (per batch): 12.5179   test loss (per batch): 20.6957
07/18/2022 01:47:47 AM epoch: 342   train loss (per batch): 12.5026   test loss (per batch): 20.0101
07/18/2022 01:49:23 AM epoch: 343   train loss (per batch): 12.4263   test loss (per batch): 19.8976
07/18/2022 01:50:43 AM epoch: 344   train loss (per batch): 12.4490   test loss (per batch): 19.8710
07/18/2022 01:52:18 AM epoch: 345   train loss (per batch): 12.3917   test loss (per batch): 20.0235
07/18/2022 01:53:44 AM epoch: 346   train loss (per batch): 12.4774   test loss (per batch): 19.8597
07/18/2022 01:55:21 AM epoch: 347   train loss (per batch): 12.4586   test loss (per batch): 20.2398
07/18/2022 01:56:42 AM epoch: 348   train loss (per batch): 12.4715   test loss (per batch): 20.0163
07/18/2022 01:58:19 AM epoch: 349   train loss (per batch): 12.3841   test loss (per batch): 19.8174
07/18/2022 01:59:40 AM epoch: 350   train loss (per batch): 12.4128   test loss (per batch): 19.8327
07/18/2022 01:59:40 AM checkpoint saved at epoch 350
07/18/2022 02:01:16 AM epoch: 351   train loss (per batch): 12.4466   test loss (per batch): 19.7644
07/18/2022 02:02:37 AM epoch: 352   train loss (per batch): 12.3442   test loss (per batch): 20.0703
07/18/2022 02:04:14 AM epoch: 353   train loss (per batch): 12.4244   test loss (per batch): 20.1088
07/18/2022 02:05:36 AM epoch: 354   train loss (per batch): 12.3725   test loss (per batch): 20.2022
07/18/2022 02:07:14 AM epoch: 355   train loss (per batch): 12.3845   test loss (per batch): 19.9793
07/18/2022 02:08:36 AM epoch: 356   train loss (per batch): 12.3310   test loss (per batch): 19.9741
07/18/2022 02:10:13 AM epoch: 357   train loss (per batch): 12.3849   test loss (per batch): 19.9903
07/18/2022 02:11:34 AM epoch: 358   train loss (per batch): 12.3618   test loss (per batch): 19.8960
07/18/2022 02:13:10 AM epoch: 359   train loss (per batch): 12.3043   test loss (per batch): 20.0202
07/18/2022 02:14:32 AM epoch: 360   train loss (per batch): 12.3628   test loss (per batch): 19.9035
07/18/2022 02:14:32 AM checkpoint saved at epoch 360
07/18/2022 02:16:08 AM epoch: 361   train loss (per batch): 12.3782   test loss (per batch): 20.0838
07/18/2022 02:17:29 AM epoch: 362   train loss (per batch): 12.3107   test loss (per batch): 19.9838
07/18/2022 02:19:05 AM epoch: 363   train loss (per batch): 12.2834   test loss (per batch): 19.8515
07/18/2022 02:20:26 AM epoch: 364   train loss (per batch): 12.3490   test loss (per batch): 20.0990
07/18/2022 02:22:02 AM epoch: 365   train loss (per batch): 12.3103   test loss (per batch): 19.8930
07/18/2022 02:23:22 AM epoch: 366   train loss (per batch): 12.2849   test loss (per batch): 19.9713
07/18/2022 02:24:59 AM epoch: 367   train loss (per batch): 12.2705   test loss (per batch): 19.9219
07/18/2022 02:26:19 AM epoch: 368   train loss (per batch): 12.2165   test loss (per batch): 19.9440
07/18/2022 02:27:56 AM epoch: 369   train loss (per batch): 12.2557   test loss (per batch): 19.9844
07/18/2022 02:29:18 AM epoch: 370   train loss (per batch): 12.2675   test loss (per batch): 19.9783
07/18/2022 02:29:18 AM checkpoint saved at epoch 370
07/18/2022 02:30:55 AM epoch: 371   train loss (per batch): 12.2554   test loss (per batch): 20.1054
07/18/2022 02:32:18 AM epoch: 372   train loss (per batch): 12.2996   test loss (per batch): 19.9152
07/18/2022 02:33:54 AM epoch: 373   train loss (per batch): 12.2316   test loss (per batch): 19.8465
07/18/2022 02:35:14 AM epoch: 374   train loss (per batch): 12.2425   test loss (per batch): 20.1301
07/18/2022 02:36:51 AM epoch: 375   train loss (per batch): 12.1918   test loss (per batch): 19.8796
07/18/2022 02:38:12 AM epoch: 376   train loss (per batch): 12.2447   test loss (per batch): 19.9542
07/18/2022 02:39:49 AM epoch: 377   train loss (per batch): 12.2216   test loss (per batch): 19.9331
07/18/2022 02:41:09 AM epoch: 378   train loss (per batch): 12.2030   test loss (per batch): 19.6784
07/18/2022 02:42:45 AM epoch: 379   train loss (per batch): 12.1672   test loss (per batch): 20.0811
07/18/2022 02:44:06 AM epoch: 380   train loss (per batch): 12.1593   test loss (per batch): 19.9629
07/18/2022 02:44:06 AM checkpoint saved at epoch 380
07/18/2022 02:45:43 AM epoch: 381   train loss (per batch): 12.2006   test loss (per batch): 20.0091
07/18/2022 02:47:04 AM epoch: 382   train loss (per batch): 12.1764   test loss (per batch): 20.0083
07/18/2022 02:48:40 AM epoch: 383   train loss (per batch): 12.1827   test loss (per batch): 20.0208
07/18/2022 02:50:00 AM epoch: 384   train loss (per batch): 12.1197   test loss (per batch): 20.1047
07/18/2022 02:51:36 AM epoch: 385   train loss (per batch): 12.0708   test loss (per batch): 20.0228
07/18/2022 02:52:57 AM epoch: 386   train loss (per batch): 12.1791   test loss (per batch): 19.9960
07/18/2022 02:54:33 AM epoch: 387   train loss (per batch): 12.0978   test loss (per batch): 20.0684
07/18/2022 02:55:53 AM epoch: 388   train loss (per batch): 12.1567   test loss (per batch): 20.0810
07/18/2022 02:57:29 AM epoch: 389   train loss (per batch): 12.0921   test loss (per batch): 20.1220
07/18/2022 02:58:51 AM epoch: 390   train loss (per batch): 12.1938   test loss (per batch): 20.1617
07/18/2022 02:58:51 AM checkpoint saved at epoch 390
07/18/2022 03:00:28 AM epoch: 391   train loss (per batch): 12.1254   test loss (per batch): 20.0562
07/18/2022 03:01:48 AM epoch: 392   train loss (per batch): 12.0954   test loss (per batch): 19.9949
07/18/2022 03:03:24 AM epoch: 393   train loss (per batch): 12.0899   test loss (per batch): 19.9332
07/18/2022 03:04:46 AM epoch: 394   train loss (per batch): 12.0809   test loss (per batch): 19.9975
07/18/2022 03:06:22 AM epoch: 395   train loss (per batch): 12.0641   test loss (per batch): 19.9129
07/18/2022 03:07:42 AM epoch: 396   train loss (per batch): 12.1587   test loss (per batch): 20.1716
07/18/2022 03:09:19 AM epoch: 397   train loss (per batch): 12.0504   test loss (per batch): 20.1540
07/18/2022 03:10:39 AM epoch: 398   train loss (per batch): 12.1098   test loss (per batch): 20.0408
07/18/2022 03:12:16 AM epoch: 399   train loss (per batch): 12.0559   test loss (per batch): 19.9869
07/18/2022 03:13:36 AM epoch: 400   train loss (per batch): 11.9691   test loss (per batch): 20.1187
07/18/2022 03:13:36 AM checkpoint saved at epoch 400
07/18/2022 03:15:12 AM epoch: 401   train loss (per batch): 12.0401   test loss (per batch): 20.0756
07/18/2022 03:16:32 AM epoch: 402   train loss (per batch): 12.0899   test loss (per batch): 20.1151
07/18/2022 03:18:09 AM epoch: 403   train loss (per batch): 12.1859   test loss (per batch): 20.1786
07/18/2022 03:19:35 AM epoch: 404   train loss (per batch): 11.9283   test loss (per batch): 19.8345
07/18/2022 03:21:12 AM epoch: 405   train loss (per batch): 12.0706   test loss (per batch): 19.8879
07/18/2022 03:22:33 AM epoch: 406   train loss (per batch): 12.0268   test loss (per batch): 20.2104
07/18/2022 03:24:09 AM epoch: 407   train loss (per batch): 11.9448   test loss (per batch): 20.0855
07/18/2022 03:25:30 AM epoch: 408   train loss (per batch): 11.9613   test loss (per batch): 20.0691
07/18/2022 03:27:06 AM epoch: 409   train loss (per batch): 11.9394   test loss (per batch): 20.2214
07/18/2022 03:28:26 AM epoch: 410   train loss (per batch): 11.9736   test loss (per batch): 20.0094
07/18/2022 03:28:26 AM checkpoint saved at epoch 410
07/18/2022 03:30:03 AM epoch: 411   train loss (per batch): 11.9737   test loss (per batch): 19.9880
07/18/2022 03:31:24 AM epoch: 412   train loss (per batch): 12.0242   test loss (per batch): 20.0896
07/18/2022 03:33:00 AM epoch: 413   train loss (per batch): 11.9374   test loss (per batch): 19.9335
07/18/2022 03:34:20 AM epoch: 414   train loss (per batch): 11.9298   test loss (per batch): 20.2152
07/18/2022 03:35:57 AM epoch: 415   train loss (per batch): 11.9257   test loss (per batch): 19.9923
07/18/2022 03:37:17 AM epoch: 416   train loss (per batch): 12.0122   test loss (per batch): 20.1966
07/18/2022 03:38:55 AM epoch: 417   train loss (per batch): 11.9425   test loss (per batch): 20.1900
07/18/2022 03:40:16 AM epoch: 418   train loss (per batch): 11.9075   test loss (per batch): 20.0693
07/18/2022 03:41:54 AM epoch: 419   train loss (per batch): 11.9917   test loss (per batch): 20.1109
