07/19/2022 03:21:56 AM ******************************************* COMMAND LINE *******************************************
07/19/2022 03:21:56 AM train.py --task base --lr 0.0005 --use_density

07/19/2022 03:21:56 AM ************************************** EXPERIMENT INFORMATION **************************************
07/19/2022 03:21:56 AM Task: base
07/19/2022 03:21:56 AM Experiment Name: exp_T_F_F_7_6_5
07/19/2022 03:21:56 AM Number of Epochs: 401, Learning Rate: 0.0005, Batch Size: 32 

07/19/2022 03:21:56 AM ***************************************** DATA INFORMATION *****************************************
07/19/2022 03:21:56 AM Use Density: True; Use Truck Speed: False; Use Personal Vehicle Speed: False
07/19/2022 03:21:56 AM Input Sequence Length: 7; Output Sequence Lenth: 6; Output Frequency: 5 

07/19/2022 03:21:56 AM ***************************************** LOADING PROGRESS *****************************************
07/19/2022 03:21:57 AM successfully loaded data 

07/19/2022 03:21:57 AM ========================================= Training Starts ==========================================
07/19/2022 03:21:57 AM please check tensorboard for plots of experiment ./logs/base/exp_T_F_F_7_6_5
07/19/2022 03:21:57 AM please check logging messages at ./logs/base/exp_T_F_F_7_6_5/training.log
07/19/2022 03:22:35 AM epoch: 0   train loss (per batch): 184.4352   test loss (per batch): 47.7725
07/19/2022 03:22:35 AM checkpoint saved at epoch 0
07/19/2022 03:22:35 AM best model saved at epoch 0
07/19/2022 03:23:12 AM epoch: 1   train loss (per batch): 48.1806   test loss (per batch): 47.8201
07/19/2022 03:23:47 AM epoch: 2   train loss (per batch): 48.2052   test loss (per batch): 47.8828
07/19/2022 03:24:19 AM epoch: 3   train loss (per batch): 48.2164   test loss (per batch): 47.5322
07/19/2022 03:24:19 AM best model saved at epoch 3
07/19/2022 03:24:51 AM epoch: 4   train loss (per batch): 44.1903   test loss (per batch): 36.8159
07/19/2022 03:24:51 AM best model saved at epoch 4
07/19/2022 03:25:26 AM epoch: 5   train loss (per batch): 36.1558   test loss (per batch): 35.5885
07/19/2022 03:25:26 AM best model saved at epoch 5
07/19/2022 03:26:01 AM epoch: 6   train loss (per batch): 35.1272   test loss (per batch): 34.0637
07/19/2022 03:26:01 AM best model saved at epoch 6
07/19/2022 03:26:34 AM epoch: 7   train loss (per batch): 34.0860   test loss (per batch): 33.6699
07/19/2022 03:26:34 AM best model saved at epoch 7
07/19/2022 03:27:08 AM epoch: 8   train loss (per batch): 33.6885   test loss (per batch): 33.2393
07/19/2022 03:27:08 AM best model saved at epoch 8
07/19/2022 03:27:46 AM epoch: 9   train loss (per batch): 33.2880   test loss (per batch): 32.9442
07/19/2022 03:27:46 AM best model saved at epoch 9
07/19/2022 03:28:24 AM epoch: 10   train loss (per batch): 32.8397   test loss (per batch): 32.5045
07/19/2022 03:28:24 AM checkpoint saved at epoch 10
07/19/2022 03:28:24 AM best model saved at epoch 10
07/19/2022 03:29:00 AM epoch: 11   train loss (per batch): 32.4835   test loss (per batch): 32.1668
07/19/2022 03:29:00 AM best model saved at epoch 11
07/19/2022 03:29:37 AM epoch: 12   train loss (per batch): 32.1889   test loss (per batch): 32.1132
07/19/2022 03:29:37 AM best model saved at epoch 12
07/19/2022 03:30:13 AM epoch: 13   train loss (per batch): 31.8895   test loss (per batch): 31.7377
07/19/2022 03:30:13 AM best model saved at epoch 13
07/19/2022 03:30:51 AM epoch: 14   train loss (per batch): 31.6075   test loss (per batch): 31.3815
07/19/2022 03:30:51 AM best model saved at epoch 14
07/19/2022 03:31:28 AM epoch: 15   train loss (per batch): 31.2966   test loss (per batch): 31.2668
07/19/2022 03:31:28 AM best model saved at epoch 15
07/19/2022 03:32:06 AM epoch: 16   train loss (per batch): 31.0317   test loss (per batch): 31.0540
07/19/2022 03:32:06 AM best model saved at epoch 16
07/19/2022 03:32:43 AM epoch: 17   train loss (per batch): 30.7447   test loss (per batch): 30.7743
07/19/2022 03:32:43 AM best model saved at epoch 17
07/19/2022 03:33:22 AM epoch: 18   train loss (per batch): 30.4696   test loss (per batch): 30.5248
07/19/2022 03:33:22 AM best model saved at epoch 18
07/19/2022 03:34:01 AM epoch: 19   train loss (per batch): 30.2256   test loss (per batch): 30.1591
07/19/2022 03:34:01 AM best model saved at epoch 19
07/19/2022 03:34:41 AM epoch: 20   train loss (per batch): 29.9837   test loss (per batch): 30.0316
07/19/2022 03:34:41 AM checkpoint saved at epoch 20
07/19/2022 03:34:41 AM best model saved at epoch 20
07/19/2022 03:35:21 AM epoch: 21   train loss (per batch): 29.7098   test loss (per batch): 29.9130
07/19/2022 03:35:21 AM best model saved at epoch 21
07/19/2022 03:36:01 AM epoch: 22   train loss (per batch): 29.4809   test loss (per batch): 29.7043
07/19/2022 03:36:01 AM best model saved at epoch 22
07/19/2022 03:36:41 AM epoch: 23   train loss (per batch): 29.1680   test loss (per batch): 29.1880
07/19/2022 03:36:41 AM best model saved at epoch 23
07/19/2022 03:37:22 AM epoch: 24   train loss (per batch): 28.8791   test loss (per batch): 29.1763
07/19/2022 03:37:22 AM best model saved at epoch 24
07/19/2022 03:38:04 AM epoch: 25   train loss (per batch): 28.6019   test loss (per batch): 28.6973
07/19/2022 03:38:04 AM best model saved at epoch 25
07/19/2022 03:38:45 AM epoch: 26   train loss (per batch): 28.2428   test loss (per batch): 28.7828
07/19/2022 03:39:27 AM epoch: 27   train loss (per batch): 28.0932   test loss (per batch): 28.1656
07/19/2022 03:39:27 AM best model saved at epoch 27
07/19/2022 03:40:08 AM epoch: 28   train loss (per batch): 27.8076   test loss (per batch): 28.3231
07/19/2022 03:40:50 AM epoch: 29   train loss (per batch): 27.5644   test loss (per batch): 27.7669
07/19/2022 03:40:50 AM best model saved at epoch 29
07/19/2022 03:41:33 AM epoch: 30   train loss (per batch): 27.2774   test loss (per batch): 27.7031
07/19/2022 03:41:33 AM checkpoint saved at epoch 30
07/19/2022 03:41:33 AM best model saved at epoch 30
07/19/2022 03:42:15 AM epoch: 31   train loss (per batch): 27.1150   test loss (per batch): 27.6444
07/19/2022 03:42:15 AM best model saved at epoch 31
07/19/2022 03:42:57 AM epoch: 32   train loss (per batch): 26.8689   test loss (per batch): 27.3451
07/19/2022 03:42:57 AM best model saved at epoch 32
07/19/2022 03:43:39 AM epoch: 33   train loss (per batch): 26.6234   test loss (per batch): 27.1413
07/19/2022 03:43:39 AM best model saved at epoch 33
07/19/2022 03:44:22 AM epoch: 34   train loss (per batch): 26.3507   test loss (per batch): 27.0606
07/19/2022 03:44:22 AM best model saved at epoch 34
07/19/2022 03:45:05 AM epoch: 35   train loss (per batch): 26.1912   test loss (per batch): 26.8999
07/19/2022 03:45:05 AM best model saved at epoch 35
07/19/2022 03:45:47 AM epoch: 36   train loss (per batch): 25.9693   test loss (per batch): 26.7476
07/19/2022 03:45:47 AM best model saved at epoch 36
07/19/2022 03:46:31 AM epoch: 37   train loss (per batch): 25.8008   test loss (per batch): 26.4259
07/19/2022 03:46:31 AM best model saved at epoch 37
07/19/2022 03:47:13 AM epoch: 38   train loss (per batch): 25.6601   test loss (per batch): 26.4849
07/19/2022 03:47:58 AM epoch: 39   train loss (per batch): 25.3841   test loss (per batch): 26.2896
07/19/2022 03:47:58 AM best model saved at epoch 39
07/19/2022 03:48:41 AM epoch: 40   train loss (per batch): 25.2195   test loss (per batch): 26.0666
07/19/2022 03:48:41 AM checkpoint saved at epoch 40
07/19/2022 03:48:41 AM best model saved at epoch 40
07/19/2022 03:49:25 AM epoch: 41   train loss (per batch): 25.0332   test loss (per batch): 26.2883
07/19/2022 03:50:08 AM epoch: 42   train loss (per batch): 24.8259   test loss (per batch): 25.9808
07/19/2022 03:50:08 AM best model saved at epoch 42
07/19/2022 03:50:55 AM epoch: 43   train loss (per batch): 24.6598   test loss (per batch): 25.8457
07/19/2022 03:50:55 AM best model saved at epoch 43
07/19/2022 03:51:39 AM epoch: 44   train loss (per batch): 24.5127   test loss (per batch): 25.5276
07/19/2022 03:51:39 AM best model saved at epoch 44
07/19/2022 03:52:26 AM epoch: 45   train loss (per batch): 24.3125   test loss (per batch): 25.4332
07/19/2022 03:52:26 AM best model saved at epoch 45
07/19/2022 03:53:14 AM epoch: 46   train loss (per batch): 24.1598   test loss (per batch): 25.3659
07/19/2022 03:53:14 AM best model saved at epoch 46
07/19/2022 03:54:08 AM epoch: 47   train loss (per batch): 23.9772   test loss (per batch): 25.1615
07/19/2022 03:54:08 AM best model saved at epoch 47
07/19/2022 03:54:55 AM epoch: 48   train loss (per batch): 23.7806   test loss (per batch): 24.9971
07/19/2022 03:54:55 AM best model saved at epoch 48
07/19/2022 03:55:44 AM epoch: 49   train loss (per batch): 23.6744   test loss (per batch): 24.9524
07/19/2022 03:55:44 AM best model saved at epoch 49
07/19/2022 03:56:29 AM epoch: 50   train loss (per batch): 23.5590   test loss (per batch): 24.8730
07/19/2022 03:56:29 AM checkpoint saved at epoch 50
07/19/2022 03:56:29 AM best model saved at epoch 50
07/19/2022 03:57:17 AM epoch: 51   train loss (per batch): 23.4045   test loss (per batch): 24.7111
07/19/2022 03:57:17 AM best model saved at epoch 51
07/19/2022 03:58:03 AM epoch: 52   train loss (per batch): 23.2039   test loss (per batch): 24.5429
07/19/2022 03:58:03 AM best model saved at epoch 52
07/19/2022 03:58:49 AM epoch: 53   train loss (per batch): 23.0833   test loss (per batch): 24.6137
07/19/2022 03:59:32 AM epoch: 54   train loss (per batch): 22.8507   test loss (per batch): 24.4702
07/19/2022 03:59:32 AM best model saved at epoch 54
07/19/2022 04:00:18 AM epoch: 55   train loss (per batch): 22.7516   test loss (per batch): 24.2991
07/19/2022 04:00:18 AM best model saved at epoch 55
07/19/2022 04:01:01 AM epoch: 56   train loss (per batch): 22.6057   test loss (per batch): 24.0045
07/19/2022 04:01:01 AM best model saved at epoch 56
07/19/2022 04:01:49 AM epoch: 57   train loss (per batch): 22.4736   test loss (per batch): 24.1126
07/19/2022 04:02:38 AM epoch: 58   train loss (per batch): 22.3059   test loss (per batch): 24.0649
07/19/2022 04:03:32 AM epoch: 59   train loss (per batch): 22.1942   test loss (per batch): 23.8939
07/19/2022 04:03:32 AM best model saved at epoch 59
07/19/2022 04:04:17 AM epoch: 60   train loss (per batch): 22.0529   test loss (per batch): 23.8246
07/19/2022 04:04:17 AM checkpoint saved at epoch 60
07/19/2022 04:04:17 AM best model saved at epoch 60
07/19/2022 04:05:06 AM epoch: 61   train loss (per batch): 21.9406   test loss (per batch): 23.8984
07/19/2022 04:05:50 AM epoch: 62   train loss (per batch): 21.8150   test loss (per batch): 23.7350
07/19/2022 04:05:50 AM best model saved at epoch 62
07/19/2022 04:06:38 AM epoch: 63   train loss (per batch): 21.6399   test loss (per batch): 23.5157
07/19/2022 04:06:38 AM best model saved at epoch 63
07/19/2022 04:07:21 AM epoch: 64   train loss (per batch): 21.5717   test loss (per batch): 23.4594
07/19/2022 04:07:21 AM best model saved at epoch 64
07/19/2022 04:08:08 AM epoch: 65   train loss (per batch): 21.4784   test loss (per batch): 23.3692
07/19/2022 04:08:08 AM best model saved at epoch 65
07/19/2022 04:08:51 AM epoch: 66   train loss (per batch): 21.3285   test loss (per batch): 23.3549
07/19/2022 04:08:51 AM best model saved at epoch 66
07/19/2022 04:09:37 AM epoch: 67   train loss (per batch): 21.2181   test loss (per batch): 23.3322
07/19/2022 04:09:37 AM best model saved at epoch 67
07/19/2022 04:10:20 AM epoch: 68   train loss (per batch): 21.1205   test loss (per batch): 23.1223
07/19/2022 04:10:20 AM best model saved at epoch 68
07/19/2022 04:11:06 AM epoch: 69   train loss (per batch): 20.9833   test loss (per batch): 23.1145
07/19/2022 04:11:06 AM best model saved at epoch 69
07/19/2022 04:11:48 AM epoch: 70   train loss (per batch): 20.8600   test loss (per batch): 22.9794
07/19/2022 04:11:48 AM checkpoint saved at epoch 70
07/19/2022 04:11:48 AM best model saved at epoch 70
07/19/2022 04:12:34 AM epoch: 71   train loss (per batch): 20.7337   test loss (per batch): 22.9005
07/19/2022 04:12:34 AM best model saved at epoch 71
07/19/2022 04:13:16 AM epoch: 72   train loss (per batch): 20.6693   test loss (per batch): 22.9156
07/19/2022 04:14:02 AM epoch: 73   train loss (per batch): 20.5942   test loss (per batch): 22.9693
07/19/2022 04:14:45 AM epoch: 74   train loss (per batch): 20.4271   test loss (per batch): 22.7997
07/19/2022 04:14:45 AM best model saved at epoch 74
07/19/2022 04:15:31 AM epoch: 75   train loss (per batch): 20.3269   test loss (per batch): 23.2591
07/19/2022 04:16:14 AM epoch: 76   train loss (per batch): 20.2823   test loss (per batch): 22.7966
07/19/2022 04:16:14 AM best model saved at epoch 76
07/19/2022 04:17:01 AM epoch: 77   train loss (per batch): 20.1328   test loss (per batch): 22.5056
07/19/2022 04:17:01 AM best model saved at epoch 77
07/19/2022 04:17:43 AM epoch: 78   train loss (per batch): 20.0536   test loss (per batch): 22.6480
07/19/2022 04:18:30 AM epoch: 79   train loss (per batch): 19.9630   test loss (per batch): 22.3981
07/19/2022 04:18:30 AM best model saved at epoch 79
07/19/2022 04:19:13 AM epoch: 80   train loss (per batch): 19.9267   test loss (per batch): 22.3927
07/19/2022 04:19:13 AM checkpoint saved at epoch 80
07/19/2022 04:19:13 AM best model saved at epoch 80
07/19/2022 04:20:00 AM epoch: 81   train loss (per batch): 19.7914   test loss (per batch): 22.5950
07/19/2022 04:20:42 AM epoch: 82   train loss (per batch): 19.6903   test loss (per batch): 22.4062
07/19/2022 04:21:29 AM epoch: 83   train loss (per batch): 19.6531   test loss (per batch): 22.3000
07/19/2022 04:21:29 AM best model saved at epoch 83
07/19/2022 04:22:13 AM epoch: 84   train loss (per batch): 19.5478   test loss (per batch): 22.3466
07/19/2022 04:22:59 AM epoch: 85   train loss (per batch): 19.4791   test loss (per batch): 22.1847
07/19/2022 04:22:59 AM best model saved at epoch 85
07/19/2022 04:23:42 AM epoch: 86   train loss (per batch): 19.3825   test loss (per batch): 22.1702
07/19/2022 04:23:42 AM best model saved at epoch 86
07/19/2022 04:24:39 AM epoch: 87   train loss (per batch): 19.3271   test loss (per batch): 22.1351
07/19/2022 04:24:39 AM best model saved at epoch 87
07/19/2022 04:25:26 AM epoch: 88   train loss (per batch): 19.2238   test loss (per batch): 22.0854
07/19/2022 04:25:26 AM best model saved at epoch 88
07/19/2022 04:26:16 AM epoch: 89   train loss (per batch): 19.1349   test loss (per batch): 22.0379
07/19/2022 04:26:16 AM best model saved at epoch 89
07/19/2022 04:27:01 AM epoch: 90   train loss (per batch): 19.0949   test loss (per batch): 22.1977
07/19/2022 04:27:01 AM checkpoint saved at epoch 90
07/19/2022 04:27:51 AM epoch: 91   train loss (per batch): 18.9818   test loss (per batch): 21.9889
07/19/2022 04:27:51 AM best model saved at epoch 91
07/19/2022 04:28:39 AM epoch: 92   train loss (per batch): 18.9201   test loss (per batch): 21.9451
07/19/2022 04:28:39 AM best model saved at epoch 92
07/19/2022 04:29:29 AM epoch: 93   train loss (per batch): 18.8605   test loss (per batch): 22.0508
07/19/2022 04:30:16 AM epoch: 94   train loss (per batch): 18.7946   test loss (per batch): 21.8775
07/19/2022 04:30:16 AM best model saved at epoch 94
07/19/2022 04:31:06 AM epoch: 95   train loss (per batch): 18.7151   test loss (per batch): 21.8857
07/19/2022 04:31:52 AM epoch: 96   train loss (per batch): 18.6268   test loss (per batch): 22.0094
07/19/2022 04:32:41 AM epoch: 97   train loss (per batch): 18.5935   test loss (per batch): 21.7144
07/19/2022 04:32:41 AM best model saved at epoch 97
07/19/2022 04:33:26 AM epoch: 98   train loss (per batch): 18.5212   test loss (per batch): 21.6687
07/19/2022 04:33:26 AM best model saved at epoch 98
07/19/2022 04:34:21 AM epoch: 99   train loss (per batch): 18.4266   test loss (per batch): 21.9402
07/19/2022 04:35:08 AM epoch: 100   train loss (per batch): 18.4019   test loss (per batch): 21.7495
07/19/2022 04:35:08 AM checkpoint saved at epoch 100
07/19/2022 04:36:01 AM epoch: 101   train loss (per batch): 18.2923   test loss (per batch): 21.7010
07/19/2022 04:36:52 AM epoch: 102   train loss (per batch): 18.2690   test loss (per batch): 21.7395
07/19/2022 04:37:45 AM epoch: 103   train loss (per batch): 18.1956   test loss (per batch): 21.7033
07/19/2022 04:38:32 AM epoch: 104   train loss (per batch): 18.1625   test loss (per batch): 21.7089
07/19/2022 04:39:20 AM epoch: 105   train loss (per batch): 18.0605   test loss (per batch): 21.5085
07/19/2022 04:39:20 AM best model saved at epoch 105
07/19/2022 04:40:04 AM epoch: 106   train loss (per batch): 18.0190   test loss (per batch): 21.5633
07/19/2022 04:40:52 AM epoch: 107   train loss (per batch): 17.9734   test loss (per batch): 21.7171
07/19/2022 04:41:36 AM epoch: 108   train loss (per batch): 17.8793   test loss (per batch): 21.6054
07/19/2022 04:42:23 AM epoch: 109   train loss (per batch): 17.8467   test loss (per batch): 21.4890
07/19/2022 04:42:23 AM best model saved at epoch 109
07/19/2022 04:43:07 AM epoch: 110   train loss (per batch): 17.7622   test loss (per batch): 21.5203
07/19/2022 04:43:07 AM checkpoint saved at epoch 110
07/19/2022 04:43:55 AM epoch: 111   train loss (per batch): 17.7429   test loss (per batch): 21.4790
07/19/2022 04:43:55 AM best model saved at epoch 111
07/19/2022 04:44:40 AM epoch: 112   train loss (per batch): 17.7142   test loss (per batch): 21.5212
07/19/2022 04:45:36 AM epoch: 113   train loss (per batch): 17.6365   test loss (per batch): 21.4317
07/19/2022 04:45:36 AM best model saved at epoch 113
07/19/2022 04:46:22 AM epoch: 114   train loss (per batch): 17.5695   test loss (per batch): 21.4666
07/19/2022 04:47:10 AM epoch: 115   train loss (per batch): 17.5048   test loss (per batch): 21.4118
07/19/2022 04:47:10 AM best model saved at epoch 115
07/19/2022 04:47:56 AM epoch: 116   train loss (per batch): 17.4887   test loss (per batch): 21.4949
07/19/2022 04:48:45 AM epoch: 117   train loss (per batch): 17.4502   test loss (per batch): 21.3722
07/19/2022 04:48:45 AM best model saved at epoch 117
07/19/2022 04:49:30 AM epoch: 118   train loss (per batch): 17.3859   test loss (per batch): 21.3488
07/19/2022 04:49:30 AM best model saved at epoch 118
07/19/2022 04:50:18 AM epoch: 119   train loss (per batch): 17.3214   test loss (per batch): 21.3659
07/19/2022 04:51:05 AM epoch: 120   train loss (per batch): 17.3068   test loss (per batch): 21.5288
07/19/2022 04:51:05 AM checkpoint saved at epoch 120
07/19/2022 04:51:53 AM epoch: 121   train loss (per batch): 17.2666   test loss (per batch): 21.4325
07/19/2022 04:52:39 AM epoch: 122   train loss (per batch): 17.2393   test loss (per batch): 21.2574
07/19/2022 04:52:39 AM best model saved at epoch 122
07/19/2022 04:53:27 AM epoch: 123   train loss (per batch): 17.1565   test loss (per batch): 21.1776
07/19/2022 04:53:27 AM best model saved at epoch 123
07/19/2022 04:54:13 AM epoch: 124   train loss (per batch): 17.1109   test loss (per batch): 21.2632
07/19/2022 04:55:01 AM epoch: 125   train loss (per batch): 17.0588   test loss (per batch): 21.2224
07/19/2022 04:55:52 AM epoch: 126   train loss (per batch): 17.0053   test loss (per batch): 21.2828
07/19/2022 04:58:06 AM epoch: 127   train loss (per batch): 16.9606   test loss (per batch): 21.4214
